Connecting to the database.
Starting the GA manager.
Setting the GA parameters.
Creating a random GA population.
Generating random population.
Genome: 0
Random gene: 0
0.23914852130407493
Random gene: 1
0.9673257500651353
Random gene: 2
0.25455186614701686
Random gene: 3
0.5701765331159135
Random gene: 4
0.7221125160557117
Random gene: 5
0.8062283242447676
Random gene: 6
0.4397098317970193
Random gene: 7
0.1562703418681355
Random gene: 8
0.8105339890477664
Random gene: 9
0.23236848049777403
Random gene: 10
0.7559104239502352
Random gene: 11
0.5096922140019954
Random gene: 12
0.2901844220969011
Random gene: 13
0.48713501559767414
Random gene: 14
0.614373695660583
Random gene: 15
0.037658232882986864
Random gene: 16
0.799744201867527
Random gene: 17
0.7027773138135837
Genome: 1
Random gene: 0
0.25831475487324906
Random gene: 1
0.5353194316686147
Random gene: 2
0.4257529067638538
Random gene: 3
0.05870696585287449
Random gene: 4
0.9729548489577762
Random gene: 5
0.7893862330351472
Random gene: 6
0.8059604475069656
Random gene: 7
0.007602897431627342
Random gene: 8
0.05091429942133463
Random gene: 9
0.7780720888512282
Random gene: 10
0.05419638997290266
Random gene: 11
0.7885085501941952
Random gene: 12
0.7234518784537443
Random gene: 13
0.647162572572551
Random gene: 14
0.007519801943898785
Random gene: 15
0.15489555423566348
Random gene: 16
0.36301033284322815
Random gene: 17
0.43942323280622697
Genome: 2
Random gene: 0
0.5553097078200915
Random gene: 1
0.8187776219387516
Random gene: 2
0.07034260428742578
Random gene: 3
0.14188761130172622
Random gene: 4
0.08352489705542698
Random gene: 5
0.010655804907039546
Random gene: 6
0.39790487773747596
Random gene: 7
0.8599572712119814
Random gene: 8
0.4471845578860911
Random gene: 9
0.9203618129028114
Random gene: 10
0.7393583879753798
Random gene: 11
0.1434959694790977
Random gene: 12
0.4799759948503033
Random gene: 13
0.7704114816190633
Random gene: 14
0.9422059191414442
Random gene: 15
0.7924038048200727
Random gene: 16
0.05890893921232798
Random gene: 17
0.38521731788658686
Genome: 3
Random gene: 0
0.6510467200194413
Random gene: 1
0.41489398345226736
Random gene: 2
0.437034531106557
Random gene: 3
0.487381605252749
Random gene: 4
0.9008206486088436
Random gene: 5
0.8411556132930964
Random gene: 6
0.4186848711993363
Random gene: 7
0.10587176809054721
Random gene: 8
0.5262297070231866
Random gene: 9
0.8164140661963003
Random gene: 10
0.6667204676199139
Random gene: 11
0.15578305553793093
Random gene: 12
0.7081194815756826
Random gene: 13
0.9046246590741625
Random gene: 14
0.5897081907442311
Random gene: 15
0.3719865194425247
Random gene: 16
0.8065992982132761
Random gene: 17
0.10378195721670247
Genome: 4
Random gene: 0
0.31615671004630785
Random gene: 1
0.0654298128492925
Random gene: 2
0.6266606103612236
Random gene: 3
0.9938927515029798
Random gene: 4
0.5493272832251008
Random gene: 5
0.2223374895903456
Random gene: 6
0.2862441572952321
Random gene: 7
0.895948882092197
Random gene: 8
0.9837377546200072
Random gene: 9
0.8414764028590718
Random gene: 10
0.7895646082092642
Random gene: 11
0.9410376393867109
Random gene: 12
0.11252170460804434
Random gene: 13
0.4309987665846903
Random gene: 14
0.5245996609129039
Random gene: 15
0.09923912601798357
Random gene: 16
0.5626325416577797
Random gene: 17
0.3884271282652134
Genome: 5
Random gene: 0
0.45976539871284017
Random gene: 1
0.8512031136058791
Random gene: 2
0.09952497818655959
Random gene: 3
0.587172619736987
Random gene: 4
0.4373039529640175
Random gene: 5
0.985617396525317
Random gene: 6
0.29550865959148853
Random gene: 7
0.6783604230468304
Random gene: 8
0.7781186288564826
Random gene: 9
0.09530149617899586
Random gene: 10
0.6535733513882894
Random gene: 11
0.8662019906196908
Random gene: 12
0.676337278682652
Random gene: 13
0.4268576801167553
Random gene: 14
0.3708165160176947
Random gene: 15
0.10544119122287132
Random gene: 16
0.21368804630039828
Random gene: 17
0.1057485821174089
Genome: 6
Random gene: 0
0.08320300232466082
Random gene: 1
0.47848221192945506
Random gene: 2
0.4669757781194033
Random gene: 3
0.1810690048416581
Random gene: 4
0.2564276705093027
Random gene: 5
0.526907079038831
Random gene: 6
0.25338277173770796
Random gene: 7
0.35416576443347036
Random gene: 8
0.2829275136420294
Random gene: 9
0.42785644858814953
Random gene: 10
0.3995084025497312
Random gene: 11
0.8714549536127674
Random gene: 12
0.29843050807314864
Random gene: 13
0.35309304638784855
Random gene: 14
0.6947361806840084
Random gene: 15
0.05303321586585563
Random gene: 16
0.11059931446464133
Random gene: 17
0.8497459021063166
Genome: 7
Random gene: 0
0.723287187979612
Random gene: 1
0.004188379319965407
Random gene: 2
0.8056879145243624
Random gene: 3
0.09160402493147746
Random gene: 4
0.9092797837266837
Random gene: 5
0.48477297602435476
Random gene: 6
0.5655633698566171
Random gene: 7
0.38182779654698384
Random gene: 8
0.5094165657464697
Random gene: 9
0.734772172113978
Random gene: 10
0.7807989299891123
Random gene: 11
0.49411421296144
Random gene: 12
0.6387194783474678
Random gene: 13
0.5483549525692332
Random gene: 14
0.7680720593878501
Random gene: 15
0.7620882542475957
Random gene: 16
0.6323653258328864
Random gene: 17
0.4539677700686974
Genome: 8
Random gene: 0
0.6778680935772694
Random gene: 1
0.13555789252905037
Random gene: 2
0.24643464230643053
Random gene: 3
0.6058326726637954
Random gene: 4
0.3867600310900242
Random gene: 5
0.2779930710803311
Random gene: 6
0.5443975424287205
Random gene: 7
0.08175502830079351
Random gene: 8
0.16503289524741904
Random gene: 9
0.23701615195867154
Random gene: 10
0.9807150569764854
Random gene: 11
0.01747543796588491
Random gene: 12
0.15419422593814336
Random gene: 13
0.85303752257815
Random gene: 14
0.6814248479333769
Random gene: 15
0.40877602531561674
Random gene: 16
0.30391623472156815
Random gene: 17
0.8150393495595547
Genome: 9
Random gene: 0
0.7775372910972004
Random gene: 1
0.7186455933317123
Random gene: 2
0.39767943909101
Random gene: 3
0.13690536536612663
Random gene: 4
0.8747255526973573
Random gene: 5
0.6896584498490225
Random gene: 6
0.4679693689000941
Random gene: 7
0.48328666604739823
Random gene: 8
0.17981684575650803
Random gene: 9
0.5473596968090189
Random gene: 10
0.24193923486228608
Random gene: 11
0.5138535643621828
Random gene: 12
0.7802792281915651
Random gene: 13
0.21243305087382436
Random gene: 14
0.8956019038049429
Random gene: 15
0.8530525353466525
Random gene: 16
0.766400353304005
Random gene: 17
0.4509135091330877
Population metrics.
0.0
0.0
0.0
0.0
Setting the current genome to 0.
Entering loop.
Current genome.
(0, 0, 0.0, 0.0, [0.23914852130407493, 0.9673257500651353, 0.25455186614701686, 0.5701765331159135, 0.7221125160557117, 0.8062283242447676, 0.4397098317970193, 0.1562703418681355, 0.8105339890477664, 0.23236848049777403, 0.7559104239502352, 0.5096922140019954, 0.2901844220969011, 0.48713501559767414, 0.614373695660583, 0.037658232882986864, 0.799744201867527, 0.7027773138135837])
Populating the physics engine parameters.
Genome genes.
[0.23914852130407493, 0.9673257500651353, 0.25455186614701686, 0.5701765331159135, 0.7221125160557117, 0.8062283242447676, 0.4397098317970193, 0.1562703418681355, 0.8105339890477664, 0.23236848049777403, 0.7559104239502352, 0.5096922140019954, 0.2901844220969011, 0.48713501559767414, 0.614373695660583, 0.037658232882986864, 0.799744201867527, 0.7027773138135837]
Setting gravity.
2391.4852130407494
Setting sub steps.
48
Setting FPS.
2546
Setting use material physics.
True
Setting material friction.
80.62283242447677
Setting material elasticity.
0.4397098317970193
Setting mass.
2323.6848049777404
Setting form factor.
0.7559104239502352
Setting velocity max.
509.69221400199535
Setting damping translation.
0.2901844220969011
Setting rotation damping.
0.48713501559767414
Setting use collision bounds.
True
Setting collision margin.
0.037658232882986864
Setting collision bounds type.
SPHERE
Setting torque-y.
140.55546276271673
Starting the game engine.
Game engine stopped.
Getting genome P and P'.
[1.7267729468528614e-09, 7.824520764643239e-08, 0.004756794311106205, 0.0]
[-1.9205743228667416e-05, 1.1287408597127069e-05, 0.004756794311106205, -0.00012170755508122966]
Calculating genome fitness.
-16.3488951046
Increasing current genome count.
1
Current genome.
(1, 0, 0.0, 0.0, [0.25831475487324906, 0.5353194316686147, 0.4257529067638538, 0.05870696585287449, 0.9729548489577762, 0.7893862330351472, 0.8059604475069656, 0.007602897431627342, 0.05091429942133463, 0.7780720888512282, 0.05419638997290266, 0.7885085501941952, 0.7234518784537443, 0.647162572572551, 0.007519801943898785, 0.15489555423566348, 0.36301033284322815, 0.43942323280622697])
Populating the physics engine parameters.
Genome genes.
[0.25831475487324906, 0.5353194316686147, 0.4257529067638538, 0.05870696585287449, 0.9729548489577762, 0.7893862330351472, 0.8059604475069656, 0.007602897431627342, 0.05091429942133463, 0.7780720888512282, 0.05419638997290266, 0.7885085501941952, 0.7234518784537443, 0.647162572572551, 0.007519801943898785, 0.15489555423566348, 0.36301033284322815, 0.43942323280622697]
Setting gravity.
2583.1475487324906
Setting sub steps.
27
Setting FPS.
4258
Setting use material physics.
True
Setting material friction.
78.93862330351472
Setting material elasticity.
0.8059604475069656
Setting mass.
7780.720888512283
Setting form factor.
0.05419638997290266
Setting velocity max.
788.5085501941952
Setting damping translation.
0.7234518784537443
Setting rotation damping.
0.647162572572551
Setting use collision bounds.
False
Setting collision margin.
0.15489555423566348
Setting collision bounds type.
CONE
Setting torque-y.
87.88464656124539
Starting the game engine.
Game engine stopped.
Getting genome P and P'.
[1.7267729468528614e-09, 7.824520764643239e-08, 0.004756794311106205, 0.0]
[-4.0956027078209445e-05, 5.4923548304941505e-06, 0.004756794311106205, -2.4607032173662446e-05]
Calculating genome fitness.
-16.3490143598
Increasing current genome count.
2
Current genome.
(2, 0, 0.0, 0.0, [0.5553097078200915, 0.8187776219387516, 0.07034260428742578, 0.14188761130172622, 0.08352489705542698, 0.010655804907039546, 0.39790487773747596, 0.8599572712119814, 0.4471845578860911, 0.9203618129028114, 0.7393583879753798, 0.1434959694790977, 0.4799759948503033, 0.7704114816190633, 0.9422059191414442, 0.7924038048200727, 0.05890893921232798, 0.38521731788658686])
Populating the physics engine parameters.
Genome genes.
[0.5553097078200915, 0.8187776219387516, 0.07034260428742578, 0.14188761130172622, 0.08352489705542698, 0.010655804907039546, 0.39790487773747596, 0.8599572712119814, 0.4471845578860911, 0.9203618129028114, 0.7393583879753798, 0.1434959694790977, 0.4799759948503033, 0.7704114816190633, 0.9422059191414442, 0.7924038048200727, 0.05890893921232798, 0.38521731788658686]
Setting gravity.
5553.097078200914
Setting sub steps.
41
Setting FPS.
704
Setting use material physics.
False
Setting material friction.
1.0655804907039546
Setting material elasticity.
0.39790487773747596
Setting mass.
9203.618129028115
Setting form factor.
0.7393583879753798
Setting velocity max.
143.4959694790977
Setting damping translation.
0.4799759948503033
Setting rotation damping.
0.7704114816190633
Setting use collision bounds.
True
Setting collision margin.
0.7924038048200727
Setting collision bounds type.
TRIANGLE_MESH
Setting torque-y.
77.04346357731737
Starting the game engine.
Game engine stopped.
Getting genome P and P'.
[1.7267729468528614e-09, 7.824520764643239e-08, 0.004756794311106205, 0.0]
[1.7267729468528614e-09, 7.824520764643239e-08, 0.004756794311106205, 0.0]
Calculating genome fitness.
-16.3490058289
Increasing current genome count.
3
Current genome.
(3, 0, 0.0, 0.0, [0.6510467200194413, 0.41489398345226736, 0.437034531106557, 0.487381605252749, 0.9008206486088436, 0.8411556132930964, 0.4186848711993363, 0.10587176809054721, 0.5262297070231866, 0.8164140661963003, 0.6667204676199139, 0.15578305553793093, 0.7081194815756826, 0.9046246590741625, 0.5897081907442311, 0.3719865194425247, 0.8065992982132761, 0.10378195721670247])
Populating the physics engine parameters.
Genome genes.
[0.6510467200194413, 0.41489398345226736, 0.437034531106557, 0.487381605252749, 0.9008206486088436, 0.8411556132930964, 0.4186848711993363, 0.10587176809054721, 0.5262297070231866, 0.8164140661963003, 0.6667204676199139, 0.15578305553793093, 0.7081194815756826, 0.9046246590741625, 0.5897081907442311, 0.3719865194425247, 0.8065992982132761, 0.10378195721670247]
Setting gravity.
6510.467200194413
Setting sub steps.
21
Setting FPS.
4370
Setting use material physics.
True
Setting material friction.
84.11556132930964
Setting material elasticity.
0.4186848711993363
Setting mass.
8164.140661963003
Setting form factor.
0.6667204676199139
Setting velocity max.
155.78305553793092
Setting damping translation.
0.7081194815756826
Setting rotation damping.
0.9046246590741625
Setting use collision bounds.
True
Setting collision margin.
0.3719865194425247
Setting collision bounds type.
SPHERE
Setting torque-y.
20.756391443340494
Starting the game engine.
Game engine stopped.
Getting genome P and P'.
[1.7267729468528614e-09, 7.824520764643239e-08, 0.004756794311106205, 0.0]
[-5.8202636864734814e-05, 1.0714030622693826e-06, 0.004756794311106205, -4.1102633986156434e-05]
Calculating genome fitness.
-16.3490111438
Increasing current genome count.
4
Current genome.
(4, 0, 0.0, 0.0, [0.31615671004630785, 0.0654298128492925, 0.6266606103612236, 0.9938927515029798, 0.5493272832251008, 0.2223374895903456, 0.2862441572952321, 0.895948882092197, 0.9837377546200072, 0.8414764028590718, 0.7895646082092642, 0.9410376393867109, 0.11252170460804434, 0.4309987665846903, 0.5245996609129039, 0.09923912601798357, 0.5626325416577797, 0.3884271282652134])
Populating the physics engine parameters.
Genome genes.
[0.31615671004630785, 0.0654298128492925, 0.6266606103612236, 0.9938927515029798, 0.5493272832251008, 0.2223374895903456, 0.2862441572952321, 0.895948882092197, 0.9837377546200072, 0.8414764028590718, 0.7895646082092642, 0.9410376393867109, 0.11252170460804434, 0.4309987665846903, 0.5245996609129039, 0.09923912601798357, 0.5626325416577797, 0.3884271282652134]
Setting gravity.
3161.5671004630785
Setting sub steps.
4
Setting FPS.
6266
Setting use material physics.
True
Setting material friction.
22.23374895903456
Setting material elasticity.
0.2862441572952321
Setting mass.
8414.764028590718
Setting form factor.
0.7895646082092642
Setting velocity max.
941.0376393867109
Setting damping translation.
0.11252170460804434
Setting rotation damping.
0.4309987665846903
Setting use collision bounds.
True
Setting collision margin.
0.09923912601798357
Setting collision bounds type.
CYLINDER
Setting torque-y.
77.68542565304269
Starting the game engine.
Game engine stopped.
Getting genome P and P'.
[1.7267729468528614e-09, 7.824520764643239e-08, 0.004756794311106205, 0.0]
[-2.263805389404297, 1.1467291116714478, 0.004756794311106205, 1.462140440940857]
Calculating genome fitness.
-39.8643567878
Increasing current genome count.
5
Current genome.
(5, 0, 0.0, 0.0, [0.45976539871284017, 0.8512031136058791, 0.09952497818655959, 0.587172619736987, 0.4373039529640175, 0.985617396525317, 0.29550865959148853, 0.6783604230468304, 0.7781186288564826, 0.09530149617899586, 0.6535733513882894, 0.8662019906196908, 0.676337278682652, 0.4268576801167553, 0.3708165160176947, 0.10544119122287132, 0.21368804630039828, 0.1057485821174089])
Populating the physics engine parameters.
Genome genes.
[0.45976539871284017, 0.8512031136058791, 0.09952497818655959, 0.587172619736987, 0.4373039529640175, 0.985617396525317, 0.29550865959148853, 0.6783604230468304, 0.7781186288564826, 0.09530149617899586, 0.6535733513882894, 0.8662019906196908, 0.676337278682652, 0.4268576801167553, 0.3708165160176947, 0.10544119122287132, 0.21368804630039828, 0.1057485821174089]
Setting gravity.
4597.653987128401
Setting sub steps.
42
Setting FPS.
996
Setting use material physics.
False
Setting material friction.
98.5617396525317
Setting material elasticity.
0.29550865959148853
Setting mass.
953.0149617899586
Setting form factor.
0.6535733513882894
Setting velocity max.
866.2019906196908
Setting damping translation.
0.676337278682652
Setting rotation damping.
0.4268576801167553
Setting use collision bounds.
False
Setting collision margin.
0.10544119122287132
Setting collision bounds type.
CONVEX_HULL
Setting torque-y.
21.149716423481777
Starting the game engine.
Game engine stopped.
Getting genome P and P'.
[1.7267729468528614e-09, 7.824520764643239e-08, 0.004756794311106205, 0.0]
[-0.00026492602773942053, 3.6715724149871676e-07, 0.004756794311106205, -5.3111016313778237e-05]
Calculating genome fitness.
-16.3491701127
Increasing current genome count.
6
Current genome.
(6, 0, 0.0, 0.0, [0.08320300232466082, 0.47848221192945506, 0.4669757781194033, 0.1810690048416581, 0.2564276705093027, 0.526907079038831, 0.25338277173770796, 0.35416576443347036, 0.2829275136420294, 0.42785644858814953, 0.3995084025497312, 0.8714549536127674, 0.29843050807314864, 0.35309304638784855, 0.6947361806840084, 0.05303321586585563, 0.11059931446464133, 0.8497459021063166])
Populating the physics engine parameters.
Genome genes.
[0.08320300232466082, 0.47848221192945506, 0.4669757781194033, 0.1810690048416581, 0.2564276705093027, 0.526907079038831, 0.25338277173770796, 0.35416576443347036, 0.2829275136420294, 0.42785644858814953, 0.3995084025497312, 0.8714549536127674, 0.29843050807314864, 0.35309304638784855, 0.6947361806840084, 0.05303321586585563, 0.11059931446464133, 0.8497459021063166]
Setting gravity.
832.0300232466083
Setting sub steps.
24
Setting FPS.
4670
Setting use material physics.
False
Setting material friction.
52.69070790388311
Setting material elasticity.
0.25338277173770796
Setting mass.
4278.564485881495
Setting form factor.
0.3995084025497312
Setting velocity max.
871.4549536127673
Setting damping translation.
0.29843050807314864
Setting rotation damping.
0.35309304638784855
Setting use collision bounds.
True
Setting collision margin.
0.05303321586585563
Setting collision bounds type.
TRIANGLE_MESH
Setting torque-y.
169.94918042126332
Starting the game engine.
Game engine stopped.
Getting genome P and P'.
[1.7267729468528614e-09, 7.824520764643239e-08, 0.004756794311106205, 0.0]
[1.7267729468528614e-09, 7.824520764643239e-08, 0.004756794311106205, 0.0]
Calculating genome fitness.
-16.3490058289
Increasing current genome count.
7
Current genome.
(7, 0, 0.0, 0.0, [0.723287187979612, 0.004188379319965407, 0.8056879145243624, 0.09160402493147746, 0.9092797837266837, 0.48477297602435476, 0.5655633698566171, 0.38182779654698384, 0.5094165657464697, 0.734772172113978, 0.7807989299891123, 0.49411421296144, 0.6387194783474678, 0.5483549525692332, 0.7680720593878501, 0.7620882542475957, 0.6323653258328864, 0.4539677700686974])
Populating the physics engine parameters.
Genome genes.
[0.723287187979612, 0.004188379319965407, 0.8056879145243624, 0.09160402493147746, 0.9092797837266837, 0.48477297602435476, 0.5655633698566171, 0.38182779654698384, 0.5094165657464697, 0.734772172113978, 0.7807989299891123, 0.49411421296144, 0.6387194783474678, 0.5483549525692332, 0.7680720593878501, 0.7620882542475957, 0.6323653258328864, 0.4539677700686974]
Setting gravity.
7232.87187979612
Setting sub steps.
1
Setting FPS.
8057
Setting use material physics.
True
Setting material friction.
48.47729760243548
Setting material elasticity.
0.5655633698566171
Setting mass.
7347.72172113978
Setting form factor.
0.7807989299891123
Setting velocity max.
494.11421296144
Setting damping translation.
0.6387194783474678
Setting rotation damping.
0.5483549525692332
Setting use collision bounds.
True
Setting collision margin.
0.7620882542475957
Setting collision bounds type.
CYLINDER
Setting torque-y.
90.79355401373948
Starting the game engine.
Game engine stopped.
Getting genome P and P'.
[1.7267729468528614e-09, 7.824520764643239e-08, 0.004756794311106205, 0.0]
[0.12253443896770477, -0.013704352080821991, 0.004756794311106205, 2.613997220993042]
Calculating genome fitness.
-66.2054298537
Increasing current genome count.
8
Current genome.
(8, 0, 0.0, 0.0, [0.6778680935772694, 0.13555789252905037, 0.24643464230643053, 0.6058326726637954, 0.3867600310900242, 0.2779930710803311, 0.5443975424287205, 0.08175502830079351, 0.16503289524741904, 0.23701615195867154, 0.9807150569764854, 0.01747543796588491, 0.15419422593814336, 0.85303752257815, 0.6814248479333769, 0.40877602531561674, 0.30391623472156815, 0.8150393495595547])
Populating the physics engine parameters.
Genome genes.
[0.6778680935772694, 0.13555789252905037, 0.24643464230643053, 0.6058326726637954, 0.3867600310900242, 0.2779930710803311, 0.5443975424287205, 0.08175502830079351, 0.16503289524741904, 0.23701615195867154, 0.9807150569764854, 0.01747543796588491, 0.15419422593814336, 0.85303752257815, 0.6814248479333769, 0.40877602531561674, 0.30391623472156815, 0.8150393495595547]
Setting gravity.
6778.680935772694
Setting sub steps.
7
Setting FPS.
2465
Setting use material physics.
False
Setting material friction.
27.799307108033112
Setting material elasticity.
0.5443975424287205
Setting mass.
2370.1615195867153
Setting form factor.
0.9807150569764854
Setting velocity max.
17.47543796588491
Setting damping translation.
0.15419422593814336
Setting rotation damping.
0.85303752257815
Setting use collision bounds.
True
Setting collision margin.
0.40877602531561674
Setting collision bounds type.
CONVEX_HULL
Setting torque-y.
163.00786991191094
Starting the game engine.
Game engine stopped.
Getting genome P and P'.
[1.7267729468528614e-09, 7.824520764643239e-08, 0.004756794311106205, 0.0]
[1.7267729468528614e-09, 7.824520764643239e-08, 0.004756794311106205, 0.0]
Calculating genome fitness.
-16.3490058289
Increasing current genome count.
9
Current genome.
(9, 0, 0.0, 0.0, [0.7775372910972004, 0.7186455933317123, 0.39767943909101, 0.13690536536612663, 0.8747255526973573, 0.6896584498490225, 0.4679693689000941, 0.48328666604739823, 0.17981684575650803, 0.5473596968090189, 0.24193923486228608, 0.5138535643621828, 0.7802792281915651, 0.21243305087382436, 0.8956019038049429, 0.8530525353466525, 0.766400353304005, 0.4509135091330877])
Populating the physics engine parameters.
Genome genes.
[0.7775372910972004, 0.7186455933317123, 0.39767943909101, 0.13690536536612663, 0.8747255526973573, 0.6896584498490225, 0.4679693689000941, 0.48328666604739823, 0.17981684575650803, 0.5473596968090189, 0.24193923486228608, 0.5138535643621828, 0.7802792281915651, 0.21243305087382436, 0.8956019038049429, 0.8530525353466525, 0.766400353304005, 0.4509135091330877]
Setting gravity.
7775.372910972003
Setting sub steps.
36
Setting FPS.
3977
Setting use material physics.
True
Setting material friction.
68.96584498490225
Setting material elasticity.
0.4679693689000941
Setting mass.
5473.596968090189
Setting form factor.
0.24193923486228608
Setting velocity max.
513.8535643621827
Setting damping translation.
0.7802792281915651
Setting rotation damping.
0.21243305087382436
Setting use collision bounds.
True
Setting collision margin.
0.8530525353466525
Setting collision bounds type.
SPHERE
Setting torque-y.
90.18270182661755
Starting the game engine.
Game engine stopped.
Getting genome P and P'.
[1.7267729468528614e-09, 7.824520764643239e-08, 0.004756794311106205, 0.0]
[-8.750081178732216e-05, -1.1373649613233283e-06, 0.004756794311106205, 2.908969509007875e-05]
Calculating genome fitness.
-16.3491088857
Increasing current genome count.
10
Current generation number: 0
Updating population metrics.
Population metrics.
-253.21089884
-16.3488951046
-66.2054298537
-25.321089884
Storing population metrics in the database.
Generating a new generation.
Creating a new generation.
Population metrics.
-303.067433589
-16.3488951046
-66.2054298537
-30.3067433589
Adapting crossover and mutation probabilities.
Crossover progress average.
0.0
Mutation progress average.
0.0
Not adjusting crossover/mutation probabilities. CPA == MPA.
Population makeup.
10 0 0 0 0
Attempting to add elite genomes.
Adding elite genome.
Adding elite genome.
Performing crossover and mutation separately.
Entering the loop.
Entering selection operator.
2 genomes requested.
Selected genomes without rank fitness.
[1, 3]
Attempting crossover.
Parent indexes.
1 3
Parent fitness contributions.
-11.0734324411
-11.8076897508
Returning crossed offspring.
Adding crossover offspring.
Entering selection operator.
1 genomes requested.
Selected genomes without rank fitness.
[3]
Attempting mutation.
Mutation value before/after.
0.7775372910972004 1.0
Mutation value before/after.
0.7186455933317123 0.8088583447686674
Mutation value before/after.
0.39767943909101 0.383735752581234
Mutation value before/after.
0.13690536536612663 0.0
Mutation value before/after.
0.8747255526973573 0.5288993470279533
Mutation value before/after.
0.6896584498490225 0.976672056714462
Mutation value before/after.
0.4679693689000941 0.7054187780120668
Mutation value before/after.
0.48328666604739823 0.5968847068350265
Mutation value before/after.
0.17981684575650803 0.3186598985576029
Mutation value before/after.
0.5473596968090189 0.5666125546044354
Mutation value before/after.
0.24193923486228608 0.2560627670000547
Mutation value before/after.
0.5138535643621828 0.4102240955446224
Mutation value before/after.
0.7802792281915651 0.6464937523701357
Mutation value before/after.
0.21243305087382436 0.2942863687928693
Mutation value before/after.
0.8956019038049429 1.0
Mutation value before/after.
0.8530525353466525 0.8449853452108862
Mutation value before/after.
0.766400353304005 0.5051517260583155
Mutation value before/after.
0.4509135091330877 0.2454760811340263
Adding mutation offspring.
Entering selection operator.
2 genomes requested.
Selected genomes without rank fitness.
[1, 2]
Attempting crossover.
Parent indexes.
1 2
Parent fitness contributions.
-35.4349838114
-1.81657445697
Returning crossed offspring.
Adding crossover offspring.
Entering selection operator.
1 genomes requested.
Selected genomes without rank fitness.
[0]
Attempting mutation.
Greater than mutation probability.
Entering selection operator.
2 genomes requested.
Selected genomes without rank fitness.
[0, 1]
Attempting crossover.
Parent indexes.
0 1
Parent fitness contributions.
-7.35615887263
-35.4349838114
Returning crossed offspring.
Adding crossover offspring.
Entering selection operator.
1 genomes requested.
Selected genomes without rank fitness.
[1]
Attempting mutation.
Greater than mutation probability.
Entering selection operator.
2 genomes requested.
Selected genomes without rank fitness.
[1, 2]
Attempting crossover.
Parent indexes.
1 2
Parent fitness contributions.
-33.2202973232
-2.72486168545
Returning crossed offspring.
Adding crossover offspring.
Entering selection operator.
1 genomes requested.
Selected genomes without rank fitness.
[1]
Attempting mutation.
Greater than mutation probability.
Entering selection operator.
2 genomes requested.
Selected genomes without rank fitness.
[1, 2]
Attempting crossover.
Parent indexes.
1 2
Parent fitness contributions.
-2.21468648821
-15.4408828842
Returning crossed offspring.
Adding crossover offspring.
Entering selection operator.
1 genomes requested.
Selected genomes without rank fitness.
[0]
Attempting mutation.
Greater than mutation probability.
Entering selection operator.
2 genomes requested.
Selected genomes without rank fitness.
[9, 0]
Attempting crossover.
Parent indexes.
9 0
Parent fitness contributions.
-9.08271950258
-29.4246354905
Returning crossed offspring.
Adding crossover offspring.
Entering selection operator.
1 genomes requested.
Selected genomes without rank fitness.
[0]
Attempting mutation.
Greater than mutation probability.
Entering selection operator.
2 genomes requested.
Selected genomes without rank fitness.
[5, 7]
Attempting crossover.
Parent indexes.
5 7
Parent fitness contributions.
-13.6241759532
-2.72483430482
Returning crossed offspring.
Adding crossover offspring.
Observed cross/mut rates.
1.0 0.16666666666666666
Setting the current genome to 0.
Current genome.
(8, 4, 0.0, 0.0, [0.6778680935772694, 0.13555789252905037, 0.24643464230643053, 0.6058326726637954, 0.3867600310900242, 0.2779930710803311, 0.5443975424287205, 0.08175502830079351, 0.16503289524741904, 0.23701615195867154, 0.9807150569764854, 0.01747543796588491, 0.15419422593814336, 0.85303752257815, 0.6814248479333769, 0.40877602531561674, 0.30391623472156815, 0.8150393495595547])
Populating the physics engine parameters.
Genome genes.
[0.6778680935772694, 0.13555789252905037, 0.24643464230643053, 0.6058326726637954, 0.3867600310900242, 0.2779930710803311, 0.5443975424287205, 0.08175502830079351, 0.16503289524741904, 0.23701615195867154, 0.9807150569764854, 0.01747543796588491, 0.15419422593814336, 0.85303752257815, 0.6814248479333769, 0.40877602531561674, 0.30391623472156815, 0.8150393495595547]
Setting gravity.
6778.680935772694
Setting sub steps.
7
Setting FPS.
2465
Setting use material physics.
False
Setting material friction.
27.799307108033112
Setting material elasticity.
0.5443975424287205
Setting mass.
2370.1615195867153
Setting form factor.
0.9807150569764854
Setting velocity max.
17.47543796588491
Setting damping translation.
0.15419422593814336
Setting rotation damping.
0.85303752257815
Setting use collision bounds.
True
Setting collision margin.
0.40877602531561674
Setting collision bounds type.
CONVEX_HULL
Setting torque-y.
163.00786991191094
Starting the game engine.
Game engine stopped.
Getting genome P and P'.
[1.7267729468528614e-09, 7.824520764643239e-08, 0.004756794311106205, 0.0]
[1.7267729468528614e-09, 7.824520764643239e-08, 0.004756794311106205, 0.0]
Calculating genome fitness.
-16.3490058289
Increasing current genome count.
1
Current genome.
(0, 4, 0.0, 0.0, [0.23914852130407493, 0.9673257500651353, 0.25455186614701686, 0.5701765331159135, 0.7221125160557117, 0.8062283242447676, 0.4397098317970193, 0.1562703418681355, 0.8105339890477664, 0.23236848049777403, 0.7559104239502352, 0.5096922140019954, 0.2901844220969011, 0.48713501559767414, 0.614373695660583, 0.037658232882986864, 0.799744201867527, 0.7027773138135837])
Populating the physics engine parameters.
Genome genes.
[0.23914852130407493, 0.9673257500651353, 0.25455186614701686, 0.5701765331159135, 0.7221125160557117, 0.8062283242447676, 0.4397098317970193, 0.1562703418681355, 0.8105339890477664, 0.23236848049777403, 0.7559104239502352, 0.5096922140019954, 0.2901844220969011, 0.48713501559767414, 0.614373695660583, 0.037658232882986864, 0.799744201867527, 0.7027773138135837]
Setting gravity.
2391.4852130407494
Setting sub steps.
48
Setting FPS.
2546
Setting use material physics.
True
Setting material friction.
80.62283242447677
Setting material elasticity.
0.4397098317970193
Setting mass.
2323.6848049777404
Setting form factor.
0.7559104239502352
Setting velocity max.
509.69221400199535
Setting damping translation.
0.2901844220969011
Setting rotation damping.
0.48713501559767414
Setting use collision bounds.
True
Setting collision margin.
0.037658232882986864
Setting collision bounds type.
SPHERE
Setting torque-y.
140.55546276271673
Starting the game engine.
Game engine stopped.
Getting genome P and P'.
[1.7267729468528614e-09, 7.824520764643239e-08, 0.004756794311106205, 0.0]
[-2.0144525478826836e-05, 1.1298342542431783e-05, 0.004756794311106205, -0.0001214382573380135]
Calculating genome fitness.
-16.3488961657
Increasing current genome count.
2
Current genome.
(10, 1, 0.0, -22.881122191842252, [0.31615671004630785, 0.0654298128492925, 0.6266606103612236, 0.9938927515029798, 0.5493272832251008, 0.6896584498490225, 0.4679693689000941, 0.48328666604739823, 0.17981684575650803, 0.5473596968090189, 0.24193923486228608, 0.5138535643621828, 0.7802792281915651, 0.21243305087382436, 0.8956019038049429, 0.8530525353466525, 0.766400353304005, 0.4509135091330877])
Populating the physics engine parameters.
Genome genes.
[0.31615671004630785, 0.0654298128492925, 0.6266606103612236, 0.9938927515029798, 0.5493272832251008, 0.6896584498490225, 0.4679693689000941, 0.48328666604739823, 0.17981684575650803, 0.5473596968090189, 0.24193923486228608, 0.5138535643621828, 0.7802792281915651, 0.21243305087382436, 0.8956019038049429, 0.8530525353466525, 0.766400353304005, 0.4509135091330877]
Setting gravity.
3161.5671004630785
Setting sub steps.
4
Setting FPS.
6266
Setting use material physics.
True
Setting material friction.
68.96584498490225
Setting material elasticity.
0.4679693689000941
Setting mass.
5473.596968090189
Setting form factor.
0.24193923486228608
Setting velocity max.
513.8535643621827
Setting damping translation.
0.7802792281915651
Setting rotation damping.
0.21243305087382436
Setting use collision bounds.
True
Setting collision margin.
0.8530525353466525
Setting collision bounds type.
SPHERE
Setting torque-y.
90.18270182661755
Starting the game engine.
Game engine stopped.
Getting genome P and P'.
[1.7267729468528614e-09, 7.824520764643239e-08, 0.004756794311106205, 0.0]
[-2.6870235160458833e-05, 9.90518060461909e-07, 0.004756794311106205, -7.436270243488252e-05]
Calculating genome fitness.
-16.3489503356
Increasing current genome count.
3
Current genome.
(11, 2, 0.0, -16.349108885699572, [1.0, 0.8088583447686674, 0.383735752581234, 0.0, 0.5288993470279533, 0.976672056714462, 0.7054187780120668, 0.5968847068350265, 0.3186598985576029, 0.5666125546044354, 0.2560627670000547, 0.4102240955446224, 0.6464937523701357, 0.2942863687928693, 1.0, 0.8449853452108862, 0.5051517260583155, 0.2454760811340263])
Populating the physics engine parameters.
Genome genes.
[1.0, 0.8088583447686674, 0.383735752581234, 0.0, 0.5288993470279533, 0.976672056714462, 0.7054187780120668, 0.5968847068350265, 0.3186598985576029, 0.5666125546044354, 0.2560627670000547, 0.4102240955446224, 0.6464937523701357, 0.2942863687928693, 1.0, 0.8449853452108862, 0.5051517260583155, 0.2454760811340263]
Setting gravity.
10000.0
Setting sub steps.
40
Setting FPS.
3837
Setting use material physics.
True
Setting material friction.
97.6672056714462
Setting material elasticity.
0.7054187780120668
Setting mass.
5666.1255460443535
Setting form factor.
0.2560627670000547
Setting velocity max.
410.2240955446224
Setting damping translation.
0.6464937523701357
Setting rotation damping.
0.2942863687928693
Setting use collision bounds.
True
Setting collision margin.
0.8449853452108862
Setting collision bounds type.
CYLINDER
Setting torque-y.
49.09521622680526
Starting the game engine.
Game engine stopped.
Getting genome P and P'.
[1.7267729468528614e-09, 7.824520764643239e-08, 0.004756794311106205, 0.0]
[-0.18506550788879395, -0.48928821086883545, 0.004756794311106205, -1.8158279657363892]
Calculating genome fitness.
-45.6346887507
Increasing current genome count.
4
Current genome.
(12, 1, 0.0, -37.251558268355112, [0.31615671004630785, 0.0654298128492925, 0.6266606103612236, 0.9938927515029798, 0.5493272832251008, 0.2223374895903456, 0.2862441572952321, 0.895948882092197, 0.9837377546200072, 0.8414764028590718, 0.7895646082092642, 0.9410376393867109, 0.11252170460804434, 0.4309987665846903, 0.5245996609129039, 0.09923912601798357, 0.21368804630039828, 0.1057485821174089])
Populating the physics engine parameters.
Genome genes.
[0.31615671004630785, 0.0654298128492925, 0.6266606103612236, 0.9938927515029798, 0.5493272832251008, 0.2223374895903456, 0.2862441572952321, 0.895948882092197, 0.9837377546200072, 0.8414764028590718, 0.7895646082092642, 0.9410376393867109, 0.11252170460804434, 0.4309987665846903, 0.5245996609129039, 0.09923912601798357, 0.21368804630039828, 0.1057485821174089]
Setting gravity.
3161.5671004630785
Setting sub steps.
4
Setting FPS.
6266
Setting use material physics.
True
Setting material friction.
22.23374895903456
Setting material elasticity.
0.2862441572952321
Setting mass.
8414.764028590718
Setting form factor.
0.7895646082092642
Setting velocity max.
941.0376393867109
Setting damping translation.
0.11252170460804434
Setting rotation damping.
0.4309987665846903
Setting use collision bounds.
True
Setting collision margin.
0.09923912601798357
Setting collision bounds type.
CONVEX_HULL
Setting torque-y.
21.149716423481777
Starting the game engine.
Game engine stopped.
Getting genome P and P'.
[1.7267729468528614e-09, 7.824520764643239e-08, 0.004756794311106205, 0.0]
[0.057258594781160355, 0.3870232105255127, 0.004756794311106205, 0.5501110553741455]
Calculating genome fitness.
-21.1155471606
Increasing current genome count.
5
Current genome.
(13, 1, 0.0, -42.791142684023868, [0.723287187979612, 0.004188379319965407, 0.6266606103612236, 0.9938927515029798, 0.5493272832251008, 0.2223374895903456, 0.2862441572952321, 0.895948882092197, 0.9837377546200072, 0.8414764028590718, 0.7895646082092642, 0.9410376393867109, 0.11252170460804434, 0.4309987665846903, 0.5245996609129039, 0.09923912601798357, 0.5626325416577797, 0.3884271282652134])
Populating the physics engine parameters.
Genome genes.
[0.723287187979612, 0.004188379319965407, 0.6266606103612236, 0.9938927515029798, 0.5493272832251008, 0.2223374895903456, 0.2862441572952321, 0.895948882092197, 0.9837377546200072, 0.8414764028590718, 0.7895646082092642, 0.9410376393867109, 0.11252170460804434, 0.4309987665846903, 0.5245996609129039, 0.09923912601798357, 0.5626325416577797, 0.3884271282652134]
Setting gravity.
7232.87187979612
Setting sub steps.
1
Setting FPS.
6266
Setting use material physics.
True
Setting material friction.
22.23374895903456
Setting material elasticity.
0.2862441572952321
Setting mass.
8414.764028590718
Setting form factor.
0.7895646082092642
Setting velocity max.
941.0376393867109
Setting damping translation.
0.11252170460804434
Setting rotation damping.
0.4309987665846903
Setting use collision bounds.
True
Setting collision margin.
0.09923912601798357
Setting collision bounds type.
CYLINDER
Setting torque-y.
77.68542565304269
Starting the game engine.
Game engine stopped.
Getting genome P and P'.
[1.7267729468528614e-09, 7.824520764643239e-08, 0.004756794311106205, 0.0]
[-1.0570740699768066, 0.21363717317581177, 0.004756794311106205, -0.3251050114631653]
Calculating genome fitness.
-18.5128193697
Increasing current genome count.
6
Current genome.
(14, 1, 0.0, -35.945159008626071, [0.31615671004630785, 0.0654298128492925, 0.6266606103612236, 0.9938927515029798, 0.5493272832251008, 0.2223374895903456, 0.2862441572952321, 0.895948882092197, 0.9837377546200072, 0.8414764028590718, 0.7895646082092642, 0.9410376393867109, 0.11252170460804434, 0.4309987665846903, 0.5245996609129039, 0.10544119122287132, 0.21368804630039828, 0.1057485821174089])
Populating the physics engine parameters.
Genome genes.
[0.31615671004630785, 0.0654298128492925, 0.6266606103612236, 0.9938927515029798, 0.5493272832251008, 0.2223374895903456, 0.2862441572952321, 0.895948882092197, 0.9837377546200072, 0.8414764028590718, 0.7895646082092642, 0.9410376393867109, 0.11252170460804434, 0.4309987665846903, 0.5245996609129039, 0.10544119122287132, 0.21368804630039828, 0.1057485821174089]
Setting gravity.
3161.5671004630785
Setting sub steps.
4
Setting FPS.
6266
Setting use material physics.
True
Setting material friction.
22.23374895903456
Setting material elasticity.
0.2862441572952321
Setting mass.
8414.764028590718
Setting form factor.
0.7895646082092642
Setting velocity max.
941.0376393867109
Setting damping translation.
0.11252170460804434
Setting rotation damping.
0.4309987665846903
Setting use collision bounds.
True
Setting collision margin.
0.10544119122287132
Setting collision bounds type.
CONVEX_HULL
Setting torque-y.
21.149716423481777
Starting the game engine.
Game engine stopped.
Getting genome P and P'.
[1.7267729468528614e-09, 7.824520764643239e-08, 0.004756794311106205, 0.0]
[-0.3732568323612213, 0.5460219979286194, 0.004756794311106205, 2.4994616508483887]
Calculating genome fitness.
-63.438549121
Increasing current genome count.
7
Current genome.
(15, 1, 0.0, -17.655569372419379, [0.31615671004630785, 0.8512031136058791, 0.09952497818655959, 0.587172619736987, 0.4373039529640175, 0.985617396525317, 0.29550865959148853, 0.6783604230468304, 0.7781186288564826, 0.09530149617899586, 0.6535733513882894, 0.8662019906196908, 0.676337278682652, 0.4268576801167553, 0.3708165160176947, 0.10544119122287132, 0.21368804630039828, 0.1057485821174089])
Populating the physics engine parameters.
Genome genes.
[0.31615671004630785, 0.8512031136058791, 0.09952497818655959, 0.587172619736987, 0.4373039529640175, 0.985617396525317, 0.29550865959148853, 0.6783604230468304, 0.7781186288564826, 0.09530149617899586, 0.6535733513882894, 0.8662019906196908, 0.676337278682652, 0.4268576801167553, 0.3708165160176947, 0.10544119122287132, 0.21368804630039828, 0.1057485821174089]
Setting gravity.
3161.5671004630785
Setting sub steps.
42
Setting FPS.
996
Setting use material physics.
False
Setting material friction.
98.5617396525317
Setting material elasticity.
0.29550865959148853
Setting mass.
953.0149617899586
Setting form factor.
0.6535733513882894
Setting velocity max.
866.2019906196908
Setting damping translation.
0.676337278682652
Setting rotation damping.
0.4268576801167553
Setting use collision bounds.
False
Setting collision margin.
0.10544119122287132
Setting collision bounds type.
CONVEX_HULL
Setting torque-y.
21.149716423481777
Starting the game engine.
Game engine stopped.
Getting genome P and P'.
[1.7267729468528614e-09, 7.824520764643239e-08, 0.004756794311106205, 0.0]
[-0.00027729407884180546, 5.500673978531267e-07, 0.004756794311106205, -5.090449485578574e-05]
Calculating genome fitness.
-16.3491826977
Increasing current genome count.
8
Current genome.
(16, 1, 0.0, -38.507354993116166, [0.23914852130407493, 0.9673257500651353, 0.25455186614701686, 0.5701765331159135, 0.7221125160557117, 0.8062283242447676, 0.4397098317970193, 0.1562703418681355, 0.8105339890477664, 0.23236848049777403, 0.7807989299891123, 0.49411421296144, 0.6387194783474678, 0.5483549525692332, 0.7680720593878501, 0.7620882542475957, 0.6323653258328864, 0.4539677700686974])
Populating the physics engine parameters.
Genome genes.
[0.23914852130407493, 0.9673257500651353, 0.25455186614701686, 0.5701765331159135, 0.7221125160557117, 0.8062283242447676, 0.4397098317970193, 0.1562703418681355, 0.8105339890477664, 0.23236848049777403, 0.7807989299891123, 0.49411421296144, 0.6387194783474678, 0.5483549525692332, 0.7680720593878501, 0.7620882542475957, 0.6323653258328864, 0.4539677700686974]
Setting gravity.
2391.4852130407494
Setting sub steps.
48
Setting FPS.
2546
Setting use material physics.
True
Setting material friction.
80.62283242447677
Setting material elasticity.
0.4397098317970193
Setting mass.
2323.6848049777404
Setting form factor.
0.7807989299891123
Setting velocity max.
494.11421296144
Setting damping translation.
0.6387194783474678
Setting rotation damping.
0.5483549525692332
Setting use collision bounds.
True
Setting collision margin.
0.7620882542475957
Setting collision bounds type.
CYLINDER
Setting torque-y.
90.79355401373948
Starting the game engine.
Game engine stopped.
Getting genome P and P'.
[1.7267729468528614e-09, 7.824520764643239e-08, 0.004756794311106205, 0.0]
[-1.5837777853012085, 0.6397783160209656, 0.004756794311106205, -0.4496689438819885]
Calculating genome fitness.
-20.2290430377
Increasing current genome count.
9
Current genome.
(17, 1, 0.0, -16.349010258029601, [0.6510467200194413, 0.41489398345226736, 0.437034531106557, 0.487381605252749, 0.9008206486088436, 0.8411556132930964, 0.4186848711993363, 0.10587176809054721, 0.5262297070231866, 0.8164140661963003, 0.6667204676199139, 0.15578305553793093, 0.7081194815756826, 0.9046246590741625, 0.5897081907442311, 0.05303321586585563, 0.11059931446464133, 0.8497459021063166])
Populating the physics engine parameters.
Genome genes.
[0.6510467200194413, 0.41489398345226736, 0.437034531106557, 0.487381605252749, 0.9008206486088436, 0.8411556132930964, 0.4186848711993363, 0.10587176809054721, 0.5262297070231866, 0.8164140661963003, 0.6667204676199139, 0.15578305553793093, 0.7081194815756826, 0.9046246590741625, 0.5897081907442311, 0.05303321586585563, 0.11059931446464133, 0.8497459021063166]
Setting gravity.
6510.467200194413
Setting sub steps.
21
Setting FPS.
4370
Setting use material physics.
True
Setting material friction.
84.11556132930964
Setting material elasticity.
0.4186848711993363
Setting mass.
8164.140661963003
Setting form factor.
0.6667204676199139
Setting velocity max.
155.78305553793092
Setting damping translation.
0.7081194815756826
Setting rotation damping.
0.9046246590741625
Setting use collision bounds.
True
Setting collision margin.
0.05303321586585563
Setting collision bounds type.
TRIANGLE_MESH
Setting torque-y.
169.94918042126332
Starting the game engine.
Game engine stopped.
Getting genome P and P'.
[1.7267729468528614e-09, 7.824520764643239e-08, 0.004756794311106205, 0.0]
[1.7267729468528614e-09, 7.824520764643239e-08, 0.004756794311106205, 0.0]
Calculating genome fitness.
-16.3490058289
Increasing current genome count.
10
Current generation number: 1
Updating population metrics.
Population metrics.
-267.024694126
-16.3488961657
-63.438549121
-26.7024694126
Storing population metrics in the database.
Generating a new generation.
Creating a new generation.
Population metrics.
-314.114237418
-16.3488961657
-63.438549121
-31.4114237418
Adapting crossover and mutation probabilities.
Crossover progress average.
5.57683131788
Mutation progress average.
-29.285579865
Adjusting crossover/mutation probabilities. CPA > MPA.
Population makeup.
0 7 1 0 2
Attempting to add elite genomes.
Adding elite genome.
Adding elite genome.
Performing crossover and mutation separately.
Entering the loop.
Entering selection operator.
2 genomes requested.
Selected genomes without rank fitness.
[0, 1]
Attempting crossover.
Parent indexes.
0 1
Parent fitness contributions.
-49.3410937608
-10.1410419446
Returning crossed offspring.
Adding crossover offspring.
Entering selection operator.
1 genomes requested.
Selected genomes without rank fitness.
[0]
Attempting mutation.
Mutation value before/after.
0.31615671004630785 0.245138182522
Mutation value before/after.
0.0654298128492925 0.0
Mutation value before/after.
0.6266606103612236 0.65337490913
Mutation value before/after.
0.9938927515029798 0.990344235387
Mutation value before/after.
0.5493272832251008 0.783190970845
Mutation value before/after.
0.2223374895903456 0.263358837917
Mutation value before/after.
0.2862441572952321 0.0
Mutation value before/after.
0.895948882092197 0.80798667963
Mutation value before/after.
0.9837377546200072 0.353348176335
Mutation value before/after.
0.8414764028590718 0.838729142594
Mutation value before/after.
0.7895646082092642 0.518753963574
Mutation value before/after.
0.9410376393867109 1.0
Mutation value before/after.
0.11252170460804434 0.0270434846591
Mutation value before/after.
0.4309987665846903 1.0
Mutation value before/after.
0.5245996609129039 0.519123432473
Mutation value before/after.
0.10544119122287132 0.296066654816
Mutation value before/after.
0.21368804630039828 0.0
Mutation value before/after.
0.1057485821174089 0.0
Adding mutation offspring.
Entering selection operator.
2 genomes requested.
Selected genomes without rank fitness.
[1, 2]
Attempting crossover.
Parent indexes.
1 2
Parent fitness contributions.
-35.4936468061
-4.69234381346
Returning crossed offspring.
Adding crossover offspring.
Entering selection operator.
1 genomes requested.
Selected genomes without rank fitness.
[0]
Attempting mutation.
Greater than mutation probability.
Entering selection operator.
2 genomes requested.
Selected genomes without rank fitness.
[0, 1]
Attempting crossover.
Parent indexes.
0 1
Parent fitness contributions.
-49.3410937608
-10.1410419446
Returning crossed offspring.
Adding crossover offspring.
Entering selection operator.
1 genomes requested.
Selected genomes without rank fitness.
[0]
Attempting mutation.
Greater than mutation probability.
Entering selection operator.
2 genomes requested.
Selected genomes without rank fitness.
[1, 2]
Attempting crossover.
Parent indexes.
1 2
Parent fitness contributions.
-2.53526048615
-19.9424612072
Returning crossed offspring.
Adding crossover offspring.
Entering selection operator.
1 genomes requested.
Selected genomes without rank fitness.
[1]
Attempting mutation.
Greater than mutation probability.
Entering selection operator.
2 genomes requested.
Selected genomes without rank fitness.
[1, 2]
Attempting crossover.
Parent indexes.
1 2
Parent fitness contributions.
-5.0705209723
-18.7693752539
Returning crossed offspring.
Adding crossover offspring.
Entering selection operator.
1 genomes requested.
Selected genomes without rank fitness.
[0]
Attempting mutation.
Greater than mutation probability.
Entering selection operator.
2 genomes requested.
Selected genomes without rank fitness.
[9, 0]
Attempting crossover.
Parent indexes.
9 0
Parent fitness contributions.
-3.63308803681
-49.3410937608
Returning crossed offspring.
Adding crossover offspring.
Entering selection operator.
1 genomes requested.
Selected genomes without rank fitness.
[0]
Attempting mutation.
Greater than mutation probability.
Entering selection operator.
2 genomes requested.
Selected genomes without rank fitness.
[0, 1]
Attempting crossover.
Parent indexes.
0 1
Parent fitness contributions.
-49.3410937608
-10.1410419446
Returning crossed offspring.
Adding crossover offspring.
Observed cross/mut rates.
1.0 0.16666666666666666
Setting the current genome to 0.
Current genome.
(10, 4, 0.0, 0.0, [0.31615671004630785, 0.0654298128492925, 0.6266606103612236, 0.9938927515029798, 0.5493272832251008, 0.6896584498490225, 0.4679693689000941, 0.48328666604739823, 0.17981684575650803, 0.5473596968090189, 0.24193923486228608, 0.5138535643621828, 0.7802792281915651, 0.21243305087382436, 0.8956019038049429, 0.8530525353466525, 0.766400353304005, 0.4509135091330877])
Populating the physics engine parameters.
Genome genes.
[0.31615671004630785, 0.0654298128492925, 0.6266606103612236, 0.9938927515029798, 0.5493272832251008, 0.6896584498490225, 0.4679693689000941, 0.48328666604739823, 0.17981684575650803, 0.5473596968090189, 0.24193923486228608, 0.5138535643621828, 0.7802792281915651, 0.21243305087382436, 0.8956019038049429, 0.8530525353466525, 0.766400353304005, 0.4509135091330877]
Setting gravity.
3161.5671004630785
Setting sub steps.
4
Setting FPS.
6266
Setting use material physics.
True
Setting material friction.
68.96584498490225
Setting material elasticity.
0.4679693689000941
Setting mass.
5473.596968090189
Setting form factor.
0.24193923486228608
Setting velocity max.
513.8535643621827
Setting damping translation.
0.7802792281915651
Setting rotation damping.
0.21243305087382436
Setting use collision bounds.
True
Setting collision margin.
0.8530525353466525
Setting collision bounds type.
SPHERE
Setting torque-y.
90.18270182661755
Starting the game engine.
Game engine stopped.
Getting genome P and P'.
[1.7267729468528614e-09, 7.824520764643239e-08, 0.004756794311106205, 0.0]
[-2.760867209872231e-05, 5.738470463256817e-07, 0.004756794311106205, -8.822464587865397e-05]
Calculating genome fitness.
-16.3489364317
Increasing current genome count.
1
Current genome.
(0, 4, 0.0, 0.0, [0.23914852130407493, 0.9673257500651353, 0.25455186614701686, 0.5701765331159135, 0.7221125160557117, 0.8062283242447676, 0.4397098317970193, 0.1562703418681355, 0.8105339890477664, 0.23236848049777403, 0.7559104239502352, 0.5096922140019954, 0.2901844220969011, 0.48713501559767414, 0.614373695660583, 0.037658232882986864, 0.799744201867527, 0.7027773138135837])
Populating the physics engine parameters.
Genome genes.
[0.23914852130407493, 0.9673257500651353, 0.25455186614701686, 0.5701765331159135, 0.7221125160557117, 0.8062283242447676, 0.4397098317970193, 0.1562703418681355, 0.8105339890477664, 0.23236848049777403, 0.7559104239502352, 0.5096922140019954, 0.2901844220969011, 0.48713501559767414, 0.614373695660583, 0.037658232882986864, 0.799744201867527, 0.7027773138135837]
Setting gravity.
2391.4852130407494
Setting sub steps.
48
Setting FPS.
2546
Setting use material physics.
True
Setting material friction.
80.62283242447677
Setting material elasticity.
0.4397098317970193
Setting mass.
2323.6848049777404
Setting form factor.
0.7559104239502352
Setting velocity max.
509.69221400199535
Setting damping translation.
0.2901844220969011
Setting rotation damping.
0.48713501559767414
Setting use collision bounds.
True
Setting collision margin.
0.037658232882986864
Setting collision bounds type.
SPHERE
Setting torque-y.
140.55546276271673
Starting the game engine.
Game engine stopped.
Getting genome P and P'.
[1.7267729468528614e-09, 7.824520764643239e-08, 0.004756794311106205, 0.0]
[-2.0144525478826836e-05, 1.1298342542431783e-05, 0.004756794311106205, -0.0001214382573380135]
Calculating genome fitness.
-16.3488961657
Increasing current genome count.
2
Current genome.
(18, 1, 0.0, -59.4821357053805, [0.31615671004630785, 0.0654298128492925, 0.6266606103612236, 0.9938927515029798, 0.5493272832251008, 0.2223374895903456, 0.2862441572952321, 0.895948882092197, 0.9837377546200072, 0.8414764028590718, 0.7895646082092642, 0.9410376393867109, 0.11252170460804434, 0.4309987665846903, 1.0, 0.8449853452108862, 0.5051517260583155, 0.2454760811340263])
Populating the physics engine parameters.
Genome genes.
[0.31615671004630785, 0.0654298128492925, 0.6266606103612236, 0.9938927515029798, 0.5493272832251008, 0.2223374895903456, 0.2862441572952321, 0.895948882092197, 0.9837377546200072, 0.8414764028590718, 0.7895646082092642, 0.9410376393867109, 0.11252170460804434, 0.4309987665846903, 1.0, 0.8449853452108862, 0.5051517260583155, 0.2454760811340263]
Setting gravity.
3161.5671004630785
Setting sub steps.
4
Setting FPS.
6266
Setting use material physics.
True
Setting material friction.
22.23374895903456
Setting material elasticity.
0.2862441572952321
Setting mass.
8414.764028590718
Setting form factor.
0.7895646082092642
Setting velocity max.
941.0376393867109
Setting damping translation.
0.11252170460804434
Setting rotation damping.
0.4309987665846903
Setting use collision bounds.
True
Setting collision margin.
0.8449853452108862
Setting collision bounds type.
CYLINDER
Setting torque-y.
49.09521622680526
Starting the game engine.
Game engine stopped.
Getting genome P and P'.
[1.7267729468528614e-09, 7.824520764643239e-08, 0.004756794311106205, 0.0]
[-0.02086210437119007, -0.09726926684379578, 0.004756794311106205, -1.7798609733581543]
Calculating genome fitness.
-44.8533710394
Increasing current genome count.
3
Current genome.
(19, 2, 0.0, -63.438549120995589, [0.24513818252194908, 0.0, 0.65337490913043583, 0.99034423538748551, 0.7831909708452558, 0.26335883791710918, 0.0, 0.80798667962967852, 0.3533481763354348, 0.83872914259367581, 0.51875396357382719, 1.0, 0.027043484659110259, 1.0, 0.51912343247311155, 0.29606665481638228, 0.0, 0.0])
Populating the physics engine parameters.
Genome genes.
[0.24513818252194908, 0.0, 0.65337490913043583, 0.99034423538748551, 0.7831909708452558, 0.26335883791710918, 0.0, 0.80798667962967852, 0.3533481763354348, 0.83872914259367581, 0.51875396357382719, 1.0, 0.027043484659110259, 1.0, 0.51912343247311155, 0.29606665481638228, 0.0, 0.0]
Setting gravity.
2451.38182522
Setting sub steps.
1
Setting FPS.
6534
