Connecting to the database.
Starting the GA manager.
Setting the GA parameters.
Creating a random GA population.
Generating random population.
Genome: 0
Random gene: 0
0.7863229422550689
Random gene: 1
0.03517124791251225
Random gene: 2
0.16847005698060824
Random gene: 3
0.1476673314770448
Random gene: 4
0.9120912139409589
Random gene: 5
0.23049166961043122
Random gene: 6
0.005222931870982439
Random gene: 7
0.7295477129190776
Random gene: 8
0.4900029337343922
Random gene: 9
0.47162730515276297
Random gene: 10
0.7986226186427535
Random gene: 11
0.043896862578993945
Random gene: 12
0.40907171704429035
Random gene: 13
0.9570137814131431
Random gene: 14
0.00920461197454614
Random gene: 15
0.9079353133834879
Random gene: 16
0.8251736385659901
Random gene: 17
0.6087561134140888
Genome: 1
Random gene: 0
0.3882556324555664
Random gene: 1
0.7848133748248908
Random gene: 2
0.40744512113443554
Random gene: 3
0.6408720226452852
Random gene: 4
0.586290003336855
Random gene: 5
0.9519630913500529
Random gene: 6
0.7591706889704443
Random gene: 7
0.7026989162512043
Random gene: 8
0.663463379166781
Random gene: 9
0.3751183759321266
Random gene: 10
0.8668524754036259
Random gene: 11
0.8112111787075341
Random gene: 12
0.12468759543096841
Random gene: 13
0.43725427913012926
Random gene: 14
0.9075739614718864
Random gene: 15
0.12045146489164016
Random gene: 16
0.7733736363671893
Random gene: 17
0.18368270575406265
Genome: 2
Random gene: 0
0.7578723870275614
Random gene: 1
0.32255081521555173
Random gene: 2
0.44110067979288514
Random gene: 3
0.8094705930556976
Random gene: 4
0.8937349041223558
Random gene: 5
0.7516157253852762
Random gene: 6
0.4588531857057423
Random gene: 7
0.6326751508737518
Random gene: 8
0.48435264893250973
Random gene: 9
0.9971964174559023
Random gene: 10
0.452698209245022
Random gene: 11
0.4463385551737785
Random gene: 12
0.41693600491843263
Random gene: 13
0.6740521102363325
Random gene: 14
0.66802196098891
Random gene: 15
0.3127583356379984
Random gene: 16
0.6583157472863403
Random gene: 17
0.7452760906051966
Genome: 3
Random gene: 0
0.9660130278854528
Random gene: 1
0.7251418106673678
Random gene: 2
0.18692476210023046
Random gene: 3
0.5479313527299621
Random gene: 4
0.9233263937949835
Random gene: 5
0.8456572063641656
Random gene: 6
0.4018441492118604
Random gene: 7
0.4063276706391389
Random gene: 8
0.8441697689867297
Random gene: 9
0.412206162065916
Random gene: 10
0.5196229800325528
Random gene: 11
0.11549066026186205
Random gene: 12
0.16160572930668693
Random gene: 13
0.27488641798824776
Random gene: 14
0.4965772686108134
Random gene: 15
0.10153129159854368
Random gene: 16
0.20309578096097414
Random gene: 17
0.1379104026985133
Genome: 4
Random gene: 0
0.15730992575512537
Random gene: 1
0.8701715029843791
Random gene: 2
0.7259178687439864
Random gene: 3
0.8592304794601648
Random gene: 4
0.4354699594395165
Random gene: 5
0.988855850933726
Random gene: 6
0.8338077822105741
Random gene: 7
0.025112629020407007
Random gene: 8
0.16536770354613617
Random gene: 9
0.428711352861996
Random gene: 10
0.2692733934598497
Random gene: 11
0.9152910068281385
Random gene: 12
0.36391289525969295
Random gene: 13
0.8402217564034945
Random gene: 14
0.014967752064583562
Random gene: 15
0.6810993193676252
Random gene: 16
0.017475590042193234
Random gene: 17
0.3106991994314863
Genome: 5
Random gene: 0
0.9638862164999606
Random gene: 1
0.6853006069999814
Random gene: 2
0.3316674107623754
Random gene: 3
0.37484226949092414
Random gene: 4
0.6371864040456092
Random gene: 5
0.2723154544220049
Random gene: 6
0.2964230414043987
Random gene: 7
0.9576850414015988
Random gene: 8
0.926696398069173
Random gene: 9
0.12514844975093964
Random gene: 10
0.5620201937515997
Random gene: 11
0.8567794057490395
Random gene: 12
0.7991918408368128
Random gene: 13
0.27401828081482327
Random gene: 14
0.544520875109322
Random gene: 15
0.4898696615939062
Random gene: 16
0.40339761845068245
Random gene: 17
0.6191733811431682
Genome: 6
Random gene: 0
0.27737616467298665
Random gene: 1
0.269660192630626
Random gene: 2
0.25746016975298935
Random gene: 3
0.7081842563822366
Random gene: 4
0.42168584598785686
Random gene: 5
0.7626882871552304
Random gene: 6
0.7880463718710574
Random gene: 7
0.25890299255765425
Random gene: 8
0.07909252983143866
Random gene: 9
0.9946395302763231
Random gene: 10
0.4488411727872026
Random gene: 11
0.20136373854921263
Random gene: 12
0.5406556515696574
Random gene: 13
0.2457622758635991
Random gene: 14
0.38074206828507207
Random gene: 15
0.34557293474039297
Random gene: 16
0.5893611869251364
Random gene: 17
0.3927367125735387
Genome: 7
Random gene: 0
0.533821704483436
Random gene: 1
0.05374386736332504
Random gene: 2
0.5160384917237236
Random gene: 3
0.9390073637349026
Random gene: 4
0.1664457364910793
Random gene: 5
0.43187312161048763
Random gene: 6
0.43285844869237566
Random gene: 7
0.08596400492444456
Random gene: 8
0.3135747251178179
Random gene: 9
0.424076348600242
Random gene: 10
0.5947712369643593
Random gene: 11
0.2844162418522851
Random gene: 12
0.9624684419050086
Random gene: 13
0.5440250381110256
Random gene: 14
0.6444537594127
Random gene: 15
0.9011759949796058
Random gene: 16
0.5408883079049621
Random gene: 17
0.6684809510936137
Genome: 8
Random gene: 0
0.1708320614288733
Random gene: 1
0.739400205662725
Random gene: 2
0.21064304242910592
Random gene: 3
0.7151353407047081
Random gene: 4
0.14564210267756328
Random gene: 5
0.848237974266647
Random gene: 6
0.9931677539385209
Random gene: 7
0.049056568644493814
Random gene: 8
0.8237066443358657
Random gene: 9
0.5525033038257382
Random gene: 10
0.9446612867846169
Random gene: 11
0.8159994676000568
Random gene: 12
0.9910810901840233
Random gene: 13
0.16881628524625636
Random gene: 14
0.28908475460517913
Random gene: 15
0.9711039666125943
Random gene: 16
0.23176856127153944
Random gene: 17
0.41817739606602544
Genome: 9
Random gene: 0
0.658259728928727
Random gene: 1
0.33551994032087873
Random gene: 2
0.2816805433499323
Random gene: 3
0.983752342941358
Random gene: 4
0.03690726174162917
Random gene: 5
0.02742696649756393
Random gene: 6
0.13351163264165633
Random gene: 7
0.10599376419899853
Random gene: 8
0.022808810967530513
Random gene: 9
0.2713710222474922
Random gene: 10
0.787024494300283
Random gene: 11
0.5089203743276882
Random gene: 12
0.2531460068868704
Random gene: 13
0.9962045958304218
Random gene: 14
0.526668147591032
Random gene: 15
0.3463046480570673
Random gene: 16
0.9220246854780692
Random gene: 17
0.7904145020687948
Population metrics. T H L A.
0.0
0.0
0.0
0.0
Setting the current genome to 0.
Entering loop.
Current genome.
(0, 0, 0.0, 0.0, [0.7863229422550689, 0.03517124791251225, 0.16847005698060824, 0.1476673314770448, 0.9120912139409589, 0.23049166961043122, 0.005222931870982439, 0.7295477129190776, 0.4900029337343922, 0.47162730515276297, 0.7986226186427535, 0.043896862578993945, 0.40907171704429035, 0.9570137814131431, 0.00920461197454614, 0.9079353133834879, 0.8251736385659901, 0.6087561134140888])
Populating the physics engine parameters.
Genome genes.
[0.7863229422550689, 0.03517124791251225, 0.16847005698060824, 0.1476673314770448, 0.9120912139409589, 0.23049166961043122, 0.005222931870982439, 0.7295477129190776, 0.4900029337343922, 0.47162730515276297, 0.7986226186427535, 0.043896862578993945, 0.40907171704429035, 0.9570137814131431, 0.00920461197454614, 0.9079353133834879, 0.8251736385659901, 0.6087561134140888]
Setting gravity.
7863.229422550689
Setting sub steps.
2
Setting FPS.
1685
Setting use material physics.
True
Setting material friction.
23.04916696104312
Setting material elasticity.
0.005222931870982439
Setting mass.
4716.27305152763
Setting form factor.
0.7986226186427535
Setting velocity max.
43.89686257899395
Setting damping translation.
0.40907171704429035
Setting rotation damping.
0.9570137814131431
Setting use collision bounds.
False
Setting collision margin.
0.9079353133834879
Setting collision bounds type.
SPHERE
Setting torque-y.
121.75122268281775
Starting the game engine.
