Connecting to the database.
Starting the GA manager.
Setting the GA parameters.
Creating a random GA population.
Generating random population.
Genome: 0
Random gene: 0
0.0748540267311093
Random gene: 1
0.12555113109606775
Random gene: 2
0.37553393907258437
Random gene: 3
0.9130352745823656
Random gene: 4
0.7487520411120425
Random gene: 5
0.4074422742681977
Random gene: 6
0.9981102000871062
Random gene: 7
0.38738121322287455
Random gene: 8
0.8481832348454399
Random gene: 9
0.14030844232759354
Random gene: 10
0.5157927967206125
Random gene: 11
0.284102312597594
Random gene: 12
0.6837824005362478
Random gene: 13
0.08957430087645812
Random gene: 14
0.5220175956463374
Random gene: 15
0.842931770872246
Random gene: 16
0.8534677355821898
Random gene: 17
0.9899478368921046
Genome: 1
Random gene: 0
0.07627421385629285
Random gene: 1
0.24906092170477268
Random gene: 2
0.6409949178194616
Random gene: 3
0.1153642570546205
Random gene: 4
0.38225889734553875
Random gene: 5
0.19627296328381127
Random gene: 6
0.17721569587562347
Random gene: 7
0.4665702144526884
Random gene: 8
0.7170597934587677
Random gene: 9
0.9204347215361924
Random gene: 10
0.6056996421624972
Random gene: 11
0.902818915445564
Random gene: 12
0.9450253616617121
Random gene: 13
0.3877589011129504
Random gene: 14
0.7276257701171783
Random gene: 15
0.6320100413837143
Random gene: 16
0.253309950628788
Random gene: 17
0.9757208221170811
Genome: 2
Random gene: 0
0.45683065874295414
Random gene: 1
0.3246940645051529
Random gene: 2
0.6142749528899272
Random gene: 3
0.19073023686648094
Random gene: 4
0.823504097020157
Random gene: 5
0.9425428734625478
Random gene: 6
0.9446703583102231
Random gene: 7
0.7193147713815641
Random gene: 8
0.8536330315341499
Random gene: 9
0.39164990303234737
Random gene: 10
0.2275360812399987
Random gene: 11
0.5708808521949769
Random gene: 12
0.9596038356196465
Random gene: 13
0.7120422643393277
Random gene: 14
0.723248294532368
Random gene: 15
0.5557397604262293
Random gene: 16
0.38552236869368517
Random gene: 17
0.7936525923102777
Genome: 3
Random gene: 0
0.8547337631678421
Random gene: 1
0.45297643890524764
Random gene: 2
0.9009556555385791
Random gene: 3
0.9821033061976436
Random gene: 4
0.4563090582739472
Random gene: 5
0.4287841567694599
Random gene: 6
0.5835392908725476
Random gene: 7
0.4997120232627448
Random gene: 8
0.6729645805557043
Random gene: 9
0.9223541890334468
Random gene: 10
0.1110550778848628
Random gene: 11
0.2068955490722657
Random gene: 12
0.5470411310154281
Random gene: 13
0.1676146713928367
Random gene: 14
0.4493536581561166
Random gene: 15
0.6573445765046577
Random gene: 16
0.17244903997387961
Random gene: 17
0.8309167788731554
Genome: 4
Random gene: 0
0.5855078297638362
Random gene: 1
0.8565968916541347
Random gene: 2
0.9309823339566317
Random gene: 3
0.33026428053264234
Random gene: 4
0.8013312201956323
Random gene: 5
0.6838312225914487
Random gene: 6
0.6389316111099433
Random gene: 7
0.14839986980607645
Random gene: 8
0.33271142523391306
Random gene: 9
0.7719950204198059
Random gene: 10
0.7829674008925888
Random gene: 11
0.12700307956554813
Random gene: 12
0.16344345759974888
Random gene: 13
0.06915776883623403
Random gene: 14
0.6457714235406784
Random gene: 15
0.06038504466860284
Random gene: 16
0.36028527115116793
Random gene: 17
0.6184674286606952
Genome: 5
Random gene: 0
0.5521096421974204
Random gene: 1
0.8402917291186507
Random gene: 2
0.5652386856141884
Random gene: 3
0.6027643183720052
Random gene: 4
0.4035808928098452
Random gene: 5
0.23807450285895115
Random gene: 6
0.7971223341978247
Random gene: 7
0.9451278561865379
Random gene: 8
0.3316982949181998
Random gene: 9
0.9474551561563536
Random gene: 10
0.6861432602201997
Random gene: 11
0.0004876245091050002
Random gene: 12
0.9170238231323298
Random gene: 13
0.5486172183056331
Random gene: 14
0.402003193645907
Random gene: 15
0.4196557286733389
Random gene: 16
0.17038494759196365
Random gene: 17
0.3492052792974428
Genome: 6
Random gene: 0
0.6299274411061807
Random gene: 1
0.8005185869922898
Random gene: 2
0.7278248279505091
Random gene: 3
0.8368298398553418
Random gene: 4
0.9583385670975538
Random gene: 5
0.07065736875855044
Random gene: 6
0.6559967662995307
Random gene: 7
0.4335301477825141
Random gene: 8
0.8227974786237641
Random gene: 9
0.7536894477063696
Random gene: 10
0.3531771833793862
Random gene: 11
0.2973767453156999
Random gene: 12
0.14562337365678502
Random gene: 13
0.9059114635089969
Random gene: 14
0.6859535491236078
Random gene: 15
0.28455341731178296
Random gene: 16
0.9120730527728325
Random gene: 17
0.5603957706756966
Genome: 7
Random gene: 0
0.3680210847120615
Random gene: 1
0.606314732250671
Random gene: 2
0.6134161199362258
Random gene: 3
0.28958706336644247
Random gene: 4
0.6506617688109414
Random gene: 5
0.01326504340834378
Random gene: 6
0.8912864979018583
Random gene: 7
0.5659139676823577
Random gene: 8
0.9314019064542508
Random gene: 9
0.7739763474380954
Random gene: 10
0.9859388240930425
Random gene: 11
0.9980522784369855
Random gene: 12
0.226809460939563
Random gene: 13
0.7308573327015564
Random gene: 14
0.07088841232781007
Random gene: 15
0.2695978447233994
Random gene: 16
0.22188813945202523
Random gene: 17
0.6685617835765489
Genome: 8
Random gene: 0
0.47732609068353615
Random gene: 1
0.5503488131881854
Random gene: 2
0.6799482229307774
Random gene: 3
0.3362586371431173
Random gene: 4
0.7516267795693691
Random gene: 5
0.4374799911849264
Random gene: 6
0.3828331230248637
Random gene: 7
0.7277430063604491
Random gene: 8
0.9886600993324847
Random gene: 9
0.6548999417631065
Random gene: 10
0.34094967342595084
Random gene: 11
0.5572777342843311
Random gene: 12
0.7292211218275182
Random gene: 13
0.5743442293755381
Random gene: 14
0.8779597231357048
Random gene: 15
0.39599993089483543
Random gene: 16
0.22048261604092034
Random gene: 17
0.9441768822191257
Genome: 9
Random gene: 0
0.9659121495140133
Random gene: 1
0.6791434822170386
Random gene: 2
0.7529620813135303
Random gene: 3
0.3130887046143178
Random gene: 4
0.28983775100975984
Random gene: 5
0.3427598743411753
Random gene: 6
0.743855063476956
Random gene: 7
0.1262165340460114
Random gene: 8
0.3288393334952294
Random gene: 9
0.6676134760953417
Random gene: 10
0.02983002208559471
Random gene: 11
0.09225876360519303
Random gene: 12
0.6741796724323244
Random gene: 13
0.46400298172618537
Random gene: 14
0.023438448596269645
Random gene: 15
0.17036067328450877
Random gene: 16
0.14220013740664994
Random gene: 17
0.6542055977576178
Population metrics. T H L A.
0.0
0.0
0.0
0.0
Setting the current genome to 0.
Entering loop.
Current genome.
(0, 0, 0.0, 0.0, [0.0748540267311093, 0.12555113109606775, 0.37553393907258437, 0.9130352745823656, 0.7487520411120425, 0.4074422742681977, 0.9981102000871062, 0.38738121322287455, 0.8481832348454399, 0.14030844232759354, 0.5157927967206125, 0.284102312597594, 0.6837824005362478, 0.08957430087645812, 0.5220175956463374, 0.842931770872246, 0.8534677355821898, 0.9899478368921046])
Populating the physics engine parameters.
Genome genes.
[0.0748540267311093, 0.12555113109606775, 0.37553393907258437, 0.9130352745823656, 0.7487520411120425, 0.4074422742681977, 0.9981102000871062, 0.38738121322287455, 0.8481832348454399, 0.14030844232759354, 0.5157927967206125, 0.284102312597594, 0.6837824005362478, 0.08957430087645812, 0.5220175956463374, 0.842931770872246, 0.8534677355821898, 0.9899478368921046]
Setting gravity.
748.540267311093
Setting sub steps.
7
Setting FPS.
3755
Setting use material physics.
True
Setting material friction.
40.74422742681977
Setting material elasticity.
0.9981102000871062
Setting mass.
1403.0844232759355
Setting form factor.
0.5157927967206125
Setting velocity max.
284.102312597594
Setting damping translation.
0.6837824005362478
Setting rotation damping.
0.08957430087645812
Setting use collision bounds.
True
Setting collision margin.
0.842931770872246
Setting collision bounds type.
BOX
Setting torque-y.
197.98956737842093
Starting the game engine.
Game engine stopped.
Getting genome P and P'.
[1.7267729468528614e-09, 0.0, 0.004756790120154619, 0.0]
[-1.604561448097229, 1.6425844430923462, 0.004756790120154619, 0.3596813976764679]
Calculating genome fitness.
Genome fitness threshold.
3.583037324198375
Genome mahalanobis distance
23.4206890162
-19.837651692
Increasing current genome count.
1
Current genome.
(1, 0, 0.0, 0.0, [0.07627421385629285, 0.24906092170477268, 0.6409949178194616, 0.1153642570546205, 0.38225889734553875, 0.19627296328381127, 0.17721569587562347, 0.4665702144526884, 0.7170597934587677, 0.9204347215361924, 0.6056996421624972, 0.902818915445564, 0.9450253616617121, 0.3877589011129504, 0.7276257701171783, 0.6320100413837143, 0.253309950628788, 0.9757208221170811])
Populating the physics engine parameters.
Genome genes.
[0.07627421385629285, 0.24906092170477268, 0.6409949178194616, 0.1153642570546205, 0.38225889734553875, 0.19627296328381127, 0.17721569587562347, 0.4665702144526884, 0.7170597934587677, 0.9204347215361924, 0.6056996421624972, 0.902818915445564, 0.9450253616617121, 0.3877589011129504, 0.7276257701171783, 0.6320100413837143, 0.253309950628788, 0.9757208221170811]
Setting gravity.
762.7421385629285
Setting sub steps.
13
Setting FPS.
6410
Setting use material physics.
False
Setting material friction.
19.627296328381128
Setting material elasticity.
0.17721569587562347
Setting mass.
9204.347215361924
Setting form factor.
0.6056996421624972
Setting velocity max.
902.818915445564
Setting damping translation.
0.9450253616617121
Setting rotation damping.
0.3877589011129504
Setting use collision bounds.
True
Setting collision margin.
0.6320100413837143
Setting collision bounds type.
CONVEX_HULL
Setting torque-y.
195.1441644234162
Starting the game engine.
Game engine stopped.
Getting genome P and P'.
[1.7267729468528614e-09, 0.0, 0.004756790120154619, 0.0]
[1.7267729468528614e-09, 0.0, 0.004756790120154619, 0.0]
Calculating genome fitness.
Genome fitness threshold.
3.583037324198375
Genome mahalanobis distance
19.9320431486
-16.3490058244
Increasing current genome count.
2
Current genome.
(2, 0, 0.0, 0.0, [0.45683065874295414, 0.3246940645051529, 0.6142749528899272, 0.19073023686648094, 0.823504097020157, 0.9425428734625478, 0.9446703583102231, 0.7193147713815641, 0.8536330315341499, 0.39164990303234737, 0.2275360812399987, 0.5708808521949769, 0.9596038356196465, 0.7120422643393277, 0.723248294532368, 0.5557397604262293, 0.38552236869368517, 0.7936525923102777])
Populating the physics engine parameters.
Genome genes.
[0.45683065874295414, 0.3246940645051529, 0.6142749528899272, 0.19073023686648094, 0.823504097020157, 0.9425428734625478, 0.9446703583102231, 0.7193147713815641, 0.8536330315341499, 0.39164990303234737, 0.2275360812399987, 0.5708808521949769, 0.9596038356196465, 0.7120422643393277, 0.723248294532368, 0.5557397604262293, 0.38552236869368517, 0.7936525923102777]
Setting gravity.
4568.306587429542
Setting sub steps.
16
Setting FPS.
6143
Setting use material physics.
True
Setting material friction.
94.25428734625478
Setting material elasticity.
0.9446703583102231
Setting mass.
3916.4990303234736
Setting form factor.
0.2275360812399987
Setting velocity max.
570.8808521949769
Setting damping translation.
0.9596038356196465
Setting rotation damping.
0.7120422643393277
Setting use collision bounds.
True
Setting collision margin.
0.5557397604262293
Setting collision bounds type.
CONE
Setting torque-y.
158.73051846205556
Starting the game engine.
Game engine stopped.
Getting genome P and P'.
[1.7267729468528614e-09, 0.0, 0.004756790120154619, 0.0]
[-0.2800474762916565, -0.27326634526252747, 0.004756790120154619, -0.5897391438484192]
Calculating genome fitness.
Genome fitness threshold.
3.583037324198375
Genome mahalanobis distance
24.5247637132
-20.941726389
Increasing current genome count.
3
Current genome.
(3, 0, 0.0, 0.0, [0.8547337631678421, 0.45297643890524764, 0.9009556555385791, 0.9821033061976436, 0.4563090582739472, 0.4287841567694599, 0.5835392908725476, 0.4997120232627448, 0.6729645805557043, 0.9223541890334468, 0.1110550778848628, 0.2068955490722657, 0.5470411310154281, 0.1676146713928367, 0.4493536581561166, 0.6573445765046577, 0.17244903997387961, 0.8309167788731554])
Populating the physics engine parameters.
Genome genes.
[0.8547337631678421, 0.45297643890524764, 0.9009556555385791, 0.9821033061976436, 0.4563090582739472, 0.4287841567694599, 0.5835392908725476, 0.4997120232627448, 0.6729645805557043, 0.9223541890334468, 0.1110550778848628, 0.2068955490722657, 0.5470411310154281, 0.1676146713928367, 0.4493536581561166, 0.6573445765046577, 0.17244903997387961, 0.8309167788731554]
Setting gravity.
8547.337631678422
Setting sub steps.
23
Setting FPS.
9009
Setting use material physics.
False
Setting material friction.
42.87841567694599
Setting material elasticity.
0.5835392908725476
Setting mass.
9223.541890334467
Setting form factor.
0.1110550778848628
Setting velocity max.
206.8955490722657
Setting damping translation.
0.5470411310154281
Setting rotation damping.
0.1676146713928367
Setting use collision bounds.
False
Setting collision margin.
0.6573445765046577
Setting collision bounds type.
CONVEX_HULL
Setting torque-y.
166.18335577463108
Starting the game engine.
Game engine stopped.
Getting genome P and P'.
[1.7267729468528614e-09, 0.0, 0.004756790120154619, 0.0]
[-6.356303492793813e-05, 4.09551830671262e-06, 0.004756790120154619, -6.703193776047556e-06]
Calculating genome fitness.
Genome fitness threshold.
3.583037324198375
Genome mahalanobis distance
19.9320891214
-16.3490517972
Increasing current genome count.
4
Current genome.
(4, 0, 0.0, 0.0, [0.5855078297638362, 0.8565968916541347, 0.9309823339566317, 0.33026428053264234, 0.8013312201956323, 0.6838312225914487, 0.6389316111099433, 0.14839986980607645, 0.33271142523391306, 0.7719950204198059, 0.7829674008925888, 0.12700307956554813, 0.16344345759974888, 0.06915776883623403, 0.6457714235406784, 0.06038504466860284, 0.36028527115116793, 0.6184674286606952])
Populating the physics engine parameters.
Genome genes.
[0.5855078297638362, 0.8565968916541347, 0.9309823339566317, 0.33026428053264234, 0.8013312201956323, 0.6838312225914487, 0.6389316111099433, 0.14839986980607645, 0.33271142523391306, 0.7719950204198059, 0.7829674008925888, 0.12700307956554813, 0.16344345759974888, 0.06915776883623403, 0.6457714235406784, 0.06038504466860284, 0.36028527115116793, 0.6184674286606952]
Setting gravity.
5855.078297638362
Setting sub steps.
42
Setting FPS.
9309
Setting use material physics.
True
Setting material friction.
68.38312225914487
Setting material elasticity.
0.6389316111099433
Setting mass.
7719.9502041980595
Setting form factor.
0.7829674008925888
Setting velocity max.
127.00307956554812
Setting damping translation.
0.16344345759974888
Setting rotation damping.
0.06915776883623403
Setting use collision bounds.
True
Setting collision margin.
0.06038504466860284
Setting collision bounds type.
CONE
Setting torque-y.
123.69348573213902
Starting the game engine.
Game engine stopped.
Getting genome P and P'.
[1.7267729468528614e-09, 0.0, 0.004756790120154619, 0.0]
[0.1136188879609108, -0.07526727765798569, 0.004756790120154619, 1.5820724964141846]
Calculating genome fitness.
Genome fitness threshold.
3.583037324198375
Genome mahalanobis distance
45.3963162986
-41.8132789744
Increasing current genome count.
5
Current genome.
(5, 0, 0.0, 0.0, [0.5521096421974204, 0.8402917291186507, 0.5652386856141884, 0.6027643183720052, 0.4035808928098452, 0.23807450285895115, 0.7971223341978247, 0.9451278561865379, 0.3316982949181998, 0.9474551561563536, 0.6861432602201997, 0.0004876245091050002, 0.9170238231323298, 0.5486172183056331, 0.402003193645907, 0.4196557286733389, 0.17038494759196365, 0.3492052792974428])
Populating the physics engine parameters.
Genome genes.
[0.5521096421974204, 0.8402917291186507, 0.5652386856141884, 0.6027643183720052, 0.4035808928098452, 0.23807450285895115, 0.7971223341978247, 0.9451278561865379, 0.3316982949181998, 0.9474551561563536, 0.6861432602201997, 0.0004876245091050002, 0.9170238231323298, 0.5486172183056331, 0.402003193645907, 0.4196557286733389, 0.17038494759196365, 0.3492052792974428]
Setting gravity.
5521.0964219742045
Setting sub steps.
42
Setting FPS.
5652
Setting use material physics.
False
Setting material friction.
23.807450285895115
Setting material elasticity.
0.7971223341978247
Setting mass.
9474.551561563536
Setting form factor.
0.6861432602201997
Setting velocity max.
0.4876245091050002
Setting damping translation.
0.9170238231323298
Setting rotation damping.
0.5486172183056331
Setting use collision bounds.
False
Setting collision margin.
0.4196557286733389
Setting collision bounds type.
CONVEX_HULL
Setting torque-y.
69.84105585948856
Starting the game engine.
Game engine stopped.
Getting genome P and P'.
[1.7267729468528614e-09, 0.0, 0.004756790120154619, 0.0]
[-0.0001920214999699965, -1.0550982096901862e-06, 0.004756790120154619, 2.4443814254482277e-05]
Calculating genome fitness.
Genome fitness threshold.
3.583037324198375
Genome mahalanobis distance
19.9322280921
-16.3491907679
Increasing current genome count.
6
Current genome.
(6, 0, 0.0, 0.0, [0.6299274411061807, 0.8005185869922898, 0.7278248279505091, 0.8368298398553418, 0.9583385670975538, 0.07065736875855044, 0.6559967662995307, 0.4335301477825141, 0.8227974786237641, 0.7536894477063696, 0.3531771833793862, 0.2973767453156999, 0.14562337365678502, 0.9059114635089969, 0.6859535491236078, 0.28455341731178296, 0.9120730527728325, 0.5603957706756966])
Populating the physics engine parameters.
Genome genes.
[0.6299274411061807, 0.8005185869922898, 0.7278248279505091, 0.8368298398553418, 0.9583385670975538, 0.07065736875855044, 0.6559967662995307, 0.4335301477825141, 0.8227974786237641, 0.7536894477063696, 0.3531771833793862, 0.2973767453156999, 0.14562337365678502, 0.9059114635089969, 0.6859535491236078, 0.28455341731178296, 0.9120730527728325, 0.5603957706756966]
Setting gravity.
6299.274411061807
Setting sub steps.
40
Setting FPS.
7278
Setting use material physics.
True
Setting material friction.
7.065736875855045
Setting material elasticity.
0.6559967662995307
Setting mass.
7536.894477063696
Setting form factor.
0.3531771833793862
Setting velocity max.
297.3767453156999
Setting damping translation.
0.14562337365678502
Setting rotation damping.
0.9059114635089969
Setting use collision bounds.
True
Setting collision margin.
0.28455341731178296
Setting collision bounds type.
BOX
Setting torque-y.
112.07915413513932
Starting the game engine.
Game engine stopped.
Getting genome P and P'.
[1.7267729468528614e-09, 0.0, 0.004756790120154619, 0.0]
[0.047571826726198196, -0.21491044759750366, 0.004756790120154619, -1.5509307384490967]
Calculating genome fitness.
Genome fitness threshold.
3.583037324198375
Genome mahalanobis distance
43.1707141243
-39.5876768001
Increasing current genome count.
7
Current genome.
(7, 0, 0.0, 0.0, [0.3680210847120615, 0.606314732250671, 0.6134161199362258, 0.28958706336644247, 0.6506617688109414, 0.01326504340834378, 0.8912864979018583, 0.5659139676823577, 0.9314019064542508, 0.7739763474380954, 0.9859388240930425, 0.9980522784369855, 0.226809460939563, 0.7308573327015564, 0.07088841232781007, 0.2695978447233994, 0.22188813945202523, 0.6685617835765489])
Populating the physics engine parameters.
Genome genes.
[0.3680210847120615, 0.606314732250671, 0.6134161199362258, 0.28958706336644247, 0.6506617688109414, 0.01326504340834378, 0.8912864979018583, 0.5659139676823577, 0.9314019064542508, 0.7739763474380954, 0.9859388240930425, 0.9980522784369855, 0.226809460939563, 0.7308573327015564, 0.07088841232781007, 0.2695978447233994, 0.22188813945202523, 0.6685617835765489]
Setting gravity.
3680.210847120615
Setting sub steps.
30
Setting FPS.
6134
Setting use material physics.
True
Setting material friction.
1.326504340834378
Setting material elasticity.
0.8912864979018583
Setting mass.
7739.763474380954
Setting form factor.
0.9859388240930425
Setting velocity max.
998.0522784369855
Setting damping translation.
0.226809460939563
Setting rotation damping.
0.7308573327015564
Setting use collision bounds.
False
Setting collision margin.
0.2695978447233994
Setting collision bounds type.
CONVEX_HULL
Setting torque-y.
133.7123567153098
Starting the game engine.
Game engine stopped.
Getting genome P and P'.
[1.7267729468528614e-09, 0.0, 0.004756790120154619, 0.0]
[-0.00010576898785075173, 4.443118541530566e-06, 0.004756790120154619, -5.021319884690456e-05]
Calculating genome fitness.
Genome fitness threshold.
3.583037324198375
Genome mahalanobis distance
19.9320786097
-16.3490412855
Increasing current genome count.
8
Current genome.
(8, 0, 0.0, 0.0, [0.47732609068353615, 0.5503488131881854, 0.6799482229307774, 0.3362586371431173, 0.7516267795693691, 0.4374799911849264, 0.3828331230248637, 0.7277430063604491, 0.9886600993324847, 0.6548999417631065, 0.34094967342595084, 0.5572777342843311, 0.7292211218275182, 0.5743442293755381, 0.8779597231357048, 0.39599993089483543, 0.22048261604092034, 0.9441768822191257])
Populating the physics engine parameters.
Genome genes.
[0.47732609068353615, 0.5503488131881854, 0.6799482229307774, 0.3362586371431173, 0.7516267795693691, 0.4374799911849264, 0.3828331230248637, 0.7277430063604491, 0.9886600993324847, 0.6548999417631065, 0.34094967342595084, 0.5572777342843311, 0.7292211218275182, 0.5743442293755381, 0.8779597231357048, 0.39599993089483543, 0.22048261604092034, 0.9441768822191257]
Setting gravity.
4773.260906835361
Setting sub steps.
27
Setting FPS.
6799
Setting use material physics.
True
Setting material friction.
43.74799911849264
Setting material elasticity.
0.3828331230248637
Setting mass.
6548.999417631065
Setting form factor.
0.34094967342595084
Setting velocity max.
557.2777342843311
Setting damping translation.
0.7292211218275182
Setting rotation damping.
0.5743442293755381
Setting use collision bounds.
True
Setting collision margin.
0.39599993089483543
Setting collision bounds type.
CONVEX_HULL
Setting torque-y.
188.83537644382514
Starting the game engine.
Game engine stopped.
Getting genome P and P'.
[1.7267729468528614e-09, 0.0, 0.004756790120154619, 0.0]
[-0.22740229964256287, -0.6264299154281616, 0.004756790120154619, -0.023002633824944496]
Calculating genome fitness.
Genome fitness threshold.
3.583037324198375
Genome mahalanobis distance
20.0703867674
-16.4873494432
Increasing current genome count.
9
Current genome.
(9, 0, 0.0, 0.0, [0.9659121495140133, 0.6791434822170386, 0.7529620813135303, 0.3130887046143178, 0.28983775100975984, 0.3427598743411753, 0.743855063476956, 0.1262165340460114, 0.3288393334952294, 0.6676134760953417, 0.02983002208559471, 0.09225876360519303, 0.6741796724323244, 0.46400298172618537, 0.023438448596269645, 0.17036067328450877, 0.14220013740664994, 0.6542055977576178])
Populating the physics engine parameters.
Genome genes.
[0.9659121495140133, 0.6791434822170386, 0.7529620813135303, 0.3130887046143178, 0.28983775100975984, 0.3427598743411753, 0.743855063476956, 0.1262165340460114, 0.3288393334952294, 0.6676134760953417, 0.02983002208559471, 0.09225876360519303, 0.6741796724323244, 0.46400298172618537, 0.023438448596269645, 0.17036067328450877, 0.14220013740664994, 0.6542055977576178]
Setting gravity.
9659.121495140133
Setting sub steps.
34
Setting FPS.
7529
Setting use material physics.
False
Setting material friction.
34.275987434117525
Setting material elasticity.
0.743855063476956
Setting mass.
6676.134760953417
Setting form factor.
0.02983002208559471
Setting velocity max.
92.25876360519302
Setting damping translation.
0.6741796724323244
Setting rotation damping.
0.46400298172618537
Setting use collision bounds.
False
Setting collision margin.
0.17036067328450877
Setting collision bounds type.
TRIANGLE_MESH
Setting torque-y.
130.84111955152355
Starting the game engine.
Game engine stopped.
Getting genome P and P'.
[1.7267729468528614e-09, 0.0, 0.004756790120154619, 0.0]
[-0.00013454514555633068, 5.691323622158961e-06, 0.004756790120154619, -8.122236613417044e-05]
Calculating genome fitness.
Genome fitness threshold.
3.583037324198375
Genome mahalanobis distance
19.9320701317
-16.3490328075
Increasing current genome count.
10
Current generation number: 0
Updating population metrics.
Population metrics. T H L A.
-240.250657473
-16.3490058244
-41.8132789744
-24.0250657473
Storing population metrics in the database.
Generating a new generation.
Creating a new generation.
Sorting population. Descending: None
Sorted.
-41.8132789744 -16.3490058244
Population metrics. T H L A.
-262.226284756
-16.3490058244
-41.8132789744
-26.2226284756
Adapting crossover and mutation probabilities.
Crossover progress average.
0.0
Mutation progress average.
0.0
Not adjusting crossover/mutation probabilities. CPA == MPA.
Population makeup. R C M CM E.
10 0 0 0 0
Attempting to add elite genomes.
Adding elite genome.
Adding elite genome.
Performing crossover and mutation separately.
Entering the loop.
Entering selection operator.
2 genomes requested.
Selected genomes with rank fitness.
[8, 9]
Attempting crossover.
Parent indexes.
8 9
Parent fitness contributions.
-14.5324736067
-1.81655620271
Returning crossed offspring.
Adding crossover offspring.
Entering selection operator.
1 genomes requested.
Selected genomes with rank fitness.
[7]
Attempting mutation.
Mutation value before/after.
0.3680210847120615 0.0
Mutation value before/after.
0.606314732250671 0.7046321098633805
Mutation value before/after.
0.6134161199362258 0.9157369886243557
Mutation value before/after.
0.28958706336644247 0.4173757421333213
Mutation value before/after.
0.6506617688109414 0.49829125739470226
Mutation value before/after.
0.01326504340834378 0.07352738384294394
Mutation value before/after.
0.8912864979018583 1.0
Mutation value before/after.
0.5659139676823577 0.36516351343457787
Mutation value before/after.
0.9314019064542508 0.9787023470456567
Mutation value before/after.
0.7739763474380954 0.6418316573663871
Mutation value before/after.
0.9859388240930425 1.0
Mutation value before/after.
0.9980522784369855 1.0
Mutation value before/after.
0.226809460939563 0.12937131224933063
Mutation value before/after.
0.7308573327015564 0.542172380597303
Mutation value before/after.
0.07088841232781007 0.12967990331517532
Mutation value before/after.
0.2695978447233994 0.24524486540637497
Mutation value before/after.
0.22188813945202523 0.29997786859646247
Mutation value before/after.
0.6685617835765489 0.4149554784204559
Adding mutation offspring.
Entering selection operator.
2 genomes requested.
Selected genomes with rank fitness.
[7, 8]
Attempting crossover.
Parent indexes.
7 8
Parent fitness contributions.
-7.26624057132
-9.08279600416
Returning crossed offspring.
Adding crossover offspring.
Entering selection operator.
1 genomes requested.
Selected genomes with rank fitness.
[9]
Attempting mutation.
Greater than mutation probability.
Entering selection operator.
2 genomes requested.
Selected genomes with rank fitness.
[5, 6]
Attempting crossover.
Greater than crossover probability.
Entering selection operator.
1 genomes requested.
Selected genomes with rank fitness.
[2]
Attempting mutation.
Greater than mutation probability.
Entering selection operator.
2 genomes requested.
Selected genomes with rank fitness.
[9, 9]
Attempting crossover.
Entering selection operator.
1 genomes requested.
Selected genomes with rank fitness.
[4]
Attempting mutation.
Greater than mutation probability.
Entering selection operator.
2 genomes requested.
Selected genomes with rank fitness.
[8, 9]
Attempting crossover.
Greater than crossover probability.
Entering selection operator.
1 genomes requested.
Selected genomes with rank fitness.
[1]
Attempting mutation.
Greater than mutation probability.
Entering selection operator.
2 genomes requested.
Selected genomes with rank fitness.
[7, 8]
Attempting crossover.
Parent indexes.
7 8
Parent fitness contributions.
-8.17452064273
-8.17451640375
Returning crossed offspring.
Adding crossover offspring.
Entering selection operator.
1 genomes requested.
Selected genomes with rank fitness.
[6]
Attempting mutation.
Greater than mutation probability.
Entering selection operator.
2 genomes requested.
Selected genomes with rank fitness.
[7, 8]
Attempting crossover.
Parent indexes.
7 8
Parent fitness contributions.
-0.908280071415
-15.4407532071
Returning crossed offspring.
Adding crossover offspring.
Entering selection operator.
1 genomes requested.
Selected genomes with rank fitness.
[7]
Attempting mutation.
Mutation value before/after.
0.3680210847120615 0.0870611779664795
Mutation value before/after.
0.606314732250671 0.5763977192781374
Mutation value before/after.
0.6134161199362258 0.5753861199661702
Mutation value before/after.
0.28958706336644247 0.4030215843325199
Mutation value before/after.
0.6506617688109414 0.050593783646491364
Mutation value before/after.
0.01326504340834378 0.06165843214316414
Mutation value before/after.
0.8912864979018583 0.8522397960402592
Mutation value before/after.
0.5659139676823577 0.6480921171493531
Mutation value before/after.
0.9314019064542508 0.8625749548512223
Mutation value before/after.
0.7739763474380954 0.4887648212613361
Mutation value before/after.
0.9859388240930425 0.672935302267867
Mutation value before/after.
0.9980522784369855 0.8356192951832175
Mutation value before/after.
0.226809460939563 0.7584112525836348
Mutation value before/after.
0.7308573327015564 0.5421344040366987
Mutation value before/after.
0.07088841232781007 0.19522713470680902
Mutation value before/after.
0.2695978447233994 0.23383053711614252
Mutation value before/after.
0.22188813945202523 0.5789062296798821
Mutation value before/after.
0.6685617835765489 0.31555634064129906
Adding mutation offspring.
Entering selection operator.
2 genomes requested.
Selected genomes with rank fitness.
[5, 6]
Attempting crossover.
Parent indexes.
5 6
Parent fitness contributions.
-5.44973025596
-10.8993678648
Returning crossed offspring.
Adding crossover offspring.
Entering selection operator.
1 genomes requested.
Selected genomes with rank fitness.
[1]
Attempting mutation.
Greater than mutation probability.
Entering selection operator.
2 genomes requested.
Selected genomes with rank fitness.
[5, 6]
Attempting crossover.
Parent indexes.
5 6
Parent fitness contributions.
-3.63315350398
-12.7159291756
Returning crossed offspring.
Adding crossover offspring.
Observed cross/mut rates.
0.6666666666666666 0.25
Setting the current genome to 0.
Current genome.
(9, 4, 0.0, 0.0, [0.9659121495140133, 0.6791434822170386, 0.7529620813135303, 0.3130887046143178, 0.28983775100975984, 0.3427598743411753, 0.743855063476956, 0.1262165340460114, 0.3288393334952294, 0.6676134760953417, 0.02983002208559471, 0.09225876360519303, 0.6741796724323244, 0.46400298172618537, 0.023438448596269645, 0.17036067328450877, 0.14220013740664994, 0.6542055977576178])
Populating the physics engine parameters.
Genome genes.
[0.9659121495140133, 0.6791434822170386, 0.7529620813135303, 0.3130887046143178, 0.28983775100975984, 0.3427598743411753, 0.743855063476956, 0.1262165340460114, 0.3288393334952294, 0.6676134760953417, 0.02983002208559471, 0.09225876360519303, 0.6741796724323244, 0.46400298172618537, 0.023438448596269645, 0.17036067328450877, 0.14220013740664994, 0.6542055977576178]
Setting gravity.
9659.121495140133
Setting sub steps.
34
Setting FPS.
7529
Setting use material physics.
False
Setting material friction.
34.275987434117525
Setting material elasticity.
0.743855063476956
Setting mass.
6676.134760953417
Setting form factor.
0.02983002208559471
Setting velocity max.
92.25876360519302
Setting damping translation.
0.6741796724323244
Setting rotation damping.
0.46400298172618537
Setting use collision bounds.
False
Setting collision margin.
0.17036067328450877
Setting collision bounds type.
TRIANGLE_MESH
Setting torque-y.
130.84111955152355
Starting the game engine.
Game engine stopped.
Getting genome P and P'.
[1.7267729468528614e-09, 0.0, 0.004756790120154619, 0.0]
[-0.00013498521002475172, 5.677749868482351e-06, 0.004756790120154619, -8.168478234438226e-05]
Calculating genome fitness.
Genome fitness threshold.
3.583037324198375
Genome mahalanobis distance
19.9320700127
-16.3490326885
Increasing current genome count.
1
Current genome.
(1, 4, 0.0, 0.0, [0.07627421385629285, 0.24906092170477268, 0.6409949178194616, 0.1153642570546205, 0.38225889734553875, 0.19627296328381127, 0.17721569587562347, 0.4665702144526884, 0.7170597934587677, 0.9204347215361924, 0.6056996421624972, 0.902818915445564, 0.9450253616617121, 0.3877589011129504, 0.7276257701171783, 0.6320100413837143, 0.253309950628788, 0.9757208221170811])
Populating the physics engine parameters.
Genome genes.
[0.07627421385629285, 0.24906092170477268, 0.6409949178194616, 0.1153642570546205, 0.38225889734553875, 0.19627296328381127, 0.17721569587562347, 0.4665702144526884, 0.7170597934587677, 0.9204347215361924, 0.6056996421624972, 0.902818915445564, 0.9450253616617121, 0.3877589011129504, 0.7276257701171783, 0.6320100413837143, 0.253309950628788, 0.9757208221170811]
Setting gravity.
762.7421385629285
Setting sub steps.
13
Setting FPS.
6410
Setting use material physics.
False
Setting material friction.
19.627296328381128
Setting material elasticity.
0.17721569587562347
Setting mass.
9204.347215361924
Setting form factor.
0.6056996421624972
Setting velocity max.
902.818915445564
Setting damping translation.
0.9450253616617121
Setting rotation damping.
0.3877589011129504
Setting use collision bounds.
True
Setting collision margin.
0.6320100413837143
Setting collision bounds type.
CONVEX_HULL
Setting torque-y.
195.1441644234162
Starting the game engine.
Game engine stopped.
Getting genome P and P'.
[1.7267729468528614e-09, 0.0, 0.004756790120154619, 0.0]
[1.7267729468528614e-09, 0.0, 0.004756790120154619, 0.0]
Calculating genome fitness.
Genome fitness threshold.
3.583037324198375
Genome mahalanobis distance
19.9320431486
-16.3490058244
Increasing current genome count.
2
Current genome.
(10, 1, 0.0, -16.349029809367586, [0.9659121495140133, 0.6791434822170386, 0.7529620813135303, 0.3130887046143178, 0.28983775100975984, 0.3427598743411753, 0.743855063476956, 0.1262165340460114, 0.3288393334952294, 0.6676134760953417, 0.02983002208559471, 0.09225876360519303, 0.6741796724323244, 0.46400298172618537, 0.023438448596269645, 0.17036067328450877, 0.253309950628788, 0.9757208221170811])
Populating the physics engine parameters.
Genome genes.
[0.9659121495140133, 0.6791434822170386, 0.7529620813135303, 0.3130887046143178, 0.28983775100975984, 0.3427598743411753, 0.743855063476956, 0.1262165340460114, 0.3288393334952294, 0.6676134760953417, 0.02983002208559471, 0.09225876360519303, 0.6741796724323244, 0.46400298172618537, 0.023438448596269645, 0.17036067328450877, 0.253309950628788, 0.9757208221170811]
Setting gravity.
9659.121495140133
Setting sub steps.
34
Setting FPS.
7529
Setting use material physics.
False
Setting material friction.
34.275987434117525
Setting material elasticity.
0.743855063476956
Setting mass.
6676.134760953417
Setting form factor.
0.02983002208559471
Setting velocity max.
92.25876360519302
Setting damping translation.
0.6741796724323244
Setting rotation damping.
0.46400298172618537
Setting use collision bounds.
False
Setting collision margin.
0.17036067328450877
Setting collision bounds type.
CONVEX_HULL
Setting torque-y.
195.1441644234162
Starting the game engine.
Game engine stopped.
Getting genome P and P'.
[1.7267729468528614e-09, 0.0, 0.004756790120154619, 0.0]
[-0.00027106874040327966, 6.89475155013497e-06, 0.004756790120154619, 4.538530993158929e-05]
Calculating genome fitness.
Genome fitness threshold.
3.583037324198375
Genome mahalanobis distance
19.9323161373
-16.3492788132
Increasing current genome count.
3
Current genome.
(11, 2, 0.0, -16.349041285467496, [0.0, 0.7046321098633805, 0.9157369886243557, 0.4173757421333213, 0.49829125739470226, 0.07352738384294394, 1.0, 0.36516351343457787, 0.9787023470456567, 0.6418316573663871, 1.0, 1.0, 0.12937131224933063, 0.542172380597303, 0.12967990331517532, 0.24524486540637497, 0.29997786859646247, 0.4149554784204559])
Populating the physics engine parameters.
Genome genes.
[0.0, 0.7046321098633805, 0.9157369886243557, 0.4173757421333213, 0.49829125739470226, 0.07352738384294394, 1.0, 0.36516351343457787, 0.9787023470456567, 0.6418316573663871, 1.0, 1.0, 0.12937131224933063, 0.542172380597303, 0.12967990331517532, 0.24524486540637497, 0.29997786859646247, 0.4149554784204559]
Setting gravity.
0.0
Setting sub steps.
35
Setting FPS.
9157
Setting use material physics.
False
Setting material friction.
7.352738384294394
Setting material elasticity.
1.0
Setting mass.
6418.316573663871
Setting form factor.
1.0
Setting velocity max.
1000.0
Setting damping translation.
0.12937131224933063
Setting rotation damping.
0.542172380597303
Setting use collision bounds.
False
Setting collision margin.
0.24524486540637497
Setting collision bounds type.
CONVEX_HULL
Setting torque-y.
82.99109568409118
Starting the game engine.
Game engine stopped.
Getting genome P and P'.
[1.7267729468528614e-09, 0.0, 0.004756790120154619, 0.0]
[-0.00013822228356730193, -0.00052749237511307, 0.004756790120154619, -0.019156290218234062]
Calculating genome fitness.
Genome fitness threshold.
3.583037324198375
Genome mahalanobis distance
19.9179253847
-16.3348880605
Increasing current genome count.
4
Current genome.
(12, 1, 0.0, -16.349036575481726, [0.3680210847120615, 0.606314732250671, 0.6134161199362258, 0.28958706336644247, 0.6506617688109414, 0.01326504340834378, 0.8912864979018583, 0.5659139676823577, 0.3288393334952294, 0.6676134760953417, 0.02983002208559471, 0.09225876360519303, 0.6741796724323244, 0.46400298172618537, 0.023438448596269645, 0.17036067328450877, 0.14220013740664994, 0.6542055977576178])
Populating the physics engine parameters.
Genome genes.
[0.3680210847120615, 0.606314732250671, 0.6134161199362258, 0.28958706336644247, 0.6506617688109414, 0.01326504340834378, 0.8912864979018583, 0.5659139676823577, 0.3288393334952294, 0.6676134760953417, 0.02983002208559471, 0.09225876360519303, 0.6741796724323244, 0.46400298172618537, 0.023438448596269645, 0.17036067328450877, 0.14220013740664994, 0.6542055977576178]
Setting gravity.
3680.210847120615
Setting sub steps.
30
Setting FPS.
6134
Setting use material physics.
True
Setting material friction.
1.326504340834378
Setting material elasticity.
0.8912864979018583
Setting mass.
6676.134760953417
Setting form factor.
0.02983002208559471
Setting velocity max.
92.25876360519302
Setting damping translation.
0.6741796724323244
Setting rotation damping.
0.46400298172618537
Setting use collision bounds.
False
Setting collision margin.
0.17036067328450877
Setting collision bounds type.
TRIANGLE_MESH
Setting torque-y.
130.84111955152355
Starting the game engine.
Game engine stopped.
Getting genome P and P'.
[1.7267729468528614e-09, 0.0, 0.004756790120154619, 0.0]
[-6.796946399845183e-05, 1.0571850907581393e-05, 0.004756790120154619, 5.787246482213959e-05]
Calculating genome fitness.
Genome fitness threshold.
3.583037324198375
Genome mahalanobis distance
19.9321608915
-16.3491235673
Increasing current genome count.
5
Current genome.
(13, 1, 0.0, -16.349037046480301, [0.3680210847120615, 0.606314732250671, 0.6134161199362258, 0.28958706336644247, 0.6506617688109414, 0.01326504340834378, 0.8912864979018583, 0.5659139676823577, 0.9314019064542508, 0.6676134760953417, 0.02983002208559471, 0.09225876360519303, 0.6741796724323244, 0.46400298172618537, 0.023438448596269645, 0.17036067328450877, 0.14220013740664994, 0.6542055977576178])
Populating the physics engine parameters.
Genome genes.
[0.3680210847120615, 0.606314732250671, 0.6134161199362258, 0.28958706336644247, 0.6506617688109414, 0.01326504340834378, 0.8912864979018583, 0.5659139676823577, 0.9314019064542508, 0.6676134760953417, 0.02983002208559471, 0.09225876360519303, 0.6741796724323244, 0.46400298172618537, 0.023438448596269645, 0.17036067328450877, 0.14220013740664994, 0.6542055977576178]
Setting gravity.
3680.210847120615
Setting sub steps.
30
Setting FPS.
6134
Setting use material physics.
True
Setting material friction.
1.326504340834378
Setting material elasticity.
0.8912864979018583
Setting mass.
6676.134760953417
Setting form factor.
0.02983002208559471
Setting velocity max.
92.25876360519302
Setting damping translation.
0.6741796724323244
Setting rotation damping.
0.46400298172618537
Setting use collision bounds.
False
Setting collision margin.
0.17036067328450877
Setting collision bounds type.
TRIANGLE_MESH
Setting torque-y.
130.84111955152355
Starting the game engine.
Game engine stopped.
Getting genome P and P'.
[1.7267729468528614e-09, 0.0, 0.004756790120154619, 0.0]
[-6.796946399845183e-05, 1.0571850907581393e-05, 0.004756790120154619, 5.787246482213959e-05]
Calculating genome fitness.
Genome fitness threshold.
3.583037324198375
Genome mahalanobis distance
19.9321608915
-16.3491235673
Increasing current genome count.
6
Current genome.
(14, 1, 0.0, -16.349033278491682, [0.3680210847120615, 0.6791434822170386, 0.7529620813135303, 0.3130887046143178, 0.28983775100975984, 0.3427598743411753, 0.743855063476956, 0.1262165340460114, 0.3288393334952294, 0.6676134760953417, 0.02983002208559471, 0.09225876360519303, 0.6741796724323244, 0.46400298172618537, 0.023438448596269645, 0.17036067328450877, 0.14220013740664994, 0.6542055977576178])
Populating the physics engine parameters.
Genome genes.
[0.3680210847120615, 0.6791434822170386, 0.7529620813135303, 0.3130887046143178, 0.28983775100975984, 0.3427598743411753, 0.743855063476956, 0.1262165340460114, 0.3288393334952294, 0.6676134760953417, 0.02983002208559471, 0.09225876360519303, 0.6741796724323244, 0.46400298172618537, 0.023438448596269645, 0.17036067328450877, 0.14220013740664994, 0.6542055977576178]
Setting gravity.
3680.210847120615
Setting sub steps.
34
Setting FPS.
7529
Setting use material physics.
False
Setting material friction.
34.275987434117525
Setting material elasticity.
0.743855063476956
Setting mass.
6676.134760953417
Setting form factor.
0.02983002208559471
Setting velocity max.
92.25876360519302
Setting damping translation.
0.6741796724323244
Setting rotation damping.
0.46400298172618537
Setting use collision bounds.
False
Setting collision margin.
0.17036067328450877
Setting collision bounds type.
TRIANGLE_MESH
Setting torque-y.
130.84111955152355
Starting the game engine.
Game engine stopped.
Getting genome P and P'.
[1.7267729468528614e-09, 0.0, 0.004756790120154619, 0.0]
[-0.00019195175264030695, 2.598390892671887e-05, 0.004756790120154619, -6.979631962167332e-06]
Calculating genome fitness.
Genome fitness threshold.
3.583037324198375
Genome mahalanobis distance
19.9321966744
-16.3491593502
Increasing current genome count.
7
Current genome.
(15, 2, 0.0, -16.349041285467496, [0.0870611779664795, 0.5763977192781374, 0.5753861199661702, 0.4030215843325199, 0.050593783646491364, 0.06165843214316414, 0.8522397960402592, 0.6480921171493531, 0.8625749548512223, 0.4887648212613361, 0.672935302267867, 0.8356192951832175, 0.7584112525836348, 0.5421344040366987, 0.19522713470680902, 0.23383053711614252, 0.5789062296798821, 0.31555634064129906])
Populating the physics engine parameters.
Genome genes.
[0.0870611779664795, 0.5763977192781374, 0.5753861199661702, 0.4030215843325199, 0.050593783646491364, 0.06165843214316414, 0.8522397960402592, 0.6480921171493531, 0.8625749548512223, 0.4887648212613361, 0.672935302267867, 0.8356192951832175, 0.7584112525836348, 0.5421344040366987, 0.19522713470680902, 0.23383053711614252, 0.5789062296798821, 0.31555634064129906]
Setting gravity.
870.611779664795
Setting sub steps.
29
Setting FPS.
5754
Setting use material physics.
False
Setting material friction.
6.165843214316414
Setting material elasticity.
0.8522397960402592
Setting mass.
4887.648212613361
Setting form factor.
0.672935302267867
Setting velocity max.
835.6192951832176
Setting damping translation.
0.7584112525836348
Setting rotation damping.
0.5421344040366987
Setting use collision bounds.
False
Setting collision margin.
0.23383053711614252
Setting collision bounds type.
CYLINDER
Setting torque-y.
63.11126812825981
Starting the game engine.
Game engine stopped.
Getting genome P and P'.
[1.7267729468528614e-09, 0.0, 0.004756790120154619, 0.0]
[-7.379980525001884e-05, 4.997599535272457e-05, 0.004756790120154619, -7.006648957030848e-05]
Calculating genome fitness.
Genome fitness threshold.
3.583037324198375
Genome mahalanobis distance
19.9320339733
-16.3489966491
Increasing current genome count.
8
Current genome.
(16, 1, 0.0, -16.349098120797876, [0.5521096421974204, 0.8402917291186507, 0.5652386856141884, 0.6027643183720052, 0.4035808928098452, 0.23807450285895115, 0.5835392908725476, 0.4997120232627448, 0.6729645805557043, 0.9223541890334468, 0.1110550778848628, 0.2068955490722657, 0.5470411310154281, 0.1676146713928367, 0.4493536581561166, 0.6573445765046577, 0.17244903997387961, 0.8309167788731554])
Populating the physics engine parameters.
Genome genes.
[0.5521096421974204, 0.8402917291186507, 0.5652386856141884, 0.6027643183720052, 0.4035808928098452, 0.23807450285895115, 0.5835392908725476, 0.4997120232627448, 0.6729645805557043, 0.9223541890334468, 0.1110550778848628, 0.2068955490722657, 0.5470411310154281, 0.1676146713928367, 0.4493536581561166, 0.6573445765046577, 0.17244903997387961, 0.8309167788731554]
Setting gravity.
5521.0964219742045
Setting sub steps.
42
Setting FPS.
5652
Setting use material physics.
False
Setting material friction.
23.807450285895115
Setting material elasticity.
0.5835392908725476
Setting mass.
9223.541890334467
Setting form factor.
0.1110550778848628
Setting velocity max.
206.8955490722657
Setting damping translation.
0.5470411310154281
Setting rotation damping.
0.1676146713928367
Setting use collision bounds.
False
Setting collision margin.
0.6573445765046577
Setting collision bounds type.
CONVEX_HULL
Setting torque-y.
166.18335577463108
Starting the game engine.
Game engine stopped.
Getting genome P and P'.
[1.7267729468528614e-09, 0.0, 0.004756790120154619, 0.0]
[-0.00012037761189276353, 1.2513806723291054e-05, 0.004756790120154619, -6.343334825942293e-05]
Calculating genome fitness.
Genome fitness threshold.
3.583037324198375
Genome mahalanobis distance
19.9320773756
-16.3490400514
Increasing current genome count.
9
Current genome.
(17, 1, 0.0, -16.34908267961519, [0.5521096421974204, 0.8402917291186507, 0.5652386856141884, 0.6027643183720052, 0.4563090582739472, 0.4287841567694599, 0.5835392908725476, 0.4997120232627448, 0.6729645805557043, 0.9223541890334468, 0.1110550778848628, 0.2068955490722657, 0.5470411310154281, 0.1676146713928367, 0.4493536581561166, 0.6573445765046577, 0.17244903997387961, 0.8309167788731554])
Populating the physics engine parameters.
Genome genes.
[0.5521096421974204, 0.8402917291186507, 0.5652386856141884, 0.6027643183720052, 0.4563090582739472, 0.4287841567694599, 0.5835392908725476, 0.4997120232627448, 0.6729645805557043, 0.9223541890334468, 0.1110550778848628, 0.2068955490722657, 0.5470411310154281, 0.1676146713928367, 0.4493536581561166, 0.6573445765046577, 0.17244903997387961, 0.8309167788731554]
Setting gravity.
5521.0964219742045
Setting sub steps.
42
Setting FPS.
5652
Setting use material physics.
False
Setting material friction.
42.87841567694599
Setting material elasticity.
0.5835392908725476
Setting mass.
9223.541890334467
Setting form factor.
0.1110550778848628
Setting velocity max.
206.8955490722657
Setting damping translation.
0.5470411310154281
Setting rotation damping.
0.1676146713928367
Setting use collision bounds.
False
Setting collision margin.
0.6573445765046577
Setting collision bounds type.
CONVEX_HULL
Setting torque-y.
166.18335577463108
Starting the game engine.
Game engine stopped.
Getting genome P and P'.
[1.7267729468528614e-09, 0.0, 0.004756790120154619, 0.0]
[-0.00012037761189276353, 1.2513806723291054e-05, 0.004756790120154619, -6.343334825942293e-05]
Calculating genome fitness.
Genome fitness threshold.
3.583037324198375
Genome mahalanobis distance
19.9320773756
-16.3490400514
Increasing current genome count.
10
Current generation number: 1
Updating population metrics.
Population metrics. T H L A.
-179.825721312
-16.3348880605
-16.3492788132
-17.9825721312
Storing population metrics in the database.
Generating a new generation.
Creating a new generation.
Sorting population. Descending: None
Sorted.
-16.3492788132 -16.3348880605
Population metrics. T H L A.
-179.825967437
-16.3348880605
-16.3492788132
-17.9825967437
Adapting crossover and mutation probabilities.
Crossover progress average.
-7.46484396471e-05
Mutation progress average.
0.00709893063554
Adjusting crossover/mutation probabilities. CPA < MPA.
Population makeup. R C M CM E.
0 6 2 0 2
Attempting to add elite genomes.
Adding elite genome.
Adding elite genome.
Performing crossover and mutation separately.
Entering the loop.
Entering selection operator.
2 genomes requested.
Selected genomes with rank fitness.
[7, 8]
Attempting crossover.
Greater than crossover probability.
Entering selection operator.
1 genomes requested.
Selected genomes with rank fitness.
[9]
Attempting mutation.
Mutation value before/after.
0.0 0.9006741682006288
Mutation value before/after.
0.7046321098633805 0.9142310114063085
Mutation value before/after.
0.9157369886243557 0.17182897679585496
Mutation value before/after.
0.4173757421333213 0.15812555674850037
Mutation value before/after.
0.49829125739470226 0.0
Mutation value before/after.
0.07352738384294394 0.058697033402365234
Mutation value before/after.
1.0 1.0
Mutation value before/after.
0.36516351343457787 0.6401228656165989
Mutation value before/after.
0.9787023470456567 0.0
Mutation value before/after.
0.6418316573663871 1.0
Mutation value before/after.
1.0 0.878081650243143
Mutation value before/after.
1.0 0.48718909290696544
Mutation value before/after.
0.12937131224933063 1.0
Mutation value before/after.
0.542172380597303 1.0
Mutation value before/after.
0.12967990331517532 0.4053491898831207
Mutation value before/after.
0.24524486540637497 0.0
Mutation value before/after.
0.29997786859646247 0.0
Mutation value before/after.
0.4149554784204559 0.0
Adding mutation offspring.
Entering selection operator.
2 genomes requested.
Selected genomes with rank fitness.
[5, 6]
Attempting crossover.
Greater than crossover probability.
Entering selection operator.
1 genomes requested.
Selected genomes with rank fitness.
[7]
Attempting mutation.
Mutation value before/after.
0.07627421385629285 0.8952824719874645
Mutation value before/after.
0.24906092170477268 0.42555362901126237
Mutation value before/after.
0.6409949178194616 1.0
Mutation value before/after.
0.1153642570546205 0.9435265817865819
Mutation value before/after.
0.38225889734553875 0.0
Mutation value before/after.
0.19627296328381127 0.0
Mutation value before/after.
0.17721569587562347 0.5504137704742476
Mutation value before/after.
0.4665702144526884 0.3273107837543756
Mutation value before/after.
0.7170597934587677 0.0
Mutation value before/after.
0.9204347215361924 0.0
Mutation value before/after.
0.6056996421624972 1.0
Mutation value before/after.
0.902818915445564 1.0
Mutation value before/after.
0.9450253616617121 1.0
Mutation value before/after.
0.3877589011129504 0.0
Mutation value before/after.
0.7276257701171783 1.0
Mutation value before/after.
0.6320100413837143 0.0
Mutation value before/after.
0.253309950628788 0.0
Mutation value before/after.
0.9757208221170811 1.0
Adding mutation offspring.
Entering selection operator.
2 genomes requested.
Selected genomes with rank fitness.
[7, 8]
Attempting crossover.
Greater than crossover probability.
Entering selection operator.
1 genomes requested.
Selected genomes with rank fitness.
[3]
Attempting mutation.
Mutation value before/after.
0.3680210847120615 0.7342246015723748
Mutation value before/after.
0.606314732250671 0.6264659368645333
Mutation value before/after.
0.6134161199362258 0.005775815785710514
Mutation value before/after.
0.28958706336644247 0.0
Mutation value before/after.
0.6506617688109414 0.3273531095982832
Mutation value before/after.
0.01326504340834378 0.0
Mutation value before/after.
0.8912864979018583 0.0
Mutation value before/after.
0.5659139676823577 0.125833205430883
Mutation value before/after.
0.9314019064542508 1.0
Mutation value before/after.
0.6676134760953417 1.0
Mutation value before/after.
0.02983002208559471 0.0
Mutation value before/after.
0.09225876360519303 1.0
Mutation value before/after.
0.6741796724323244 1.0
Mutation value before/after.
0.46400298172618537 1.0
Mutation value before/after.
0.023438448596269645 0.0
Mutation value before/after.
0.17036067328450877 0.5588061624708012
Mutation value before/after.
0.14220013740664994 0.0
Mutation value before/after.
0.6542055977576178 1.0
Adding mutation offspring.
Entering selection operator.
2 genomes requested.
Selected genomes with rank fitness.
[3, 4]
Attempting crossover.
Greater than crossover probability.
Entering selection operator.
1 genomes requested.
Selected genomes with rank fitness.
[5]
Attempting mutation.
Mutation value before/after.
0.5521096421974204 0.0
Mutation value before/after.
0.8402917291186507 0.3873890892858959
Mutation value before/after.
0.5652386856141884 0.2300971507254479
Mutation value before/after.
0.6027643183720052 0.0
Mutation value before/after.
0.4563090582739472 0.09289460941020616
Mutation value before/after.
0.4287841567694599 0.0
Mutation value before/after.
0.5835392908725476 0.2711013891768918
Mutation value before/after.
0.4997120232627448 0.0
Mutation value before/after.
0.6729645805557043 0.0
Mutation value before/after.
0.9223541890334468 0.595073870256233
Mutation value before/after.
0.1110550778848628 0.8285335098078696
Mutation value before/after.
0.2068955490722657 1.0
Mutation value before/after.
0.5470411310154281 1.0
Mutation value before/after.
0.1676146713928367 0.0
Mutation value before/after.
0.4493536581561166 1.0
Mutation value before/after.
0.6573445765046577 0.3559110230941669
Mutation value before/after.
0.17244903997387961 0.7266925127017723
Mutation value before/after.
0.8309167788731554 0.0
Adding mutation offspring.
Entering selection operator.
2 genomes requested.
Selected genomes with rank fitness.
[4, 5]
Attempting crossover.
Greater than crossover probability.
Entering selection operator.
1 genomes requested.
Selected genomes with rank fitness.
[7]
Attempting mutation.
Mutation value before/after.
0.07627421385629285 0.0
Mutation value before/after.
0.24906092170477268 1.0
Mutation value before/after.
0.6409949178194616 0.48040141569619743
Mutation value before/after.
0.1153642570546205 0.0
Mutation value before/after.
0.38225889734553875 0.0
Mutation value before/after.
0.19627296328381127 1.0
Mutation value before/after.
0.17721569587562347 1.0
Mutation value before/after.
0.4665702144526884 0.4714336567823936
Mutation value before/after.
0.7170597934587677 0.0
Mutation value before/after.
0.9204347215361924 1.0
Mutation value before/after.
0.6056996421624972 1.0
Mutation value before/after.
0.902818915445564 1.0
Mutation value before/after.
0.9450253616617121 0.0
Mutation value before/after.
0.3877589011129504 0.0
Mutation value before/after.
0.7276257701171783 0.43711644222675167
Mutation value before/after.
0.6320100413837143 0.0
Mutation value before/after.
0.253309950628788 0.0
Mutation value before/after.
0.9757208221170811 0.7341267894414633
Adding mutation offspring.
Entering selection operator.
2 genomes requested.
Selected genomes with rank fitness.
[3, 4]
Attempting crossover.
Greater than crossover probability.
Entering selection operator.
1 genomes requested.
Selected genomes with rank fitness.
[7]
Attempting mutation.
Mutation value before/after.
0.07627421385629285 0.0
Mutation value before/after.
0.24906092170477268 0.0
Mutation value before/after.
0.6409949178194616 1.0
Mutation value before/after.
0.1153642570546205 0.0
Mutation value before/after.
0.38225889734553875 0.0
Mutation value before/after.
0.19627296328381127 0.9948663381126709
Mutation value before/after.
0.17721569587562347 0.5777732966608407
Mutation value before/after.
0.4665702144526884 1.0
Mutation value before/after.
0.7170597934587677 1.0
Mutation value before/after.
0.9204347215361924 1.0
Mutation value before/after.
0.6056996421624972 0.9980438645495783
Mutation value before/after.
0.902818915445564 1.0
Mutation value before/after.
0.9450253616617121 1.0
Mutation value before/after.
0.3877589011129504 0.0
Mutation value before/after.
0.7276257701171783 0.20807915755328532
Mutation value before/after.
0.6320100413837143 1.0
Mutation value before/after.
0.253309950628788 0.12231149148977816
Mutation value before/after.
0.9757208221170811 1.0
Adding mutation offspring.
Entering selection operator.
2 genomes requested.
Selected genomes with rank fitness.
[3, 4]
Attempting crossover.
Greater than crossover probability.
Entering selection operator.
1 genomes requested.
Selected genomes with rank fitness.
[7]
Attempting mutation.
Mutation value before/after.
0.07627421385629285 0.06988970509589243
Mutation value before/after.
0.24906092170477268 0.5507748556471002
Mutation value before/after.
0.6409949178194616 0.7486238898638797
Mutation value before/after.
0.1153642570546205 0.0
Mutation value before/after.
0.38225889734553875 0.952225619751359
Mutation value before/after.
0.19627296328381127 0.0
Mutation value before/after.
0.17721569587562347 0.42834017520833856
Mutation value before/after.
0.4665702144526884 1.0
Mutation value before/after.
0.7170597934587677 0.0
Mutation value before/after.
0.9204347215361924 1.0
Mutation value before/after.
0.6056996421624972 0.016473359100842355
Mutation value before/after.
0.902818915445564 1.0
Mutation value before/after.
0.9450253616617121 1.0
Mutation value before/after.
0.3877589011129504 0.0
Mutation value before/after.
0.7276257701171783 1.0
Mutation value before/after.
0.6320100413837143 0.6749106464929041
Mutation value before/after.
0.253309950628788 0.0
Mutation value before/after.
0.9757208221170811 0.8632659913472244
Adding mutation offspring.
Entering selection operator.
2 genomes requested.
Selected genomes with rank fitness.
[9, 1]
Attempting crossover.
Greater than crossover probability.
Entering selection operator.
1 genomes requested.
Selected genomes with rank fitness.
[8]
Attempting mutation.
Mutation value before/after.
0.0870611779664795 1.0
Mutation value before/after.
0.5763977192781374 1.0
Mutation value before/after.
0.5753861199661702 0.9143191446238881
Mutation value before/after.
0.4030215843325199 0.0
Mutation value before/after.
0.050593783646491364 0.0
Mutation value before/after.
0.06165843214316414 0.338708412056441
Mutation value before/after.
0.8522397960402592 0.892058002120656
Mutation value before/after.
0.6480921171493531 0.0
Mutation value before/after.
0.8625749548512223 0.0
Mutation value before/after.
0.4887648212613361 0.0
Mutation value before/after.
0.672935302267867 1.0
Mutation value before/after.
0.8356192951832175 0.6328011768670051
Mutation value before/after.
0.7584112525836348 0.6950509020604034
Mutation value before/after.
0.5421344040366987 1.0
Mutation value before/after.
0.19522713470680902 0.13084772783663992
Mutation value before/after.
0.23383053711614252 0.0
Mutation value before/after.
0.5789062296798821 0.36148082183115793
Mutation value before/after.
0.31555634064129906 0.6343731207619869
Adding mutation offspring.
Observed cross/mut rates.
0.35294117647058826 0.625
Setting the current genome to 0.
Exited loop.
Stopping.
