Connecting to the database.
Starting the GA manager.
Setting the GA parameters. PS MG NE CP MP URS PCMS USA.
10
100
2
0.800000011920929
0.20000000298023224
True
False
True
Creating a random GA population.
Generating random population.
Genome: 0
Random gene: 0
0.43878953779104657
Random gene: 1
0.7494465580006314
Random gene: 2
0.9620009879557041
Random gene: 3
0.2673663638314028
Random gene: 4
0.47158619111878275
Random gene: 5
0.0018879458911785774
Random gene: 6
0.17868199395472084
Random gene: 7
0.3320528516419554
Random gene: 8
0.7881437753417325
Random gene: 9
0.27650714154399536
Random gene: 10
0.8880577727357065
Random gene: 11
0.17351787401601582
Random gene: 12
0.7581988830519566
Random gene: 13
0.6768001411528746
Random gene: 14
0.24863563261059307
Random gene: 15
0.1265307896315795
Random gene: 16
0.7703155768906864
Random gene: 17
0.36061379216892053
Genome: 1
Random gene: 0
0.3693877277106131
Random gene: 1
0.01693381433426011
Random gene: 2
0.12327345051367655
Random gene: 3
0.5203048796695683
Random gene: 4
0.9483867186502477
Random gene: 5
0.979207276816034
Random gene: 6
0.9110390642999677
Random gene: 7
0.07209823964833695
Random gene: 8
0.6940148511477655
Random gene: 9
0.611900018263712
Random gene: 10
0.38205604000525184
Random gene: 11
0.24486576902265378
Random gene: 12
0.7387995706836238
Random gene: 13
0.6465953534048354
Random gene: 14
0.8747168411583783
Random gene: 15
0.10665153307660902
Random gene: 16
0.2751696251078817
Random gene: 17
0.023589818437718124
Genome: 2
Random gene: 0
0.5893426916230581
Random gene: 1
0.37527034044002894
Random gene: 2
0.8471645651699792
Random gene: 3
0.804217474165566
Random gene: 4
0.5446790336977508
Random gene: 5
0.1634348329592289
Random gene: 6
0.15143789002342456
Random gene: 7
0.6589508138402491
Random gene: 8
0.6615859578107329
Random gene: 9
0.8784234132685639
Random gene: 10
0.9756206105949313
Random gene: 11
0.22769287122434634
Random gene: 12
0.9516586944836002
Random gene: 13
0.6103413142660661
Random gene: 14
0.19527758680108753
Random gene: 15
0.8361746486249708
Random gene: 16
0.38788962368936897
Random gene: 17
0.5611739633664168
Genome: 3
Random gene: 0
0.35844123783678683
Random gene: 1
0.8039505395965731
Random gene: 2
0.0991968263455133
Random gene: 3
0.33653053453383464
Random gene: 4
0.6207142247256585
Random gene: 5
0.35313435348880606
Random gene: 6
0.6350730016369257
Random gene: 7
0.3382944698063516
Random gene: 8
0.6091055609818571
Random gene: 9
0.02578437628654906
Random gene: 10
0.5630287602004155
Random gene: 11
0.5388388164354091
Random gene: 12
0.0745793471938524
Random gene: 13
0.8034941769417816
Random gene: 14
0.3942808731361307
Random gene: 15
0.2949081183727439
Random gene: 16
0.31495537319952904
Random gene: 17
0.661183012068595
Genome: 4
Random gene: 0
0.7124818261152454
Random gene: 1
0.5985718361015423
Random gene: 2
0.664965132060858
Random gene: 3
0.6516974748991906
Random gene: 4
0.860797922351336
Random gene: 5
0.39698979929086753
Random gene: 6
0.8376612593215956
Random gene: 7
0.47561493981129777
Random gene: 8
0.8118971020995105
Random gene: 9
0.2824112119960027
Random gene: 10
0.008013466252488888
Random gene: 11
0.7523374579848529
Random gene: 12
0.7504288857471012
Random gene: 13
0.6505328936367184
Random gene: 14
0.06038412909649071
Random gene: 15
0.8119299734378239
Random gene: 16
0.36098246729144823
Random gene: 17
0.48049505688282723
Genome: 5
Random gene: 0
0.659848668934413
Random gene: 1
0.3329948906569825
Random gene: 2
0.24723290949531262
Random gene: 3
0.3269352863762034
Random gene: 4
0.7692662624551999
Random gene: 5
0.8730306786720292
Random gene: 6
0.8982274824768388
Random gene: 7
0.3265505185362998
Random gene: 8
0.7044765149436129
Random gene: 9
0.9110488759637625
Random gene: 10
0.4242894814202769
Random gene: 11
0.7241840824435981
Random gene: 12
0.7620960921230596
Random gene: 13
0.8663313880111828
Random gene: 14
0.1645102361724956
Random gene: 15
0.5039049533810347
Random gene: 16
0.4486442288807909
Random gene: 17
0.48867939080161127
Genome: 6
Random gene: 0
0.07391076335620828
Random gene: 1
0.08840635382779938
Random gene: 2
0.8727816718420071
Random gene: 3
0.8766114692420853
Random gene: 4
0.4986542712722759
Random gene: 5
0.15614588844350874
Random gene: 6
0.06761307356520718
Random gene: 7
0.41184916138421
Random gene: 8
0.8659107858631635
Random gene: 9
0.5388503969019992
Random gene: 10
0.7883601053043626
Random gene: 11
0.33006994814745483
Random gene: 12
0.3630809798138801
Random gene: 13
0.6792035319797823
Random gene: 14
0.39389028678954985
Random gene: 15
0.7858278509640513
Random gene: 16
0.9827141892322722
Random gene: 17
0.1964769552850627
Genome: 7
Random gene: 0
0.7638400232905505
Random gene: 1
0.42271761775218897
Random gene: 2
0.9559798726224686
Random gene: 3
0.9592915970662984
Random gene: 4
0.09862116181544056
Random gene: 5
0.9304017333302536
Random gene: 6
0.19915099085835453
Random gene: 7
0.2782985711354179
Random gene: 8
0.41268222882559313
Random gene: 9
0.7637636073841731
Random gene: 10
0.011163340756145113
Random gene: 11
0.857848044665339
Random gene: 12
0.457381435623038
Random gene: 13
0.4374607618486802
Random gene: 14
0.04064911831735463
Random gene: 15
0.4863480307299537
Random gene: 16
0.9103048444703096
Random gene: 17
0.9457387792732886
Genome: 8
Random gene: 0
0.18748431859275028
Random gene: 1
0.31114182798135237
Random gene: 2
0.36048852316589686
Random gene: 3
0.9039190359211137
Random gene: 4
0.2683751697871468
Random gene: 5
0.7135491944303262
Random gene: 6
0.19048848427912202
Random gene: 7
0.6012108169184348
Random gene: 8
0.9069708428021085
Random gene: 9
0.7374933116337773
Random gene: 10
0.08799565132872877
Random gene: 11
0.05366439268622891
Random gene: 12
0.1191544738111544
Random gene: 13
0.5522313439052321
Random gene: 14
0.10114554056529979
Random gene: 15
0.7146057678258412
Random gene: 16
0.6938153273790659
Random gene: 17
0.5372605414256518
Genome: 9
Random gene: 0
0.010971873012564082
Random gene: 1
0.009038739671996199
Random gene: 2
0.18619761837313464
Random gene: 3
0.48850695712780445
Random gene: 4
0.5751540020924426
Random gene: 5
0.8659246605702523
Random gene: 6
0.12915638279614972
Random gene: 7
0.07744228538656472
Random gene: 8
0.6342207805641666
Random gene: 9
0.546162138095622
Random gene: 10
0.2383419138150633
Random gene: 11
0.7043554271903417
Random gene: 12
0.24336524993819453
Random gene: 13
0.1799949836516469
Random gene: 14
0.2617877936019063
Random gene: 15
0.7400911224955421
Random gene: 16
0.6809989529588655
Random gene: 17
0.773996249073639
Population metrics. T H L A.
0.0
0.0
0.0
0.0
Setting the current genome to 0.
Entering loop.
Current genome.
(0, 0, 0.0, 0.0, [0.43878953779104657, 0.7494465580006314, 0.9620009879557041, 0.2673663638314028, 0.47158619111878275, 0.0018879458911785774, 0.17868199395472084, 0.3320528516419554, 0.7881437753417325, 0.27650714154399536, 0.8880577727357065, 0.17351787401601582, 0.7581988830519566, 0.6768001411528746, 0.24863563261059307, 0.1265307896315795, 0.7703155768906864, 0.36061379216892053])
Populating the physics engine parameters.
Genome genes.
[0.43878953779104657, 0.7494465580006314, 0.9620009879557041, 0.2673663638314028, 0.47158619111878275, 0.0018879458911785774, 0.17868199395472084, 0.3320528516419554, 0.7881437753417325, 0.27650714154399536, 0.8880577727357065, 0.17351787401601582, 0.7581988830519566, 0.6768001411528746, 0.24863563261059307, 0.1265307896315795, 0.7703155768906864, 0.36061379216892053]
Setting gravity.
4387.895377910466
Setting sub steps.
3
Setting FPS.
9621
Setting material friction.
0.18879458911785774
Setting material elasticity.
0.17868199395472084
Setting mass.
2765.0786503685385
Setting form factor.
0.8880577727357065
Setting velocity max.
173.5178740160158
Setting damping translation.
0.7581988830519566
Setting rotation damping.
0.6768001411528746
Setting collision bounds type.
CYLINDER
Setting torque-z.
3606.7773078970363
Starting the game engine.
Game engine stopped.
Getting genome P and P'.
x_pos , y_pos , z_pos , x_ori , y_ori , z_ori, s/e_tim
[1.7267729468528614e-07, 0.0, 0.0, 0.0, 0.0, 0.0, 1395098965344.6604]
[-127.05695629119873, 5.214713886380196, 0.0, 0.011865118518471718, 0.00031672418117523193, -0.06938330084085464, 1395098981363.286]
Calculating genome fitness.
Point.
[-127.05695629119873, 5.214713886380196, -0.06938330084085464]
Genome mahalanobis distance.
125.820192612
Penalties.
Elapsed time > 1 seconds: 15.018625488281248
X rotation: 0.011865118518471718
Y rotation: 0.00031672418117523193
Z translation: 0.0
Genome fitness.
140.850999943
Increasing current genome count.
1
Current genome.
(1, 0, 0.0, 0.0, [0.3693877277106131, 0.01693381433426011, 0.12327345051367655, 0.5203048796695683, 0.9483867186502477, 0.979207276816034, 0.9110390642999677, 0.07209823964833695, 0.6940148511477655, 0.611900018263712, 0.38205604000525184, 0.24486576902265378, 0.7387995706836238, 0.6465953534048354, 0.8747168411583783, 0.10665153307660902, 0.2751696251078817, 0.023589818437718124])
Populating the physics engine parameters.
Genome genes.
[0.3693877277106131, 0.01693381433426011, 0.12327345051367655, 0.5203048796695683, 0.9483867186502477, 0.979207276816034, 0.9110390642999677, 0.07209823964833695, 0.6940148511477655, 0.611900018263712, 0.38205604000525184, 0.24486576902265378, 0.7387995706836238, 0.6465953534048354, 0.8747168411583783, 0.10665153307660902, 0.2751696251078817, 0.023589818437718124]
Setting gravity.
3693.8772771061313
Setting sub steps.
1
Setting FPS.
1259
Setting material friction.
97.92072768160341
Setting material elasticity.
0.9110390642999677
Setting mass.
6119.004063636938
Setting form factor.
0.38205604000525184
Setting velocity max.
244.86576902265378
Setting damping translation.
0.7387995706836238
Setting rotation damping.
0.6465953534048354
Setting collision bounds type.
TRIANGLE_MESH
Setting torque-z.
236.87459455874352
Starting the game engine.
Game engine stopped.
Getting genome P and P'.
x_pos , y_pos , z_pos , x_ori , y_ori , z_ori, s/e_tim
[1.7267729468528614e-07, 0.0, 0.0, 0.0, 0.0, 0.0, 1395098981449.6375]
[485.08381843566895, 354.44438457489014, 0.0, -0.2754073143005371, -2.7876133918762207, -0.9257871508598328, 1395098997479.5837]
Calculating genome fitness.
Point.
[485.08381843566895, 354.44438457489014, -0.9257871508598328]
Genome mahalanobis distance.
468.133717055
Penalties.
Elapsed time > 1 seconds: 15.0299462890625
X rotation: 0.2754073143005371
Y rotation: 2.7876133918762207
Z translation: 0.0
Genome fitness.
486.22668405
Increasing current genome count.
2
Current genome.
(2, 0, 0.0, 0.0, [0.5893426916230581, 0.37527034044002894, 0.8471645651699792, 0.804217474165566, 0.5446790336977508, 0.1634348329592289, 0.15143789002342456, 0.6589508138402491, 0.6615859578107329, 0.8784234132685639, 0.9756206105949313, 0.22769287122434634, 0.9516586944836002, 0.6103413142660661, 0.19527758680108753, 0.8361746486249708, 0.38788962368936897, 0.5611739633664168])
Populating the physics engine parameters.
Genome genes.
[0.5893426916230581, 0.37527034044002894, 0.8471645651699792, 0.804217474165566, 0.5446790336977508, 0.1634348329592289, 0.15143789002342456, 0.6589508138402491, 0.6615859578107329, 0.8784234132685639, 0.9756206105949313, 0.22769287122434634, 0.9516586944836002, 0.6103413142660661, 0.19527758680108753, 0.8361746486249708, 0.38788962368936897, 0.5611739633664168]
Setting gravity.
5893.426916230581
Setting sub steps.
2
Setting FPS.
8476
Setting material friction.
16.34348329592289
Setting material elasticity.
0.15143789002342456
Setting mass.
8784.235348451506
Setting form factor.
0.9756206105949313
Setting velocity max.
227.69287122434633
Setting damping translation.
0.9516586944836002
Setting rotation damping.
0.6103413142660661
Setting collision bounds type.
CONVEX_HULL
Setting torque-z.
5612.178459700802
Starting the game engine.
Game engine stopped.
Getting genome P and P'.
x_pos , y_pos , z_pos , x_ori , y_ori , z_ori, s/e_tim
[1.7267729468528614e-07, 0.0, 0.0, 0.0, 0.0, 0.0, 1395098997565.3596]
[1.5715708956122398, -0.12774624628946185, 0.0, 0.012146968394517899, -0.004526061005890369, 0.07074956595897675, 1395099013597.088]
Calculating genome fitness.
Point.
[1.5715708956122398, -0.12774624628946185, 0.07074956595897675]
Genome mahalanobis distance.
18.7861753958
Penalties.
Elapsed time > 1 seconds: 15.031728271484376
X rotation: 0.012146968394517899
Y rotation: 0.004526061005890369
Z translation: 0.0
Genome fitness.
33.8345766966
Increasing current genome count.
3
Current genome.
(3, 0, 0.0, 0.0, [0.35844123783678683, 0.8039505395965731, 0.0991968263455133, 0.33653053453383464, 0.6207142247256585, 0.35313435348880606, 0.6350730016369257, 0.3382944698063516, 0.6091055609818571, 0.02578437628654906, 0.5630287602004155, 0.5388388164354091, 0.0745793471938524, 0.8034941769417816, 0.3942808731361307, 0.2949081183727439, 0.31495537319952904, 0.661183012068595])
Populating the physics engine parameters.
Genome genes.
[0.35844123783678683, 0.8039505395965731, 0.0991968263455133, 0.33653053453383464, 0.6207142247256585, 0.35313435348880606, 0.6350730016369257, 0.3382944698063516, 0.6091055609818571, 0.02578437628654906, 0.5630287602004155, 0.5388388164354091, 0.0745793471938524, 0.8034941769417816, 0.3942808731361307, 0.2949081183727439, 0.31495537319952904, 0.661183012068595]
Setting gravity.
3584.4123783678683
Setting sub steps.
4
Setting FPS.
1018
Setting material friction.
35.3134353488806
Setting material elasticity.
0.6350730016369257
Setting mass.
257.8535050217277
Setting form factor.
0.5630287602004155
Setting velocity max.
538.8388164354091
Setting damping translation.
0.0745793471938524
Setting rotation damping.
0.8034941769417816
Setting collision bounds type.
TRIANGLE_MESH
Setting torque-z.
6612.168937673881
Starting the game engine.
Game engine stopped.
Getting genome P and P'.
x_pos , y_pos , z_pos , x_ori , y_ori , z_ori, s/e_tim
[1.7267729468528614e-07, 0.0, 0.0, 0.0, 0.0, 0.0, 1395099013682.5867]
[-8.734851330518723, 0.5060466472059488, 0.0, 0.06555980443954468, 0.001206339686177671, -0.3213927149772644, 1395099029802.0757]
Calculating genome fitness.
Point.
[-8.734851330518723, 0.5060466472059488, -0.3213927149772644]
Genome mahalanobis distance.
28.168317633
Penalties.
Elapsed time > 1 seconds: 15.119489013671874
X rotation: 0.06555980443954468
Y rotation: 0.001206339686177671
Z translation: 0.0
Genome fitness.
43.3545727908
Increasing current genome count.
4
Current genome.
(4, 0, 0.0, 0.0, [0.7124818261152454, 0.5985718361015423, 0.664965132060858, 0.6516974748991906, 0.860797922351336, 0.39698979929086753, 0.8376612593215956, 0.47561493981129777, 0.8118971020995105, 0.2824112119960027, 0.008013466252488888, 0.7523374579848529, 0.7504288857471012, 0.6505328936367184, 0.06038412909649071, 0.8119299734378239, 0.36098246729144823, 0.48049505688282723])
Populating the physics engine parameters.
Genome genes.
[0.7124818261152454, 0.5985718361015423, 0.664965132060858, 0.6516974748991906, 0.860797922351336, 0.39698979929086753, 0.8376612593215956, 0.47561493981129777, 0.8118971020995105, 0.2824112119960027, 0.008013466252488888, 0.7523374579848529, 0.7504288857471012, 0.6505328936367184, 0.06038412909649071, 0.8119299734378239, 0.36098246729144823, 0.48049505688282723]
Setting gravity.
7124.8182611524535
Setting sub steps.
3
Setting FPS.
6659
Setting material friction.
39.698979929086754
Setting material elasticity.
0.8376612593215956
Setting mass.
2824.1192958479073
Setting form factor.
0.008013466252488888
Setting velocity max.
752.3374579848529
Setting damping translation.
0.7504288857471012
Setting rotation damping.
0.6505328936367184
Setting collision bounds type.
CONVEX_HULL
Setting torque-z.
4805.470073771389
Starting the game engine.
Game engine stopped.
Getting genome P and P'.
x_pos , y_pos , z_pos , x_ori , y_ori , z_ori, s/e_tim
[1.7267729468528614e-07, 0.0, 0.0, 0.0, 0.0, 0.0, 1395099029902.0217]
[-2.836175635457039, 0.06603689980693161, 0.0, 0.0197386983782053, -0.0014140157727524638, -0.0035232864320278168, 1395099045947.511]
Calculating genome fitness.
Point.
[-2.836175635457039, 0.06603689980693161, -0.0035232864320278168]
Genome mahalanobis distance.
22.2868744795
Penalties.
Elapsed time > 1 seconds: 15.045489257812498
X rotation: 0.0197386983782053
Y rotation: 0.0014140157727524638
Z translation: 0.0
Genome fitness.
37.3535164515
Increasing current genome count.
5
Current genome.
(5, 0, 0.0, 0.0, [0.659848668934413, 0.3329948906569825, 0.24723290949531262, 0.3269352863762034, 0.7692662624551999, 0.8730306786720292, 0.8982274824768388, 0.3265505185362998, 0.7044765149436129, 0.9110488759637625, 0.4242894814202769, 0.7241840824435981, 0.7620960921230596, 0.8663313880111828, 0.1645102361724956, 0.5039049533810347, 0.4486442288807909, 0.48867939080161127])
Populating the physics engine parameters.
Genome genes.
[0.659848668934413, 0.3329948906569825, 0.24723290949531262, 0.3269352863762034, 0.7692662624551999, 0.8730306786720292, 0.8982274824768388, 0.3265505185362998, 0.7044765149436129, 0.9110488759637625, 0.4242894814202769, 0.7241840824435981, 0.7620960921230596, 0.8663313880111828, 0.1645102361724956, 0.5039049533810347, 0.4486442288807909, 0.48867939080161127]
Setting gravity.
6598.486689344129
Setting sub steps.
2
Setting FPS.
2494
Setting material friction.
87.30306786720293
Setting material elasticity.
0.8982274824768388
Setting mass.
9110.489649148865
Setting form factor.
0.4242894814202769
Setting velocity max.
724.1840824435981
Setting damping translation.
0.7620960921230596
Setting rotation damping.
0.8663313880111828
Setting collision bounds type.
CONVEX_HULL
Setting torque-z.
4887.305228625311
Starting the game engine.
Game engine stopped.
Getting genome P and P'.
x_pos , y_pos , z_pos , x_ori , y_ori , z_ori, s/e_tim
[1.7267729468528614e-07, 0.0, 0.0, 0.0, 0.0, 0.0, 1395099046034.6306]
[-25.449609756469727, 10.230089724063873, 0.0, 0.645661473274231, -0.02895721234381199, -1.2134084701538086, 1395099062067.9614]
Calculating genome fitness.
Point.
[-25.449609756469727, 10.230089724063873, -1.2134084701538086]
Genome mahalanobis distance.
53.2922911931
Penalties.
Elapsed time > 1 seconds: 15.033330810546875
X rotation: 0.645661473274231
Y rotation: 0.02895721234381199
Z translation: 0.0
Genome fitness.
69.0002406893
Increasing current genome count.
6
Current genome.
(6, 0, 0.0, 0.0, [0.07391076335620828, 0.08840635382779938, 0.8727816718420071, 0.8766114692420853, 0.4986542712722759, 0.15614588844350874, 0.06761307356520718, 0.41184916138421, 0.8659107858631635, 0.5388503969019992, 0.7883601053043626, 0.33006994814745483, 0.3630809798138801, 0.6792035319797823, 0.39389028678954985, 0.7858278509640513, 0.9827141892322722, 0.1964769552850627])
Populating the physics engine parameters.
Genome genes.
[0.07391076335620828, 0.08840635382779938, 0.8727816718420071, 0.8766114692420853, 0.4986542712722759, 0.15614588844350874, 0.06761307356520718, 0.41184916138421, 0.8659107858631635, 0.5388503969019992, 0.7883601053043626, 0.33006994814745483, 0.3630809798138801, 0.6792035319797823, 0.39389028678954985, 0.7858278509640513, 0.9827141892322722, 0.1964769552850627]
Setting gravity.
739.1076335620828
Setting sub steps.
1
Setting FPS.
8731
Setting material friction.
15.614588844350873
Setting material elasticity.
0.06761307356520718
Setting mass.
5388.508580516023
Setting form factor.
0.7883601053043626
Setting velocity max.
330.06994814745485
Setting damping translation.
0.3630809798138801
Setting rotation damping.
0.6792035319797823
Setting collision bounds type.
CYLINDER
Setting torque-z.
1965.573075895342
Starting the game engine.
Game engine stopped.
Getting genome P and P'.
x_pos , y_pos , z_pos , x_ori , y_ori , z_ori, s/e_tim
[1.7267729468528614e-07, 0.0, 0.0, 0.0, 0.0, 0.0, 1395099062152.6514]
[-33.85884165763855, -1.6808906570076942, 0.0, 0.009173331782221794, -0.005490033887326717, 0.0329848974943161, 1395099078182.1143]
Calculating genome fitness.
Point.
[-33.85884165763855, -1.6808906570076942, 0.0329848974943161]
Genome mahalanobis distance.
47.9909704658
Penalties.
Elapsed time > 1 seconds: 15.029462890624998
X rotation: 0.009173331782221794
Y rotation: 0.005490033887326717
Z translation: 0.0
Genome fitness.
63.0350967221
Increasing current genome count.
7
Current genome.
(7, 0, 0.0, 0.0, [0.7638400232905505, 0.42271761775218897, 0.9559798726224686, 0.9592915970662984, 0.09862116181544056, 0.9304017333302536, 0.19915099085835453, 0.2782985711354179, 0.41268222882559313, 0.7637636073841731, 0.011163340756145113, 0.857848044665339, 0.457381435623038, 0.4374607618486802, 0.04064911831735463, 0.4863480307299537, 0.9103048444703096, 0.9457387792732886])
Populating the physics engine parameters.
Genome genes.
[0.7638400232905505, 0.42271761775218897, 0.9559798726224686, 0.9592915970662984, 0.09862116181544056, 0.9304017333302536, 0.19915099085835453, 0.2782985711354179, 0.41268222882559313, 0.7637636073841731, 0.011163340756145113, 0.857848044665339, 0.457381435623038, 0.4374607618486802, 0.04064911831735463, 0.4863480307299537, 0.9103048444703096, 0.9457387792732886]
Setting gravity.
7638.400232905505
Setting sub steps.
2
Setting FPS.
9561
Setting material friction.
93.04017333302535
Setting material elasticity.
0.19915099085835453
Setting mass.
7637.638436205658
Setting form factor.
0.011163340756145113
Setting velocity max.
857.848044665339
Setting damping translation.
0.457381435623038
Setting rotation damping.
0.4374607618486802
Setting collision bounds type.
CYLINDER
Setting torque-z.
9457.442053953613
Starting the game engine.
