Connecting to the database.
Starting the GA manager.
Setting the GA parameters. PS MG NE CP MP URS PCMS USA.
10
100
2
0.800000011920929
0.20000000298023224
True
True
False
Creating a random GA population.
Generating random population.
Genome: 0
Random gene: 0
0.5738234652666129
Random gene: 1
0.5669388400338893
Random gene: 2
0.7453459028273558
Random gene: 3
0.9673100714710049
Random gene: 4
0.9797728423036439
Random gene: 5
0.05553953147757096
Random gene: 6
0.5814902689638497
Random gene: 7
0.09540683105796777
Random gene: 8
0.21622977360410345
Random gene: 9
0.22851103867763944
Random gene: 10
0.0466631022719981
Random gene: 11
0.8802911865041197
Random gene: 12
0.48846327448297866
Random gene: 13
0.3836728929305231
Random gene: 14
0.34311205738618133
Random gene: 15
0.6524614658386063
Random gene: 16
0.5573706661562965
Random gene: 17
0.6618347971924149
Genome: 1
Random gene: 0
0.7195914075081792
Random gene: 1
0.6075203623092817
Random gene: 2
0.23339694636956088
Random gene: 3
0.4885747521802455
Random gene: 4
0.6066091437545832
Random gene: 5
0.7260339784941474
Random gene: 6
0.38215308275725446
Random gene: 7
0.5632018535558745
Random gene: 8
0.33887513964297944
Random gene: 9
0.856634405271369
Random gene: 10
0.377077821509069
Random gene: 11
0.19801829344673116
Random gene: 12
0.23348213947740348
Random gene: 13
0.10366643998387348
Random gene: 14
0.3971790271369854
Random gene: 15
0.9448354980126856
Random gene: 16
0.2220700893863352
Random gene: 17
0.281519104397321
Genome: 2
Random gene: 0
0.04515313559118972
Random gene: 1
0.9730677250687033
Random gene: 2
0.4223691546965779
Random gene: 3
0.30021410731725384
Random gene: 4
0.45839077468149725
Random gene: 5
0.7304261061049109
Random gene: 6
0.7218770841352529
Random gene: 7
0.533506965548308
Random gene: 8
0.3286156330811676
Random gene: 9
0.10949441420071804
Random gene: 10
0.32371686205537986
Random gene: 11
0.9516664402171187
Random gene: 12
0.9610844278621975
Random gene: 13
0.2302219229951974
Random gene: 14
0.5330928045932175
Random gene: 15
0.13218343709030733
Random gene: 16
0.6804105017980057
Random gene: 17
0.14304541078547428
Genome: 3
Random gene: 0
0.8711289035867922
Random gene: 1
0.33229283249955865
Random gene: 2
0.567753907494965
Random gene: 3
0.8108317999555478
Random gene: 4
0.21478718420289478
Random gene: 5
0.48414201577499305
Random gene: 6
0.2328163052641462
Random gene: 7
0.3053251568201417
Random gene: 8
0.08796877442363193
Random gene: 9
0.4906384914477584
Random gene: 10
0.3080647919771382
Random gene: 11
0.538157514250434
Random gene: 12
0.8495066190365377
Random gene: 13
0.19039247857684283
Random gene: 14
0.24647644002536107
Random gene: 15
0.9779519978361697
Random gene: 16
0.5286517685724119
Random gene: 17
0.6779704211142618
Genome: 4
Random gene: 0
0.5393143741155574
Random gene: 1
0.5651240658047502
Random gene: 2
0.07905436946017441
Random gene: 3
0.3983734338670595
Random gene: 4
0.48192379301532695
Random gene: 5
0.860196543255836
Random gene: 6
0.3002671626811433
Random gene: 7
0.6716118071222481
Random gene: 8
0.9547862302557377
Random gene: 9
0.5528754425777419
Random gene: 10
0.7296980235386173
Random gene: 11
0.287941534862721
Random gene: 12
0.10052004104853762
Random gene: 13
0.17409870211429912
Random gene: 14
0.8230507762234406
Random gene: 15
0.8707068386350876
Random gene: 16
0.4756480191936202
Random gene: 17
0.576698779263258
Genome: 5
Random gene: 0
0.7764590757847297
Random gene: 1
0.43967886628893793
Random gene: 2
0.11931836109686844
Random gene: 3
0.18038599197964
Random gene: 4
0.09540797219990627
Random gene: 5
0.13658332575898247
Random gene: 6
0.5620989193142143
Random gene: 7
0.033181669808619474
Random gene: 8
0.542621281036472
Random gene: 9
0.9060489418478547
Random gene: 10
0.8862047175919374
Random gene: 11
0.8470197063015144
Random gene: 12
0.42238335016620365
Random gene: 13
0.7068265184579743
Random gene: 14
0.27998315238795524
Random gene: 15
0.8957044596509883
Random gene: 16
0.13689443566072101
Random gene: 17
0.4040162379433613
Genome: 6
Random gene: 0
0.04603831424843563
Random gene: 1
0.3434422609668668
Random gene: 2
0.37141240660951746
Random gene: 3
0.46266652995178115
Random gene: 4
0.6325760702923193
Random gene: 5
0.6569738685590703
Random gene: 6
0.45688435376669345
Random gene: 7
0.8139561238197071
Random gene: 8
0.8761249599091585
Random gene: 9
0.26149142608489395
Random gene: 10
0.5357380909918208
Random gene: 11
0.2733914964280141
Random gene: 12
0.4488699429530829
Random gene: 13
0.8759148323944174
Random gene: 14
0.04281527942473795
Random gene: 15
0.7264638442393417
Random gene: 16
0.7647515414109722
Random gene: 17
0.7933370669942219
Genome: 7
Random gene: 0
0.9487552217210593
Random gene: 1
0.6154949556301225
Random gene: 2
0.3161529595628483
Random gene: 3
0.5277449636429451
Random gene: 4
0.896034026358936
Random gene: 5
0.29306837189175117
Random gene: 6
0.47408177858830036
Random gene: 7
0.5633814241663122
Random gene: 8
0.8321252992368172
Random gene: 9
0.8438570132587699
Random gene: 10
0.013248886875896204
Random gene: 11
0.8890433859034761
Random gene: 12
0.27337637078248367
Random gene: 13
0.5877330656578029
Random gene: 14
0.8007392255892802
Random gene: 15
0.7440950593230258
Random gene: 16
0.20069399959872947
Random gene: 17
0.8784460240005717
Genome: 8
Random gene: 0
0.529649458309955
Random gene: 1
0.5524483211754955
Random gene: 2
0.725157756408646
Random gene: 3
0.7915797639043455
Random gene: 4
0.7792890286716108
Random gene: 5
0.45390634843268196
Random gene: 6
0.08527334963930655
Random gene: 7
0.5508933451047423
Random gene: 8
0.45700439982861285
Random gene: 9
0.3668795288162323
Random gene: 10
0.6722946173473141
Random gene: 11
0.8475676196895708
Random gene: 12
0.9077158210409677
Random gene: 13
0.9699471632493676
Random gene: 14
0.42229016591598467
Random gene: 15
0.6277979046847466
Random gene: 16
0.8974256258853599
Random gene: 17
0.09727618861739795
Genome: 9
Random gene: 0
0.7181877243655229
Random gene: 1
0.6013640473788393
Random gene: 2
0.8289469979197306
Random gene: 3
0.7971129758386054
Random gene: 4
0.30692374654741295
Random gene: 5
0.08616540848070386
Random gene: 6
0.4174754841037305
Random gene: 7
0.9537982057074756
Random gene: 8
0.08212715091075184
Random gene: 9
0.25514248750595603
Random gene: 10
0.7628210071773731
Random gene: 11
0.8783525805864748
Random gene: 12
0.5050903543558414
Random gene: 13
0.9574911790955946
Random gene: 14
0.9635700479090198
Random gene: 15
0.4506934514605706
Random gene: 16
0.2696972197869033
Random gene: 17
0.3675451530643312
Population metrics. T H L A.
0.0
0.0
0.0
0.0
Setting the current genome to 0.
Entering loop.
Current genome.
(0, 0, 0.0, 0.0, [0.5738234652666129, 0.5669388400338893, 0.7453459028273558, 0.9673100714710049, 0.9797728423036439, 0.05553953147757096, 0.5814902689638497, 0.09540683105796777, 0.21622977360410345, 0.22851103867763944, 0.0466631022719981, 0.8802911865041197, 0.48846327448297866, 0.3836728929305231, 0.34311205738618133, 0.6524614658386063, 0.5573706661562965, 0.6618347971924149])
Populating the physics engine parameters.
Genome genes.
[0.5738234652666129, 0.5669388400338893, 0.7453459028273558, 0.9673100714710049, 0.9797728423036439, 0.05553953147757096, 0.5814902689638497, 0.09540683105796777, 0.21622977360410345, 0.22851103867763944, 0.0466631022719981, 0.8802911865041197, 0.48846327448297866, 0.3836728929305231, 0.34311205738618133, 0.6524614658386063, 0.5573706661562965, 0.6618347971924149]
Setting gravity.
5738.234652666129
Setting sub steps.
3
Setting FPS.
7461
Setting use material physics.
True
Setting material friction.
5.553953147757095
Setting material elasticity.
0.5814902689638497
Setting mass.
2285.118101666008
Setting form factor.
0.0466631022719981
Setting velocity max.
880.2911865041198
Setting damping translation.
0.48846327448297866
Setting rotation damping.
0.3836728929305231
Setting collision bounds type.
CONVEX_HULL
Setting torque-z.
66.18347971924149
Starting the game engine.
Game engine stopped.
Getting genome P and P'.
x_pos , y_pos , z_pos , x_ori , y_ori , z_ori, s/e_tim
[1.7267729468528614e-07, 0.0, 0.0, 0.0, 0.0, 0.0, 1395092723368.4536]
[0.37118406035006046, -0.12388548348098993, -0.09323549456894398, -0.001116634695790708, -0.0033807919826358557, 0.0017080770339816809, 1395092739390.7173]
Calculating genome fitness.
Point.
[0.37118406035006046, -0.12388548348098993, 0.0017080770339816809]
Genome mahalanobis distance.
19.6189175108
Penalties.
Elapsed time > 1 seconds: 15.022263671874999
X rotation: 0.001116634695790708
Y rotation: 0.0033807919826358557
Z translation: 0.09323549456894398
Genome fitness.
34.7389141039
Increasing current genome count.
1
Current genome.
(1, 0, 0.0, 0.0, [0.7195914075081792, 0.6075203623092817, 0.23339694636956088, 0.4885747521802455, 0.6066091437545832, 0.7260339784941474, 0.38215308275725446, 0.5632018535558745, 0.33887513964297944, 0.856634405271369, 0.377077821509069, 0.19801829344673116, 0.23348213947740348, 0.10366643998387348, 0.3971790271369854, 0.9448354980126856, 0.2220700893863352, 0.281519104397321])
Populating the physics engine parameters.
Genome genes.
[0.7195914075081792, 0.6075203623092817, 0.23339694636956088, 0.4885747521802455, 0.6066091437545832, 0.7260339784941474, 0.38215308275725446, 0.5632018535558745, 0.33887513964297944, 0.856634405271369, 0.377077821509069, 0.19801829344673116, 0.23348213947740348, 0.10366643998387348, 0.3971790271369854, 0.9448354980126856, 0.2220700893863352, 0.281519104397321]
Setting gravity.
7195.914075081791
Setting sub steps.
3
Setting FPS.
2356
Setting use material physics.
True
Setting material friction.
72.60339784941475
Setting material elasticity.
0.38215308275725446
Setting mass.
8566.345486369637
Setting form factor.
0.377077821509069
Setting velocity max.
198.01829344673115
Setting damping translation.
0.23348213947740348
Setting rotation damping.
0.10366643998387348
Setting collision bounds type.
TRIANGLE_MESH
Setting torque-z.
28.1519104397321
Starting the game engine.
Game engine stopped.
Getting genome P and P'.
x_pos , y_pos , z_pos , x_ori , y_ori , z_ori, s/e_tim
[1.7267729468528614e-07, 0.0, 0.0, 0.0, 0.0, 0.0, 1395092739475.8948]
[1.4451648108661175, 1.248547900468111, -0.15547312796115875, 0.0018630782142281532, -0.00022340059513226151, 0.21160486340522766, 1395092755531.0369]
Calculating genome fitness.
Point.
[1.4451648108661175, 1.248547900468111, 0.21160486340522766]
Genome mahalanobis distance.
19.709994197
Penalties.
Elapsed time > 1 seconds: 15.055142089843748
X rotation: 0.0018630782142281532
Y rotation: 0.00022340059513226151
Z translation: 0.15547312796115875
Genome fitness.
34.9226958936
Increasing current genome count.
2
Current genome.
(2, 0, 0.0, 0.0, [0.04515313559118972, 0.9730677250687033, 0.4223691546965779, 0.30021410731725384, 0.45839077468149725, 0.7304261061049109, 0.7218770841352529, 0.533506965548308, 0.3286156330811676, 0.10949441420071804, 0.32371686205537986, 0.9516664402171187, 0.9610844278621975, 0.2302219229951974, 0.5330928045932175, 0.13218343709030733, 0.6804105017980057, 0.14304541078547428])
Populating the physics engine parameters.
Genome genes.
[0.04515313559118972, 0.9730677250687033, 0.4223691546965779, 0.30021410731725384, 0.45839077468149725, 0.7304261061049109, 0.7218770841352529, 0.533506965548308, 0.3286156330811676, 0.10949441420071804, 0.32371686205537986, 0.9516664402171187, 0.9610844278621975, 0.2302219229951974, 0.5330928045932175, 0.13218343709030733, 0.6804105017980057, 0.14304541078547428]
Setting gravity.
451.5313559118972
Setting sub steps.
4
Setting FPS.
4241
Setting use material physics.
False
Setting material friction.
73.04261061049108
Setting material elasticity.
0.7218770841352529
Setting mass.
1094.9530470630384
Setting form factor.
0.32371686205537986
Setting velocity max.
951.6664402171186
Setting damping translation.
0.9610844278621975
Setting rotation damping.
0.2302219229951974
Setting collision bounds type.
SPHERE
Setting torque-z.
14.304541078547429
Starting the game engine.
Game engine stopped.
Getting genome P and P'.
x_pos , y_pos , z_pos , x_ori , y_ori , z_ori, s/e_tim
[1.7267729468528614e-07, 0.0, 0.0, 0.0, 0.0, 0.0, 1395092755623.639]
[0.005758407132816501, -0.0005618619070446584, -0.06821441929787397, 1.2834440212827758e-06, -4.5313268515201344e-07, -4.5606964249600423e-07, 1395092770155.3]
Calculating genome fitness.
Point.
[0.005758407132816501, -0.0005618619070446584, -4.5606964249600423e-07]
Genome mahalanobis distance.
19.9272303802
Penalties.
Elapsed time > 1 seconds: 13.5316611328125
X rotation: 1.2834440212827758e-06
Y rotation: 4.5313268515201344e-07
Z translation: 0.06821441929787397
Genome fitness.
33.5271076689
Increasing current genome count.
3
Current genome.
(3, 0, 0.0, 0.0, [0.8711289035867922, 0.33229283249955865, 0.567753907494965, 0.8108317999555478, 0.21478718420289478, 0.48414201577499305, 0.2328163052641462, 0.3053251568201417, 0.08796877442363193, 0.4906384914477584, 0.3080647919771382, 0.538157514250434, 0.8495066190365377, 0.19039247857684283, 0.24647644002536107, 0.9779519978361697, 0.5286517685724119, 0.6779704211142618])
Populating the physics engine parameters.
Genome genes.
[0.8711289035867922, 0.33229283249955865, 0.567753907494965, 0.8108317999555478, 0.21478718420289478, 0.48414201577499305, 0.2328163052641462, 0.3053251568201417, 0.08796877442363193, 0.4906384914477584, 0.3080647919771382, 0.538157514250434, 0.8495066190365377, 0.19039247857684283, 0.24647644002536107, 0.9779519978361697, 0.5286517685724119, 0.6779704211142618]
Setting gravity.
8711.289035867921
Setting sub steps.
2
Setting FPS.
5690
Setting use material physics.
False
Setting material friction.
48.414201577499306
Setting material elasticity.
0.2328163052641462
Setting mass.
4906.39000809267
Setting form factor.
0.3080647919771382
Setting velocity max.
538.157514250434
Setting damping translation.
0.8495066190365377
Setting rotation damping.
0.19039247857684283
Setting collision bounds type.
CONVEX_HULL
Setting torque-z.
67.79704211142618
Starting the game engine.
Game engine stopped.
Getting genome P and P'.
x_pos , y_pos , z_pos , x_ori , y_ori , z_ori, s/e_tim
[1.7267729468528614e-07, 0.0, 0.0, 0.0, 0.0, 0.0, 1395092770240.5664]
[1.7267729468528614e-07, 6.380298238446297e-26, 5.237666637208926e-10, -9.870816394511224e-17, -1.5428988642263164e-10, 7.61363093772633e-27, 1395092786272.059]
Calculating genome fitness.
Point.
[1.7267729468528614e-07, 6.380298238446297e-26, 7.61363093772633e-27]
Genome mahalanobis distance.
19.9320430067
Penalties.
Elapsed time > 1 seconds: 15.031492675781251
X rotation: 9.870816394511224e-17
Y rotation: 1.5428988642263164e-10
Z translation: 5.237666637208926e-10
Genome fitness.
34.9635356831
Increasing current genome count.
4
Current genome.
(4, 0, 0.0, 0.0, [0.5393143741155574, 0.5651240658047502, 0.07905436946017441, 0.3983734338670595, 0.48192379301532695, 0.860196543255836, 0.3002671626811433, 0.6716118071222481, 0.9547862302557377, 0.5528754425777419, 0.7296980235386173, 0.287941534862721, 0.10052004104853762, 0.17409870211429912, 0.8230507762234406, 0.8707068386350876, 0.4756480191936202, 0.576698779263258])
Populating the physics engine parameters.
Genome genes.
[0.5393143741155574, 0.5651240658047502, 0.07905436946017441, 0.3983734338670595, 0.48192379301532695, 0.860196543255836, 0.3002671626811433, 0.6716118071222481, 0.9547862302557377, 0.5528754425777419, 0.7296980235386173, 0.287941534862721, 0.10052004104853762, 0.17409870211429912, 0.8230507762234406, 0.8707068386350876, 0.4756480191936202, 0.576698779263258]
Setting gravity.
5393.1437411555735
Setting sub steps.
3
Setting FPS.
818
Setting use material physics.
False
Setting material friction.
86.0196543255836
Setting material elasticity.
0.3002671626811433
Setting mass.
5528.758897022994
Setting form factor.
0.7296980235386173
Setting velocity max.
287.941534862721
Setting damping translation.
0.10052004104853762
Setting rotation damping.
0.17409870211429912
Setting collision bounds type.
CONVEX_HULL
Setting torque-z.
57.669877926325796
Starting the game engine.
Game engine stopped.
Getting genome P and P'.
x_pos , y_pos , z_pos , x_ori , y_ori , z_ori, s/e_tim
[1.7267729468528614e-07, 0.0, 0.0, 0.0, 0.0, 0.0, 1395092786358.3218]
[1.7267729468528614e-07, -3.9330050797138996e-23, 0.0, -2.4110470971073703e-15, -3.768686251959252e-09, 4.543127655966971e-24, 1395092789388.768]
Calculating genome fitness.
Point.
[1.7267729468528614e-07, -3.9330050797138996e-23, 4.543127655966971e-24]
Genome mahalanobis distance.
19.9320430067
Penalties.
Elapsed time > 1 seconds: 2.0304462890625
X rotation: 2.4110470971073703e-15
Y rotation: 3.768686251959252e-09
Z translation: 0.0
Genome fitness.
21.9624892995
Increasing current genome count.
5
Current genome.
(5, 0, 0.0, 0.0, [0.7764590757847297, 0.43967886628893793, 0.11931836109686844, 0.18038599197964, 0.09540797219990627, 0.13658332575898247, 0.5620989193142143, 0.033181669808619474, 0.542621281036472, 0.9060489418478547, 0.8862047175919374, 0.8470197063015144, 0.42238335016620365, 0.7068265184579743, 0.27998315238795524, 0.8957044596509883, 0.13689443566072101, 0.4040162379433613])
Populating the physics engine parameters.
Genome genes.
[0.7764590757847297, 0.43967886628893793, 0.11931836109686844, 0.18038599197964, 0.09540797219990627, 0.13658332575898247, 0.5620989193142143, 0.033181669808619474, 0.542621281036472, 0.9060489418478547, 0.8862047175919374, 0.8470197063015144, 0.42238335016620365, 0.7068265184579743, 0.27998315238795524, 0.8957044596509883, 0.13689443566072101, 0.4040162379433613]
Setting gravity.
7764.590757847297
Setting sub steps.
2
Setting FPS.
1219
Setting use material physics.
False
Setting material friction.
13.658332575898246
Setting material elasticity.
0.5620989193142143
Setting mass.
9060.490357989129
Setting form factor.
0.8862047175919374
Setting velocity max.
847.0197063015144
Setting damping translation.
0.42238335016620365
Setting rotation damping.
0.7068265184579743
Setting collision bounds type.
TRIANGLE_MESH
Setting torque-z.
40.401623794336125
Starting the game engine.
Game engine stopped.
Getting genome P and P'.
x_pos , y_pos , z_pos , x_ori , y_ori , z_ori, s/e_tim
[1.7267729468528614e-07, 0.0, 0.0, 0.0, 0.0, 0.0, 1395092789474.7542]
[1.7267729468528614e-07, -4.203284110022657e-23, 9.779269061205298e-09, 9.551753376961514e-16, 1.4930259251144662e-09, 7.13010006335555e-25, 1395092794002.3904]
Calculating genome fitness.
Point.
[1.7267729468528614e-07, -4.203284110022657e-23, 7.13010006335555e-25]
Genome mahalanobis distance.
19.9320430067
Penalties.
Elapsed time > 1 seconds: 3.52763623046875
X rotation: 9.551753376961514e-16
Y rotation: 1.4930259251144662e-09
Z translation: 9.779269061205298e-09
Genome fitness.
23.4596792484
Increasing current genome count.
6
Current genome.
(6, 0, 0.0, 0.0, [0.04603831424843563, 0.3434422609668668, 0.37141240660951746, 0.46266652995178115, 0.6325760702923193, 0.6569738685590703, 0.45688435376669345, 0.8139561238197071, 0.8761249599091585, 0.26149142608489395, 0.5357380909918208, 0.2733914964280141, 0.4488699429530829, 0.8759148323944174, 0.04281527942473795, 0.7264638442393417, 0.7647515414109722, 0.7933370669942219])
Populating the physics engine parameters.
Genome genes.
[0.04603831424843563, 0.3434422609668668, 0.37141240660951746, 0.46266652995178115, 0.6325760702923193, 0.6569738685590703, 0.45688435376669345, 0.8139561238197071, 0.8761249599091585, 0.26149142608489395, 0.5357380909918208, 0.2733914964280141, 0.4488699429530829, 0.8759148323944174, 0.04281527942473795, 0.7264638442393417, 0.7647515414109722, 0.7933370669942219]
Setting gravity.
460.3831424843563
Setting sub steps.
2
Setting FPS.
3732
Setting use material physics.
True
Setting material friction.
65.69738685590703
Setting material elasticity.
0.45688435376669345
Setting mass.
2614.921645934679
Setting form factor.
0.5357380909918208
Setting velocity max.
273.3914964280141
Setting damping translation.
0.4488699429530829
Setting rotation damping.
0.8759148323944174
Setting collision bounds type.
SPHERE
Setting torque-z.
79.3337066994222
Starting the game engine.
Game engine stopped.
Getting genome P and P'.
x_pos , y_pos , z_pos , x_ori , y_ori , z_ori, s/e_tim
[1.7267729468528614e-07, 0.0, 0.0, 0.0, 0.0, 0.0, 1395092794091.2188]
[0.004832382910535671, -0.00098507962320582, -0.06824874435551465, -3.862315224978374e-06, 1.5225417655528872e-06, 6.0645958001259714e-05, 1395092806619.6646]
Calculating genome fitness.
Point.
[0.004832382910535671, -0.00098507962320582, 6.0645958001259714e-05]
Genome mahalanobis distance.
19.9280383231
Penalties.
Elapsed time > 1 seconds: 11.52844580078125
X rotation: 3.862315224978374e-06
Y rotation: 1.5225417655528872e-06
Z translation: 0.06824874435551465
Genome fitness.
31.5247382531
Increasing current genome count.
7
Current genome.
(7, 0, 0.0, 0.0, [0.9487552217210593, 0.6154949556301225, 0.3161529595628483, 0.5277449636429451, 0.896034026358936, 0.29306837189175117, 0.47408177858830036, 0.5633814241663122, 0.8321252992368172, 0.8438570132587699, 0.013248886875896204, 0.8890433859034761, 0.27337637078248367, 0.5877330656578029, 0.8007392255892802, 0.7440950593230258, 0.20069399959872947, 0.8784460240005717])
Populating the physics engine parameters.
Genome genes.
[0.9487552217210593, 0.6154949556301225, 0.3161529595628483, 0.5277449636429451, 0.896034026358936, 0.29306837189175117, 0.47408177858830036, 0.5633814241663122, 0.8321252992368172, 0.8438570132587699, 0.013248886875896204, 0.8890433859034761, 0.27337637078248367, 0.5877330656578029, 0.8007392255892802, 0.7440950593230258, 0.20069399959872947, 0.8784460240005717]
Setting gravity.
9487.552217210594
Setting sub steps.
3
Setting FPS.
3182
Setting use material physics.
True
Setting material friction.
29.306837189175116
Setting material elasticity.
0.47408177858830036
Setting mass.
8438.571694017566
Setting form factor.
0.013248886875896204
Setting velocity max.
889.0433859034761
Setting damping translation.
0.27337637078248367
Setting rotation damping.
0.5877330656578029
Setting collision bounds type.
TRIANGLE_MESH
Setting torque-z.
87.84460240005717
Starting the game engine.
Game engine stopped.
Getting genome P and P'.
x_pos , y_pos , z_pos , x_ori , y_ori , z_ori, s/e_tim
[1.7267729468528614e-07, 0.0, 0.0, 0.0, 0.0, 0.0, 1395092806709.315]
[-0.7204131688922644, 0.40093609131872654, -0.20314950961619616, -0.0030650519765913486, -0.022156642749905586, -0.019338810816407204, 1395092822767.4573]
Calculating genome fitness.
Point.
[-0.7204131688922644, 0.40093609131872654, -0.019338810816407204]
Genome mahalanobis distance.
20.5445748351
Penalties.
Elapsed time > 1 seconds: 15.058142333984375
X rotation: 0.0030650519765913486
Y rotation: 0.022156642749905586
Z translation: 0.20314950961619616
Genome fitness.
35.8310883735
Increasing current genome count.
8
Current genome.
(8, 0, 0.0, 0.0, [0.529649458309955, 0.5524483211754955, 0.725157756408646, 0.7915797639043455, 0.7792890286716108, 0.45390634843268196, 0.08527334963930655, 0.5508933451047423, 0.45700439982861285, 0.3668795288162323, 0.6722946173473141, 0.8475676196895708, 0.9077158210409677, 0.9699471632493676, 0.42229016591598467, 0.6277979046847466, 0.8974256258853599, 0.09727618861739795])
Populating the physics engine parameters.
Genome genes.
[0.529649458309955, 0.5524483211754955, 0.725157756408646, 0.7915797639043455, 0.7792890286716108, 0.45390634843268196, 0.08527334963930655, 0.5508933451047423, 0.45700439982861285, 0.3668795288162323, 0.6722946173473141, 0.8475676196895708, 0.9077158210409677, 0.9699471632493676, 0.42229016591598467, 0.6277979046847466, 0.8974256258853599, 0.09727618861739795]
Setting gravity.
5296.49458309955
Setting sub steps.
3
Setting FPS.
7259
Setting use material physics.
True
Setting material friction.
45.390634843268195
Setting material elasticity.
0.08527334963930655
Setting mass.
3668.801619367035
Setting form factor.
0.6722946173473141
Setting velocity max.
847.5676196895708
Setting damping translation.
0.9077158210409677
Setting rotation damping.
0.9699471632493676
Setting collision bounds type.
SPHERE
Setting torque-z.
9.727618861739796
Starting the game engine.
Game engine stopped.
Getting genome P and P'.
x_pos , y_pos , z_pos , x_ori , y_ori , z_ori, s/e_tim
[1.7267729468528614e-07, 0.0, 0.0, 0.0, 0.0, 0.0, 1395092822857.294]
[0.42390977032482624, -0.011510224430821836, -0.07121754460968077, -0.0006163716316223145, 1.1952040040341672e-05, -0.002499022288247943, 1395092838889.0366]
Calculating genome fitness.
Point.
[0.42390977032482624, -0.011510224430821836, -0.002499022288247943]
Genome mahalanobis distance.
19.57698076
Penalties.
Elapsed time > 1 seconds: 15.03174267578125
X rotation: 0.0006163716316223145
Y rotation: 1.1952040040341672e-05
Z translation: 0.07121754460968077
Genome fitness.
34.6805693041
Increasing current genome count.
9
Current genome.
(9, 0, 0.0, 0.0, [0.7181877243655229, 0.6013640473788393, 0.8289469979197306, 0.7971129758386054, 0.30692374654741295, 0.08616540848070386, 0.4174754841037305, 0.9537982057074756, 0.08212715091075184, 0.25514248750595603, 0.7628210071773731, 0.8783525805864748, 0.5050903543558414, 0.9574911790955946, 0.9635700479090198, 0.4506934514605706, 0.2696972197869033, 0.3675451530643312])
Populating the physics engine parameters.
Genome genes.
[0.7181877243655229, 0.6013640473788393, 0.8289469979197306, 0.7971129758386054, 0.30692374654741295, 0.08616540848070386, 0.4174754841037305, 0.9537982057074756, 0.08212715091075184, 0.25514248750595603, 0.7628210071773731, 0.8783525805864748, 0.5050903543558414, 0.9574911790955946, 0.9635700479090198, 0.4506934514605706, 0.2696972197869033, 0.3675451530643312]
Setting gravity.
7181.877243655229
Setting sub steps.
3
Setting FPS.
8294
Setting use material physics.
False
Setting material friction.
8.616540848070386
Setting material elasticity.
0.4174754841037305
Setting mass.
2551.4323236346854
Setting form factor.
0.7628210071773731
Setting velocity max.
878.3525805864748
Setting damping translation.
0.5050903543558414
Setting rotation damping.
0.9574911790955946
Setting collision bounds type.
TRIANGLE_MESH
Setting torque-z.
36.75451530643312
Starting the game engine.
Game engine stopped.
Getting genome P and P'.
x_pos , y_pos , z_pos , x_ori , y_ori , z_ori, s/e_tim
[1.7267729468528614e-07, 0.0, 0.0, 0.0, 0.0, 0.0, 1395092838991.128]
[1.7267729468528614e-07, -8.224759059144143e-29, 0.0, -1.3706721894054815e-17, -2.142486014988787e-11, 1.4672013576183899e-28, 1395092855022.4685]
Calculating genome fitness.
Point.
[1.7267729468528614e-07, -8.224759059144143e-29, 1.4672013576183899e-28]
Genome mahalanobis distance.
19.9320430067
Penalties.
Elapsed time > 1 seconds: 15.031340576171875
X rotation: 1.3706721894054815e-17
Y rotation: 2.142486014988787e-11
Z translation: 0.0
Genome fitness.
34.9633835829
Increasing current genome count.
10
Evaluated all genomes in population.
Current generation number: 0
Updating population metrics.
Population metrics. T H L A.
355.313115515
21.9624892995
35.8310883735
35.5313115515
Storing population metrics in the database.
INSERT INTO `population_metrics` ( `generation_number`, `highest_fitness`, `average_fitness`, `lowest_fitness`, `crossover_probability`, `mutation_probability` ) VALUES( 0, 21.9624892995, 35.5313115515, 35.8310883735, 0.800000011920929, 0.20000000298023224 );
Generating a new generation.
Creating a new generation.
Sorting population.
Sorting population. Descending: True
Sorted.
35.8310883735 21.9624892995
Updating population metrics.
Population metrics. T H L A.
356.405289785
21.9624892995
35.8310883735
35.6405289785
Computing population makeup.
Population makeup. R C M CM E.
10 0 0 0 0
Creating empty new population.
Performing elitism.
Attempting to add elite genomes.
Adding elite genome. Its fitness: 23.4596792484
Adding elite genome. Its fitness: 21.9624892995
Performing crossover and mutation in sequence.
Entering the loop.
Entering selection operator.
2 genomes requested.
Sorted?
35.8310883735 21.9624892995
Total rank fitness.
55
Partial sums.
[1, 3, 6, 10, 15, 21, 28, 36, 45, 55]
Random number: 29
Partial sum: 36
Genome index selected: 7
Random number: 27
Partial sum: 28
Genome index selected: 6
Selected genomes with rank selection.
[7, 6]
Parents selected.
[7, 6]
Attempting crossover and then mutation.
Attempting crossover first.
Crossover failed.
Attempting mutation second.
Attempting to mutate first cross offspring.
Mutation value before/after.
0.8139561238197071 0.960590241959242
Mutation value before/after.
0.26149142608489395 0.19188313922350284
Mutation value before/after.
0.4488699429530829 0.5014520228502648
Attempting to mutate second cross offspring.
Mutation value before/after.
0.46266652995178115 0.46266652995178115
Mutation value before/after.
0.6325760702923193 0.6325760702923193
Mutation value before/after.
0.45688435376669345 0.45688435376669345
Mutation value before/after.
0.7933370669942219 0.7933370669942219
Offspring one only mutated.
Offspring two only mutated.
Returning offspring.
Adding first offspring.
Adding mutation offspring.
Adding second offspring.
Adding mutation offspring.
Entering selection operator.
2 genomes requested.
Sorted?
35.8310883735 21.9624892995
Total rank fitness.
55
Partial sums.
[1, 3, 6, 10, 15, 21, 28, 36, 45, 55]
Random number: 51
Partial sum: 55
Genome index selected: 9
Random number: 39
Partial sum: 45
Genome index selected: 8
Selected genomes with rank selection.
[9, 8]
Parents selected.
[9, 8]
Attempting crossover and then mutation.
Attempting crossover first.
Crossover point.
16
Attempting mutation second.
Attempting to mutate first cross offspring.
Mutation value before/after.
0.48192379301532695 0.5871013672625014
Mutation value before/after.
0.860196543255836 1.0
Mutation value before/after.
0.6716118071222481 0.7288780015094818
Mutation value before/after.
0.9547862302557377 0.9618232503162417
Mutation value before/after.
0.10052004104853762 0.2687961210451501
Mutation value before/after.
0.4040162379433613 0.3432099980428322
Attempting to mutate second cross offspring.
Mutation value before/after.
0.9060489418478547 0.5528754425777419
Mutation value before/after.
0.4756480191936202 0.13689443566072101
Returning offspring.
Adding first offspring.
Adding crossed over and mutated offspring.
Adding second offspring.
Adding crossed over and mutated offspring.
Entering selection operator.
2 genomes requested.
Sorted?
35.8310883735 21.9624892995
Total rank fitness.
55
Partial sums.
[1, 3, 6, 10, 15, 21, 28, 36, 45, 55]
Random number: 13
Partial sum: 15
Genome index selected: 4
Random number: 3
Partial sum: 3
Genome index selected: 1
Selected genomes with rank selection.
[4, 1]
Parents selected.
[4, 1]
Attempting crossover and then mutation.
Attempting crossover first.
Crossover point.
2
Attempting mutation second.
Attempting to mutate first cross offspring.
Mutation value before/after.
0.538157514250434 0.45434476843933735
Mutation value before/after.
0.9779519978361697 0.8457429001128013
Mutation value before/after.
0.5286517685724119 0.8574416259759962
Attempting to mutate second cross offspring.
Mutation value before/after.
0.05553953147757096 0.48414201577499305
Mutation value before/after.
0.22851103867763944 0.4906384914477584
Returning offspring.
Adding first offspring.
Adding crossed over and mutated offspring.
Adding second offspring.
Adding crossed over and mutated offspring.
Entering selection operator.
2 genomes requested.
Sorted?
35.8310883735 21.9624892995
Total rank fitness.
55
Partial sums.
[1, 3, 6, 10, 15, 21, 28, 36, 45, 55]
Random number: 2
Partial sum: 3
Genome index selected: 1
Random number: 50
Partial sum: 55
Genome index selected: 9
Selected genomes with rank selection.
[1, 9]
Parents selected.
[1, 9]
Attempting crossover and then mutation.
Attempting crossover first.
Crossover point.
4
Attempting mutation second.
Attempting to mutate first cross offspring.
Mutation value before/after.
0.8230507762234406 0.7512189988515262
Attempting to mutate second cross offspring.
Mutation value before/after.
0.07905436946017441 0.567753907494965
Mutation value before/after.
0.24647644002536107 0.7512189988515262
Mutation value before/after.
0.9779519978361697 0.8707068386350876
Mutation value before/after.
0.5286517685724119 0.4756480191936202
Returning offspring.
Adding first offspring.
Adding crossed over and mutated offspring.
Adding second offspring.
Adding crossed over and mutated offspring.
Observed cross/mut rates.
0.75 1.0
Setting the current genome to 0.
Current genome.
(5, 4, 0.0, 0.0, [0.7764590757847297, 0.43967886628893793, 0.11931836109686844, 0.18038599197964, 0.09540797219990627, 0.13658332575898247, 0.5620989193142143, 0.033181669808619474, 0.542621281036472, 0.9060489418478547, 0.8862047175919374, 0.8470197063015144, 0.42238335016620365, 0.7068265184579743, 0.27998315238795524, 0.8957044596509883, 0.13689443566072101, 0.4040162379433613])
Populating the physics engine parameters.
Genome genes.
[0.7764590757847297, 0.43967886628893793, 0.11931836109686844, 0.18038599197964, 0.09540797219990627, 0.13658332575898247, 0.5620989193142143, 0.033181669808619474, 0.542621281036472, 0.9060489418478547, 0.8862047175919374, 0.8470197063015144, 0.42238335016620365, 0.7068265184579743, 0.27998315238795524, 0.8957044596509883, 0.13689443566072101, 0.4040162379433613]
Setting gravity.
7764.590757847297
Setting sub steps.
2
Setting FPS.
1219
Setting use material physics.
False
Setting material friction.
13.658332575898246
Setting material elasticity.
0.5620989193142143
Setting mass.
9060.490357989129
Setting form factor.
0.8862047175919374
Setting velocity max.
847.0197063015144
Setting damping translation.
0.42238335016620365
Setting rotation damping.
0.7068265184579743
Setting collision bounds type.
TRIANGLE_MESH
Setting torque-z.
40.401623794336125
Starting the game engine.
Game engine stopped.
Getting genome P and P'.
x_pos , y_pos , z_pos , x_ori , y_ori , z_ori, s/e_tim
[1.7267729468528614e-07, 0.0, 0.0, 0.0, 0.0, 0.0, 1395092855124.661]
[1.7267729468528614e-07, -4.203284110022657e-23, 9.779269061205298e-09, 9.551753376961514e-16, 1.4930259251144662e-09, 7.13010006335555e-25, 1395092859653.2517]
Calculating genome fitness.
Point.
[1.7267729468528614e-07, -4.203284110022657e-23, 7.13010006335555e-25]
Genome mahalanobis distance.
19.9320430067
Penalties.
Elapsed time > 1 seconds: 3.5285908203125
X rotation: 9.551753376961514e-16
Y rotation: 1.4930259251144662e-09
Z translation: 9.779269061205298e-09
Genome fitness.
23.4606338383
Increasing current genome count.
1
Current genome.
(4, 4, 0.0, 0.0, [0.5393143741155574, 0.5651240658047502, 0.07905436946017441, 0.3983734338670595, 0.48192379301532695, 0.860196543255836, 0.3002671626811433, 0.6716118071222481, 0.9547862302557377, 0.5528754425777419, 0.7296980235386173, 0.287941534862721, 0.10052004104853762, 0.17409870211429912, 0.8230507762234406, 0.8707068386350876, 0.4756480191936202, 0.576698779263258])
Populating the physics engine parameters.
Genome genes.
[0.5393143741155574, 0.5651240658047502, 0.07905436946017441, 0.3983734338670595, 0.48192379301532695, 0.860196543255836, 0.3002671626811433, 0.6716118071222481, 0.9547862302557377, 0.5528754425777419, 0.7296980235386173, 0.287941534862721, 0.10052004104853762, 0.17409870211429912, 0.8230507762234406, 0.8707068386350876, 0.4756480191936202, 0.576698779263258]
Setting gravity.
5393.1437411555735
Setting sub steps.
3
Setting FPS.
818
Setting use material physics.
False
Setting material friction.
86.0196543255836
Setting material elasticity.
0.3002671626811433
Setting mass.
5528.758897022994
Setting form factor.
0.7296980235386173
Setting velocity max.
287.941534862721
Setting damping translation.
0.10052004104853762
Setting rotation damping.
0.17409870211429912
Setting collision bounds type.
CONVEX_HULL
Setting torque-z.
57.669877926325796
Starting the game engine.
Game engine stopped.
Getting genome P and P'.
x_pos , y_pos , z_pos , x_ori , y_ori , z_ori, s/e_tim
[1.7267729468528614e-07, 0.0, 0.0, 0.0, 0.0, 0.0, 1395092859741.5947]
[1.7267729468528614e-07, -3.9330050797138996e-23, 0.0, -2.4110470971073703e-15, -3.768686251959252e-09, 4.543127655966971e-24, 1395092862769.8867]
Calculating genome fitness.
Point.
[1.7267729468528614e-07, -3.9330050797138996e-23, 4.543127655966971e-24]
Genome mahalanobis distance.
19.9320430067
Penalties.
Elapsed time > 1 seconds: 2.0282919921875
X rotation: 2.4110470971073703e-15
Y rotation: 3.768686251959252e-09
Z translation: 0.0
Genome fitness.
21.9603350026
Increasing current genome count.
2
Current genome.
(6, 2, 0.0, 31.524738253121782, [0.04603831424843563, 0.3434422609668668, 0.37141240660951746, 0.46266652995178115, 0.6325760702923193, 0.6569738685590703, 0.45688435376669345, 0.960590241959242, 0.8761249599091585, 0.19188313922350284, 0.5357380909918208, 0.2733914964280141, 0.5014520228502648, 0.8759148323944174, 0.04281527942473795, 0.7264638442393417, 0.7647515414109722, 0.7933370669942219])
Populating the physics engine parameters.
Genome genes.
[0.04603831424843563, 0.3434422609668668, 0.37141240660951746, 0.46266652995178115, 0.6325760702923193, 0.6569738685590703, 0.45688435376669345, 0.960590241959242, 0.8761249599091585, 0.19188313922350284, 0.5357380909918208, 0.2733914964280141, 0.5014520228502648, 0.8759148323944174, 0.04281527942473795, 0.7264638442393417, 0.7647515414109722, 0.7933370669942219]
Setting gravity.
460.3831424843563
Setting sub steps.
2
Setting FPS.
3732
Setting use material physics.
True
Setting material friction.
65.69738685590703
Setting material elasticity.
0.45688435376669345
Setting mass.
1918.839473403636
Setting form factor.
0.5357380909918208
Setting velocity max.
273.3914964280141
Setting damping translation.
0.5014520228502648
Setting rotation damping.
0.8759148323944174
Setting collision bounds type.
SPHERE
Setting torque-z.
79.3337066994222
Starting the game engine.
Game engine stopped.
Getting genome P and P'.
x_pos , y_pos , z_pos , x_ori , y_ori , z_ori, s/e_tim
[1.7267729468528614e-07, 0.0, 0.0, 0.0, 0.0, 0.0, 1395092862858.766]
[0.0006300486347754486, -0.0008725686711841263, -0.0682085519656539, 2.6624595648172544e-06, -4.6685846655236674e-07, 2.075226620945614e-05, 1395092875386.6465]
Calculating genome fitness.
Point.
[0.0006300486347754486, -0.0008725686711841263, 2.075226620945614e-05]
Genome mahalanobis distance.
19.9314908999
Penalties.
Elapsed time > 1 seconds: 11.52788037109375
X rotation: 2.6624595648172544e-06
Y rotation: 4.6685846655236674e-07
Z translation: 0.0682085519656539
Genome fitness.
31.5275829523
Increasing current genome count.
3
Current genome.
(6, 2, 0.0, 33.527107668906353, [0.04603831424843563, 0.3434422609668668, 0.37141240660951746, 0.7170682807947432, 0.8685066754431421, 0.6569738685590703, 0.348638576933661, 0.8139561238197071, 0.8761249599091585, 0.26149142608489395, 0.5357380909918208, 0.2733914964280141, 0.4488699429530829, 0.8759148323944174, 0.04281527942473795, 0.7264638442393417, 0.7647515414109722, 0.7835969071477177])
Populating the physics engine parameters.
Genome genes.
[0.04603831424843563, 0.3434422609668668, 0.37141240660951746, 0.7170682807947432, 0.8685066754431421, 0.6569738685590703, 0.348638576933661, 0.8139561238197071, 0.8761249599091585, 0.26149142608489395, 0.5357380909918208, 0.2733914964280141, 0.4488699429530829, 0.8759148323944174, 0.04281527942473795, 0.7264638442393417, 0.7647515414109722, 0.7835969071477177]
Setting gravity.
460.3831424843563
Setting sub steps.
2
Setting FPS.
3732
Setting use material physics.
True
Setting material friction.
65.69738685590703
Setting material elasticity.
0.348638576933661
Setting mass.
2614.921645934679
Setting form factor.
0.5357380909918208
Setting velocity max.
273.3914964280141
Setting damping translation.
0.4488699429530829
Setting rotation damping.
0.8759148323944174
Setting collision bounds type.
SPHERE
Setting torque-z.
78.35969071477177
Starting the game engine.
Game engine stopped.
Getting genome P and P'.
x_pos , y_pos , z_pos , x_ori , y_ori , z_ori, s/e_tim
[1.7267729468528614e-07, 0.0, 0.0, 0.0, 0.0, 0.0, 1395092875476.4763]
[0.006207106343936175, -0.0008434109986410476, -0.068230542819947, -2.2404365154216066e-06, -6.542212531712721e-07, -3.3027652079908876e-06, 1395092888002.8901]
Calculating genome fitness.
Point.
[0.006207106343936175, -0.0008434109986410476, -3.3027652079908876e-06]
Genome mahalanobis distance.
19.9268385021
Penalties.
Elapsed time > 1 seconds: 11.526413818359375
X rotation: 2.2404365154216066e-06
Y rotation: 6.542212531712721e-07
Z translation: 0.068230542819947
Genome fitness.
31.521485758
Increasing current genome count.
4
Current genome.
(4, 3, 0.0, 22.12884373827422, [0.5393143741155574, 0.5651240658047502, 0.07905436946017441, 0.3983734338670595, 0.5871013672625014, 1.0, 0.3002671626811433, 0.7288780015094818, 0.9618232503162417, 0.5528754425777419, 0.7296980235386173, 0.287941534862721, 0.2687961210451501, 0.17409870211429912, 0.8230507762234406, 0.8707068386350876, 0.13689443566072101, 0.3432099980428322])
Populating the physics engine parameters.
Genome genes.
[0.5393143741155574, 0.5651240658047502, 0.07905436946017441, 0.3983734338670595, 0.5871013672625014, 1.0, 0.3002671626811433, 0.7288780015094818, 0.9618232503162417, 0.5528754425777419, 0.7296980235386173, 0.287941534862721, 0.2687961210451501, 0.17409870211429912, 0.8230507762234406, 0.8707068386350876, 0.13689443566072101, 0.3432099980428322]
Setting gravity.
5393.1437411555735
Setting sub steps.
3
Setting FPS.
818
Setting use material physics.
True
Setting material friction.
100.0
Setting material elasticity.
0.3002671626811433
Setting mass.
5528.758897022994
Setting form factor.
0.7296980235386173
Setting velocity max.
287.941534862721
Setting damping translation.
0.2687961210451501
Setting rotation damping.
0.17409870211429912
Setting collision bounds type.
TRIANGLE_MESH
Setting torque-z.
34.32099980428322
Starting the game engine.
Game engine stopped.
Getting genome P and P'.
x_pos , y_pos , z_pos , x_ori , y_ori , z_ori, s/e_tim
[1.7267729468528614e-07, 0.0, 0.0, 0.0, 0.0, 0.0, 1395092888091.1204]
[-1.782519556581974, 0.06038373103365302, -0.20896056666970253, 0.04261861741542816, 0.01750902272760868, 0.11116328835487366, 1395092904150.461]
Calculating genome fitness.
Point.
[-1.782519556581974, 0.06038373103365302, 0.11116328835487366]
Genome mahalanobis distance.
21.7072764101
Penalties.
Elapsed time > 1 seconds: 15.059340576171873
X rotation: 0.04261861741542816
Y rotation: 0.01750902272760868
Z translation: 0.20896056666970253
Genome fitness.
37.0357051931
Increasing current genome count.
5
Current genome.
(4, 3, 0.0, 23.293324809648553, [0.7764590757847297, 0.43967886628893793, 0.11931836109686844, 0.18038599197964, 0.09540797219990627, 0.13658332575898247, 0.5620989193142143, 0.033181669808619474, 0.542621281036472, 0.581826391543902, 0.8862047175919374, 0.8470197063015144, 0.42238335016620365, 0.7068265184579743, 0.27998315238795524, 0.8957044596509883, 0.4486697899322068, 0.576698779263258])
Populating the physics engine parameters.
Genome genes.
[0.7764590757847297, 0.43967886628893793, 0.11931836109686844, 0.18038599197964, 0.09540797219990627, 0.13658332575898247, 0.5620989193142143, 0.033181669808619474, 0.542621281036472, 0.581826391543902, 0.8862047175919374, 0.8470197063015144, 0.42238335016620365, 0.7068265184579743, 0.27998315238795524, 0.8957044596509883, 0.4486697899322068, 0.576698779263258]
Setting gravity.
7764.590757847297
Setting sub steps.
2
Setting FPS.
1219
Setting use material physics.
False
Setting material friction.
13.658332575898246
Setting material elasticity.
0.5620989193142143
Setting mass.
5818.268097175105
Setting form factor.
0.8862047175919374
Setting velocity max.
847.0197063015144
Setting damping translation.
0.42238335016620365
Setting rotation damping.
0.7068265184579743
Setting collision bounds type.
CONVEX_HULL
Setting torque-z.
57.669877926325796
Starting the game engine.
Game engine stopped.
Getting genome P and P'.
x_pos , y_pos , z_pos , x_ori , y_ori , z_ori, s/e_tim
[1.7267729468528614e-07, 0.0, 0.0, 0.0, 0.0, 0.0, 1395092904243.4778]
[1.7267729468528614e-07, -4.203284110022657e-23, 9.779269061205298e-09, 9.551753376961514e-16, 1.4930259251144662e-09, 7.13010006335555e-25, 1395092908770.0276]
Calculating genome fitness.
Point.
[1.7267729468528614e-07, -4.203284110022657e-23, 7.13010006335555e-25]
Genome mahalanobis distance.
19.9320430067
Penalties.
Elapsed time > 1 seconds: 3.5265498046875
X rotation: 9.551753376961514e-16
Y rotation: 1.4930259251144662e-09
Z translation: 9.779269061205298e-09
Genome fitness.
23.4585928226
Increasing current genome count.
6
Current genome.
(0, 3, 0.0, 34.938577729886717, [0.5738234652666129, 0.5669388400338893, 0.567753907494965, 0.8108317999555478, 0.21478718420289478, 0.48414201577499305, 0.2328163052641462, 0.3053251568201417, 0.08796877442363193, 0.4906384914477584, 0.3080647919771382, 0.45434476843933735, 0.8495066190365377, 0.19039247857684283, 0.24647644002536107, 0.8457429001128013, 0.8574416259759962, 0.6779704211142618])
Populating the physics engine parameters.
Genome genes.
[0.5738234652666129, 0.5669388400338893, 0.567753907494965, 0.8108317999555478, 0.21478718420289478, 0.48414201577499305, 0.2328163052641462, 0.3053251568201417, 0.08796877442363193, 0.4906384914477584, 0.3080647919771382, 0.45434476843933735, 0.8495066190365377, 0.19039247857684283, 0.24647644002536107, 0.8457429001128013, 0.8574416259759962, 0.6779704211142618]
Setting gravity.
5738.234652666129
Setting sub steps.
3
Setting FPS.
5690
Setting use material physics.
False
Setting material friction.
48.414201577499306
Setting material elasticity.
0.2328163052641462
Setting mass.
4906.39000809267
Setting form factor.
0.3080647919771382
Setting velocity max.
454.3447684393374
Setting damping translation.
0.8495066190365377
Setting rotation damping.
0.19039247857684283
Setting collision bounds type.
SPHERE
Setting torque-z.
67.79704211142618
Starting the game engine.
Game engine stopped.
Getting genome P and P'.
x_pos , y_pos , z_pos , x_ori , y_ori , z_ori, s/e_tim
[1.7267729468528614e-07, 0.0, 0.0, 0.0, 0.0, 0.0, 1395092908872.742]
[0.8405671454966068, -0.00578898107050918, -0.0684856902807951, -6.111804395914078e-05, -6.091616342018824e-06, -0.0002924010914284736, 1395092924903.5898]
Calculating genome fitness.
Point.
[0.8405671454966068, -0.00578898107050918, -0.0002924010914284736]
Genome mahalanobis distance.
19.2337428088
Penalties.
Elapsed time > 1 seconds: 15.030847900390626
X rotation: 6.111804395914078e-05
Y rotation: 6.091616342018824e-06
Z translation: 0.0684856902807951
Genome fitness.
34.3331436091
Increasing current genome count.
7
Current genome.
(0, 3, 0.0, 34.763872057151694, [0.8711289035867922, 0.33229283249955865, 0.7453459028273558, 0.9673100714710049, 0.9797728423036439, 0.0, 0.5814902689638497, 0.09540683105796777, 0.21622977360410345, 0.20157065600170215, 0.0466631022719981, 0.8802911865041197, 0.48846327448297866, 0.3836728929305231, 0.34311205738618133, 0.6524614658386063, 0.5573706661562965, 0.6618347971924149])
Populating the physics engine parameters.
Genome genes.
[0.8711289035867922, 0.33229283249955865, 0.7453459028273558, 0.9673100714710049, 0.9797728423036439, 0.0, 0.5814902689638497, 0.09540683105796777, 0.21622977360410345, 0.20157065600170215, 0.0466631022719981, 0.8802911865041197, 0.48846327448297866, 0.3836728929305231, 0.34311205738618133, 0.6524614658386063, 0.5573706661562965, 0.6618347971924149]
Setting gravity.
8711.289035867921
Setting sub steps.
2
Setting FPS.
7461
Setting use material physics.
True
Setting material friction.
0.0
Setting material elasticity.
0.5814902689638497
Setting mass.
2015.7145443104614
Setting form factor.
0.0466631022719981
Setting velocity max.
880.2911865041198
Setting damping translation.
0.48846327448297866
Setting rotation damping.
0.3836728929305231
Setting collision bounds type.
CONVEX_HULL
Setting torque-z.
66.18347971924149
Starting the game engine.
Game engine stopped.
Getting genome P and P'.
x_pos , y_pos , z_pos , x_ori , y_ori , z_ori, s/e_tim
[1.7267729468528614e-07, 0.0, 0.0, 0.0, 0.0, 0.0, 1395092924993.3113]
[-111.12267971038818, -27.505725622177124, -1678.2949447631836, 0.6921758055686951, 0.12649475038051605, -0.21390292048454285, 1395092941022.8806]
Calculating genome fitness.
Point.
[-111.12267971038818, -27.505725622177124, -0.21390292048454285]
Genome mahalanobis distance.
112.373640166
Penalties.
Elapsed time > 1 seconds: 15.029569335937499
X rotation: 0.6921758055686951
Y rotation: 0.12649475038051605
Z translation: 1678.2949447631836
Genome fitness.
1806.51682482
Increasing current genome count.
8
Current genome.
(3, 3, 0.0, 24.851610718090484, [0.8711289035867922, 0.33229283249955865, 0.567753907494965, 0.8108317999555478, 0.48192379301532695, 0.860196543255836, 0.3002671626811433, 0.6716118071222481, 0.9547862302557377, 0.5528754425777419, 0.7296980235386173, 0.287941534862721, 0.10052004104853762, 0.17409870211429912, 0.7512189988515262, 0.8707068386350876, 0.4756480191936202, 0.576698779263258])
Populating the physics engine parameters.
Genome genes.
[0.8711289035867922, 0.33229283249955865, 0.567753907494965, 0.8108317999555478, 0.48192379301532695, 0.860196543255836, 0.3002671626811433, 0.6716118071222481, 0.9547862302557377, 0.5528754425777419, 0.7296980235386173, 0.287941534862721, 0.10052004104853762, 0.17409870211429912, 0.7512189988515262, 0.8707068386350876, 0.4756480191936202, 0.576698779263258]
Setting gravity.
8711.289035867921
Setting sub steps.
2
Setting FPS.
5690
Setting use material physics.
False
Setting material friction.
86.0196543255836
Setting material elasticity.
0.3002671626811433
Setting mass.
5528.758897022994
Setting form factor.
0.7296980235386173
Setting velocity max.
287.941534862721
Setting damping translation.
0.10052004104853762
Setting rotation damping.
0.17409870211429912
Setting collision bounds type.
CONVEX_HULL
Setting torque-z.
57.669877926325796
Starting the game engine.
Game engine stopped.
Getting genome P and P'.
x_pos , y_pos , z_pos , x_ori , y_ori , z_ori, s/e_tim
[1.7267729468528614e-07, 0.0, 0.0, 0.0, 0.0, 0.0, 1395092941108.3728]
[1.7267729468528614e-07, 6.380298238446297e-26, 5.237666637208926e-10, -9.870816394511224e-17, -1.5428988642263164e-10, 7.61363093772633e-27, 1395092957137.609]
Calculating genome fitness.
Point.
[1.7267729468528614e-07, 6.380298238446297e-26, 7.61363093772633e-27]
Genome mahalanobis distance.
19.9320430067
Penalties.
Elapsed time > 1 seconds: 15.029236083984376
X rotation: 9.870816394511224e-17
Y rotation: 1.5428988642263164e-10
Z translation: 5.237666637208926e-10
Genome fitness.
34.9612790913
Increasing current genome count.
9
Current genome.
(3, 3, 0.0, 32.074414264550555, [0.5393143741155574, 0.5651240658047502, 0.11175811342185174, 0.3983734338670595, 0.21478718420289478, 0.48414201577499305, 0.2328163052641462, 0.3053251568201417, 0.08796877442363193, 0.4906384914477584, 0.3080647919771382, 0.538157514250434, 0.8495066190365377, 0.19039247857684283, 0.2129328334634611, 1.0, 0.20077664059555334, 0.6779704211142618])
Populating the physics engine parameters.
Genome genes.
[0.5393143741155574, 0.5651240658047502, 0.11175811342185174, 0.3983734338670595, 0.21478718420289478, 0.48414201577499305, 0.2328163052641462, 0.3053251568201417, 0.08796877442363193, 0.4906384914477584, 0.3080647919771382, 0.538157514250434, 0.8495066190365377, 0.19039247857684283, 0.2129328334634611, 1.0, 0.20077664059555334, 0.6779704211142618]
Setting gravity.
5393.1437411555735
Setting sub steps.
3
Setting FPS.
1144
Setting use material physics.
False
Setting material friction.
48.414201577499306
Setting material elasticity.
0.2328163052641462
Setting mass.
4906.39000809267
Setting form factor.
0.3080647919771382
Setting velocity max.
538.157514250434
Setting damping translation.
0.8495066190365377
Setting rotation damping.
0.19039247857684283
Setting collision bounds type.
TRIANGLE_MESH
Setting torque-z.
67.79704211142618
Starting the game engine.
Game engine stopped.
Getting genome P and P'.
x_pos , y_pos , z_pos , x_ori , y_ori , z_ori, s/e_tim
[1.7267729468528614e-07, 0.0, 0.0, 0.0, 0.0, 0.0, 1395092957225.9758]
[1.7267729468528614e-07, 2.618413001108035e-24, 3.4734642245792813e-09, -6.623954878019463e-16, -1.0353846668920141e-09, 3.4291093296665315e-25, 1395092961254.2698]
Calculating genome fitness.
Point.
[1.7267729468528614e-07, 2.618413001108035e-24, 3.4291093296665315e-25]
Genome mahalanobis distance.
19.9320430067
Penalties.
Elapsed time > 1 seconds: 3.0282939453125
X rotation: 6.623954878019463e-16
Y rotation: 1.0353846668920141e-09
Z translation: 3.4734642245792813e-09
Genome fitness.
22.9603369565
Increasing current genome count.
10
Evaluated all genomes in population.
Current generation number: 1
Updating population metrics.
Population metrics. T H L A.
2091.19655388
21.9603350026
1806.51682482
209.119655388
Storing population metrics in the database.
INSERT INTO `population_metrics` ( `generation_number`, `highest_fitness`, `average_fitness`, `lowest_fitness`, `crossover_probability`, `mutation_probability` ) VALUES( 1, 21.9603350026, 209.119655388, 1806.51682482, 0.800000011920929, 0.20000000298023224 );
Generating a new generation.
Creating a new generation.
Sorting population.
Sorting population. Descending: True
Sorted.
1806.51682482 21.9603350026
Updating population metrics.
Population metrics. T H L A.
3874.25274487
21.9603350026
1806.51682482
387.425274487
Computing population makeup.
Population makeup. R C M CM E.
0 0 2 6 2
Creating empty new population.
Performing elitism.
Attempting to add elite genomes.
Adding elite genome. Its fitness: 22.9603369565
Adding elite genome. Its fitness: 21.9603350026
Performing crossover and mutation in sequence.
Entering the loop.
Entering selection operator.
2 genomes requested.
Sorted?
1806.51682482 21.9603350026
Total rank fitness.
55
Partial sums.
[1, 3, 6, 10, 15, 21, 28, 36, 45, 55]
Random number: 32
Partial sum: 36
Genome index selected: 7
Random number: 34
Partial sum: 36
Genome index selected: 7
Selected genomes with rank selection.
[7, 7]
Parents selected.
[7, 7]
Attempting crossover and then mutation.
Attempting crossover first.
Crossover failed.
Attempting mutation second.
Attempting to mutate first cross offspring.
Mutation value before/after.
0.43967886628893793 0.4598682184728059
Mutation value before/after.
0.27998315238795524 0.4087459747036243
Mutation value before/after.
0.8957044596509883 0.7531967920057527
Attempting to mutate second cross offspring.
Mutation value before/after.
0.033181669808619474 0.033181669808619474
Mutation value before/after.
0.581826391543902 0.581826391543902
Mutation value before/after.
0.8470197063015144 0.8470197063015144
Mutation value before/after.
0.4486697899322068 0.4486697899322068
Offspring one only mutated.
Offspring two only mutated.
Returning offspring.
Adding first offspring.
Adding mutation offspring.
Adding second offspring.
Adding mutation offspring.
Entering selection operator.
2 genomes requested.
Sorted?
1806.51682482 21.9603350026
Total rank fitness.
55
Partial sums.
[1, 3, 6, 10, 15, 21, 28, 36, 45, 55]
Random number: 40
Partial sum: 45
Genome index selected: 8
Random number: 6
Partial sum: 6
Genome index selected: 2
Selected genomes with rank selection.
[8, 2]
Parents selected.
[8, 2]
Attempting crossover and then mutation.
Attempting crossover first.
Crossover point.
16
Attempting mutation second.
Attempting to mutate first cross offspring.
Mutation value before/after.
0.5651240658047502 1.0
Attempting to mutate second cross offspring.
Mutation value before/after.
0.8108317999555478 0.3983734338670595
Mutation value before/after.
0.10052004104853762 0.8495066190365377
Returning offspring.
Adding first offspring.
Adding crossed over and mutated offspring.
Adding second offspring.
Adding crossed over and mutated offspring.
Entering selection operator.
2 genomes requested.
Sorted?
1806.51682482 21.9603350026
Total rank fitness.
55
Partial sums.
[1, 3, 6, 10, 15, 21, 28, 36, 45, 55]
Random number: 8
Partial sum: 10
Genome index selected: 3
Random number: 52
Partial sum: 55
Genome index selected: 9
Selected genomes with rank selection.
[3, 9]
Parents selected.
[3, 9]
Attempting crossover and then mutation.
Attempting crossover first.
Crossover point.
1
Attempting mutation second.
Attempting to mutate first cross offspring.
Mutation value before/after.
0.3983734338670595 0.6014386136227663
Mutation value before/after.
0.9547862302557377 0.9828593117258576
Mutation value before/after.
0.287941534862721 0.0
Mutation value before/after.
0.10052004104853762 0.0
Mutation value before/after.
0.8707068386350876 0.4153120912763455
Mutation value before/after.
0.576698779263258 0.6642782480584437
Attempting to mutate second cross offspring.
Mutation value before/after.
0.8108317999555478 0.6014386136227663
Mutation value before/after.
0.3080647919771382 0.7296980235386173
Returning offspring.
Adding first offspring.
Adding crossed over and mutated offspring.
Adding second offspring.
Adding crossed over and mutated offspring.
Entering selection operator.
2 genomes requested.
Sorted?
1806.51682482 21.9603350026
Total rank fitness.
55
Partial sums.
[1, 3, 6, 10, 15, 21, 28, 36, 45, 55]
Random number: 45
Partial sum: 45
Genome index selected: 8
Random number: 5
Partial sum: 6
Genome index selected: 2
Selected genomes with rank selection.
[8, 2]
Parents selected.
[8, 2]
Attempting crossover and then mutation.
Attempting crossover first.
Crossover point.
12
Attempting mutation second.
Attempting to mutate first cross offspring.
Mutation value before/after.
0.5393143741155574 0.8689406131872425
Mutation value before/after.
0.48414201577499305 0.3341554973834349
Mutation value before/after.
0.10052004104853762 0.0
Mutation value before/after.
0.17409870211429912 0.018063066987707932
Attempting to mutate second cross offspring.
Mutation value before/after.
0.8108317999555478 0.3983734338670595
Mutation value before/after.
0.2129328334634611 0.7512189988515262
Mutation value before/after.
0.20077664059555334 0.4756480191936202
Returning offspring.
Adding first offspring.
Adding crossed over and mutated offspring.
Adding second offspring.
Adding crossed over and mutated offspring.
Observed cross/mut rates.
0.75 1.0
Setting the current genome to 0.
Current genome.
(3, 4, 0.0, 0.0, [0.5393143741155574, 0.5651240658047502, 0.11175811342185174, 0.3983734338670595, 0.21478718420289478, 0.48414201577499305, 0.2328163052641462, 0.3053251568201417, 0.08796877442363193, 0.4906384914477584, 0.3080647919771382, 0.538157514250434, 0.8495066190365377, 0.19039247857684283, 0.2129328334634611, 1.0, 0.20077664059555334, 0.6779704211142618])
Populating the physics engine parameters.
Genome genes.
[0.5393143741155574, 0.5651240658047502, 0.11175811342185174, 0.3983734338670595, 0.21478718420289478, 0.48414201577499305, 0.2328163052641462, 0.3053251568201417, 0.08796877442363193, 0.4906384914477584, 0.3080647919771382, 0.538157514250434, 0.8495066190365377, 0.19039247857684283, 0.2129328334634611, 1.0, 0.20077664059555334, 0.6779704211142618]
Setting gravity.
5393.1437411555735
Setting sub steps.
3
Setting FPS.
1144
Setting use material physics.
False
Setting material friction.
48.414201577499306
Setting material elasticity.
0.2328163052641462
Setting mass.
4906.39000809267
Setting form factor.
0.3080647919771382
Setting velocity max.
538.157514250434
Setting damping translation.
0.8495066190365377
Setting rotation damping.
0.19039247857684283
Setting collision bounds type.
TRIANGLE_MESH
Setting torque-z.
67.79704211142618
Starting the game engine.
Game engine stopped.
Getting genome P and P'.
x_pos , y_pos , z_pos , x_ori , y_ori , z_ori, s/e_tim
[1.7267729468528614e-07, 0.0, 0.0, 0.0, 0.0, 0.0, 1395092961356.7402]
[1.7267729468528614e-07, 2.618413001108035e-24, 3.4734642245792813e-09, -6.623954878019463e-16, -1.0353846668920141e-09, 3.4291093296665315e-25, 1395092965387.4998]
Calculating genome fitness.
Point.
[1.7267729468528614e-07, 2.618413001108035e-24, 3.4291093296665315e-25]
Genome mahalanobis distance.
19.9320430067
Penalties.
Elapsed time > 1 seconds: 3.0307595214843754
X rotation: 6.623954878019463e-16
Y rotation: 1.0353846668920141e-09
Z translation: 3.4734642245792813e-09
Genome fitness.
22.9628025327
Increasing current genome count.
1
Current genome.
(4, 4, 0.0, 0.0, [0.5393143741155574, 0.5651240658047502, 0.07905436946017441, 0.3983734338670595, 0.48192379301532695, 0.860196543255836, 0.3002671626811433, 0.6716118071222481, 0.9547862302557377, 0.5528754425777419, 0.7296980235386173, 0.287941534862721, 0.10052004104853762, 0.17409870211429912, 0.8230507762234406, 0.8707068386350876, 0.4756480191936202, 0.576698779263258])
Populating the physics engine parameters.
Genome genes.
[0.5393143741155574, 0.5651240658047502, 0.07905436946017441, 0.3983734338670595, 0.48192379301532695, 0.860196543255836, 0.3002671626811433, 0.6716118071222481, 0.9547862302557377, 0.5528754425777419, 0.7296980235386173, 0.287941534862721, 0.10052004104853762, 0.17409870211429912, 0.8230507762234406, 0.8707068386350876, 0.4756480191936202, 0.576698779263258]
Setting gravity.
5393.1437411555735
Setting sub steps.
3
Setting FPS.
818
Setting use material physics.
False
Setting material friction.
86.0196543255836
Setting material elasticity.
0.3002671626811433
Setting mass.
5528.758897022994
Setting form factor.
0.7296980235386173
Setting velocity max.
287.941534862721
Setting damping translation.
0.10052004104853762
Setting rotation damping.
0.17409870211429912
Setting collision bounds type.
CONVEX_HULL
Setting torque-z.
57.669877926325796
Starting the game engine.
Game engine stopped.
Getting genome P and P'.
x_pos , y_pos , z_pos , x_ori , y_ori , z_ori, s/e_tim
[1.7267729468528614e-07, 0.0, 0.0, 0.0, 0.0, 0.0, 1395092965474.061]
[1.7267729468528614e-07, -3.9330050797138996e-23, 0.0, -2.4110470971073703e-15, -3.768686251959252e-09, 4.543127655966971e-24, 1395092968506.057]
Calculating genome fitness.
Point.
[1.7267729468528614e-07, -3.9330050797138996e-23, 4.543127655966971e-24]
Genome mahalanobis distance.
19.9320430067
Penalties.
Elapsed time > 1 seconds: 2.031995849609375
X rotation: 2.4110470971073703e-15
Y rotation: 3.768686251959252e-09
Z translation: 0.0
Genome fitness.
21.9640388601
Increasing current genome count.
2
Current genome.
(4, 2, 0.0, 23.458592822635065, [0.7764590757847297, 0.4598682184728059, 0.11931836109686844, 0.18038599197964, 0.09540797219990627, 0.13658332575898247, 0.5620989193142143, 0.033181669808619474, 0.542621281036472, 0.581826391543902, 0.8862047175919374, 0.8470197063015144, 0.42238335016620365, 0.7068265184579743, 0.4087459747036243, 0.7531967920057527, 0.4486697899322068, 0.576698779263258])
Populating the physics engine parameters.
Genome genes.
[0.7764590757847297, 0.4598682184728059, 0.11931836109686844, 0.18038599197964, 0.09540797219990627, 0.13658332575898247, 0.5620989193142143, 0.033181669808619474, 0.542621281036472, 0.581826391543902, 0.8862047175919374, 0.8470197063015144, 0.42238335016620365, 0.7068265184579743, 0.4087459747036243, 0.7531967920057527, 0.4486697899322068, 0.576698779263258]
Setting gravity.
7764.590757847297
Setting sub steps.
2
Setting FPS.
1219
Setting use material physics.
False
Setting material friction.
13.658332575898246
Setting material elasticity.
0.5620989193142143
Setting mass.
5818.268097175105
Setting form factor.
0.8862047175919374
Setting velocity max.
847.0197063015144
Setting damping translation.
0.42238335016620365
Setting rotation damping.
0.7068265184579743
Setting collision bounds type.
CONVEX_HULL
Setting torque-z.
57.669877926325796
Starting the game engine.
Game engine stopped.
Getting genome P and P'.
x_pos , y_pos , z_pos , x_ori , y_ori , z_ori, s/e_tim
[1.7267729468528614e-07, 0.0, 0.0, 0.0, 0.0, 0.0, 1395092968592.0212]
[1.7267729468528614e-07, -4.203284110022657e-23, 9.779269061205298e-09, 9.551753376961514e-16, 1.4930259251144662e-09, 7.13010006335555e-25, 1395092973122.9302]
Calculating genome fitness.
Point.
[1.7267729468528614e-07, -4.203284110022657e-23, 7.13010006335555e-25]
Genome mahalanobis distance.
19.9320430067
Penalties.
Elapsed time > 1 seconds: 3.530908935546875
X rotation: 9.551753376961514e-16
Y rotation: 1.4930259251144662e-09
Z translation: 9.779269061205298e-09
Genome fitness.
23.4629519535
Increasing current genome count.
3
Current genome.
(4, 2, 0.0, 23.458592822635065, [0.7764590757847297, 0.43967886628893793, 0.11931836109686844, 0.18038599197964, 0.09540797219990627, 0.13658332575898247, 0.5620989193142143, 0.2146831222941235, 0.542621281036472, 0.5192002950947222, 0.8862047175919374, 0.6645424480676461, 0.42238335016620365, 0.7068265184579743, 0.27998315238795524, 0.8957044596509883, 0.718260452625665, 0.576698779263258])
Populating the physics engine parameters.
Genome genes.
[0.7764590757847297, 0.43967886628893793, 0.11931836109686844, 0.18038599197964, 0.09540797219990627, 0.13658332575898247, 0.5620989193142143, 0.2146831222941235, 0.542621281036472, 0.5192002950947222, 0.8862047175919374, 0.6645424480676461, 0.42238335016620365, 0.7068265184579743, 0.27998315238795524, 0.8957044596509883, 0.718260452625665, 0.576698779263258]
Setting gravity.
7764.590757847297
Setting sub steps.
2
Setting FPS.
1219
Setting use material physics.
False
Setting material friction.
13.658332575898246
Setting material elasticity.
0.5620989193142143
Setting mass.
5192.007758944271
Setting form factor.
0.8862047175919374
Setting velocity max.
664.5424480676461
Setting damping translation.
0.42238335016620365
Setting rotation damping.
0.7068265184579743
Setting collision bounds type.
SPHERE
Setting torque-z.
57.669877926325796
Starting the game engine.
Game engine stopped.
Getting genome P and P'.
x_pos , y_pos , z_pos , x_ori , y_ori , z_ori, s/e_tim
[1.7267729468528614e-07, 0.0, 0.0, 0.0, 0.0, 0.0, 1395092973210.2627]
[12.031836062669754, -0.017706888320390135, -0.07031101849861443, -0.0005105890450067818, -8.093094947980717e-05, -0.002519932109862566, 1395092989239.5486]
Calculating genome fitness.
Point.
[12.031836062669754, -0.017706888320390135, -0.002519932109862566]
Genome mahalanobis distance.
9.94389125376
Penalties.
Elapsed time > 1 seconds: 15.029285888671875
X rotation: 0.0005105890450067818
Y rotation: 8.093094947980717e-05
Z translation: 0.07031101849861443
Genome fitness.
25.0440796809
Increasing current genome count.
4
Current genome.
(3, 3, 0.0, 24.29377497147896, [0.5393143741155574, 1.0, 0.11175811342185174, 0.3983734338670595, 0.21478718420289478, 0.48414201577499305, 0.2328163052641462, 0.3053251568201417, 0.08796877442363193, 0.4906384914477584, 0.3080647919771382, 0.538157514250434, 0.8495066190365377, 0.19039247857684283, 0.2129328334634611, 1.0, 0.4756480191936202, 0.576698779263258])
Populating the physics engine parameters.
Genome genes.
[0.5393143741155574, 1.0, 0.11175811342185174, 0.3983734338670595, 0.21478718420289478, 0.48414201577499305, 0.2328163052641462, 0.3053251568201417, 0.08796877442363193, 0.4906384914477584, 0.3080647919771382, 0.538157514250434, 0.8495066190365377, 0.19039247857684283, 0.2129328334634611, 1.0, 0.4756480191936202, 0.576698779263258]
Setting gravity.
5393.1437411555735
Setting sub steps.
5
Setting FPS.
1144
Setting use material physics.
False
Setting material friction.
48.414201577499306
Setting material elasticity.
0.2328163052641462
Setting mass.
4906.39000809267
Setting form factor.
0.3080647919771382
Setting velocity max.
538.157514250434
Setting damping translation.
0.8495066190365377
Setting rotation damping.
0.19039247857684283
Setting collision bounds type.
CONVEX_HULL
Setting torque-z.
57.669877926325796
Starting the game engine.
Game engine stopped.
Getting genome P and P'.
x_pos , y_pos , z_pos , x_ori , y_ori , z_ori, s/e_tim
[1.7267729468528614e-07, 0.0, 0.0, 0.0, 0.0, 0.0, 1395092989323.4224]
[1.7267729468528614e-07, -7.65692016138282e-26, 3.1261174204821884e-09, -1.7951524938823785e-17, -2.805985305220915e-11, 2.534331936042893e-28, 1395092993356.4724]
Calculating genome fitness.
Point.
[1.7267729468528614e-07, -7.65692016138282e-26, 2.534331936042893e-28]
Genome mahalanobis distance.
19.9320430067
Penalties.
Elapsed time > 1 seconds: 3.033050048828125
X rotation: 1.7951524938823785e-17
Y rotation: 2.805985305220915e-11
Z translation: 3.1261174204821884e-09
Genome fitness.
22.9650930587
Increasing current genome count.
5
Current genome.
(3, 3, 0.0, 33.627841076355359, [0.8711289035867922, 0.33229283249955865, 0.567753907494965, 0.9538313245745477, 0.48192379301532695, 0.860196543255836, 0.3002671626811433, 0.6716118071222481, 0.9547862302557377, 0.5528754425777419, 0.7296980235386173, 0.287941534862721, 0.06855761864262898, 0.17409870211429912, 0.7512189988515262, 0.8707068386350876, 0.20077664059555334, 0.6779704211142618])
Populating the physics engine parameters.
Genome genes.
[0.8711289035867922, 0.33229283249955865, 0.567753907494965, 0.9538313245745477, 0.48192379301532695, 0.860196543255836, 0.3002671626811433, 0.6716118071222481, 0.9547862302557377, 0.5528754425777419, 0.7296980235386173, 0.287941534862721, 0.06855761864262898, 0.17409870211429912, 0.7512189988515262, 0.8707068386350876, 0.20077664059555334, 0.6779704211142618]
Setting gravity.
8711.289035867921
Setting sub steps.
2
Setting FPS.
5690
Setting use material physics.
False
Setting material friction.
86.0196543255836
Setting material elasticity.
0.3002671626811433
Setting mass.
5528.758897022994
Setting form factor.
0.7296980235386173
Setting velocity max.
287.941534862721
Setting damping translation.
0.06855761864262898
Setting rotation damping.
0.17409870211429912
Setting collision bounds type.
TRIANGLE_MESH
Setting torque-z.
67.79704211142618
Starting the game engine.
