Max torque.
100.0
Connecting to the database.
Starting the GA manager.
Setting the GA parameters. PS MG NE CP MP URS PCMS USA.
10
100
2
0.5
0.5
False
False
True
Creating a random GA population.
Generating random population.
Genome: 0
Random gene: 0
0.4988968042255778
Random gene: 1
0.7105122877548837
Random gene: 2
0.5628068439162233
Random gene: 3
0.9288245487660886
Random gene: 4
0.46484457566823223
Random gene: 5
0.8261053762189302
Random gene: 6
0.6364143656355864
Random gene: 7
0.21226809453985918
Random gene: 8
0.06570387741226058
Random gene: 9
0.045610943345628874
Random gene: 10
0.9268057412377403
Random gene: 11
0.24937927690829398
Random gene: 12
0.8044741809229102
Random gene: 13
0.3457887175306349
Random gene: 14
0.41520623495212317
Random gene: 15
0.12904769136068683
Random gene: 16
0.3069733612065021
Random gene: 17
0.9319109008535696
Genome: 1
Random gene: 0
0.31237829821305096
Random gene: 1
0.5523670228329423
Random gene: 2
0.7616774153314275
Random gene: 3
0.3224141919623824
Random gene: 4
0.8905494590728102
Random gene: 5
0.8487591663630234
Random gene: 6
0.9518510450018128
Random gene: 7
0.9132261468273262
Random gene: 8
0.9163897946004269
Random gene: 9
0.8593679280646496
Random gene: 10
0.017519231236807764
Random gene: 11
0.920569322379194
Random gene: 12
0.46991669174765505
Random gene: 13
0.7203881853876614
Random gene: 14
0.3226596318935866
Random gene: 15
0.6806985469014081
Random gene: 16
0.7193438274630777
Random gene: 17
0.9681207596628401
Genome: 2
Random gene: 0
0.9912972406074392
Random gene: 1
0.06020141085406838
Random gene: 2
0.5920863662638688
Random gene: 3
0.9104944801620319
Random gene: 4
0.663327304595193
Random gene: 5
0.05969112175582525
Random gene: 6
0.9788525519517156
Random gene: 7
0.21530324488033126
Random gene: 8
0.7411806341491732
Random gene: 9
0.3525313642138965
Random gene: 10
0.0978977468407849
Random gene: 11
0.08808186571977716
Random gene: 12
0.097160355553632
Random gene: 13
0.8361902936601552
Random gene: 14
0.5610204874135413
Random gene: 15
0.13997878318982715
Random gene: 16
0.20332371687727413
Random gene: 17
0.2565653066077034
Genome: 3
Random gene: 0
0.07117379349118347
Random gene: 1
0.1919539326784846
Random gene: 2
0.7612501585631594
Random gene: 3
0.79374694202521
Random gene: 4
0.07639260364591105
Random gene: 5
0.9899143828981214
Random gene: 6
0.062023377814286684
Random gene: 7
0.3531554738413921
Random gene: 8
0.6289323079927355
Random gene: 9
0.895980474961126
Random gene: 10
0.5703496318719289
Random gene: 11
0.9156210942112443
Random gene: 12
0.49294586884421354
Random gene: 13
0.6958560469790529
Random gene: 14
0.603577936482149
Random gene: 15
0.6476094184701213
Random gene: 16
0.9001112090704692
Random gene: 17
0.11874511371027696
Genome: 4
Random gene: 0
0.889215536725539
Random gene: 1
0.9365545269004941
Random gene: 2
0.46179637952853103
Random gene: 3
0.7622336720755549
Random gene: 4
0.3469402828396385
Random gene: 5
0.35918071480368385
Random gene: 6
0.2654327112399957
Random gene: 7
0.0015049785084990663
Random gene: 8
0.13473281776959678
Random gene: 9
0.3780819102996592
Random gene: 10
0.044714333996773825
Random gene: 11
0.6690518934906498
Random gene: 12
0.5994989009066061
Random gene: 13
0.20095504059471048
Random gene: 14
0.22414450839603983
Random gene: 15
0.8441768678344207
Random gene: 16
0.48996252114242467
Random gene: 17
0.8780675959671352
Genome: 5
Random gene: 0
0.36762467569000934
Random gene: 1
0.41875702853168195
Random gene: 2
0.9270087807602667
Random gene: 3
0.8141881631806217
Random gene: 4
0.901188278957632
Random gene: 5
0.6390033564928247
Random gene: 6
0.7931789126633687
Random gene: 7
0.9417411943001376
Random gene: 8
0.8046048144210604
Random gene: 9
0.68266273118442
Random gene: 10
0.43013943287118517
Random gene: 11
0.3299286821982683
Random gene: 12
0.049120844625985205
Random gene: 13
0.3702844076616758
Random gene: 14
0.22503212936264172
Random gene: 15
0.8508275145191972
Random gene: 16
0.49125734715363967
Random gene: 17
0.8886654400281602
Genome: 6
Random gene: 0
0.28336301410683007
Random gene: 1
0.1397232306857089
Random gene: 2
0.6188096866932595
Random gene: 3
0.34177720468009665
Random gene: 4
0.3532481502367695
Random gene: 5
0.4534831281422661
Random gene: 6
0.2670798469805915
Random gene: 7
0.28651972903119793
Random gene: 8
0.5969301066053108
Random gene: 9
0.5188321086021985
Random gene: 10
0.5064790892134563
Random gene: 11
0.0668935503494088
Random gene: 12
0.5773408702959546
Random gene: 13
0.2141697437583575
Random gene: 14
0.20957383207515712
Random gene: 15
0.48982642643939356
Random gene: 16
0.11428765384297623
Random gene: 17
0.12344653660568661
Genome: 7
Random gene: 0
0.9529419759716514
Random gene: 1
0.6440801226221832
Random gene: 2
0.5402699446016794
Random gene: 3
0.5148640267481304
Random gene: 4
0.48011920850608203
Random gene: 5
0.18541773147939333
Random gene: 6
0.48727581330431413
Random gene: 7
0.8037162556008572
Random gene: 8
0.28686660007539855
Random gene: 9
0.04092143457906039
Random gene: 10
0.20275546242341125
Random gene: 11
0.8436423951944053
Random gene: 12
0.42266636674514035
Random gene: 13
0.980399198711825
Random gene: 14
0.0054787312053715675
Random gene: 15
0.398030823819691
Random gene: 16
0.5662357352921816
Random gene: 17
0.45080651651383974
Genome: 8
Random gene: 0
0.0632249669701993
Random gene: 1
0.8658782730669433
Random gene: 2
0.1792839717890069
Random gene: 3
0.008162428710614122
Random gene: 4
0.27057540193146323
Random gene: 5
0.7138510356773635
Random gene: 6
0.04375608269635223
Random gene: 7
0.22243273672202724
Random gene: 8
0.2012408751453192
Random gene: 9
0.7844925434598622
Random gene: 10
0.2637859423211959
Random gene: 11
0.6802374790091807
Random gene: 12
0.4860038227242345
Random gene: 13
0.09950379097090267
Random gene: 14
0.8429507009614677
Random gene: 15
0.14359070107018534
Random gene: 16
0.9646291330171571
Random gene: 17
0.6447990695703172
Genome: 9
Random gene: 0
0.7700410122529893
Random gene: 1
0.6422200064325241
Random gene: 2
0.9363348030025147
Random gene: 3
0.5328977312127846
Random gene: 4
0.19546288540387302
Random gene: 5
0.09268500030707438
Random gene: 6
0.7157016442890276
Random gene: 7
0.5638837485886901
Random gene: 8
0.8174493902508739
Random gene: 9
0.9482717218875802
Random gene: 10
0.20455627052052217
Random gene: 11
0.28116253800274327
Random gene: 12
0.43999522804959723
Random gene: 13
0.35806799137514467
Random gene: 14
0.9015069295643798
Random gene: 15
0.7879083338451094
Random gene: 16
0.49685197103257206
Random gene: 17
0.5996934045554096
Population metrics. T H L A Fi Wi.
0.0
0.0
0.0
0.0
0
0
Setting the current genome to 0.
Entering loop.
Current genome.
(0, 0, 0.0, 0.0, [0.4988968042255778, 0.7105122877548837, 0.5628068439162233, 0.9288245487660886, 0.46484457566823223, 0.8261053762189302, 0.6364143656355864, 0.21226809453985918, 0.06570387741226058, 0.045610943345628874, 0.9268057412377403, 0.24937927690829398, 0.8044741809229102, 0.3457887175306349, 0.41520623495212317, 0.12904769136068683, 0.3069733612065021, 0.9319109008535696])
Populating the physics engine parameters.
Genome genes.
[0.4988968042255778, 0.7105122877548837, 0.5628068439162233, 0.9288245487660886, 0.46484457566823223, 0.8261053762189302, 0.6364143656355864, 0.21226809453985918, 0.06570387741226058, 0.045610943345628874, 0.9268057412377403, 0.24937927690829398, 0.8044741809229102, 0.3457887175306349, 0.41520623495212317, 0.12904769136068683, 0.3069733612065021, 0.9319109008535696]
Setting gravity.
7.483452063383667
Setting sub steps.
3
Setting FPS.
5641
Setting material friction.
82.61053762189302
Setting material elasticity.
0.6364143656355864
Setting mass.
0.6937080407509768
Setting velocity max.
249.37927690829397
Setting damping translation.
0.8044741809229102
Setting rotation damping.
0.3457887175306349
Setting collision bounds type.
CONVEX_HULL
Setting torque_z.
93.19109008535696
Starting the game engine.
Game engine stopped.
Getting genome P and P'.
x_pos , y_pos , z_pos , x_ori , y_ori , z_ori, s/e_tim
[1.7267729468528614e-07, 0.0, 0.0, 0.0, 0.0, 0.0, 1395244851267.4631]
[23.899787664413452, -0.6482378114014864, 0.0, 0.0033672235440462828, 0.01073855347931385, 0.12178302556276321, 1395244867300.0818]
Calculating genome fitness.
Point.
[23.899787664413452, -0.6482378114014864, 0.12178302556276321]
Genome mahalanobis distance.
3.77506965176
Penalties.
Elapsed time > 1 seconds: 15.03261865234375
X rotation: 0.0033672235440462828
Y rotation: 0.01073855347931385
Z translation: 0.0
Genome fitness.
18.8217940811
Increasing current genome count.
1
Current genome.
(1, 0, 0.0, 0.0, [0.31237829821305096, 0.5523670228329423, 0.7616774153314275, 0.3224141919623824, 0.8905494590728102, 0.8487591663630234, 0.9518510450018128, 0.9132261468273262, 0.9163897946004269, 0.8593679280646496, 0.017519231236807764, 0.920569322379194, 0.46991669174765505, 0.7203881853876614, 0.3226596318935866, 0.6806985469014081, 0.7193438274630777, 0.9681207596628401])
Populating the physics engine parameters.
Genome genes.
[0.31237829821305096, 0.5523670228329423, 0.7616774153314275, 0.3224141919623824, 0.8905494590728102, 0.8487591663630234, 0.9518510450018128, 0.9132261468273262, 0.9163897946004269, 0.8593679280646496, 0.017519231236807764, 0.920569322379194, 0.46991669174765505, 0.7203881853876614, 0.3226596318935866, 0.6806985469014081, 0.7193438274630777, 0.9681207596628401]
Setting gravity.
4.685674473195764
Setting sub steps.
3
Setting FPS.
7623
Setting material friction.
84.87591663630234
Setting material elasticity.
0.9518510450018128
Setting mass.
12.891925241689098
Setting velocity max.
920.569322379194
Setting damping translation.
0.46991669174765505
Setting rotation damping.
0.7203881853876614
Setting collision bounds type.
CYLINDER
Setting torque_z.
96.812075966284
Starting the game engine.
Game engine stopped.
Getting genome P and P'.
x_pos , y_pos , z_pos , x_ori , y_ori , z_ori, s/e_tim
[1.7267729468528614e-07, 0.0, 0.0, 0.0, 0.0, 0.0, 1395244867383.4885]
[0.2987772924825549, 0.0885091838426888, 0.0, -0.0011920782271772623, 0.0008865445852279663, -0.10904671251773834, 1395244883416.1255]
Calculating genome fitness.
Point.
[0.2987772924825549, 0.0885091838426888, -0.10904671251773834]
Genome mahalanobis distance.
19.7703193565
Penalties.
Elapsed time > 1 seconds: 15.032636962890624
X rotation: 0.0011920782271772623
Y rotation: 0.0008865445852279663
Z translation: 0.0
Genome fitness.
34.8050349422
Increasing current genome count.
2
Current genome.
(2, 0, 0.0, 0.0, [0.9912972406074392, 0.06020141085406838, 0.5920863662638688, 0.9104944801620319, 0.663327304595193, 0.05969112175582525, 0.9788525519517156, 0.21530324488033126, 0.7411806341491732, 0.3525313642138965, 0.0978977468407849, 0.08808186571977716, 0.097160355553632, 0.8361902936601552, 0.5610204874135413, 0.13997878318982715, 0.20332371687727413, 0.2565653066077034])
Populating the physics engine parameters.
Genome genes.
[0.9912972406074392, 0.06020141085406838, 0.5920863662638688, 0.9104944801620319, 0.663327304595193, 0.05969112175582525, 0.9788525519517156, 0.21530324488033126, 0.7411806341491732, 0.3525313642138965, 0.0978977468407849, 0.08808186571977716, 0.097160355553632, 0.8361902936601552, 0.5610204874135413, 0.13997878318982715, 0.20332371687727413, 0.2565653066077034]
Setting gravity.
14.869458609111588
Setting sub steps.
1
Setting FPS.
5933
Setting material friction.
5.969112175582525
Setting material elasticity.
0.9788525519517156
Setting mass.
5.294445149566309
Setting velocity max.
88.08186571977717
Setting damping translation.
0.097160355553632
Setting rotation damping.
0.8361902936601552
Setting collision bounds type.
TRIANGLE_MESH
Setting torque_z.
25.656530660770336
Starting the game engine.
Game engine stopped.
Getting genome P and P'.
x_pos , y_pos , z_pos , x_ori , y_ori , z_ori, s/e_tim
[1.7267729468528614e-07, 0.0, 0.0, 0.0, 0.0, 0.0, 1395244883501.7527]
[0.078671018127352, 0.7702218368649483, 0.0, 0.0007156588835641742, -0.0025029892567545176, -0.01638953387737274, 1395244899031.6814]
Calculating genome fitness.
Point.
[0.078671018127352, 0.7702218368649483, -0.01638953387737274]
Genome mahalanobis distance.
19.9131981988
Penalties.
Elapsed time > 1 seconds: 14.5299287109375
X rotation: 0.0007156588835641742
Y rotation: 0.0025029892567545176
Z translation: 0.0
Genome fitness.
34.4463455579
Increasing current genome count.
3
Current genome.
(3, 0, 0.0, 0.0, [0.07117379349118347, 0.1919539326784846, 0.7612501585631594, 0.79374694202521, 0.07639260364591105, 0.9899143828981214, 0.062023377814286684, 0.3531554738413921, 0.6289323079927355, 0.895980474961126, 0.5703496318719289, 0.9156210942112443, 0.49294586884421354, 0.6958560469790529, 0.603577936482149, 0.6476094184701213, 0.9001112090704692, 0.11874511371027696])
Populating the physics engine parameters.
Genome genes.
[0.07117379349118347, 0.1919539326784846, 0.7612501585631594, 0.79374694202521, 0.07639260364591105, 0.9899143828981214, 0.062023377814286684, 0.3531554738413921, 0.6289323079927355, 0.895980474961126, 0.5703496318719289, 0.9156210942112443, 0.49294586884421354, 0.6958560469790529, 0.603577936482149, 0.6476094184701213, 0.9001112090704692, 0.11874511371027696]
Setting gravity.
1.0676069023677521
Setting sub steps.
1
Setting FPS.
7619
Setting material friction.
98.99143828981214
Setting material elasticity.
0.062023377814286684
Setting mass.
13.44074731966728
Setting velocity max.
915.6210942112442
Setting damping translation.
0.49294586884421354
Setting rotation damping.
0.6958560469790529
Setting collision bounds type.
SPHERE
Setting torque_z.
11.874511371027696
Starting the game engine.
Game engine stopped.
Getting genome P and P'.
x_pos , y_pos , z_pos , x_ori , y_ori , z_ori, s/e_tim
[1.7267729468528614e-07, 0.0, 0.0, 0.0, 0.0, 0.0, 1395244899117.5022]
[0.16768842469900846, 0.004144285048823804, 0.0, -0.026585638523101807, 0.003952160011976957, 0.0362873300909996, 1395244912148.3933]
Calculating genome fitness.
Point.
[0.16768842469900846, 0.004144285048823804, 0.0362873300909996]
Genome mahalanobis distance.
19.8524213372
Penalties.
Elapsed time > 1 seconds: 12.03089111328125
X rotation: 0.026585638523101807
Y rotation: 0.003952160011976957
Z translation: 0.0
Genome fitness.
31.913850249
Increasing current genome count.
4
Current genome.
(4, 0, 0.0, 0.0, [0.889215536725539, 0.9365545269004941, 0.46179637952853103, 0.7622336720755549, 0.3469402828396385, 0.35918071480368385, 0.2654327112399957, 0.0015049785084990663, 0.13473281776959678, 0.3780819102996592, 0.044714333996773825, 0.6690518934906498, 0.5994989009066061, 0.20095504059471048, 0.22414450839603983, 0.8441768678344207, 0.48996252114242467, 0.8780675959671352])
Populating the physics engine parameters.
Genome genes.
[0.889215536725539, 0.9365545269004941, 0.46179637952853103, 0.7622336720755549, 0.3469402828396385, 0.35918071480368385, 0.2654327112399957, 0.0015049785084990663, 0.13473281776959678, 0.3780819102996592, 0.044714333996773825, 0.6690518934906498, 0.5994989009066061, 0.20095504059471048, 0.22414450839603983, 0.8441768678344207, 0.48996252114242467, 0.8780675959671352]
Setting gravity.
13.338233050883085
Setting sub steps.
4
Setting FPS.
4634
Setting material friction.
35.91807148036838
Setting material elasticity.
0.2654327112399957
Setting mass.
5.677447835391892
Setting velocity max.
669.0518934906497
Setting damping translation.
0.5994989009066061
Setting rotation damping.
0.20095504059471048
Setting collision bounds type.
CONVEX_HULL
Setting torque_z.
87.80675959671352
Starting the game engine.
Game engine stopped.
Getting genome P and P'.
x_pos , y_pos , z_pos , x_ori , y_ori , z_ori, s/e_tim
[1.7267729468528614e-07, 0.0, 0.0, 0.0, 0.0, 0.0, 1395244912234.1697]
[-1.4407402835786343, 0.3000199329108, 0.0, -0.006251574028283358, 0.006319754756987095, 0.23787744343280792, 1395244928267.4492]
Calculating genome fitness.
Point.
[-1.4407402835786343, 0.3000199329108, 0.23787744343280792]
Genome mahalanobis distance.
22.1949561072
Penalties.
Elapsed time > 1 seconds: 15.033279541015624
X rotation: 0.006251574028283358
Y rotation: 0.006319754756987095
Z translation: 0.0
Genome fitness.
37.240806977
Increasing current genome count.
5
Current genome.
(5, 0, 0.0, 0.0, [0.36762467569000934, 0.41875702853168195, 0.9270087807602667, 0.8141881631806217, 0.901188278957632, 0.6390033564928247, 0.7931789126633687, 0.9417411943001376, 0.8046048144210604, 0.68266273118442, 0.43013943287118517, 0.3299286821982683, 0.049120844625985205, 0.3702844076616758, 0.22503212936264172, 0.8508275145191972, 0.49125734715363967, 0.8886654400281602])
Populating the physics engine parameters.
Genome genes.
[0.36762467569000934, 0.41875702853168195, 0.9270087807602667, 0.8141881631806217, 0.901188278957632, 0.6390033564928247, 0.7931789126633687, 0.9417411943001376, 0.8046048144210604, 0.68266273118442, 0.43013943287118517, 0.3299286821982683, 0.049120844625985205, 0.3702844076616758, 0.22503212936264172, 0.8508275145191972, 0.49125734715363967, 0.8886654400281602]
Setting gravity.
5.51437013535014
Setting sub steps.
2
Setting FPS.
9272
Setting material friction.
63.90033564928247
Setting material elasticity.
0.7931789126633687
Setting mass.
10.243114340454456
Setting velocity max.
329.92868219826835
Setting damping translation.
0.049120844625985205
Setting rotation damping.
0.3702844076616758
Setting collision bounds type.
CONVEX_HULL
Setting torque_z.
88.86654400281601
Starting the game engine.
Game engine stopped.
Getting genome P and P'.
x_pos , y_pos , z_pos , x_ori , y_ori , z_ori, s/e_tim
[1.7267729468528614e-07, 0.0, 0.0, 0.0, 0.0, 0.0, 1395244928352.0286]
[-4.671560227870941, 0.273617054335773, 0.0, -0.007162654306739569, 0.003411343088373542, 0.00881730206310749, 1395244944383.431]
Calculating genome fitness.
Point.
[-4.671560227870941, 0.273617054335773, 0.00881730206310749]
Genome mahalanobis distance.
23.8357075096
Penalties.
Elapsed time > 1 seconds: 15.031402343749999
X rotation: 0.007162654306739569
Y rotation: 0.003411343088373542
Z translation: 0.0
Genome fitness.
38.8776838507
Increasing current genome count.
6
Current genome.
(6, 0, 0.0, 0.0, [0.28336301410683007, 0.1397232306857089, 0.6188096866932595, 0.34177720468009665, 0.3532481502367695, 0.4534831281422661, 0.2670798469805915, 0.28651972903119793, 0.5969301066053108, 0.5188321086021985, 0.5064790892134563, 0.0668935503494088, 0.5773408702959546, 0.2141697437583575, 0.20957383207515712, 0.48982642643939356, 0.11428765384297623, 0.12344653660568661])
Populating the physics engine parameters.
Genome genes.
[0.28336301410683007, 0.1397232306857089, 0.6188096866932595, 0.34177720468009665, 0.3532481502367695, 0.4534831281422661, 0.2670798469805915, 0.28651972903119793, 0.5969301066053108, 0.5188321086021985, 0.5064790892134563, 0.0668935503494088, 0.5773408702959546, 0.2141697437583575, 0.20957383207515712, 0.48982642643939356, 0.11428765384297623, 0.12344653660568661]
Setting gravity.
4.250445211602451
Setting sub steps.
1
Setting FPS.
6199
Setting material friction.
45.34831281422661
Setting material elasticity.
0.2670798469805915
Setting mass.
7.787293307946956
Setting velocity max.
66.8935503494088
Setting damping translation.
0.5773408702959546
Setting rotation damping.
0.2141697437583575
Setting collision bounds type.
TRIANGLE_MESH
Setting torque_z.
12.34465366056866
Starting the game engine.
Game engine stopped.
Getting genome P and P'.
x_pos , y_pos , z_pos , x_ori , y_ori , z_ori, s/e_tim
[1.7267729468528614e-07, 0.0, 0.0, 0.0, 0.0, 0.0, 1395244944468.3538]
[-0.46436055563390255, -0.3291337750852108, 0.0, 0.002207397250458598, -0.0026032980531454086, -0.01783229224383831, 1395244954999.5034]
Calculating genome fitness.
Point.
[-0.46436055563390255, -0.3291337750852108, -0.01783229224383831]
Genome mahalanobis distance.
20.2845623269
Penalties.
Elapsed time > 1 seconds: 9.531149658203125
X rotation: 0.002207397250458598
Y rotation: 0.0026032980531454086
Z translation: 0.0
Genome fitness.
29.8205226804
Increasing current genome count.
7
Current genome.
(7, 0, 0.0, 0.0, [0.9529419759716514, 0.6440801226221832, 0.5402699446016794, 0.5148640267481304, 0.48011920850608203, 0.18541773147939333, 0.48727581330431413, 0.8037162556008572, 0.28686660007539855, 0.04092143457906039, 0.20275546242341125, 0.8436423951944053, 0.42266636674514035, 0.980399198711825, 0.0054787312053715675, 0.398030823819691, 0.5662357352921816, 0.45080651651383974])
Populating the physics engine parameters.
Genome genes.
[0.9529419759716514, 0.6440801226221832, 0.5402699446016794, 0.5148640267481304, 0.48011920850608203, 0.18541773147939333, 0.48727581330431413, 0.8037162556008572, 0.28686660007539855, 0.04092143457906039, 0.20275546242341125, 0.8436423951944053, 0.42266636674514035, 0.980399198711825, 0.0054787312053715675, 0.398030823819691, 0.5662357352921816, 0.45080651651383974]
Setting gravity.
14.294129639574772
Setting sub steps.
3
Setting FPS.
5416
Setting material friction.
18.541773147939335
Setting material elasticity.
0.48727581330431413
Setting mass.
0.6234123043401153
Setting velocity max.
843.6423951944054
Setting damping translation.
0.42266636674514035
Setting rotation damping.
0.980399198711825
Setting collision bounds type.
CYLINDER
Setting torque_z.
45.080651651383974
Starting the game engine.
Game engine stopped.
Getting genome P and P'.
x_pos , y_pos , z_pos , x_ori , y_ori , z_ori, s/e_tim
[1.7267729468528614e-07, 0.0, 0.0, 0.0, 0.0, 0.0, 1395244955084.2837]
[15.438596904277802, -0.8737879805266857, 0.0, -0.0030436208471655846, -0.008480813354253769, -0.10488764941692352, 1395244971115.624]
Calculating genome fitness.
Point.
[15.438596904277802, -0.8737879805266857, -0.10488764941692352]
Genome mahalanobis distance.
7.30275138402
Penalties.
Elapsed time > 1 seconds: 15.031340332031249
X rotation: 0.0030436208471655846
Y rotation: 0.008480813354253769
Z translation: 0.0
Genome fitness.
22.3456161503
Increasing current genome count.
8
Current genome.
(8, 0, 0.0, 0.0, [0.0632249669701993, 0.8658782730669433, 0.1792839717890069, 0.008162428710614122, 0.27057540193146323, 0.7138510356773635, 0.04375608269635223, 0.22243273672202724, 0.2012408751453192, 0.7844925434598622, 0.2637859423211959, 0.6802374790091807, 0.4860038227242345, 0.09950379097090267, 0.8429507009614677, 0.14359070107018534, 0.9646291330171571, 0.6447990695703172])
Populating the physics engine parameters.
Genome genes.
[0.0632249669701993, 0.8658782730669433, 0.1792839717890069, 0.008162428710614122, 0.27057540193146323, 0.7138510356773635, 0.04375608269635223, 0.22243273672202724, 0.2012408751453192, 0.7844925434598622, 0.2637859423211959, 0.6802374790091807, 0.4860038227242345, 0.09950379097090267, 0.8429507009614677, 0.14359070107018534, 0.9646291330171571, 0.6447990695703172]
Setting gravity.
0.9483745045529896
Setting sub steps.
4
Setting FPS.
1817
Setting material friction.
71.38510356773635
Setting material elasticity.
0.04375608269635223
Setting mass.
11.769543226463334
Setting velocity max.
680.2374790091808
Setting damping translation.
0.4860038227242345
Setting rotation damping.
0.09950379097090267
Setting collision bounds type.
SPHERE
Setting torque_z.
64.47990695703172
Starting the game engine.
Game engine stopped.
Getting genome P and P'.
x_pos , y_pos , z_pos , x_ori , y_ori , z_ori, s/e_tim
[1.7267729468528614e-07, 0.0, 0.0, 0.0, 0.0, 0.0, 1395244971201.5103]
[22.334708273410797, 1.7377983778715134, 0.0, -0.029483823105692863, 0.0041926647536456585, 0.15671388804912567, 1395244987233.2344]
Calculating genome fitness.
Point.
[22.334708273410797, 1.7377983778715134, 0.15671388804912567]
Genome mahalanobis distance.
4.49607072899
Penalties.
Elapsed time > 1 seconds: 15.031724121093749
X rotation: 0.029483823105692863
Y rotation: 0.0041926647536456585
Z translation: 0.0
Genome fitness.
19.5614713379
Increasing current genome count.
9
Current genome.
(9, 0, 0.0, 0.0, [0.7700410122529893, 0.6422200064325241, 0.9363348030025147, 0.5328977312127846, 0.19546288540387302, 0.09268500030707438, 0.7157016442890276, 0.5638837485886901, 0.8174493902508739, 0.9482717218875802, 0.20455627052052217, 0.28116253800274327, 0.43999522804959723, 0.35806799137514467, 0.9015069295643798, 0.7879083338451094, 0.49685197103257206, 0.5996934045554096])
Populating the physics engine parameters.
Genome genes.
[0.7700410122529893, 0.6422200064325241, 0.9363348030025147, 0.5328977312127846, 0.19546288540387302, 0.09268500030707438, 0.7157016442890276, 0.5638837485886901, 0.8174493902508739, 0.9482717218875802, 0.20455627052052217, 0.28116253800274327, 0.43999522804959723, 0.35806799137514467, 0.9015069295643798, 0.7879083338451094, 0.49685197103257206, 0.5996934045554096]
Setting gravity.
11.55061518379484
Setting sub steps.
3
Setting FPS.
9365
Setting material friction.
9.268500030707438
Setting material elasticity.
0.7157016442890276
Setting mass.
14.224593111094828
Setting velocity max.
281.16253800274325
Setting damping translation.
0.43999522804959723
Setting rotation damping.
0.35806799137514467
Setting collision bounds type.
CONVEX_HULL
Setting torque_z.
59.969340455540966
Starting the game engine.
Game engine stopped.
Getting genome P and P'.
x_pos , y_pos , z_pos , x_ori , y_ori , z_ori, s/e_tim
[1.7267729468528614e-07, 0.0, 0.0, 0.0, 0.0, 0.0, 1395244987317.7788]
[6.555454432964325, -2.4675901979207993, 0.0, -0.007529073860496283, 0.00011981348507106304, -0.2191990464925766, 1395245003350.591]
Calculating genome fitness.
Point.
[6.555454432964325, -2.4675901979207993, -0.2191990464925766]
Genome mahalanobis distance.
15.0226339312
Penalties.
Elapsed time > 1 seconds: 15.032812255859376
X rotation: 0.007529073860496283
Y rotation: 0.00011981348507106304
Z translation: 0.0
Genome fitness.
30.0630950744
Increasing current genome count.
10
Evaluated all genomes in population.
Current generation number: 0
Updating population metrics.
Population metrics. T H L A Fi Wi.
316.718014982
18.8217940811
38.8776838507
31.6718014982
0
5
Storing population metrics in the database.
INSERT INTO `population_metrics` ( `generation_number`, `highest_fitness`, `average_fitness`, `lowest_fitness`, `crossover_probability`, `mutation_probability` ) VALUES( 0, 18.8217940811, 31.6718014982, 38.8776838507, 0.5, 0.5 );
Generating a new generation.
Creating a new generation.
Sorting population.
Sorting population. Descending: True
Sorted.
38.8776838507 18.8217940811
Updating population metrics.
Population metrics. T H L A Fi Wi.
336.773904752
18.8217940811
38.8776838507
33.6773904752
9
0
Adapting crossover/mutation probabilities.
Adapting crossover and mutation probabilities.
Adjusting crossover and mutation rate adjustments.
L > H
0.00259290085621 0.00259290085621
Crossover progress average.
0.0
Mutation progress average.
0.0
Not adjusting crossover/mutation probabilities. CPA == MPA.
Computing population makeup.
Population makeup. R C M CM E.
10 0 0 0 0
Creating empty new population.
Performing elitism.
Attempting to add elite genomes.
Adding elite genome. Its fitness: 19.5614713379
Adding elite genome. Its fitness: 18.8217940811
Performing crossover and mutation separately.
Entering the loop.
Entering selection operator.
2 genomes requested.
Selecting random players.
Random players selected.
[[7, 22.345616150257502]]
Random players selected.
[[7, 22.345616150257502], [1, 37.240806977041728]]
Random players selected.
[[7, 22.345616150257502], [1, 37.240806977041728], [2, 34.805034942243033]]
Player ranking.
[[7, 22.345616150257502], [2, 34.805034942243033], [1, 37.240806977041728]]
Winner.
7
Random players selected.
[[7, 22.345616150257502]]
Random players selected.
[[7, 22.345616150257502], [8, 19.561471337945591]]
Random players selected.
[[7, 22.345616150257502], [8, 19.561471337945591], [8, 19.561471337945591]]
Player ranking.
[[8, 19.561471337945591], [8, 19.561471337945591], [7, 22.345616150257502]]
Winner.
8
Selected genomes with tournament selection.
[7, 8]
Attempting crossover.
Parent indexes.
7 8
Crossover point.
11
Parent fitness contributions.
13.655654314
7.60723885365
Returning crossed offspring.
Adding crossover offspring.
Entering selection operator.
1 genomes requested.
Selecting random players.
Random players selected.
[[8, 19.561471337945591]]
Random players selected.
[[8, 19.561471337945591], [0, 38.877683850741235]]
Player ranking.
[[8, 19.561471337945591], [0, 38.877683850741235]]
Winner.
8
Selected genomes with tournament selection.
[8]
Attempting mutation.
Greater than mutation probability.
Entering selection operator.
2 genomes requested.
Selecting random players.
Random players selected.
[[3, 34.446345557898333]]
Random players selected.
[[3, 34.446345557898333], [8, 19.561471337945591]]
Random players selected.
[[3, 34.446345557898333], [8, 19.561471337945591], [3, 34.446345557898333]]
Player ranking.
[[8, 19.561471337945591], [3, 34.446345557898333], [3, 34.446345557898333]]
Winner.
8
Random players selected.
[[3, 34.446345557898333]]
Random players selected.
[[3, 34.446345557898333], [6, 29.820522680386773]]
Random players selected.
[[3, 34.446345557898333], [6, 29.820522680386773], [3, 34.446345557898333]]
Player ranking.
[[6, 29.820522680386773], [3, 34.446345557898333], [3, 34.446345557898333]]
Winner.
6
Selected genomes with tournament selection.
[8, 6]
Attempting crossover.
Greater than crossover probability.
Entering selection operator.
1 genomes requested.
Selecting random players.
Random players selected.
[[0, 38.877683850741235]]
Random players selected.
[[0, 38.877683850741235], [6, 29.820522680386773]]
Player ranking.
[[6, 29.820522680386773], [0, 38.877683850741235]]
Winner.
6
Selected genomes with tournament selection.
[6]
Attempting mutation.
Mutation value before/after.
0.28336301410683007 0.07505874062532158
Mutation value before/after.
0.1397232306857089 0.7238964464511525
Mutation value before/after.
0.6188096866932595 0.01688801911156379
Mutation value before/after.
0.34177720468009665 0.0
Mutation value before/after.
0.3532481502367695 0.28874844675911926
Mutation value before/after.
0.4534831281422661 0.42710504247718295
Mutation value before/after.
0.2670798469805915 0.0
Mutation value before/after.
0.28651972903119793 0.46712956572901326
Mutation value before/after.
0.5969301066053108 0.0
Mutation value before/after.
0.5188321086021985 1.0
Mutation value before/after.
0.5064790892134563 1.0
Mutation value before/after.
0.0668935503494088 0.5679307957950471
Mutation value before/after.
0.5773408702959546 0.7998116339790956
Mutation value before/after.
0.2141697437583575 1.0
Mutation value before/after.
0.20957383207515712 0.0
Mutation value before/after.
0.48982642643939356 0.8023372543060905
Mutation value before/after.
0.11428765384297623 0.0
Mutation value before/after.
0.12344653660568661 0.0
Adding mutation offspring.
Entering selection operator.
2 genomes requested.
Selecting random players.
Random players selected.
[[2, 34.805034942243033]]
Random players selected.
[[2, 34.805034942243033], [6, 29.820522680386773]]
Random players selected.
[[2, 34.805034942243033], [6, 29.820522680386773], [3, 34.446345557898333]]
Player ranking.
[[6, 29.820522680386773], [3, 34.446345557898333], [2, 34.805034942243033]]
Winner.
6
Random players selected.
[[5, 30.063095074386048]]
Random players selected.
[[5, 30.063095074386048], [2, 34.805034942243033]]
Random players selected.
[[5, 30.063095074386048], [2, 34.805034942243033], [3, 34.446345557898333]]
Player ranking.
[[5, 30.063095074386048], [3, 34.446345557898333], [2, 34.805034942243033]]
Winner.
5
Selected genomes with tournament selection.
[6, 5]
Attempting crossover.
Parent indexes.
6 5
Crossover point.
7
Parent fitness contributions.
11.5968699313
18.3718914343
Returning crossed offspring.
Adding crossover offspring.
Entering selection operator.
1 genomes requested.
Selecting random players.
Random players selected.
[[7, 22.345616150257502]]
Random players selected.
[[7, 22.345616150257502], [0, 38.877683850741235]]
Player ranking.
[[7, 22.345616150257502], [0, 38.877683850741235]]
Winner.
7
Selected genomes with tournament selection.
[7]
Attempting mutation.
Mutation value before/after.
0.9529419759716514 0.3494453187896671
Mutation value before/after.
0.6440801226221832 1.0
Mutation value before/after.
0.5402699446016794 0.3754252366433331
Mutation value before/after.
0.5148640267481304 1.0
Mutation value before/after.
0.48011920850608203 0.6345585345172673
Mutation value before/after.
0.18541773147939333 0.0
Mutation value before/after.
0.48727581330431413 0.07285728357401039
Mutation value before/after.
0.8037162556008572 1.0
Mutation value before/after.
0.28686660007539855 0.0
Mutation value before/after.
0.04092143457906039 0.0
Mutation value before/after.
0.20275546242341125 0.817411576633247
Mutation value before/after.
0.8436423951944053 0.7749468836178918
Mutation value before/after.
0.42266636674514035 1.0
Mutation value before/after.
0.980399198711825 1.0
Mutation value before/after.
0.0054787312053715675 0.0913036700552383
Mutation value before/after.
0.398030823819691 1.0
Mutation value before/after.
0.5662357352921816 0.3794387214112859
Mutation value before/after.
0.45080651651383974 0.0
Adding mutation offspring.
Entering selection operator.
2 genomes requested.
Selecting random players.
Random players selected.
[[1, 37.240806977041728]]
Random players selected.
[[1, 37.240806977041728], [1, 37.240806977041728]]
Random players selected.
[[1, 37.240806977041728], [1, 37.240806977041728], [6, 29.820522680386773]]
Player ranking.
[[6, 29.820522680386773], [1, 37.240806977041728], [1, 37.240806977041728]]
Winner.
6
Random players selected.
[[7, 22.345616150257502]]
Random players selected.
[[7, 22.345616150257502], [8, 19.561471337945591]]
Random players selected.
[[7, 22.345616150257502], [8, 19.561471337945591], [0, 38.877683850741235]]
Player ranking.
[[8, 19.561471337945591], [7, 22.345616150257502], [0, 38.877683850741235]]
Winner.
8
Selected genomes with tournament selection.
[6, 8]
Attempting crossover.
Parent indexes.
6 8
Crossover point.
16
Parent fitness contributions.
26.5071312715
2.17349681533
Returning crossed offspring.
Adding crossover offspring.
Entering selection operator.
1 genomes requested.
Selecting random players.
Random players selected.
[[7, 22.345616150257502]]
Random players selected.
[[7, 22.345616150257502], [3, 34.446345557898333]]
Player ranking.
[[7, 22.345616150257502], [3, 34.446345557898333]]
Winner.
7
Selected genomes with tournament selection.
[7]
Attempting mutation.
Mutation value before/after.
0.9529419759716514 1.0
Mutation value before/after.
0.6440801226221832 1.0
Mutation value before/after.
0.5402699446016794 0.17513042549908808
Mutation value before/after.
0.5148640267481304 0.0
Mutation value before/after.
0.48011920850608203 0.4328882740457375
Mutation value before/after.
0.18541773147939333 0.0
Mutation value before/after.
0.48727581330431413 0.8708023156639257
Mutation value before/after.
0.8037162556008572 0.9280095683458036
Mutation value before/after.
0.28686660007539855 0.5293978904090766
Mutation value before/after.
0.04092143457906039 0.8560939358017589
Mutation value before/after.
0.20275546242341125 0.0
Mutation value before/after.
0.8436423951944053 0.6018434796665132
Mutation value before/after.
0.42266636674514035 0.0
Mutation value before/after.
0.980399198711825 1.0
Mutation value before/after.
0.0054787312053715675 0.5255241016472997
Mutation value before/after.
0.398030823819691 0.6457534853711675
Mutation value before/after.
0.5662357352921816 0.9307573367817528
Mutation value before/after.
0.45080651651383974 0.0
Adding mutation offspring.
Entering selection operator.
2 genomes requested.
Selecting random players.
Random players selected.
[[0, 38.877683850741235]]
Random players selected.
[[0, 38.877683850741235], [0, 38.877683850741235]]
Random players selected.
[[0, 38.877683850741235], [0, 38.877683850741235], [4, 31.913850248993242]]
Player ranking.
[[4, 31.913850248993242], [0, 38.877683850741235], [0, 38.877683850741235]]
Winner.
4
Random players selected.
[[9, 18.82179408112712]]
Random players selected.
[[9, 18.82179408112712], [7, 22.345616150257502]]
Random players selected.
[[9, 18.82179408112712], [7, 22.345616150257502], [8, 19.561471337945591]]
Player ranking.
[[9, 18.82179408112712], [8, 19.561471337945591], [7, 22.345616150257502]]
Winner.
9
Selected genomes with tournament selection.
[4, 9]
Attempting crossover.
Greater than crossover probability.
Entering selection operator.
1 genomes requested.
Selecting random players.
Random players selected.
[[7, 22.345616150257502]]
Random players selected.
[[7, 22.345616150257502], [0, 38.877683850741235]]
Player ranking.
[[7, 22.345616150257502], [0, 38.877683850741235]]
Winner.
7
Selected genomes with tournament selection.
[7]
Attempting mutation.
Mutation value before/after.
0.9529419759716514 1.0
Mutation value before/after.
0.6440801226221832 0.6065958047425896
Mutation value before/after.
0.5402699446016794 0.3202937030091692
Mutation value before/after.
0.5148640267481304 0.8725690320488653
Mutation value before/after.
0.48011920850608203 0.14118704338993482
Mutation value before/after.
0.18541773147939333 0.13409273739252836
Mutation value before/after.
0.48727581330431413 0.7258333844761704
Mutation value before/after.
0.8037162556008572 1.0
Mutation value before/after.
0.28686660007539855 0.8176590301479246
Mutation value before/after.
0.04092143457906039 0.0
Mutation value before/after.
0.20275546242341125 0.0
Mutation value before/after.
0.8436423951944053 0.0
Mutation value before/after.
0.42266636674514035 0.845288420278496
Mutation value before/after.
0.980399198711825 0.948588918983299
Mutation value before/after.
0.0054787312053715675 0.0
Mutation value before/after.
0.398030823819691 0.8557263503699033
Mutation value before/after.
0.5662357352921816 0.18189892175761396
Mutation value before/after.
0.45080651651383974 0.0
Adding mutation offspring.
Entering selection operator.
2 genomes requested.
Selecting random players.
Random players selected.
[[1, 37.240806977041728]]
Random players selected.
[[1, 37.240806977041728], [4, 31.913850248993242]]
Random players selected.
[[1, 37.240806977041728], [4, 31.913850248993242], [7, 22.345616150257502]]
Player ranking.
[[7, 22.345616150257502], [4, 31.913850248993242], [1, 37.240806977041728]]
Winner.
7
Random players selected.
[[9, 18.82179408112712]]
Random players selected.
[[9, 18.82179408112712], [3, 34.446345557898333]]
Random players selected.
[[9, 18.82179408112712], [3, 34.446345557898333], [2, 34.805034942243033]]
Player ranking.
[[9, 18.82179408112712], [3, 34.446345557898333], [2, 34.805034942243033]]
Winner.
9
Selected genomes with tournament selection.
[7, 9]
Attempting crossover.
Greater than crossover probability.
Entering selection operator.
1 genomes requested.
Selecting random players.
Random players selected.
[[3, 34.446345557898333]]
Random players selected.
[[3, 34.446345557898333], [4, 31.913850248993242]]
Player ranking.
[[4, 31.913850248993242], [3, 34.446345557898333]]
Winner.
4
Selected genomes with tournament selection.
[4]
Attempting mutation.
Mutation value before/after.
0.07117379349118347 0.0
Mutation value before/after.
0.1919539326784846 0.6421822554871803
Mutation value before/after.
0.7612501585631594 1.0
Mutation value before/after.
0.79374694202521 1.0
Mutation value before/after.
0.07639260364591105 0.3845100957589608
Mutation value before/after.
0.9899143828981214 0.7274453185473986
Mutation value before/after.
0.062023377814286684 0.0
Mutation value before/after.
0.3531554738413921 0.4495456158274791
Mutation value before/after.
0.6289323079927355 0.8678943969297959
Mutation value before/after.
0.895980474961126 0.6798715789852653
Mutation value before/after.
0.5703496318719289 0.9659563727449817
Mutation value before/after.
0.9156210942112443 0.5284834934855474
Mutation value before/after.
0.49294586884421354 1.0
Mutation value before/after.
0.6958560469790529 0.7114507552438136
Mutation value before/after.
0.603577936482149 0.6548378736324391
Mutation value before/after.
0.6476094184701213 0.3714091443500187
Mutation value before/after.
0.9001112090704692 1.0
Mutation value before/after.
0.11874511371027696 0.5677088775851259
Adding mutation offspring.
Observed cross/mut rates.
0.5 0.8333333333333334
Setting the current genome to 0.
Current genome.
(8, 4, 0.0, 0.0, [0.0632249669701993, 0.8658782730669433, 0.1792839717890069, 0.008162428710614122, 0.27057540193146323, 0.7138510356773635, 0.04375608269635223, 0.22243273672202724, 0.2012408751453192, 0.7844925434598622, 0.2637859423211959, 0.6802374790091807, 0.4860038227242345, 0.09950379097090267, 0.8429507009614677, 0.14359070107018534, 0.9646291330171571, 0.6447990695703172])
Populating the physics engine parameters.
Genome genes.
[0.0632249669701993, 0.8658782730669433, 0.1792839717890069, 0.008162428710614122, 0.27057540193146323, 0.7138510356773635, 0.04375608269635223, 0.22243273672202724, 0.2012408751453192, 0.7844925434598622, 0.2637859423211959, 0.6802374790091807, 0.4860038227242345, 0.09950379097090267, 0.8429507009614677, 0.14359070107018534, 0.9646291330171571, 0.6447990695703172]
Setting gravity.
0.9483745045529896
Setting sub steps.
4
Setting FPS.
1817
Setting material friction.
71.38510356773635
Setting material elasticity.
0.04375608269635223
Setting mass.
11.769543226463334
Setting velocity max.
680.2374790091808
Setting damping translation.
0.4860038227242345
Setting rotation damping.
0.09950379097090267
Setting collision bounds type.
SPHERE
Setting torque_z.
64.47990695703172
Starting the game engine.
Game engine stopped.
Getting genome P and P'.
x_pos , y_pos , z_pos , x_ori , y_ori , z_ori, s/e_tim
[1.7267729468528614e-07, 0.0, 0.0, 0.0, 0.0, 0.0, 1395245003482.9866]
[21.95618897676468, 1.6796629875898361, 0.0, -0.029838085174560547, 0.0065334816463291645, 0.15359479188919067, 1395245019499.8193]
Calculating genome fitness.
Point.
[21.95618897676468, 1.6796629875898361, 0.15359479188919067]
Genome mahalanobis distance.
4.54453848527
Penalties.
Elapsed time > 1 seconds: 15.016832763671875
X rotation: 0.029838085174560547
Y rotation: 0.0065334816463291645
Z translation: 0.0
Genome fitness.
19.5977428158
Increasing current genome count.
1
Current genome.
(0, 4, 0.0, 0.0, [0.4988968042255778, 0.7105122877548837, 0.5628068439162233, 0.9288245487660886, 0.46484457566823223, 0.8261053762189302, 0.6364143656355864, 0.21226809453985918, 0.06570387741226058, 0.045610943345628874, 0.9268057412377403, 0.24937927690829398, 0.8044741809229102, 0.3457887175306349, 0.41520623495212317, 0.12904769136068683, 0.3069733612065021, 0.9319109008535696])
Populating the physics engine parameters.
Genome genes.
[0.4988968042255778, 0.7105122877548837, 0.5628068439162233, 0.9288245487660886, 0.46484457566823223, 0.8261053762189302, 0.6364143656355864, 0.21226809453985918, 0.06570387741226058, 0.045610943345628874, 0.9268057412377403, 0.24937927690829398, 0.8044741809229102, 0.3457887175306349, 0.41520623495212317, 0.12904769136068683, 0.3069733612065021, 0.9319109008535696]
Setting gravity.
7.483452063383667
Setting sub steps.
3
Setting FPS.
5641
Setting material friction.
82.61053762189302
Setting material elasticity.
0.6364143656355864
Setting mass.
0.6937080407509768
Setting velocity max.
249.37927690829397
Setting damping translation.
0.8044741809229102
Setting rotation damping.
0.3457887175306349
Setting collision bounds type.
CONVEX_HULL
Setting torque_z.
93.19109008535696
Starting the game engine.
Game engine stopped.
Getting genome P and P'.
x_pos , y_pos , z_pos , x_ori , y_ori , z_ori, s/e_tim
[1.7267729468528614e-07, 0.0, 0.0, 0.0, 0.0, 0.0, 1395245019609.4707]
[23.878546059131622, -0.6578686181455851, 0.0, 0.005610304418951273, 0.011641357094049454, 0.11950564384460449, 1395245035634.3186]
Calculating genome fitness.
Point.
[23.878546059131622, -0.6578686181455851, 0.11950564384460449]
Genome mahalanobis distance.
3.72209410848
Penalties.
Elapsed time > 1 seconds: 15.024847900390625
X rotation: 0.005610304418951273
Y rotation: 0.011641357094049454
Z translation: 0.0
Genome fitness.
18.7641936704
Increasing current genome count.
2
Current genome.
(10, 1, 0.0, 21.262893167691761, [0.9529419759716514, 0.6440801226221832, 0.5402699446016794, 0.5148640267481304, 0.48011920850608203, 0.18541773147939333, 0.48727581330431413, 0.8037162556008572, 0.28686660007539855, 0.04092143457906039, 0.20275546242341125, 0.6802374790091807, 0.4860038227242345, 0.09950379097090267, 0.8429507009614677, 0.14359070107018534, 0.9646291330171571, 0.6447990695703172])
Populating the physics engine parameters.
Genome genes.
[0.9529419759716514, 0.6440801226221832, 0.5402699446016794, 0.5148640267481304, 0.48011920850608203, 0.18541773147939333, 0.48727581330431413, 0.8037162556008572, 0.28686660007539855, 0.04092143457906039, 0.20275546242341125, 0.6802374790091807, 0.4860038227242345, 0.09950379097090267, 0.8429507009614677, 0.14359070107018534, 0.9646291330171571, 0.6447990695703172]
Setting gravity.
14.294129639574772
Setting sub steps.
3
Setting FPS.
5416
Setting material friction.
18.541773147939335
Setting material elasticity.
0.48727581330431413
Setting mass.
0.6234123043401153
Setting velocity max.
680.2374790091808
Setting damping translation.
0.4860038227242345
Setting rotation damping.
0.09950379097090267
Setting collision bounds type.
SPHERE
Setting torque_z.
64.47990695703172
Starting the game engine.
Game engine stopped.
Getting genome P and P'.
x_pos , y_pos , z_pos , x_ori , y_ori , z_ori, s/e_tim
[1.7267729468528614e-07, 0.0, 0.0, 0.0, 0.0, 0.0, 1395245035719.2327]
[82.51250982284546, 82.60017037391663, 0.0, -0.018053380772471428, 0.0020305118523538113, 1.392059087753296, 1395245051749.6567]
Calculating genome fitness.
Point.
[82.51250982284546, 82.60017037391663, 1.392059087753296]
Genome mahalanobis distance.
78.5089295437
Penalties.
Elapsed time > 1 seconds: 15.030424072265625
X rotation: 0.018053380772471428
Y rotation: 0.0020305118523538113
Z translation: 0.0
Genome fitness.
93.5594375086
Increasing current genome count.
3
Current genome.
(11, 2, 0.0, 29.820522680386773, [0.07505874062532158, 0.7238964464511525, 0.01688801911156379, 0.0, 0.28874844675911926, 0.42710504247718295, 0.0, 0.46712956572901326, 0.0, 1.0, 1.0, 0.5679307957950471, 0.7998116339790956, 1.0, 0.0, 0.8023372543060905, 0.0, 0.0])
Populating the physics engine parameters.
Genome genes.
[0.07505874062532158, 0.7238964464511525, 0.01688801911156379, 0.0, 0.28874844675911926, 0.42710504247718295, 0.0, 0.46712956572901326, 0.0, 1.0, 1.0, 0.5679307957950471, 0.7998116339790956, 1.0, 0.0, 0.8023372543060905, 0.0, 0.0]
Setting gravity.
1.1258811093798238
Setting sub steps.
3
Setting FPS.
198
Setting material friction.
42.7105042477183
Setting material elasticity.
0.0
Setting mass.
15.0
Setting velocity max.
567.9307957950472
Setting damping translation.
0.7998116339790956
Setting rotation damping.
1.0
Setting collision bounds type.
TRIANGLE_MESH
Setting torque_z.
0.0
Starting the game engine.
Game engine stopped.
Getting genome P and P'.
x_pos , y_pos , z_pos , x_ori , y_ori , z_ori, s/e_tim
[1.7267729468528614e-07, 0.0, 0.0, 0.0, 0.0, 0.0, 1395245051842.6504]
[-0.001364380841550883, -0.004609645839082077, 0.0, 0.0014361866051331162, -0.007751000579446554, -1.6388756193919107e-05, 1395245052865.721]
Calculating genome fitness.
Point.
[-0.001364380841550883, -0.004609645839082077, -1.6388756193919107e-05]
Genome mahalanobis distance.
19.9328888015
Penalties.
Elapsed time > 1 seconds: 0.023070556640625073
X rotation: 0.0014361866051331162
Y rotation: 0.007751000579446554
Z translation: 0.0
Genome fitness.
19.9651465453
Increasing current genome count.
4
Current genome.
(12, 1, 0.0, 29.968761365608554, [0.28336301410683007, 0.1397232306857089, 0.6188096866932595, 0.34177720468009665, 0.3532481502367695, 0.4534831281422661, 0.2670798469805915, 0.5638837485886901, 0.8174493902508739, 0.9482717218875802, 0.20455627052052217, 0.28116253800274327, 0.43999522804959723, 0.35806799137514467, 0.9015069295643798, 0.7879083338451094, 0.49685197103257206, 0.5996934045554096])
Populating the physics engine parameters.
Genome genes.
[0.28336301410683007, 0.1397232306857089, 0.6188096866932595, 0.34177720468009665, 0.3532481502367695, 0.4534831281422661, 0.2670798469805915, 0.5638837485886901, 0.8174493902508739, 0.9482717218875802, 0.20455627052052217, 0.28116253800274327, 0.43999522804959723, 0.35806799137514467, 0.9015069295643798, 0.7879083338451094, 0.49685197103257206, 0.5996934045554096]
Setting gravity.
4.250445211602451
Setting sub steps.
1
Setting FPS.
6199
Setting material friction.
45.34831281422661
Setting material elasticity.
0.2670798469805915
Setting mass.
14.224593111094828
Setting velocity max.
281.16253800274325
Setting damping translation.
0.43999522804959723
Setting rotation damping.
0.35806799137514467
Setting collision bounds type.
CONVEX_HULL
Setting torque_z.
59.969340455540966
Starting the game engine.
Game engine stopped.
Getting genome P and P'.
x_pos , y_pos , z_pos , x_ori , y_ori , z_ori, s/e_tim
[1.7267729468528614e-07, 0.0, 0.0, 0.0, 0.0, 0.0, 1395245052957.2544]
[-0.7136460393667221, 0.8514296263456345, 0.0, 0.0006057498976588249, -0.0033615990541875362, -0.22644424438476562, 1395245068983.0388]
Calculating genome fitness.
Point.
[-0.7136460393667221, 0.8514296263456345, -0.22644424438476562]
Genome mahalanobis distance.
21.2017982149
Penalties.
Elapsed time > 1 seconds: 15.025784423828124
X rotation: 0.0006057498976588249
Y rotation: 0.0033615990541875362
Z translation: 0.0
Genome fitness.
36.2315499877
Increasing current genome count.
5
Current genome.
(13, 2, 0.0, 22.345616150257502, [0.3494453187896671, 1.0, 0.3754252366433331, 1.0, 0.6345585345172673, 0.0, 0.07285728357401039, 1.0, 0.0, 0.0, 0.817411576633247, 0.7749468836178918, 1.0, 1.0, 0.0913036700552383, 1.0, 0.3794387214112859, 0.0])
Populating the physics engine parameters.
Genome genes.
[0.3494453187896671, 1.0, 0.3754252366433331, 1.0, 0.6345585345172673, 0.0, 0.07285728357401039, 1.0, 0.0, 0.0, 0.817411576633247, 0.7749468836178918, 1.0, 1.0, 0.0913036700552383, 1.0, 0.3794387214112859, 0.0]
Setting gravity.
5.241679781845007
Setting sub steps.
5
Setting FPS.
3772
Setting material friction.
0.0
Setting material elasticity.
0.07285728357401039
Setting mass.
0.01
Setting velocity max.
774.9468836178918
Setting damping translation.
1.0
Setting rotation damping.
1.0
Setting collision bounds type.
CONVEX_HULL
Setting torque_z.
0.0
Starting the game engine.
Game engine stopped.
Getting genome P and P'.
x_pos , y_pos , z_pos , x_ori , y_ori , z_ori, s/e_tim
[1.7267729468528614e-07, 0.0, 0.0, 0.0, 0.0, 0.0, 1395245069068.8325]
[1.7128216622808168e-07, -8.459561312091149e-12, 0.0, 2.74283451062729e-07, -0.00011207696661585942, -2.037281281175307e-11, 1395245075600.5217]
Calculating genome fitness.
Point.
[1.7128216622808168e-07, -8.459561312091149e-12, -2.037281281175307e-11]
Genome mahalanobis distance.
19.9320430078
Penalties.
Elapsed time > 1 seconds: 5.531689208984375
X rotation: 2.74283451062729e-07
Y rotation: 0.00011207696661585942
Z translation: 0.0
Genome fitness.
25.463844568
Increasing current genome count.
6
Current genome.
(14, 1, 0.0, 28.680628086782196, [0.28336301410683007, 0.1397232306857089, 0.6188096866932595, 0.34177720468009665, 0.3532481502367695, 0.4534831281422661, 0.2670798469805915, 0.28651972903119793, 0.5969301066053108, 0.5188321086021985, 0.5064790892134563, 0.0668935503494088, 0.5773408702959546, 0.2141697437583575, 0.20957383207515712, 0.48982642643939356, 0.9646291330171571, 0.6447990695703172])
Populating the physics engine parameters.
Genome genes.
[0.28336301410683007, 0.1397232306857089, 0.6188096866932595, 0.34177720468009665, 0.3532481502367695, 0.4534831281422661, 0.2670798469805915, 0.28651972903119793, 0.5969301066053108, 0.5188321086021985, 0.5064790892134563, 0.0668935503494088, 0.5773408702959546, 0.2141697437583575, 0.20957383207515712, 0.48982642643939356, 0.9646291330171571, 0.6447990695703172]
Setting gravity.
4.250445211602451
Setting sub steps.
1
Setting FPS.
6199
Setting material friction.
45.34831281422661
Setting material elasticity.
0.2670798469805915
Setting mass.
7.787293307946956
Setting velocity max.
66.8935503494088
Setting damping translation.
0.5773408702959546
Setting rotation damping.
0.2141697437583575
Setting collision bounds type.
SPHERE
Setting torque_z.
64.47990695703172
Starting the game engine.
