Connecting to the database.
Starting the GA manager.
Setting the GA parameters. PS MG NE CP MP URS PCMS USA.
10
100
2
0.800000011920929
0.20000000298023224
True
False
True
Creating a random GA population.
Generating random population.
Genome: 0
Random gene: 0
0.4059529518418661
Random gene: 1
0.3775809855417659
Random gene: 2
0.8268175952769342
Random gene: 3
0.6417845562334127
Random gene: 4
0.09761764227082159
Random gene: 5
0.8339600266945291
Random gene: 6
0.13089383489288242
Random gene: 7
0.5474327112322226
Random gene: 8
0.4743745020847595
Random gene: 9
0.21757751927599422
Random gene: 10
0.7844967962421162
Random gene: 11
0.6723882337130282
Random gene: 12
0.37953928594756614
Random gene: 13
0.3736994873737789
Random gene: 14
0.02157483578182917
Random gene: 15
0.3065347061238606
Random gene: 16
0.9288842723495955
Random gene: 17
0.5085514369311279
Genome: 1
Random gene: 0
0.25769573965065284
Random gene: 1
0.7675903404677394
Random gene: 2
0.17642304429415934
Random gene: 3
0.3436047603887138
Random gene: 4
0.4789008774758303
Random gene: 5
0.803358868536695
Random gene: 6
0.1552323556743902
Random gene: 7
0.1522052780270403
Random gene: 8
0.593960448632168
Random gene: 9
0.6512495116336015
Random gene: 10
0.5888338575382884
Random gene: 11
0.011933510589866247
Random gene: 12
0.8733090002286427
Random gene: 13
0.17026472294961947
Random gene: 14
0.16125685954066515
Random gene: 15
0.888445743459918
Random gene: 16
0.35297736452009887
Random gene: 17
0.21990925099564806
Genome: 2
Random gene: 0
0.6894672549033491
Random gene: 1
0.3989047097809001
Random gene: 2
0.1544122194316062
Random gene: 3
0.37898447931244883
Random gene: 4
0.8995387357900746
Random gene: 5
0.0979733829891476
Random gene: 6
0.6552845739854286
Random gene: 7
0.30569243370446075
Random gene: 8
0.3112581848511691
Random gene: 9
0.2802246825971275
Random gene: 10
0.022106785271246987
Random gene: 11
0.02898625866425375
Random gene: 12
0.2323276380639946
Random gene: 13
0.392514374161667
Random gene: 14
0.39042109516623724
Random gene: 15
0.3122068171762925
Random gene: 16
0.3756612834497216
Random gene: 17
0.15294523817377548
Genome: 3
Random gene: 0
0.7147738965534082
Random gene: 1
0.3884841512266495
Random gene: 2
0.6241005268519828
Random gene: 3
0.3746872393607742
Random gene: 4
0.40360273138682756
Random gene: 5
0.8451002355903732
Random gene: 6
0.6075848016550652
Random gene: 7
0.312140038096424
Random gene: 8
0.7464281332230916
Random gene: 9
0.724928976332253
Random gene: 10
0.5042892678437103
Random gene: 11
0.20508558947285827
Random gene: 12
0.969052163828519
Random gene: 13
0.9330424931599244
Random gene: 14
0.1282714822782517
Random gene: 15
0.2598339098919259
Random gene: 16
0.6734315821248414
Random gene: 17
0.9911151155627242
Genome: 4
Random gene: 0
0.8660541600643126
Random gene: 1
0.4909462307047947
Random gene: 2
0.4298811171386695
Random gene: 3
0.030544820684136886
Random gene: 4
0.48887233561947174
Random gene: 5
0.23371983604353652
Random gene: 6
0.025747105531851444
Random gene: 7
0.19896147548042253
Random gene: 8
0.18631738778719553
Random gene: 9
0.11821929571114265
Random gene: 10
0.9945341327130143
Random gene: 11
0.6462661840446646
Random gene: 12
0.9258448269954274
Random gene: 13
0.9199648037748647
Random gene: 14
0.38372774390532294
Random gene: 15
0.1217950834574193
Random gene: 16
0.9916590622781755
Random gene: 17
0.5962245727709367
Genome: 5
Random gene: 0
0.3926412804257232
Random gene: 1
0.8538378262386233
Random gene: 2
0.2545693621732946
Random gene: 3
0.47926967979700175
Random gene: 4
0.24881300126248285
Random gene: 5
0.6327497262316724
Random gene: 6
0.11105301813116908
Random gene: 7
0.39443643984711385
Random gene: 8
0.13011832401615708
Random gene: 9
0.779948609903536
Random gene: 10
0.0409608698966315
Random gene: 11
0.08319847089730392
Random gene: 12
0.6701054922513147
Random gene: 13
0.15671465107036875
Random gene: 14
0.04229283563768049
Random gene: 15
0.07928851709534723
Random gene: 16
0.6983344864328673
Random gene: 17
0.3911865861538296
Genome: 6
Random gene: 0
0.703632181409001
Random gene: 1
0.19140485618317649
Random gene: 2
0.6198255515599221
Random gene: 3
0.7157199380583877
Random gene: 4
0.5446539138498814
Random gene: 5
0.9831600667173555
Random gene: 6
0.321729576251107
Random gene: 7
0.8211297131570284
Random gene: 8
0.6081986988754675
Random gene: 9
0.9240004116254411
Random gene: 10
0.9167982327713268
Random gene: 11
0.38555651184540685
Random gene: 12
0.17666515025256702
Random gene: 13
0.6432171269208441
Random gene: 14
0.8621781945326271
Random gene: 15
0.29051314968758346
Random gene: 16
0.5215912580331252
Random gene: 17
0.44894174245051066
Genome: 7
Random gene: 0
0.9976217903608433
Random gene: 1
0.26871110974739254
Random gene: 2
0.7397499130339178
Random gene: 3
0.8980006520919593
Random gene: 4
0.8233843423334233
Random gene: 5
0.0018306746795127005
Random gene: 6
0.01348959401838734
Random gene: 7
0.8611956000505049
Random gene: 8
0.849632650329495
Random gene: 9
0.9793118026046221
Random gene: 10
0.7987012502347726
Random gene: 11
0.870486676211419
Random gene: 12
0.7022332867426934
Random gene: 13
0.8287665329602392
Random gene: 14
0.18790247546494832
Random gene: 15
0.5971063260197933
Random gene: 16
0.7699153963956903
Random gene: 17
0.8491731217049535
Genome: 8
Random gene: 0
0.7694656581291364
Random gene: 1
0.8178099684986337
Random gene: 2
0.1484979070504927
Random gene: 3
0.3582547046540643
Random gene: 4
0.22120993167361258
Random gene: 5
0.06940863926983631
Random gene: 6
0.8761006364891486
Random gene: 7
0.23772428255828948
Random gene: 8
0.5069426056886644
Random gene: 9
0.3365241135985322
Random gene: 10
0.5864651897768358
Random gene: 11
0.6066122972672172
Random gene: 12
0.14879028083367263
Random gene: 13
0.868684639227281
Random gene: 14
0.5031963725568936
Random gene: 15
0.7957865692543744
Random gene: 16
0.9108049436054786
Random gene: 17
0.20139107927336497
Genome: 9
Random gene: 0
0.9368950484754633
Random gene: 1
0.1998177073439057
Random gene: 2
0.9057632067991531
Random gene: 3
0.8843016747158307
Random gene: 4
0.8320990891485085
Random gene: 5
0.001032217230333199
Random gene: 6
0.0033433319991512667
Random gene: 7
0.0013820508322908154
Random gene: 8
0.23039563332458812
Random gene: 9
0.25201159939358364
Random gene: 10
0.5516148022987681
Random gene: 11
0.4841706156246415
Random gene: 12
0.5496699319473582
Random gene: 13
0.4012473087862035
Random gene: 14
0.06818207220592798
Random gene: 15
0.6603354784356495
Random gene: 16
0.7396379765448816
Random gene: 17
0.7015644929273235
Population metrics. T H L A.
0.0
0.0
0.0
0.0
Setting the current genome to 0.
Entering loop.
Current genome.
(0, 0, 0.0, 0.0, [0.4059529518418661, 0.3775809855417659, 0.8268175952769342, 0.6417845562334127, 0.09761764227082159, 0.8339600266945291, 0.13089383489288242, 0.5474327112322226, 0.4743745020847595, 0.21757751927599422, 0.7844967962421162, 0.6723882337130282, 0.37953928594756614, 0.3736994873737789, 0.02157483578182917, 0.3065347061238606, 0.9288842723495955, 0.5085514369311279])
Populating the physics engine parameters.
Genome genes.
[0.4059529518418661, 0.3775809855417659, 0.8268175952769342, 0.6417845562334127, 0.09761764227082159, 0.8339600266945291, 0.13089383489288242, 0.5474327112322226, 0.4743745020847595, 0.21757751927599422, 0.7844967962421162, 0.6723882337130282, 0.37953928594756614, 0.3736994873737789, 0.02157483578182917, 0.3065347061238606, 0.9288842723495955, 0.5085514369311279]
Setting gravity.
4059.5295184186607
Setting sub steps.
2
Setting FPS.
8273
Setting material friction.
83.39600266945291
Setting material elasticity.
0.13089383489288242
Setting mass.
2175.78301698475
Setting velocity max.
672.3882337130283
Setting damping translation.
0.37953928594756614
Setting rotation damping.
0.3736994873737789
Setting collision bounds type.
CYLINDER
Setting torque-z.
51.346592256181665
Starting the game engine.
Game engine stopped.
Getting genome P and P'.
x_pos , y_pos , z_pos , x_ori , y_ori , z_ori, s/e_tim
[1.7267729468528614e-07, 0.0, 0.0, 0.0, 0.0, 0.0, 1395100010298.27]
[-115.66468477249146, -9.800711274147034, 0.0, 0.01196481566876173, 0.0006874253158457577, 0.32988911867141724, 1395100026316.7324]
Calculating genome fitness.
Point.
[-115.66468477249146, -9.800711274147034, 0.32988911867141724]
Genome mahalanobis distance.
116.261464018
Penalties.
Elapsed time > 1 seconds: 15.01846240234375
X rotation: 0.01196481566876173
Y rotation: 0.0006874253158457577
Z translation: 0.0
Genome fitness.
131.292578661
Increasing current genome count.
1
Current genome.
(1, 0, 0.0, 0.0, [0.25769573965065284, 0.7675903404677394, 0.17642304429415934, 0.3436047603887138, 0.4789008774758303, 0.803358868536695, 0.1552323556743902, 0.1522052780270403, 0.593960448632168, 0.6512495116336015, 0.5888338575382884, 0.011933510589866247, 0.8733090002286427, 0.17026472294961947, 0.16125685954066515, 0.888445743459918, 0.35297736452009887, 0.21990925099564806])
Populating the physics engine parameters.
Genome genes.
[0.25769573965065284, 0.7675903404677394, 0.17642304429415934, 0.3436047603887138, 0.4789008774758303, 0.803358868536695, 0.1552323556743902, 0.1522052780270403, 0.593960448632168, 0.6512495116336015, 0.5888338575382884, 0.011933510589866247, 0.8733090002286427, 0.17026472294961947, 0.16125685954066515, 0.888445743459918, 0.35297736452009887, 0.21990925099564806]
Setting gravity.
2576.9573965065283
Setting sub steps.
4
Setting FPS.
1788
Setting material friction.
80.3358868536695
Setting material elasticity.
0.1552323556743902
Setting mass.
6512.498603840898
Setting velocity max.
11.933510589866248
Setting damping translation.
0.8733090002286427
Setting rotation damping.
0.17026472294961947
Setting collision bounds type.
CONVEX_HULL
Setting torque-z.
22.77101584856916
Starting the game engine.
Game engine stopped.
Getting genome P and P'.
x_pos , y_pos , z_pos , x_ori , y_ori , z_ori, s/e_tim
[1.7267729468528614e-07, 0.0, 0.0, 0.0, 0.0, 0.0, 1395100026403.896]
[0.7092181127518415, -0.04909816198050976, 0.0, 0.013553958386182785, 0.0004324142064433545, 0.05536160618066788, 1395100042434.9558]
Calculating genome fitness.
Point.
[0.7092181127518415, -0.04909816198050976, 0.05536160618066788]
Genome mahalanobis distance.
19.4509148183
Penalties.
Elapsed time > 1 seconds: 15.031059814453126
X rotation: 0.013553958386182785
Y rotation: 0.0004324142064433545
Z translation: 0.0
Genome fitness.
34.4959610053
Increasing current genome count.
2
Current genome.
(2, 0, 0.0, 0.0, [0.6894672549033491, 0.3989047097809001, 0.1544122194316062, 0.37898447931244883, 0.8995387357900746, 0.0979733829891476, 0.6552845739854286, 0.30569243370446075, 0.3112581848511691, 0.2802246825971275, 0.022106785271246987, 0.02898625866425375, 0.2323276380639946, 0.392514374161667, 0.39042109516623724, 0.3122068171762925, 0.3756612834497216, 0.15294523817377548])
Populating the physics engine parameters.
Genome genes.
[0.6894672549033491, 0.3989047097809001, 0.1544122194316062, 0.37898447931244883, 0.8995387357900746, 0.0979733829891476, 0.6552845739854286, 0.30569243370446075, 0.3112581848511691, 0.2802246825971275, 0.022106785271246987, 0.02898625866425375, 0.2323276380639946, 0.392514374161667, 0.39042109516623724, 0.3122068171762925, 0.3756612834497216, 0.15294523817377548]
Setting gravity.
6894.672549033491
Setting sub steps.
2
Setting FPS.
1569
Setting material friction.
9.79733829891476
Setting material elasticity.
0.6552845739854286
Setting mass.
2802.2540237244493
Setting velocity max.
28.98625866425375
Setting damping translation.
0.2323276380639946
Setting rotation damping.
0.392514374161667
Setting collision bounds type.
CONVEX_HULL
Setting torque-z.
16.141578579203774
Starting the game engine.
Game engine stopped.
Getting genome P and P'.
x_pos , y_pos , z_pos , x_ori , y_ori , z_ori, s/e_tim
[1.7267729468528614e-07, 0.0, 0.0, 0.0, 0.0, 0.0, 1395100042519.1924]
[-26.772865653038025, -43.01547408103943, 0.0, -0.10632647573947906, 0.2021593153476715, 1.7802457809448242, 1395100058551.306]
Calculating genome fitness.
Point.
[-26.772865653038025, -43.01547408103943, 1.7802457809448242]
Genome mahalanobis distance.
77.0981287384
Penalties.
Elapsed time > 1 seconds: 15.032113525390624
X rotation: 0.10632647573947906
Y rotation: 0.2021593153476715
Z translation: 0.0
Genome fitness.
92.4387280549
Increasing current genome count.
3
Current genome.
(3, 0, 0.0, 0.0, [0.7147738965534082, 0.3884841512266495, 0.6241005268519828, 0.3746872393607742, 0.40360273138682756, 0.8451002355903732, 0.6075848016550652, 0.312140038096424, 0.7464281332230916, 0.724928976332253, 0.5042892678437103, 0.20508558947285827, 0.969052163828519, 0.9330424931599244, 0.1282714822782517, 0.2598339098919259, 0.6734315821248414, 0.9911151155627242])
Populating the physics engine parameters.
Genome genes.
[0.7147738965534082, 0.3884841512266495, 0.6241005268519828, 0.3746872393607742, 0.40360273138682756, 0.8451002355903732, 0.6075848016550652, 0.312140038096424, 0.7464281332230916, 0.724928976332253, 0.5042892678437103, 0.20508558947285827, 0.969052163828519, 0.9330424931599244, 0.1282714822782517, 0.2598339098919259, 0.6734315821248414, 0.9911151155627242]
Setting gravity.
7147.738965534082
Setting sub steps.
2
Setting FPS.
6252
Setting material friction.
84.51002355903732
Setting material elasticity.
0.6075848016550652
Setting mass.
7249.292514032766
Setting velocity max.
205.08558947285826
Setting damping translation.
0.969052163828519
Setting rotation damping.
0.9330424931599244
Setting collision bounds type.
CYLINDER
Setting torque-z.
99.1203964407097
Starting the game engine.
Game engine stopped.
Getting genome P and P'.
x_pos , y_pos , z_pos , x_ori , y_ori , z_ori, s/e_tim
[1.7267729468528614e-07, 0.0, 0.0, 0.0, 0.0, 0.0, 1395100058635.5188]
[-49.56505596637726, 5.974496155977249, 0.0, 0.022115394473075867, 0.02956247329711914, -0.6414530277252197, 1395100074667.6929]
Calculating genome fitness.
Point.
[-49.56505596637726, 5.974496155977249, -0.6414530277252197]
Genome mahalanobis distance.
63.7573597732
Penalties.
Elapsed time > 1 seconds: 15.032174072265626
X rotation: 0.022115394473075867
Y rotation: 0.02956247329711914
Z translation: 0.0
Genome fitness.
78.8412117132
Increasing current genome count.
4
Current genome.
(4, 0, 0.0, 0.0, [0.8660541600643126, 0.4909462307047947, 0.4298811171386695, 0.030544820684136886, 0.48887233561947174, 0.23371983604353652, 0.025747105531851444, 0.19896147548042253, 0.18631738778719553, 0.11821929571114265, 0.9945341327130143, 0.6462661840446646, 0.9258448269954274, 0.9199648037748647, 0.38372774390532294, 0.1217950834574193, 0.9916590622781755, 0.5962245727709367])
Populating the physics engine parameters.
Genome genes.
[0.8660541600643126, 0.4909462307047947, 0.4298811171386695, 0.030544820684136886, 0.48887233561947174, 0.23371983604353652, 0.025747105531851444, 0.19896147548042253, 0.18631738778719553, 0.11821929571114265, 0.9945341327130143, 0.6462661840446646, 0.9258448269954274, 0.9199648037748647, 0.38372774390532294, 0.1217950834574193, 0.9916590622781755, 0.5962245727709367]
Setting gravity.
8660.541600643126
Setting sub steps.
2
Setting FPS.
4315
Setting material friction.
23.37198360435365
Setting material elasticity.
0.025747105531851444
Setting mass.
1182.2017749184693
Setting velocity max.
646.2661840446647
Setting damping translation.
0.9258448269954274
Setting rotation damping.
0.9199648037748647
Setting collision bounds type.
CYLINDER
Setting torque-z.
60.02623270432273
Starting the game engine.
Game engine stopped.
Getting genome P and P'.
x_pos , y_pos , z_pos , x_ori , y_ori , z_ori, s/e_tim
[1.7267729468528614e-07, 0.0, 0.0, 0.0, 0.0, 0.0, 1395100074752.2056]
[-61.801111698150635, 43.24994087219238, 0.0, 0.014286214485764503, -0.003785473993048072, 1.0675647258758545, 1395100090769.7234]
Calculating genome fitness.
Point.
[-61.801111698150635, 43.24994087219238, 1.0675647258758545]
Genome mahalanobis distance.
83.4203946608
Penalties.
Elapsed time > 1 seconds: 15.017517822265624
X rotation: 0.014286214485764503
Y rotation: 0.003785473993048072
Z translation: 0.0
Genome fitness.
98.4559841716
Increasing current genome count.
5
Current genome.
(5, 0, 0.0, 0.0, [0.3926412804257232, 0.8538378262386233, 0.2545693621732946, 0.47926967979700175, 0.24881300126248285, 0.6327497262316724, 0.11105301813116908, 0.39443643984711385, 0.13011832401615708, 0.779948609903536, 0.0409608698966315, 0.08319847089730392, 0.6701054922513147, 0.15671465107036875, 0.04229283563768049, 0.07928851709534723, 0.6983344864328673, 0.3911865861538296])
Populating the physics engine parameters.
Genome genes.
[0.3926412804257232, 0.8538378262386233, 0.2545693621732946, 0.47926967979700175, 0.24881300126248285, 0.6327497262316724, 0.11105301813116908, 0.39443643984711385, 0.13011832401615708, 0.779948609903536, 0.0409608698966315, 0.08319847089730392, 0.6701054922513147, 0.15671465107036875, 0.04229283563768049, 0.07928851709534723, 0.6983344864328673, 0.3911865861538296]
Setting gravity.
3926.412804257232
Setting sub steps.
4
Setting FPS.
2568
Setting material friction.
63.27497262316724
Setting material elasticity.
0.11105301813116908
Setting mass.
7799.488299549261
Setting velocity max.
83.19847089730392
Setting damping translation.
0.6701054922513147
Setting rotation damping.
0.15671465107036875
Setting collision bounds type.
CYLINDER
Setting torque-z.
39.72747202922913
Starting the game engine.
Game engine stopped.
Getting genome P and P'.
x_pos , y_pos , z_pos , x_ori , y_ori , z_ori, s/e_tim
[1.7267729468528614e-07, 0.0, 0.0, 0.0, 0.0, 0.0, 1395100090876.9668]
[58.38291645050049, 104.26037311553955, 0.0, 0.04541447386145592, -0.11170467734336853, 1.4539464712142944, 1395100106903.6494]
Calculating genome fitness.
Point.
[58.38291645050049, 104.26037311553955, 1.4539464712142944]
Genome mahalanobis distance.
84.6312455153
Penalties.
Elapsed time > 1 seconds: 15.0266826171875
X rotation: 0.04541447386145592
Y rotation: 0.11170467734336853
Z translation: 0.0
Genome fitness.
99.8150472837
Increasing current genome count.
6
Current genome.
(6, 0, 0.0, 0.0, [0.703632181409001, 0.19140485618317649, 0.6198255515599221, 0.7157199380583877, 0.5446539138498814, 0.9831600667173555, 0.321729576251107, 0.8211297131570284, 0.6081986988754675, 0.9240004116254411, 0.9167982327713268, 0.38555651184540685, 0.17666515025256702, 0.6432171269208441, 0.8621781945326271, 0.29051314968758346, 0.5215912580331252, 0.44894174245051066])
Populating the physics engine parameters.
Genome genes.
[0.703632181409001, 0.19140485618317649, 0.6198255515599221, 0.7157199380583877, 0.5446539138498814, 0.9831600667173555, 0.321729576251107, 0.8211297131570284, 0.6081986988754675, 0.9240004116254411, 0.9167982327713268, 0.38555651184540685, 0.17666515025256702, 0.6432171269208441, 0.8621781945326271, 0.29051314968758346, 0.5215912580331252, 0.44894174245051066]
Setting gravity.
7036.32181409001
Setting sub steps.
1
Setting FPS.
6209
Setting material friction.
98.31600667173555
Setting material elasticity.
0.321729576251107
Setting mass.
9240.004876250296
Setting velocity max.
385.5565118454069
Setting damping translation.
0.17666515025256702
Setting rotation damping.
0.6432171269208441
Setting collision bounds type.
CONVEX_HULL
Setting torque-z.
45.445232502600554
Starting the game engine.
Game engine stopped.
Getting genome P and P'.
x_pos , y_pos , z_pos , x_ori , y_ori , z_ori, s/e_tim
[1.7267729468528614e-07, 0.0, 0.0, 0.0, 0.0, 0.0, 1395100106988.0193]
[-0.3103723283857107, 0.0801284855697304, 0.0, 0.008570381440222263, 0.0018175425939261913, 0.01113135740160942, 1395100123017.1716]
Calculating genome fitness.
Point.
[-0.3103723283857107, 0.0801284855697304, 0.01113135740160942]
Genome mahalanobis distance.
20.2077003044
Penalties.
Elapsed time > 1 seconds: 15.029152343749999
X rotation: 0.008570381440222263
Y rotation: 0.0018175425939261913
Z translation: 0.0
Genome fitness.
35.2472405722
Increasing current genome count.
7
Current genome.
(7, 0, 0.0, 0.0, [0.9976217903608433, 0.26871110974739254, 0.7397499130339178, 0.8980006520919593, 0.8233843423334233, 0.0018306746795127005, 0.01348959401838734, 0.8611956000505049, 0.849632650329495, 0.9793118026046221, 0.7987012502347726, 0.870486676211419, 0.7022332867426934, 0.8287665329602392, 0.18790247546494832, 0.5971063260197933, 0.7699153963956903, 0.8491731217049535])
Populating the physics engine parameters.
Genome genes.
[0.9976217903608433, 0.26871110974739254, 0.7397499130339178, 0.8980006520919593, 0.8233843423334233, 0.0018306746795127005, 0.01348959401838734, 0.8611956000505049, 0.849632650329495, 0.9793118026046221, 0.7987012502347726, 0.870486676211419, 0.7022332867426934, 0.8287665329602392, 0.18790247546494832, 0.5971063260197933, 0.7699153963956903, 0.8491731217049535]
Setting gravity.
9976.217903608433
Setting sub steps.
2
Setting FPS.
7405
Setting material friction.
0.18306746795127005
Setting material elasticity.
0.01348959401838734
Setting mass.
9793.118232928195
Setting velocity max.
870.486676211419
Setting damping translation.
0.7022332867426934
Setting rotation damping.
0.8287665329602392
Setting collision bounds type.
CYLINDER
Setting torque-z.
85.0681390487904
Starting the game engine.
