This is pdfTeX, Version 3.1415926-2.5-1.40.14 (TeX Live 2013/Debian) (format=pdflatex 2014.3.9)  29 MAR 2014 02:46
entering extended mode
 restricted \write18 enabled.
 %&-line parsing enabled.
**main.tex
(./main.tex
LaTeX2e <2011/06/27>
Babel <3.9f> and hyphenation patterns for 2 languages loaded.
(/usr/share/texlive/texmf-dist/tex/latex/base/book.cls
Document Class: book 2007/10/19 v1.4h Standard LaTeX document class
(/usr/share/texlive/texmf-dist/tex/latex/base/bk10.clo
File: bk10.clo 2007/10/19 v1.4h Standard LaTeX file (size option)
)
\c@part=\count79
\c@chapter=\count80
\c@section=\count81
\c@subsection=\count82
\c@subsubsection=\count83
\c@paragraph=\count84
\c@subparagraph=\count85
\c@figure=\count86
\c@table=\count87
\abovecaptionskip=\skip41
\belowcaptionskip=\skip42
\bibindent=\dimen102
)
(/home/lettier/SPR2014/7902/bbautotune/master_thesis/Packages/bc.sty)
(/usr/share/texlive/texmf-dist/tex/latex/graphics/epsfig.sty
Package: epsfig 1999/02/16 v1.7a (e)psfig emulation (SPQR)

(/usr/share/texlive/texmf-dist/tex/latex/graphics/graphicx.sty
Package: graphicx 1999/02/16 v1.0f Enhanced LaTeX Graphics (DPC,SPQR)

(/usr/share/texlive/texmf-dist/tex/latex/graphics/keyval.sty
Package: keyval 1999/03/16 v1.13 key=value parser (DPC)
\KV@toks@=\toks14
)
(/usr/share/texlive/texmf-dist/tex/latex/graphics/graphics.sty
Package: graphics 2009/02/05 v1.0o Standard LaTeX Graphics (DPC,SPQR)

(/usr/share/texlive/texmf-dist/tex/latex/graphics/trig.sty
Package: trig 1999/03/16 v1.09 sin cos tan (DPC)
)
(/usr/share/texlive/texmf-dist/tex/latex/latexconfig/graphics.cfg
File: graphics.cfg 2010/04/23 v1.9 graphics configuration of TeX Live
)
Package graphics Info: Driver file: pdftex.def on input line 91.

(/usr/share/texlive/texmf-dist/tex/latex/pdftex-def/pdftex.def
File: pdftex.def 2011/05/27 v0.06d Graphics/color for pdfTeX

(/usr/share/texlive/texmf-dist/tex/generic/oberdiek/infwarerr.sty
Package: infwarerr 2010/04/08 v1.3 Providing info/warning/error messages (HO)
)
(/usr/share/texlive/texmf-dist/tex/generic/oberdiek/ltxcmds.sty
Package: ltxcmds 2011/11/09 v1.22 LaTeX kernel commands for general use (HO)
)
\Gread@gobject=\count88
))
\Gin@req@height=\dimen103
\Gin@req@width=\dimen104
)
\epsfxsize=\dimen105
\epsfysize=\dimen106
)
(/home/lettier/SPR2014/7902/bbautotune/master_thesis/Packages/url.sty
\Urlmuskip=\muskip10
Package: url 2013/09/16  ver 3.4  Verb mode for urls, etc.
)
(/home/lettier/SPR2014/7902/bbautotune/master_thesis/Packages/fullpage.sty
Package: fullpage 1999/02/23 1.1 (PWD)
\FP@margin=\skip43
)
(/usr/share/texlive/texmf-dist/tex/latex/amsmath/amsmath.sty
Package: amsmath 2013/01/14 v2.14 AMS math features
\@mathmargin=\skip44

For additional information on amsmath, use the `?' option.
(/usr/share/texlive/texmf-dist/tex/latex/amsmath/amstext.sty
Package: amstext 2000/06/29 v2.01

(/usr/share/texlive/texmf-dist/tex/latex/amsmath/amsgen.sty
File: amsgen.sty 1999/11/30 v2.0
\@emptytoks=\toks15
\ex@=\dimen107
))
(/usr/share/texlive/texmf-dist/tex/latex/amsmath/amsbsy.sty
Package: amsbsy 1999/11/29 v1.2d
\pmbraise@=\dimen108
)
(/usr/share/texlive/texmf-dist/tex/latex/amsmath/amsopn.sty
Package: amsopn 1999/12/14 v2.01 operator names
)
\inf@bad=\count89
LaTeX Info: Redefining \frac on input line 210.
\uproot@=\count90
\leftroot@=\count91
LaTeX Info: Redefining \overline on input line 306.
\classnum@=\count92
\DOTSCASE@=\count93
LaTeX Info: Redefining \ldots on input line 378.
LaTeX Info: Redefining \dots on input line 381.
LaTeX Info: Redefining \cdots on input line 466.
\Mathstrutbox@=\box26
\strutbox@=\box27
\big@size=\dimen109
LaTeX Font Info:    Redeclaring font encoding OML on input line 566.
LaTeX Font Info:    Redeclaring font encoding OMS on input line 567.
\macc@depth=\count94
\c@MaxMatrixCols=\count95
\dotsspace@=\muskip11
\c@parentequation=\count96
\dspbrk@lvl=\count97
\tag@help=\toks16
\row@=\count98
\column@=\count99
\maxfields@=\count100
\andhelp@=\toks17
\eqnshift@=\dimen110
\alignsep@=\dimen111
\tagshift@=\dimen112
\tagwidth@=\dimen113
\totwidth@=\dimen114
\lineht@=\dimen115
\@envbody=\toks18
\multlinegap=\skip45
\multlinetaggap=\skip46
\mathdisplay@stack=\toks19
LaTeX Info: Redefining \[ on input line 2665.
LaTeX Info: Redefining \] on input line 2666.
)
(/usr/share/texlive/texmf-dist/tex/latex/amsfonts/amsfonts.sty
Package: amsfonts 2013/01/14 v3.01 Basic AMSFonts support
\symAMSa=\mathgroup4
\symAMSb=\mathgroup5
LaTeX Font Info:    Overwriting math alphabet `\mathfrak' in version `bold'
(Font)                  U/euf/m/n --> U/euf/b/n on input line 106.
)
(/usr/share/texlive/texmf-dist/tex/latex/amsfonts/amssymb.sty
Package: amssymb 2013/01/14 v3.01 AMS font symbols
)
(/usr/share/texlive/texmf-dist/tex/latex/amsmath/amscd.sty
Package: amscd 1999/11/29 v2.0
\athelp@=\toks20
\minaw@=\dimen116
\bigaw@=\dimen117
\minCDarrowwidth=\dimen118
)
(/usr/share/texlive/texmf-dist/tex/latex/amscls/amsthm.sty
Package: amsthm 2004/08/06 v2.20
\thm@style=\toks21
\thm@bodyfont=\toks22
\thm@headfont=\toks23
\thm@notefont=\toks24
\thm@headpunct=\toks25
\thm@preskip=\skip47
\thm@postskip=\skip48
\thm@headsep=\skip49
\dth@everypar=\toks26
)
(/usr/share/texlive/texmf-dist/tex/latex/tools/xspace.sty
Package: xspace 2009/10/20 v1.13 Space after command names (DPC,MH)
)
(/usr/share/texlive/texmf-dist/tex/latex/oberdiek/epstopdf.sty
Package: epstopdf 2010/02/09 v2.5 Conversion with epstopdf on the fly (HO)

(/usr/share/texlive/texmf-dist/tex/latex/oberdiek/epstopdf-base.sty
Package: epstopdf-base 2010/02/09 v2.5 Base part for package epstopdf

(/usr/share/texlive/texmf-dist/tex/latex/oberdiek/grfext.sty
Package: grfext 2010/08/19 v1.1 Manage graphics extensions (HO)

(/usr/share/texlive/texmf-dist/tex/generic/oberdiek/kvdefinekeys.sty
Package: kvdefinekeys 2011/04/07 v1.3 Define keys (HO)
))
(/usr/share/texlive/texmf-dist/tex/latex/oberdiek/kvoptions.sty
Package: kvoptions 2011/06/30 v3.11 Key value format for package options (HO)

(/usr/share/texlive/texmf-dist/tex/generic/oberdiek/kvsetkeys.sty
Package: kvsetkeys 2012/04/25 v1.16 Key value parser (HO)

(/usr/share/texlive/texmf-dist/tex/generic/oberdiek/etexcmds.sty
Package: etexcmds 2011/02/16 v1.5 Avoid name clashes with e-TeX commands (HO)

(/usr/share/texlive/texmf-dist/tex/generic/oberdiek/ifluatex.sty
Package: ifluatex 2010/03/01 v1.3 Provides the ifluatex switch (HO)
Package ifluatex Info: LuaTeX not detected.
)
Package etexcmds Info: Could not find \expanded.
(etexcmds)             That can mean that you are not using pdfTeX 1.50 or
(etexcmds)             that some package has redefined \expanded.
(etexcmds)             In the latter case, load this package earlier.
)))
(/usr/share/texlive/texmf-dist/tex/generic/oberdiek/pdftexcmds.sty
Package: pdftexcmds 2011/11/29 v0.20 Utility functions of pdfTeX for LuaTeX (HO
)

(/usr/share/texlive/texmf-dist/tex/generic/oberdiek/ifpdf.sty
Package: ifpdf 2011/01/30 v2.3 Provides the ifpdf switch (HO)
Package ifpdf Info: pdfTeX in PDF mode is detected.
)
Package pdftexcmds Info: LuaTeX not detected.
Package pdftexcmds Info: \pdf@primitive is available.
Package pdftexcmds Info: \pdf@ifprimitive is available.
Package pdftexcmds Info: \pdfdraftmode found.
)
Package grfext Info: Graphics extension search list:
(grfext)             [.png,.pdf,.jpg,.mps,.jpeg,.jbig2,.jb2,.PNG,.PDF,.JPG,.JPE
G,.JBIG2,.JB2,.eps]
(grfext)             \AppendGraphicsExtensions on input line 452.

(/usr/share/texlive/texmf-dist/tex/latex/latexconfig/epstopdf-sys.cfg
File: epstopdf-sys.cfg 2010/07/13 v1.3 Configuration of (r)epstopdf for TeX Liv
e
)))
(/home/lettier/SPR2014/7902/bbautotune/master_thesis/Packages/booktabs.sty
Package: booktabs 2005/04/14 v1.61803 publication quality tables
\heavyrulewidth=\dimen119
\lightrulewidth=\dimen120
\cmidrulewidth=\dimen121
\belowrulesep=\dimen122
\belowbottomsep=\dimen123
\aboverulesep=\dimen124
\abovetopsep=\dimen125
\cmidrulesep=\dimen126
\cmidrulekern=\dimen127
\defaultaddspace=\dimen128
\@cmidla=\count101
\@cmidlb=\count102
\@aboverulesep=\dimen129
\@belowrulesep=\dimen130
\@thisruleclass=\count103
\@lastruleclass=\count104
\@thisrulewidth=\dimen131
)
(/home/lettier/SPR2014/7902/bbautotune/master_thesis/Packages/rotating.sty
Package: rotating 1995/08/22 2.10 Rotation package

(/usr/share/texlive/texmf-dist/tex/latex/base/ifthen.sty
Package: ifthen 2001/05/26 v1.1c Standard LaTeX ifthen package (DPC)
)
\r@tfl@t=\count105
\rot@float@box=\box28
)
(/home/lettier/SPR2014/7902/bbautotune/master_thesis/Packages/listings.sty
\lst@mode=\count106
\lst@gtempboxa=\box29
\lst@token=\toks27
\lst@length=\count107
\lst@currlwidth=\dimen132
\lst@column=\count108
\lst@pos=\count109
\lst@lostspace=\dimen133
\lst@width=\dimen134
\lst@newlines=\count110
\lst@lineno=\count111
\lst@maxwidth=\dimen135

(/home/lettier/SPR2014/7902/bbautotune/master_thesis/Packages/lstpatch.sty

***
*** This is a patch for listings 1.3, but you're using
*** version 1.5c.
***
*** Patch file not loaded.
***

) (/home/lettier/SPR2014/7902/bbautotune/master_thesis/Packages/lstmisc.sty
File: lstmisc.sty 2014/03/04 1.5c (Carsten Heinz)
\c@lstnumber=\count112
\lst@skipnumbers=\count113
\lst@framebox=\box30
)
(/home/lettier/SPR2014/7902/bbautotune/master_thesis/Packages/listings.cfg
File: listings.cfg 2014/03/04 1.5c listings configuration
))
Package: listings 2014/03/04 1.5c (Carsten Heinz)

(/home/lettier/SPR2014/7902/bbautotune/master_thesis/Packages/lstpatch.sty

***
*** This is a patch for listings 1.3, but you're using
*** version 1.5c.
***
 *** Patch file not loaded.
***

) (/home/lettier/SPR2014/7902/bbautotune/master_thesis/Packages/caption.sty
Package: caption 2004/05/16 v3.0b Customising captions (AS)
\captionmargin=\dimen136
\captionwidth=\dimen137
\captionindent=\dimen138
\captionparindent=\dimen139
\captionhangindent=\dimen140
Package caption Info: listings package v1.2 (or newer) detected on input line 6
07.
Package caption Info: rotating package v2.0 (or newer) detected on input line 6
44.
)
(/home/lettier/SPR2014/7902/bbautotune/master_thesis/Packages/varwidth.sty
Package: varwidth 2009/03/30 ver 0.92;  Variable-width minipages
\@vwid@box=\box31
\sift@deathcycles=\count114
\@vwid@loff=\dimen141
\@vwid@roff=\dimen142
)
(/usr/share/texlive/texmf-dist/tex/latex/colortbl/colortbl.sty
Package: colortbl 2012/02/13 v1.0a Color table columns (DPC)

(/usr/share/texlive/texmf-dist/tex/latex/tools/array.sty
Package: array 2008/09/09 v2.4c Tabular extension package (FMi)
\col@sep=\dimen143
\extrarowheight=\dimen144
\NC@list=\toks28
\extratabsurround=\skip50
\backup@length=\skip51
)
(/usr/share/texlive/texmf-dist/tex/latex/graphics/color.sty
Package: color 2005/11/14 v1.0j Standard LaTeX Color (DPC)

(/usr/share/texlive/texmf-dist/tex/latex/latexconfig/color.cfg
File: color.cfg 2007/01/18 v1.5 color configuration of teTeX/TeXLive
)
Package color Info: Driver file: pdftex.def on input line 130.
)
\everycr=\toks29
\minrowclearance=\skip52
)
(/home/lettier/SPR2014/7902/bbautotune/master_thesis/Packages/xcolor.sty
Package: xcolor 2007/01/21 v2.11 LaTeX color extensions (UK)

(/usr/share/texlive/texmf-dist/tex/latex/latexconfig/color.cfg
File: color.cfg 2007/01/18 v1.5 color configuration of teTeX/TeXLive
)
Package xcolor Info: Driver file: pdftex.def on input line 225.
LaTeX Info: Redefining \color on input line 702.
\rownum=\count115
Package xcolor Info: Model `cmy' substituted by `cmy0' on input line 1337.
Package xcolor Info: Model `hsb' substituted by `rgb' on input line 1341.
Package xcolor Info: Model `RGB' extended on input line 1353.
Package xcolor Info: Model `HTML' substituted by `rgb' on input line 1355.
Package xcolor Info: Model `Hsb' substituted by `hsb' on input line 1356.
Package xcolor Info: Model `tHsb' substituted by `hsb' on input line 1357.
Package xcolor Info: Model `HSB' substituted by `hsb' on input line 1358.
Package xcolor Info: Model `Gray' substituted by `gray' on input line 1359.
Package xcolor Info: Model `wave' substituted by `hsb' on input line 1360.
)
(/home/lettier/SPR2014/7902/bbautotune/master_thesis/Packages/pdflscape.sty
Package: pdflscape 2008/08/11 v0.10 Display of landscape pages in PDF (HO)

(/usr/share/texlive/texmf-dist/tex/latex/graphics/lscape.sty
Package: lscape 2000/10/22 v3.01 Landscape Pages (DPC)
)
Package pdflscape Info: Auto-detected driver: pdftex on input line 80.

(/usr/share/texlive/texmf-dist/tex/generic/ifxetex/ifxetex.sty
Package: ifxetex 2010/09/12 v0.6 Provides ifxetex conditional
))
(/home/lettier/SPR2014/7902/bbautotune/master_thesis/Packages/pbox.sty
Package: pbox 2011/12/07 v1.2 Dynamic parboxes

(/usr/share/texlive/texmf-dist/tex/latex/tools/calc.sty
Package: calc 2007/08/22 v4.3 Infix arithmetic (KKT,FJ)
\calc@Acount=\count116
\calc@Bcount=\count117
\calc@Adimen=\dimen145
\calc@Bdimen=\dimen146
\calc@Askip=\skip53
\calc@Bskip=\skip54
LaTeX Info: Redefining \setlength on input line 76.
LaTeX Info: Redefining \addtolength on input line 77.
\calc@Ccount=\count118
\calc@Cskip=\skip55
)
\pb@xlen=\skip56
)
(/home/lettier/SPR2014/7902/bbautotune/master_thesis/Packages/natbib.sty
Package: natbib 1998/07/14 6.8c (PWD)
\bibhang=\skip57
\bibsep=\skip58
LaTeX Info: Redefining \cite on input line 467.
\c@NAT@ctr=\count119
)
(/usr/share/texlive/texmf-dist/tex/latex/hyperref/hyperref.sty
Package: hyperref 2012/11/06 v6.83m Hypertext links for LaTeX

(/usr/share/texlive/texmf-dist/tex/generic/oberdiek/hobsub-hyperref.sty
Package: hobsub-hyperref 2012/05/28 v1.13 Bundle oberdiek, subset hyperref (HO)


(/usr/share/texlive/texmf-dist/tex/generic/oberdiek/hobsub-generic.sty
Package: hobsub-generic 2012/05/28 v1.13 Bundle oberdiek, subset generic (HO)
Package: hobsub 2012/05/28 v1.13 Construct package bundles (HO)
Package hobsub Info: Skipping package `infwarerr' (already loaded).
Package hobsub Info: Skipping package `ltxcmds' (already loaded).
Package hobsub Info: Skipping package `ifluatex' (already loaded).
Package: ifvtex 2010/03/01 v1.5 Detect VTeX and its facilities (HO)
Package ifvtex Info: VTeX not detected.
Package: intcalc 2007/09/27 v1.1 Expandable calculations with integers (HO)
Package hobsub Info: Skipping package `ifpdf' (already loaded).
Package hobsub Info: Skipping package `etexcmds' (already loaded).
Package hobsub Info: Skipping package `kvsetkeys' (already loaded).
Package hobsub Info: Skipping package `kvdefinekeys' (already loaded).
Package hobsub Info: Skipping package `pdftexcmds' (already loaded).
Package: pdfescape 2011/11/25 v1.13 Implements pdfTeX's escape features (HO)
Package: bigintcalc 2012/04/08 v1.3 Expandable calculations on big integers (HO
)
Package: bitset 2011/01/30 v1.1 Handle bit-vector datatype (HO)
Package: uniquecounter 2011/01/30 v1.2 Provide unlimited unique counter (HO)
)
Package hobsub Info: Skipping package `hobsub' (already loaded).
Package: letltxmacro 2010/09/02 v1.4 Let assignment for LaTeX macros (HO)
Package: hopatch 2012/05/28 v1.2 Wrapper for package hooks (HO)
Package: xcolor-patch 2011/01/30 xcolor patch
Package: atveryend 2011/06/30 v1.8 Hooks at the very end of document (HO)
Package atveryend Info: \enddocument detected (standard20110627).
Package: atbegshi 2011/10/05 v1.16 At begin shipout hook (HO)
Package: refcount 2011/10/16 v3.4 Data extraction from label references (HO)
Package: hycolor 2011/01/30 v1.7 Color options for hyperref/bookmark (HO)
)
(/usr/share/texlive/texmf-dist/tex/latex/oberdiek/auxhook.sty
Package: auxhook 2011/03/04 v1.3 Hooks for auxiliary files (HO)
)
\@linkdim=\dimen147
\Hy@linkcounter=\count120
\Hy@pagecounter=\count121

(/usr/share/texlive/texmf-dist/tex/latex/hyperref/pd1enc.def
File: pd1enc.def 2012/11/06 v6.83m Hyperref: PDFDocEncoding definition (HO)
)
\Hy@SavedSpaceFactor=\count122

(/usr/share/texlive/texmf-dist/tex/latex/latexconfig/hyperref.cfg
File: hyperref.cfg 2002/06/06 v1.2 hyperref configuration of TeXLive
)
Package hyperref Info: Option `bookmarks' set `true' on input line 4319.
Package hyperref Info: Option `bookmarksopen' set `true' on input line 4319.
Package hyperref Info: Option `bookmarksnumbered' set `true' on input line 4319
.
Package hyperref Info: Option `hypertexnames' set `false' on input line 4319.
Package hyperref Info: Option `colorlinks' set `true' on input line 4319.
Package hyperref Info: Option `unicode' set `true' on input line 4319.

(/usr/share/texlive/texmf-dist/tex/latex/hyperref/puenc.def
File: puenc.def 2012/11/06 v6.83m Hyperref: PDF Unicode definition (HO)
)
Package hyperref Info: Option `breaklinks' set `true' on input line 4319.
Package hyperref Info: Hyper figures OFF on input line 4443.
Package hyperref Info: Link nesting OFF on input line 4448.
Package hyperref Info: Hyper index ON on input line 4451.
Package hyperref Info: Plain pages OFF on input line 4458.
Package hyperref Info: Backreferencing OFF on input line 4463.
Package hyperref Info: Implicit mode ON; LaTeX internals redefined.
Package hyperref Info: Bookmarks ON on input line 4688.
\c@Hy@tempcnt=\count123
LaTeX Info: Redefining \url on input line 5041.
\XeTeXLinkMargin=\dimen148
\Fld@menulength=\count124
\Field@Width=\dimen149
\Fld@charsize=\dimen150
Package hyperref Info: Hyper figures OFF on input line 6295.
Package hyperref Info: Link nesting OFF on input line 6300.
Package hyperref Info: Hyper index ON on input line 6303.
Package hyperref Info: backreferencing OFF on input line 6310.
Package hyperref Info: Link coloring ON on input line 6313.
Package hyperref Info: Link coloring with OCG OFF on input line 6320.
Package hyperref Info: PDF/A mode OFF on input line 6325.
LaTeX Info: Redefining \ref on input line 6365.
LaTeX Info: Redefining \pageref on input line 6369.
\Hy@abspage=\count125
\c@Item=\count126
\c@Hfootnote=\count127
)

Package hyperref Message: Driver (autodetected): hpdftex.

(/usr/share/texlive/texmf-dist/tex/latex/hyperref/hpdftex.def
File: hpdftex.def 2012/11/06 v6.83m Hyperref driver for pdfTeX
\Fld@listcount=\count128
\c@bookmark@seq@number=\count129

(/usr/share/texlive/texmf-dist/tex/latex/oberdiek/rerunfilecheck.sty
Package: rerunfilecheck 2011/04/15 v1.7 Rerun checks for auxiliary files (HO)
Package uniquecounter Info: New unique counter `rerunfilecheck' on input line 2
82.
)
\Hy@SectionHShift=\skip59
)
Package hyperref Info: Option `colorlinks' set `true' on input line 32.

(./main.aux (./Chapters/Chapter1.aux) (./Chapters/Chapter2.aux)
(./Chapters/Chapter3.aux) (./Chapters/Chapter4.aux) (./Chapters/Chapter5.aux)
(./Chapters/Chapter6.aux))
\openout1 = `main.aux'.

LaTeX Font Info:    Checking defaults for OML/cmm/m/it on input line 43.
LaTeX Font Info:    ... okay on input line 43.
LaTeX Font Info:    Checking defaults for T1/cmr/m/n on input line 43.
LaTeX Font Info:    ... okay on input line 43.
LaTeX Font Info:    Checking defaults for OT1/cmr/m/n on input line 43.
LaTeX Font Info:    ... okay on input line 43.
LaTeX Font Info:    Checking defaults for OMS/cmsy/m/n on input line 43.
LaTeX Font Info:    ... okay on input line 43.
LaTeX Font Info:    Checking defaults for OMX/cmex/m/n on input line 43.
LaTeX Font Info:    ... okay on input line 43.
LaTeX Font Info:    Checking defaults for U/cmr/m/n on input line 43.
LaTeX Font Info:    ... okay on input line 43.
LaTeX Font Info:    Checking defaults for PD1/pdf/m/n on input line 43.
LaTeX Font Info:    ... okay on input line 43.
LaTeX Font Info:    Checking defaults for PU/pdf/m/n on input line 43.
LaTeX Font Info:    ... okay on input line 43.

(/usr/share/texlive/texmf-dist/tex/context/base/supp-pdf.mkii
[Loading MPS to PDF converter (version 2006.09.02).]
\scratchcounter=\count130
\scratchdimen=\dimen151
\scratchbox=\box32
\nofMPsegments=\count131
\nofMParguments=\count132
\everyMPshowfont=\toks30
\MPscratchCnt=\count133
\MPscratchDim=\dimen152
\MPnumerator=\count134
\makeMPintoPDFobject=\count135
\everyMPtoPDFconversion=\toks31
)
\c@lstlisting=\count136
\AtBeginShipoutBox=\box33
Package hyperref Info: Link coloring ON on input line 43.
 (/usr/share/texlive/texmf-dist/tex/latex/hyperref/nameref.sty
Package: nameref 2012/10/27 v2.43 Cross-referencing by name of section

(/usr/share/texlive/texmf-dist/tex/generic/oberdiek/gettitlestring.sty
Package: gettitlestring 2010/12/03 v1.4 Cleanup title references (HO)
)
\c@section@level=\count137
)
LaTeX Info: Redefining \ref on input line 43.
LaTeX Info: Redefining \pageref on input line 43.
LaTeX Info: Redefining \nameref on input line 43.

(./main.out) (./main.out)
\@outlinefile=\write3
\openout3 = `main.out'.

 [1

{/var/lib/texmf/fonts/map/pdftex/updmap/pdftex.map}] [1]
LaTeX Font Info:    Try loading font information for U+msa on input line 67.
 (/usr/share/texlive/texmf-dist/tex/latex/amsfonts/umsa.fd
File: umsa.fd 2013/01/14 v3.01 AMS symbols A
)
LaTeX Font Info:    Try loading font information for U+msb on input line 67.

(/usr/share/texlive/texmf-dist/tex/latex/amsfonts/umsb.fd
File: umsb.fd 2013/01/14 v3.01 AMS symbols B
) [2] (./main.toc
[3

] [4])
\tf@toc=\write4
\openout4 = `main.toc'.

 [5] [6

] (./main.lof [7])
\tf@lof=\write5
\openout5 = `main.lof'.

 [8] (./main.lot)
\tf@lot=\write6
\openout6 = `main.lot'.

 [9

]
\openout2 = `Chapters/Chapter1.aux'.

 (./Chapters/Chapter1.tex
Chapter 1.
) [1


] [2]
\openout2 = `Chapters/Chapter2.aux'.

 (./Chapters/Chapter2.tex
Chapter 2.
[3



] [4]) [5]
\openout2 = `Chapters/Chapter3.aux'.

 (./Chapters/Chapter3.tex [6



]
Chapter 3.
<./Figures/../Figures/Chapter3/arena.png, id=707, 1927.2pt x 1057.9525pt>
File: ./Figures/../Figures/Chapter3/arena.png Graphic file (type png)

<use ./Figures/../Figures/Chapter3/arena.png>
Package pdftex.def Info: ./Figures/../Figures/Chapter3/arena.png used on input 
line 21.
(pdftex.def)             Requested size: 385.43318pt x 211.58675pt.
 [7]
<./Figures/../Figures/Chapter3/ball.png, id=715, 546.04pt x 430.60875pt>
File: ./Figures/../Figures/Chapter3/ball.png Graphic file (type png)

<use ./Figures/../Figures/Chapter3/ball.png>
Package pdftex.def Info: ./Figures/../Figures/Chapter3/ball.png used on input l
ine 33.
(pdftex.def)             Requested size: 273.01933pt x 215.30383pt.

<./Figures/../Figures/Chapter3/angle.png, id=717, 583.17876pt x 462.72874pt>
File: ./Figures/../Figures/Chapter3/angle.png Graphic file (type png)

<use ./Figures/../Figures/Chapter3/angle.png>
Package pdftex.def Info: ./Figures/../Figures/Chapter3/angle.png used on input 
line 43.
(pdftex.def)             Requested size: 291.58867pt x 231.3638pt.
 [8 <./Figures/../Figures/Chapter3/arena.png>] [9 <./Figures/../Figures/Chapter
3/ball.png> <./Figures/../Figures/Chapter3/angle.png>]
Underfull \vbox (badness 10000) has occurred while \output is active []

 [10]
<./Figures/../Figures/Chapter3/paddle.png, id=743, 227.85126pt x 716.6775pt>
File: ./Figures/../Figures/Chapter3/paddle.png Graphic file (type png)

<use ./Figures/../Figures/Chapter3/paddle.png>
Package pdftex.def Info: ./Figures/../Figures/Chapter3/paddle.png used on input
 line 59.
(pdftex.def)             Requested size: 68.3559pt x 215.00491pt.
 [11 <./Figures/../Figures/Chapter3/paddle.png>] [12]
<./Figures/../Figures/Chapter3/nn.png, id=757, 1189.44376pt x 776.9025pt>
File: ./Figures/../Figures/Chapter3/nn.png Graphic file (type png)

<use ./Figures/../Figures/Chapter3/nn.png>
Package pdftex.def Info: ./Figures/../Figures/Chapter3/nn.png used on input lin
e 79.
(pdftex.def)             Requested size: 404.40553pt x 264.14334pt.

<./Figures/../Figures/Chapter3/unit_vectors.png, id=760, 1927.2pt x 995.72pt>
File: ./Figures/../Figures/Chapter3/unit_vectors.png Graphic file (type png)

<use ./Figures/../Figures/Chapter3/unit_vectors.png>
Package pdftex.def Info: ./Figures/../Figures/Chapter3/unit_vectors.png used on
 input line 89.
(pdftex.def)             Requested size: 404.72395pt x 209.10736pt.

<./Figures/../Figures/Chapter3/nn_input.png, id=761, 813.0375pt x 601.24625pt>
File: ./Figures/../Figures/Chapter3/nn_input.png Graphic file (type png)

<use ./Figures/../Figures/Chapter3/nn_input.png>
Package pdftex.def Info: ./Figures/../Figures/Chapter3/nn_input.png used on inp
ut line 97.
(pdftex.def)             Requested size: 406.51776pt x 300.62238pt.

Underfull \vbox (badness 10000) has occurred while \output is active []

 [13 <./Figures/../Figures/Chapter3/nn.png>]
Overfull \hbox (28.99063pt too wide) in paragraph at lines 107--108
[]\OT1/cmtt/m/n/10 TODO: Consider moving most of this to the GA chapter and onl
y leave what was specific to SimPL.[] 
 []

[14 <./Figures/../Figures/Chapter3/unit_vectors.png>] [15 <./Figures/../Figures
/Chapter3/nn_input.png>]
Underfull \hbox (badness 10000) in paragraph at lines 121--177

 []


Underfull \hbox (badness 10000) detected at line 177

 []

[16]
Underfull \vbox (badness 10000) has occurred while \output is active []

 [17]
[18] [19]
Overfull \hbox (16.27248pt too wide) in paragraph at lines 248--268
 [][] 
 []

[20]
Underfull \vbox (badness 2418) has occurred while \output is active []

 [21


]
[22]
<./Figures/../Figures/Chapter3/simple_fit_func.png, id=821, 1084.05pt x 602.25p
t>
File: ./Figures/../Figures/Chapter3/simple_fit_func.png Graphic file (type png)

 <use ./Figures/../Figures/Chapter3/simple_fit_func.png>
Package pdftex.def Info: ./Figures/../Figures/Chapter3/simple_fit_func.png used
 on input line 321.
(pdftex.def)             Requested size: 325.21751pt x 180.67639pt.

Underfull \vbox (badness 3838) has occurred while \output is active []

 [23 <./Figures/../Figures/Chapter3/simple_fit_func.png>]
<./Figures/../Figures/Chapter3/roulette.png, id=830, 1607.00375pt x 764.8575pt>
File: ./Figures/../Figures/Chapter3/roulette.png Graphic file (type png)
<use ./Figures/../Figures/Chapter3/roulette.png>
Package pdftex.def Info: ./Figures/../Figures/Chapter3/roulette.png used on inp
ut line 333.
(pdftex.def)             Requested size: 401.74995pt x 191.2139pt.

Underfull \vbox (badness 10000) has occurred while \output is active []

 [24]
[25 <./Figures/../Figures/Chapter3/roulette.png>] [26]
Underfull \hbox (badness 10000) in paragraph at lines 384--448

 []


Underfull \hbox (badness 10000) detected at line 448

 []


Underfull \vbox (badness 10000) has occurred while \output is active []

 [27]
[28] [29] [30]
<./Figures/../Figures/Chapter3/exp1_avg_fit.png, id=874, 1327.20844pt x 746.037
19pt>
File: ./Figures/../Figures/Chapter3/exp1_avg_fit.png Graphic file (type png)
 <use ./Figures/../Figures/Chapter3/exp1_avg_fit.png>
Package pdftex.def Info: ./Figures/../Figures/Chapter3/exp1_avg_fit.png used on
 input line 638.
(pdftex.def)             Requested size: 361.34999pt x 203.1175pt.

<./Figures/../Figures/Chapter3/exp1_10_tops.png, id=875, 1099.85907pt x 618.811
87pt>
File: ./Figures/../Figures/Chapter3/exp1_10_tops.png Graphic file (type png)
 <use ./Figures/../Figures/Chapter3/exp1_10_tops.png>
Package pdftex.def Info: ./Figures/../Figures/Chapter3/exp1_10_tops.png used on
 input line 646.
(pdftex.def)             Requested size: 361.34999pt x 203.30208pt.

<./Figures/../Figures/Chapter3/exp1_10_tops_times.png, id=876, 1206.75844pt x 6
79.03688pt>
File: ./Figures/../Figures/Chapter3/exp1_10_tops_times.png Graphic file (type p
ng)
 <use ./Figures/../Figures/Chapter3/exp1_10_tops_times.png>
Package pdftex.def Info: ./Figures/../Figures/Chapter3/exp1_10_tops_times.png u
sed on input line 654.
(pdftex.def)             Requested size: 361.34999pt x 203.32927pt.

<./Figures/../Figures/Chapter3/exp2_avg_fit.png, id=879, 1191.7022pt x 707.6437
5pt>
File: ./Figures/../Figures/Chapter3/exp2_avg_fit.png Graphic file (type png)
 <use ./Figures/../Figures/Chapter3/exp2_avg_fit.png>
Package pdftex.def Info: ./Figures/../Figures/Chapter3/exp2_avg_fit.png used on
 input line 666.
(pdftex.def)             Requested size: 361.34999pt x 214.57309pt.

<./Figures/../Figures/Chapter3/exp2_10_tops.png, id=880, 975.645pt x 548.80031p
t>
File: ./Figures/../Figures/Chapter3/exp2_10_tops.png Graphic file (type png)
 <use ./Figures/../Figures/Chapter3/exp2_10_tops.png>
Package pdftex.def Info: ./Figures/../Figures/Chapter3/exp2_10_tops.png used on
 input line 674.
(pdftex.def)             Requested size: 361.34999pt x 203.26227pt.

<./Figures/../Figures/Chapter3/exp2_10_tops_times.png, id=881, 1206.00563pt x 6
78.28406pt>
File: ./Figures/../Figures/Chapter3/exp2_10_tops_times.png Graphic file (type p
ng)
 <use ./Figures/../Figures/Chapter3/exp2_10_tops_times.png>
Package pdftex.def Info: ./Figures/../Figures/Chapter3/exp2_10_tops_times.png u
sed on input line 682.
(pdftex.def)             Requested size: 361.34999pt x 203.22804pt.

Underfull \vbox (badness 2875) has occurred while \output is active []

 [31]
[32 <./Figures/../Figures/Chapter3/exp1_avg_fit.png (PNG copy)> <./Figures/../F
igures/Chapter3/exp1_10_tops.png (PNG copy)>] [33 <./Figures/../Figures/Chapter
3/exp1_10_tops_times.png (PNG copy)> <./Figures/../Figures/Chapter3/exp2_avg_fi
t.png (PNG copy)>] [34 <./Figures/../Figures/Chapter3/exp2_10_tops.png (PNG cop
y)> <./Figures/../Figures/Chapter3/exp2_10_tops_times.png (PNG copy)>]
<./Figures/../Figures/Chapter3/exp3_avg_fit.png, id=902, 1187.18532pt x 516.429
38pt>
File: ./Figures/../Figures/Chapter3/exp3_avg_fit.png Graphic file (type png)
 <use ./Figures/../Figures/Chapter3/exp3_avg_fit.png>
Package pdftex.def Info: ./Figures/../Figures/Chapter3/exp3_avg_fit.png used on
 input line 694.
(pdftex.def)             Requested size: 361.34999pt x 157.19159pt.

<./Figures/../Figures/Chapter3/exp3_self_adapt.png, id=905, 1188.69093pt x 538.
26094pt>
File: ./Figures/../Figures/Chapter3/exp3_self_adapt.png Graphic file (type png)

 <use ./Figures/../Figures/Chapter3/exp3_self_adapt.png>
Package pdftex.def Info: ./Figures/../Figures/Chapter3/exp3_self_adapt.png used
 on input line 704.
(pdftex.def)             Requested size: 361.34999pt x 163.62317pt.

<./Figures/../Figures/Chapter3/exp3_10_tops.png, id=906, 1109.64563pt x 693.340
32pt>
File: ./Figures/../Figures/Chapter3/exp3_10_tops.png Graphic file (type png)
 <use ./Figures/../Figures/Chapter3/exp3_10_tops.png>
Package pdftex.def Info: ./Figures/../Figures/Chapter3/exp3_10_tops.png used on
 input line 712.
(pdftex.def)             Requested size: 361.34999pt x 225.77727pt.

<./Figures/../Figures/Chapter3/exp3_10_tops_times.png, id=907, 1186.4325pt x 72
2.7pt>
File: ./Figures/../Figures/Chapter3/exp3_10_tops_times.png Graphic file (type p
ng)
 <use ./Figures/../Figures/Chapter3/exp3_10_tops_times.png>
Package pdftex.def Info: ./Figures/../Figures/Chapter3/exp3_10_tops_times.png u
sed on input line 720.
(pdftex.def)             Requested size: 361.34999pt x 220.10889pt.
 [35 <./Figures/../Figures/Chapter3/exp3_avg_fit.png (PNG copy)>] [36 <./Figure
s/../Figures/Chapter3/exp3_self_adapt.png (PNG copy)> <./Figures/../Figures/Cha
pter3/exp3_10_tops.png (PNG copy)>]
<./Figures/../Figures/Chapter3/exp4_avg_fit.png, id=919, 1228.59pt x 546.54187p
t>
File: ./Figures/../Figures/Chapter3/exp4_avg_fit.png Graphic file (type png)
 <use ./Figures/../Figures/Chapter3/exp4_avg_fit.png>
Package pdftex.def Info: ./Figures/../Figures/Chapter3/exp4_avg_fit.png used on
 input line 732.
(pdftex.def)             Requested size: 361.34999pt x 160.74475pt.

<./Figures/../Figures/Chapter3/exp4_10_tops.png, id=920, 1157.07281pt x 648.924
38pt>
File: ./Figures/../Figures/Chapter3/exp4_10_tops.png Graphic file (type png)
 <use ./Figures/../Figures/Chapter3/exp4_10_tops.png>
Package pdftex.def Info: ./Figures/../Figures/Chapter3/exp4_10_tops.png used on
 input line 740.
(pdftex.def)             Requested size: 361.34999pt x 202.64973pt.

<./Figures/../Figures/Chapter3/exp4_10_tops_times.png, id=921, 1211.27531pt x 7
35.49782pt>
File: ./Figures/../Figures/Chapter3/exp4_10_tops_times.png Graphic file (type p
ng)
 <use ./Figures/../Figures/Chapter3/exp4_10_tops_times.png>
Package pdftex.def Info: ./Figures/../Figures/Chapter3/exp4_10_tops_times.png u
sed on input line 748.
(pdftex.def)             Requested size: 361.34999pt x 219.41653pt.

Underfull \vbox (badness 10000) has occurred while \output is active []

 [37 <./Figures/../Figures/Chapter3/exp3_10_tops_times.png (PNG copy)> <./Figur
es/../Figures/Chapter3/exp4_avg_fit.png (PNG copy)>] [38 <./Figures/../Figures/
Chapter3/exp4_10_tops.png (PNG copy)> <./Figures/../Figures/Chapter3/exp4_10_to
ps_times.png (PNG copy)>]
<./Figures/../Figures/Chapter3/exp5_avg_fit.png, id=932, 1117.17375pt x 532.991
26pt>
File: ./Figures/../Figures/Chapter3/exp5_avg_fit.png Graphic file (type png)
 <use ./Figures/../Figures/Chapter3/exp5_avg_fit.png>
Package pdftex.def Info: ./Figures/../Figures/Chapter3/exp5_avg_fit.png used on
 input line 760.
(pdftex.def)             Requested size: 361.34999pt x 172.39056pt.

<./Figures/../Figures/Chapter3/exp5_10_tops.png, id=933, 1293.33188pt x 645.913
13pt>
File: ./Figures/../Figures/Chapter3/exp5_10_tops.png Graphic file (type png)
 <use ./Figures/../Figures/Chapter3/exp5_10_tops.png>
Package pdftex.def Info: ./Figures/../Figures/Chapter3/exp5_10_tops.png used on
 input line 768.
(pdftex.def)             Requested size: 361.34999pt x 180.4602pt.

<./Figures/../Figures/Chapter3/exp5_10_tops_times.png, id=934, 1131.47719pt x 5
95.47469pt>
File: ./Figures/../Figures/Chapter3/exp5_10_tops_times.png Graphic file (type p
ng)
 <use ./Figures/../Figures/Chapter3/exp5_10_tops_times.png>
Package pdftex.def Info: ./Figures/../Figures/Chapter3/exp5_10_tops_times.png u
sed on input line 776.
(pdftex.def)             Requested size: 361.34999pt x 190.16508pt.

Underfull \vbox (badness 10000) has occurred while \output is active []

 [39 <./Figures/../Figures/Chapter3/exp5_avg_fit.png (PNG copy)> <./Figures/../
Figures/Chapter3/exp5_10_tops.png (PNG copy)>]
<./Figures/../Figures/Chapter3/exp6_avg_fit.png, id=942, 1114.1625pt x 576.6543
7pt>
File: ./Figures/../Figures/Chapter3/exp6_avg_fit.png Graphic file (type png)
 <use ./Figures/../Figures/Chapter3/exp6_avg_fit.png>
Package pdftex.def Info: ./Figures/../Figures/Chapter3/exp6_avg_fit.png used on
 input line 788.
(pdftex.def)             Requested size: 361.34999pt x 187.02328pt.

<./Figures/../Figures/Chapter3/exp6_10_tops.png, id=943, 999.735pt x 533.74406p
t>
File: ./Figures/../Figures/Chapter3/exp6_10_tops.png Graphic file (type png)
 <use ./Figures/../Figures/Chapter3/exp6_10_tops.png>
Package pdftex.def Info: ./Figures/../Figures/Chapter3/exp6_10_tops.png used on
 input line 795.
(pdftex.def)             Requested size: 361.34999pt x 192.92142pt.

<./Figures/../Figures/Chapter3/exp6_10_tops_times.png, id=944, 994.46532pt x 52
1.69907pt>
File: ./Figures/../Figures/Chapter3/exp6_10_tops_times.png Graphic file (type p
ng)
 <use ./Figures/../Figures/Chapter3/exp6_10_tops_times.png>
Package pdftex.def Info: ./Figures/../Figures/Chapter3/exp6_10_tops_times.png u
sed on input line 802.
(pdftex.def)             Requested size: 361.34999pt x 189.56282pt.

Underfull \vbox (badness 2600) has occurred while \output is active []

 [40 <./Figures/../Figures/Chapter3/exp5_10_tops_times.png (PNG copy)> <./Figur
es/../Figures/Chapter3/exp6_avg_fit.png (PNG copy)>] [41 <./Figures/../Figures/
Chapter3/exp6_10_tops.png (PNG copy)> <./Figures/../Figures/Chapter3/exp6_10_to
ps_times.png (PNG copy)>]
<./Figures/../Figures/Chapter3/exp7_avg_fit.png, id=955, 1447.65843pt x 784.430
62pt>
File: ./Figures/../Figures/Chapter3/exp7_avg_fit.png Graphic file (type png)
 <use ./Figures/../Figures/Chapter3/exp7_avg_fit.png>
Package pdftex.def Info: ./Figures/../Figures/Chapter3/exp7_avg_fit.png used on
 input line 813.
(pdftex.def)             Requested size: 361.34999pt x 195.79596pt.

<./Figures/../Figures/Chapter3/exp7_10_tops.png, id=956, 1038.12843pt x 544.283
43pt>
File: ./Figures/../Figures/Chapter3/exp7_10_tops.png Graphic file (type png)
 <use ./Figures/../Figures/Chapter3/exp7_10_tops.png>
Package pdftex.def Info: ./Figures/../Figures/Chapter3/exp7_10_tops.png used on
 input line 820.
(pdftex.def)             Requested size: 361.34999pt x 189.44731pt.

<./Figures/../Figures/Chapter3/exp7_10_tops_times.png, id=957, 1123.94907pt x 5
87.94656pt>
File: ./Figures/../Figures/Chapter3/exp7_10_tops_times.png Graphic file (type p
ng)
 <use ./Figures/../Figures/Chapter3/exp7_10_tops_times.png>
Package pdftex.def Info: ./Figures/../Figures/Chapter3/exp7_10_tops_times.png u
sed on input line 827.
(pdftex.def)             Requested size: 361.34999pt x 189.02592pt.

Underfull \vbox (badness 10000) has occurred while \output is active []

 [42 <./Figures/../Figures/Chapter3/exp7_avg_fit.png (PNG copy)> <./Figures/../
Figures/Chapter3/exp7_10_tops.png (PNG copy)>]
<./Figures/../Figures/Chapter3/all_avg_fit.png, id=965, 1617.04124pt x 1146.282
5pt>
File: ./Figures/../Figures/Chapter3/all_avg_fit.png Graphic file (type png)
 <use ./Figures/../Figures/Chapter3/all_avg_fit.png>
Package pdftex.def Info: ./Figures/../Figures/Chapter3/all_avg_fit.png used on 
input line 842.
(pdftex.def)             Requested size: 361.34999pt x 256.15335pt.

<./Figures/../Figures/Chapter3/all_10_tops.png, id=967, 1602.98875pt x 1130.222
5pt>
File: ./Figures/../Figures/Chapter3/all_10_tops.png Graphic file (type png)
 <use ./Figures/../Figures/Chapter3/all_10_tops.png>
Package pdftex.def Info: ./Figures/../Figures/Chapter3/all_10_tops.png used on 
input line 854.
(pdftex.def)             Requested size: 361.34999pt x 254.77197pt.

<./Figures/../Figures/Chapter3/all_10_tops_times.png, id=969, 1602.98875pt x 11
30.2225pt>
File: ./Figures/../Figures/Chapter3/all_10_tops_times.png Graphic file (type pn
g)
 <use ./Figures/../Figures/Chapter3/all_10_tops_times.png>
Package pdftex.def Info: ./Figures/../Figures/Chapter3/all_10_tops_times.png us
ed on input line 866.
(pdftex.def)             Requested size: 361.34999pt x 254.77197pt.

Overfull \hbox (56.97652pt too wide) in paragraph at lines 922--923
[]\OT1/cmtt/m/n/10 TODO: Change the wording to reflect that it \OT1/cmtt/m/it/1
0 was \OT1/cmtt/m/n/10 helpful to do SimPL since BBAutoTune was successful.[] 
 []

) [43 <./Figures/../Figures/Chapter3/exp7_10_tops_times.png (PNG copy)>]
[44 <./Figures/../Figures/Chapter3/all_avg_fit.png> <./Figures/../Figures/Chapt
er3/all_10_tops.png>] [45 <./Figures/../Figures/Chapter3/all_10_tops_times.png>
] [46] [47] [48] [49]
\openout2 = `Chapters/Chapter4.aux'.

 (./Chapters/Chapter4.tex [50



]
Chapter 4.

Underfull \vbox (badness 4156) has occurred while \output is active []

 [51]
<./Figures/../Figures/Chapter4/bbautotune_gui.png, id=1019, 404.51125pt x 346.2
9375pt>
File: ./Figures/../Figures/Chapter4/bbautotune_gui.png Graphic file (type png)
 <use ./Figures/../Figures/Chapter4/bbautotune_gui.png>
Package pdftex.def Info: ./Figures/../Figures/Chapter4/bbautotune_gui.png used 
on input line 23.
(pdftex.def)             Requested size: 242.70862pt x 207.77785pt.
 [52 <./Figures/../Figures/Chapter4/bbautotune_gui.png>] [53]
<./Figures/../Figures/Chapter4/ga_monitor.png, id=1035, 606.265pt x 665.48625pt
>
File: ./Figures/../Figures/Chapter4/ga_monitor.png Graphic file (type png)
 <use ./Figures/../Figures/Chapter4/ga_monitor.png>
Package pdftex.def Info: ./Figures/../Figures/Chapter4/ga_monitor.png used on i
nput line 107.
(pdftex.def)             Requested size: 363.76181pt x 399.29483pt.
 [54] [55 <./Figures/../Figures/Chapter4/ga_monitor.png>] [56]
Underfull \hbox (badness 10000) in paragraph at lines 140--160

 []


Underfull \hbox (badness 10000) detected at line 160

 []


Overfull \hbox (13.24077pt too wide) in paragraph at lines 170--171
[]\OT1/cmtt/m/n/10 TODO: This section only reflects the data recorded using the
 old move() function. Change to
 []

[57]
<./Figures/../Figures/Chapter4/real_robot_raw_trans_rot.png, id=1061, 740.7675p
t x 609.2361pt>
File: ./Figures/../Figures/Chapter4/real_robot_raw_trans_rot.png Graphic file (
type png)

<use ./Figures/../Figures/Chapter4/real_robot_raw_trans_rot.png>
Package pdftex.def Info: ./Figures/../Figures/Chapter4/real_robot_raw_trans_rot
.png used on input line 178.
(pdftex.def)             Requested size: 444.46393pt x 365.54448pt.

<./Figures/../Figures/Chapter4/real_robot_forward_motion.png, id=1062, 718.3638
pt x 607.068pt>
File: ./Figures/../Figures/Chapter4/real_robot_forward_motion.png Graphic file 
(type png)

<use ./Figures/../Figures/Chapter4/real_robot_forward_motion.png>
Package pdftex.def Info: ./Figures/../Figures/Chapter4/real_robot_forward_motio
n.png used on input line 186.
(pdftex.def)             Requested size: 431.0216pt x 364.2436pt.

<./Figures/../Figures/Chapter4/real_robot_forward_dist.png, id=1066, 629.4717pt
 x 717.6411pt>
File: ./Figures/../Figures/Chapter4/real_robot_forward_dist.png Graphic file (t
ype png)
 <use ./Figures/../Figures/Chapter4/real_robot_forward_dist.png>
Package pdftex.def Info: ./Figures/../Figures/Chapter4/real_robot_forward_dist.
png used on input line 248.
(pdftex.def)             Requested size: 377.68593pt x 430.58798pt.

<./Figures/../Figures/Chapter4/real_robot_3d_scatter.png, id=1067, 875.9124pt x
 875.9124pt>
File: ./Figures/../Figures/Chapter4/real_robot_3d_scatter.png Graphic file (typ
e png)
 <use ./Figures/../Figures/Chapter4/real_robot_3d_scatter.png>
Package pdftex.def Info: ./Figures/../Figures/Chapter4/real_robot_3d_scatter.pn
g used on input line 256.
(pdftex.def)             Requested size: 437.95512pt x 437.95512pt.

Underfull \vbox (badness 2035) has occurred while \output is active []

 [58]
[59 <./Figures/../Figures/Chapter4/real_robot_raw_trans_rot.png>] [60 <./Figure
s/../Figures/Chapter4/real_robot_forward_motion.png>] [61 <./Figures/../Figures
/Chapter4/real_robot_forward_dist.png>] [62 <./Figures/../Figures/Chapter4/real
_robot_3d_scatter.png>] [63]
<./Figures/../Figures/Chapter4/real_robot_robust_samples.png, id=1109, 875.9124
pt x 875.9124pt>
File: ./Figures/../Figures/Chapter4/real_robot_robust_samples.png Graphic file 
(type png)

<use ./Figures/../Figures/Chapter4/real_robot_robust_samples.png>
Package pdftex.def Info: ./Figures/../Figures/Chapter4/real_robot_robust_sample
s.png used on input line 295.
(pdftex.def)             Requested size: 437.95512pt x 437.95512pt.

<./Figures/../Figures/Chapter4/real_robot_md_vs_rd.png, id=1110, 677.8926pt x 8
44.1136pt>
File: ./Figures/../Figures/Chapter4/real_robot_md_vs_rd.png Graphic file (type 
png)
 <use ./Figures/../Figures/Chapter4/real_robot_md_vs_rd.png>
Package pdftex.def Info: ./Figures/../Figures/Chapter4/real_robot_md_vs_rd.png 
used on input line 303.
(pdftex.def)             Requested size: 338.94547pt x 422.05577pt.

Underfull \vbox (badness 4120) has occurred while \output is active []

 [64 <./Figures/../Figures/Chapter4/real_robot_robust_samples.png>] [65 <./Figu
res/../Figures/Chapter4/real_robot_md_vs_rd.png>]
LaTeX Font Info:    Try loading font information for OMS+cmr on input line 313.


(/usr/share/texlive/texmf-dist/tex/latex/base/omscmr.fd
File: omscmr.fd 1999/05/25 v2.5h Standard LaTeX font definitions
)
LaTeX Font Info:    Font shape `OMS/cmr/m/n' in size <10> not available
(Font)              Font shape `OMS/cmsy/m/n' tried instead on input line 313.
 [66]
<./Figures/../Figures/Chapter4/simu_robot_aligned.png, id=1127, 418.56375pt x 3
47.2975pt>
File: ./Figures/../Figures/Chapter4/simu_robot_aligned.png Graphic file (type p
ng)
 <use ./Figures/../Figures/Chapter4/simu_robot_aligned.png>
Package pdftex.def Info: ./Figures/../Figures/Chapter4/simu_robot_aligned.png u
sed on input line 325.
(pdftex.def)             Requested size: 209.28136pt x 173.64832pt.

<./Figures/../Figures/Chapter4/racquetball.png, id=1129, 749.80125pt x 681.5462
5pt>
File: ./Figures/../Figures/Chapter4/racquetball.png Graphic file (type png)
 <use ./Figures/../Figures/Chapter4/racquetball.png>
Package pdftex.def Info: ./Figures/../Figures/Chapter4/racquetball.png used on 
input line 345.
(pdftex.def)             Requested size: 299.91519pt x 272.61366pt.
 [67 <./Figures/../Figures/Chapter4/simu_robot_aligned.png>]
Underfull \vbox (badness 10000) has occurred while \output is active []

 [68 <./Figures/../Figures/Chapter4/racquetball.png>]
Missing character: There is no Ã in font cmr10!
Missing character: There is no © in font cmr10!
 [69]
<./Figures/../Figures/Chapter4/material_physics_ball_plot.png, id=1150, 1130.30
28pt x 1130.3028pt>
File: ./Figures/../Figures/Chapter4/material_physics_ball_plot.png Graphic file
 (type png)

<use ./Figures/../Figures/Chapter4/material_physics_ball_plot.png>
Package pdftex.def Info: ./Figures/../Figures/Chapter4/material_physics_ball_pl
ot.png used on input line 371.
(pdftex.def)             Requested size: 395.61191pt x 395.61191pt.

<./Figures/../Figures/Chapter4/logic_steps_ball_plot.png, id=1151, 1130.3028pt 
x 1130.3028pt>
File: ./Figures/../Figures/Chapter4/logic_steps_ball_plot.png Graphic file (typ
e png)
 <use ./Figures/../Figures/Chapter4/logic_steps_ball_plot.png>
Package pdftex.def Info: ./Figures/../Figures/Chapter4/logic_steps_ball_plot.pn
g used on input line 379.
(pdftex.def)             Requested size: 395.61191pt x 395.61191pt.

Underfull \hbox (badness 10000) in paragraph at lines 389--402

 []


Underfull \hbox (badness 10000) detected at line 402

 []

Missing character: There is no Ã in font cmr8!
Missing character: There is no © in font cmr8!
) [70] [71 <./Figures/../Figures/Chapter4/material_physics_ball_plot.png>]
[72 <./Figures/../Figures/Chapter4/logic_steps_ball_plot.png>] [73] [74]
\openout2 = `Chapters/Chapter5.aux'.


(./Chapters/Chapter5.tex
Chapter 5.
<./Figures/../Figures/Chapter5/treads.png, id=1178, 1626.075pt x 364.36125pt>
File: ./Figures/../Figures/Chapter5/treads.png Graphic file (type png)

<use ./Figures/../Figures/Chapter5/treads.png>
Package pdftex.def Info: ./Figures/../Figures/Chapter5/treads.png used on input
 line 21.
(pdftex.def)             Requested size: 406.51776pt x 91.09009pt.
 [75



]
<./Figures/../Figures/Chapter5/const_motion_model.png, id=1188, 1577.895pt x 64
1.39626pt>
File: ./Figures/../Figures/Chapter5/const_motion_model.png Graphic file (type p
ng)
 <use ./Figures/../Figures/Chapter5/const_motion_model.png>
Package pdftex.def Info: ./Figures/../Figures/Chapter5/const_motion_model.png u
sed on input line 35.
(pdftex.def)             Requested size: 441.80759pt x 179.58972pt.

<./Figures/../Figures/Chapter5/const_motion_model_plotted.png, id=1189, 711.658
75pt x 534.99875pt>
File: ./Figures/../Figures/Chapter5/const_motion_model_plotted.png Graphic file
 (type png)

<use ./Figures/../Figures/Chapter5/const_motion_model_plotted.png>
Package pdftex.def Info: ./Figures/../Figures/Chapter5/const_motion_model_plott
ed.png used on input line 43.
(pdftex.def)             Requested size: 391.41353pt x 294.25021pt.

<./Figures/../Figures/Chapter5/map.png, id=1193, 516.9714pt x 384.7173pt>
File: ./Figures/../Figures/Chapter5/map.png Graphic file (type png)

<use ./Figures/../Figures/Chapter5/map.png>
Package pdftex.def Info: ./Figures/../Figures/Chapter5/map.png used on input li
ne 59.
(pdftex.def)             Requested size: 361.87752pt x 269.30026pt.

Underfull \vbox (badness 6110) has occurred while \output is active []

 [76 <./Figures/../Figures/Chapter5/treads.png> <./Figures/../Figures/Chapter5/
const_motion_model.png>] [77 <./Figures/../Figures/Chapter5/const_motion_model_
plotted.png>] <./Figures/../Figures/Chapter5/srv1.png, id=1206, 645.41125pt x 5
45.03625pt>
File: ./Figures/../Figures/Chapter5/srv1.png Graphic file (type png)

<use ./Figures/../Figures/Chapter5/srv1.png>
Package pdftex.def Info: ./Figures/../Figures/Chapter5/srv1.png used on input l
ine 71.
(pdftex.def)             Requested size: 322.70483pt x 272.51746pt.
 [78 <./Figures/../Figures/Chapter5/map.png>] [79 <./Figures/../Figures/Chapter
5/srv1.png>] [80]
<./Figures/../Figures/Chapter5/parts.png, id=1225, 1061.9675pt x 311.1625pt>
File: ./Figures/../Figures/Chapter5/parts.png Graphic file (type png)

<use ./Figures/../Figures/Chapter5/parts.png>
Package pdftex.def Info: ./Figures/../Figures/Chapter5/parts.png used on input 
line 106.
(pdftex.def)             Requested size: 424.77948pt x 124.46278pt.

<./Figures/../Figures/Chapter5/taskPoints.png, id=1226, 1409.265pt x 840.13875p
t>
File: ./Figures/../Figures/Chapter5/taskPoints.png Graphic file (type png)
 <use ./Figures/../Figures/Chapter5/taskPoints.png>
Package pdftex.def Info: ./Figures/../Figures/Chapter5/taskPoints.png used on i
nput line 114.
(pdftex.def)             Requested size: 450.97401pt x 268.84988pt.
) [81 <./Figures/../Figures/Chapter5/parts.png>] [82 <./Figures/../Figures/Chap
ter5/taskPoints.png>]
\openout2 = `Chapters/Chapter6.aux'.


(./Chapters/Chapter6.tex
Chapter 6.
) [83



] (./Appendices/AppendixA.tex [84


]
Appendix A.
) [85] [86

] (./main.bbl
Missing character: There is no â in font cmr10!
Missing character: There is no € in font cmr10!
Missing character: There is no “ in font cmr10!
Missing character: There is no â in font cmr10!
Missing character: There is no € in font cmr10!
Missing character: There is no “ in font cmr10!

Underfull \hbox (badness 2951) in paragraph at lines 56--62
[]\OT1/cmr/m/n/10 Marek Obitko.  Se-lec-tion: In-tro-duc-tion to ge-netic al-go
-rithms.  [][]$\OT1/cmtt/m/n/10 http : / / www . obitko . com /
 []

[87

]
Underfull \hbox (badness 2591) in paragraph at lines 73--77
[]\OT1/cmr/m/n/10 Bullet col-li-sion de-tec-tion & physics li-brary.  [][]$\OT1
/cmtt/m/n/10 http : / / www . continuousphysics . com / Bullet /
 []

[88])
Package atveryend Info: Empty hook `BeforeClearDocument' on input line 132.
 [89]
Package atveryend Info: Empty hook `AfterLastShipout' on input line 132.
 (./main.aux (./Chapters/Chapter1.aux) (./Chapters/Chapter2.aux)
(./Chapters/Chapter3.aux) (./Chapters/Chapter4.aux) (./Chapters/Chapter5.aux)
(./Chapters/Chapter6.aux))
Package atveryend Info: Executing hook `AtVeryEndDocument' on input line 132.
Package atveryend Info: Executing hook `AtEndAfterFileList' on input line 132.
Package rerunfilecheck Info: File `main.out' has not changed.
(rerunfilecheck)             Checksum: F5131094372FA3B798ACC31C17D626E8;14051.
Package atveryend Info: Empty hook `AtVeryVeryEnd' on input line 132.
 ) 
Here is how much of TeX's memory you used:
 12882 strings out of 495031
 187503 string characters out of 6181532
 289861 words of memory out of 5000000
 15506 multiletter control sequences out of 15000+600000
 15007 words of font info for 57 fonts, out of 8000000 for 9000
 14 hyphenation exceptions out of 8191
 42i,14n,42p,2066b,465s stack positions out of 5000i,500n,10000p,200000b,80000s
</usr/share/texlive/texmf-dist/fonts/type1/public/amsfonts/cm/cmbx10.pfb></us
r/share/texlive/texmf-dist/fonts/type1/public/amsfonts/cm/cmbx12.pfb></usr/shar
e/texlive/texmf-dist/fonts/type1/public/amsfonts/cm/cmbxti10.pfb></usr/share/te
xlive/texmf-dist/fonts/type1/public/amsfonts/cm/cmcsc10.pfb></usr/share/texlive
/texmf-dist/fonts/type1/public/amsfonts/cm/cmex10.pfb></usr/share/texlive/texmf
-dist/fonts/type1/public/amsfonts/cm/cmitt10.pfb></usr/share/texlive/texmf-dist
/fonts/type1/public/amsfonts/cm/cmmi10.pfb></usr/share/texlive/texmf-dist/fonts
/type1/public/amsfonts/cm/cmmi5.pfb></usr/share/texlive/texmf-dist/fonts/type1/
public/amsfonts/cm/cmmi6.pfb></usr/share/texlive/texmf-dist/fonts/type1/public/
amsfonts/cm/cmmi7.pfb></usr/share/texlive/texmf-dist/fonts/type1/public/amsfont
s/cm/cmmi8.pfb></usr/share/texlive/texmf-dist/fonts/type1/public/amsfonts/cm/cm
mi9.pfb></usr/share/texlive/texmf-dist/fonts/type1/public/amsfonts/cm/cmr10.pfb
></usr/share/texlive/texmf-dist/fonts/type1/public/amsfonts/cm/cmr5.pfb></usr/s
hare/texlive/texmf-dist/fonts/type1/public/amsfonts/cm/cmr6.pfb></usr/share/tex
live/texmf-dist/fonts/type1/public/amsfonts/cm/cmr7.pfb></usr/share/texlive/tex
mf-dist/fonts/type1/public/amsfonts/cm/cmr8.pfb></usr/share/texlive/texmf-dist/
fonts/type1/public/amsfonts/cm/cmr9.pfb></usr/share/texlive/texmf-dist/fonts/ty
pe1/public/amsfonts/cm/cmsy10.pfb></usr/share/texlive/texmf-dist/fonts/type1/pu
blic/amsfonts/cm/cmsy7.pfb></usr/share/texlive/texmf-dist/fonts/type1/public/am
sfonts/cm/cmsy8.pfb></usr/share/texlive/texmf-dist/fonts/type1/public/amsfonts/
cm/cmti10.pfb></usr/share/texlive/texmf-dist/fonts/type1/public/amsfonts/cm/cmt
i9.pfb></usr/share/texlive/texmf-dist/fonts/type1/public/amsfonts/cm/cmtt10.pfb
>
Output written on main.pdf (99 pages, 5930984 bytes).
PDF statistics:
 1440 PDF objects out of 1440 (max. 8388607)
 1224 compressed objects within 13 object streams
 300 named destinations out of 1000 (max. 500000)
 1018 words of extra memory for PDF output out of 10000 (max. 10000000)

