\BOOKMARK [0][-]{chapter.7}{\376\377\0001\000\040\000I\000n\000t\000r\000o\000d\000u\000c\000t\000i\000o\000n}{}% 1
\BOOKMARK [1][-]{section.8}{\376\377\0001\000.\0001\000\040\000B\000l\000e\000n\000d\000e\000r\000\040\000a\000n\000d\000\040\000B\000u\000l\000l\000e\000t}{chapter.7}% 2
\BOOKMARK [1][-]{section.9}{\376\377\0001\000.\0002\000\040\000R\000e\000a\000l\000i\000t\000y\000\040\000G\000a\000p}{chapter.7}% 3
\BOOKMARK [1][-]{section.10}{\376\377\0001\000.\0003\000\040\000S\000i\000m\000P\000L}{chapter.7}% 4
\BOOKMARK [1][-]{section.11}{\376\377\0001\000.\0004\000\040\000B\000B\000A\000u\000t\000o\000T\000u\000n\000e}{chapter.7}% 5
\BOOKMARK [1][-]{section.12}{\376\377\0001\000.\0005\000\040\000B\000l\000e\000n\000d\000e\000r\000S\000i\000m}{chapter.7}% 6
\BOOKMARK [0][-]{chapter.13}{\376\377\0002\000\040\000G\000e\000n\000e\000t\000i\000c\000\040\000A\000l\000g\000o\000r\000i\000t\000h\000m\000s}{}% 7
\BOOKMARK [1][-]{section.14}{\376\377\0002\000.\0001\000\040\000O\000v\000e\000r\000v\000i\000e\000w}{chapter.13}% 8
\BOOKMARK [1][-]{section.15}{\376\377\0002\000.\0002\000\040\000G\000e\000n\000o\000m\000e\000s}{chapter.13}% 9
\BOOKMARK [2][-]{subsection.16}{\376\377\0002\000.\0002\000.\0001\000\040\000G\000e\000n\000e\000s}{section.15}% 10
\BOOKMARK [1][-]{section.18}{\376\377\0002\000.\0003\000\040\000E\000v\000a\000l\000u\000a\000t\000i\000o\000n}{chapter.13}% 11
\BOOKMARK [2][-]{subsection.19}{\376\377\0002\000.\0003\000.\0001\000\040\000C\000r\000i\000t\000e\000r\000i\000a}{section.18}% 12
\BOOKMARK [2][-]{subsection.20}{\376\377\0002\000.\0003\000.\0002\000\040\000F\000i\000t\000n\000e\000s\000s\000\040\000F\000u\000n\000c\000t\000i\000o\000n}{section.18}% 13
\BOOKMARK [2][-]{subsection.21}{\376\377\0002\000.\0003\000.\0003\000\040\000F\000i\000t\000n\000e\000s\000s\000\040\000L\000a\000n\000d\000s\000c\000a\000p\000e}{section.18}% 14
\BOOKMARK [1][-]{section.22}{\376\377\0002\000.\0004\000\040\000O\000p\000e\000r\000a\000t\000o\000r\000s}{chapter.13}% 15
\BOOKMARK [2][-]{subsection.23}{\376\377\0002\000.\0004\000.\0001\000\040\000S\000e\000l\000e\000c\000t\000i\000o\000n}{section.22}% 16
\BOOKMARK [2][-]{subsection.24}{\376\377\0002\000.\0004\000.\0002\000\040\000E\000l\000i\000t\000i\000s\000m}{section.22}% 17
\BOOKMARK [2][-]{subsection.25}{\376\377\0002\000.\0004\000.\0003\000\040\000C\000r\000o\000s\000s\000o\000v\000e\000r}{section.22}% 18
\BOOKMARK [2][-]{subsection.26}{\376\377\0002\000.\0004\000.\0004\000\040\000M\000u\000t\000a\000t\000i\000o\000n}{section.22}% 19
\BOOKMARK [1][-]{section.27}{\376\377\0002\000.\0005\000\040\000P\000o\000p\000u\000l\000a\000t\000i\000o\000n}{chapter.13}% 20
\BOOKMARK [2][-]{subsection.28}{\376\377\0002\000.\0005\000.\0001\000\040\000I\000n\000i\000t\000i\000a\000l\000i\000z\000a\000t\000i\000o\000n}{section.27}% 21
\BOOKMARK [2][-]{subsection.29}{\376\377\0002\000.\0005\000.\0002\000\040\000R\000e\000p\000r\000o\000d\000u\000c\000t\000i\000o\000n}{section.27}% 22
\BOOKMARK [1][-]{section.30}{\376\377\0002\000.\0006\000\040\000T\000e\000r\000m\000i\000n\000a\000t\000i\000o\000n}{chapter.13}% 23
\BOOKMARK [2][-]{subsection.31}{\376\377\0002\000.\0006\000.\0001\000\040\000C\000r\000i\000t\000e\000r\000i\000a}{section.30}% 24
\BOOKMARK [0][-]{chapter.32}{\376\377\0003\000\040\000S\000i\000m\000P\000L}{}% 25
\BOOKMARK [1][-]{section.33}{\376\377\0003\000.\0001\000\040\000O\000v\000e\000r\000v\000i\000e\000w}{chapter.32}% 26
\BOOKMARK [1][-]{section.34}{\376\377\0003\000.\0002\000\040\000I\000m\000p\000l\000e\000m\000e\000n\000t\000a\000t\000i\000o\000n}{chapter.32}% 27
\BOOKMARK [2][-]{subsection.35}{\376\377\0003\000.\0002\000.\0001\000\040\000A\000r\000e\000n\000a}{section.34}% 28
\BOOKMARK [2][-]{subsection.37}{\376\377\0003\000.\0002\000.\0002\000\040\000B\000a\000l\000l}{section.34}% 29
\BOOKMARK [2][-]{subsection.41}{\376\377\0003\000.\0002\000.\0003\000\040\000P\000a\000d\000d\000l\000e}{section.34}% 30
\BOOKMARK [2][-]{subsection.43}{\376\377\0003\000.\0002\000.\0004\000\040\000P\000h\000y\000s\000i\000c\000s\000\040\000E\000n\000g\000i\000n\000e}{section.34}% 31
\BOOKMARK [2][-]{subsection.44}{\376\377\0003\000.\0002\000.\0005\000\040\000N\000e\000u\000r\000a\000l\000\040\000N\000e\000t\000w\000o\000r\000k}{section.34}% 32
\BOOKMARK [2][-]{subsection.48}{\376\377\0003\000.\0002\000.\0006\000\040\000G\000e\000n\000e\000t\000i\000c\000\040\000A\000l\000g\000o\000r\000i\000t\000h\000m}{section.34}% 33
\BOOKMARK [2][-]{subsection.50}{\376\377\0003\000.\0002\000.\0007\000\040\000D\000a\000t\000a\000b\000a\000s\000e\000\040\000M\000a\000n\000a\000g\000e\000r}{section.34}% 34
\BOOKMARK [1][-]{section.51}{\376\377\0003\000.\0003\000\040\000P\000l\000a\000t\000f\000o\000r\000m}{chapter.32}% 35
\BOOKMARK [1][-]{section.52}{\376\377\0003\000.\0004\000\040\000E\000x\000p\000e\000r\000i\000m\000e\000n\000t\000a\000l\000\040\000D\000e\000s\000i\000g\000n\000s}{chapter.32}% 36
\BOOKMARK [2][-]{subsection.54}{\376\377\0003\000.\0004\000.\0001\000\040\000E\000x\000p\000e\000r\000i\000m\000e\000n\000t\000\040\000O\000n\000e}{section.52}% 37
\BOOKMARK [2][-]{subsection.56}{\376\377\0003\000.\0004\000.\0002\000\040\000E\000x\000p\000e\000r\000i\000m\000e\000n\000t\000\040\000T\000w\000o}{section.52}% 38
\BOOKMARK [2][-]{subsection.60}{\376\377\0003\000.\0004\000.\0003\000\040\000E\000x\000p\000e\000r\000i\000m\000e\000n\000t\000\040\000T\000h\000r\000e\000e}{section.52}% 39
\BOOKMARK [2][-]{subsection.63}{\376\377\0003\000.\0004\000.\0004\000\040\000E\000x\000p\000e\000r\000i\000m\000e\000n\000t\000\040\000F\000o\000u\000r}{section.52}% 40
\BOOKMARK [2][-]{subsection.65}{\376\377\0003\000.\0004\000.\0005\000\040\000E\000x\000p\000e\000r\000i\000m\000e\000n\000t\000\040\000F\000i\000v\000e}{section.52}% 41
\BOOKMARK [2][-]{subsection.67}{\376\377\0003\000.\0004\000.\0006\000\040\000E\000x\000p\000e\000r\000i\000m\000e\000n\000t\000\040\000S\000i\000x}{section.52}% 42
\BOOKMARK [2][-]{subsection.69}{\376\377\0003\000.\0004\000.\0007\000\040\000E\000x\000p\000e\000r\000i\000m\000e\000n\000t\000\040\000S\000e\000v\000e\000n}{section.52}% 43
\BOOKMARK [1][-]{section.71}{\376\377\0003\000.\0005\000\040\000E\000x\000p\000e\000r\000i\000m\000e\000n\000t\000a\000l\000\040\000R\000e\000s\000u\000l\000t\000s}{chapter.32}% 44
\BOOKMARK [2][-]{subsection.72}{\376\377\0003\000.\0005\000.\0001\000\040\000E\000x\000p\000e\000r\000i\000m\000e\000n\000t\000\040\000O\000n\000e}{section.71}% 45
\BOOKMARK [2][-]{subsection.76}{\376\377\0003\000.\0005\000.\0002\000\040\000E\000x\000p\000e\000r\000i\000m\000e\000n\000t\000\040\000T\000w\000o}{section.71}% 46
\BOOKMARK [2][-]{subsection.80}{\376\377\0003\000.\0005\000.\0003\000\040\000E\000x\000p\000e\000r\000i\000m\000e\000n\000t\000\040\000T\000h\000r\000e\000e}{section.71}% 47
\BOOKMARK [2][-]{subsection.85}{\376\377\0003\000.\0005\000.\0004\000\040\000E\000x\000p\000e\000r\000i\000m\000e\000n\000t\000\040\000F\000o\000u\000r}{section.71}% 48
\BOOKMARK [2][-]{subsection.89}{\376\377\0003\000.\0005\000.\0005\000\040\000E\000x\000p\000e\000r\000i\000m\000e\000n\000t\000\040\000F\000i\000v\000e}{section.71}% 49
\BOOKMARK [2][-]{subsection.93}{\376\377\0003\000.\0005\000.\0006\000\040\000E\000x\000p\000e\000r\000i\000m\000e\000n\000t\000\040\000S\000i\000x}{section.71}% 50
\BOOKMARK [2][-]{subsection.97}{\376\377\0003\000.\0005\000.\0007\000\040\000E\000x\000p\000e\000r\000i\000m\000e\000n\000t\000\040\000S\000e\000v\000e\000n}{section.71}% 51
\BOOKMARK [2][-]{subsection.101}{\376\377\0003\000.\0005\000.\0008\000\040\000C\000o\000m\000p\000a\000r\000a\000t\000i\000v\000e\000\040\000R\000e\000s\000u\000l\000t\000s}{section.71}% 52
\BOOKMARK [1][-]{section.108}{\376\377\0003\000.\0006\000\040\000C\000o\000n\000c\000l\000u\000s\000i\000o\000n}{chapter.32}% 53
\BOOKMARK [0][-]{chapter.109}{\376\377\0004\000\040\000B\000B\000A\000u\000t\000o\000T\000u\000n\000e}{}% 54
\BOOKMARK [1][-]{section.110}{\376\377\0004\000.\0001\000\040\000O\000v\000e\000r\000v\000i\000e\000w}{chapter.109}% 55
\BOOKMARK [1][-]{section.111}{\376\377\0004\000.\0002\000\040\000I\000m\000p\000l\000e\000m\000e\000n\000t\000a\000t\000i\000o\000n}{chapter.109}% 56
\BOOKMARK [2][-]{subsection.112}{\376\377\0004\000.\0002\000.\0001\000\040\000S\000u\000r\000v\000e\000y\000o\000r\000\040\000S\000R\000V\000-\0001\000\040\000B\000l\000a\000c\000k\000f\000i\000n\000\040\0003\000D\000\040\000M\000o\000d\000e\000l}{section.111}% 57
\BOOKMARK [2][-]{subsection.113}{\376\377\0004\000.\0002\000.\0002\000\040\000G\000U\000I}{section.111}% 58
\BOOKMARK [2][-]{subsection.115}{\376\377\0004\000.\0002\000.\0003\000\040\000P\000h\000y\000s\000i\000c\000s\000\040\000E\000n\000g\000i\000n\000e\000\040\000A\000P\000I}{section.111}% 59
\BOOKMARK [2][-]{subsection.119}{\376\377\0004\000.\0002\000.\0004\000\040\000D\000a\000t\000a\000b\000a\000s\000e\000\040\000M\000a\000n\000a\000g\000e\000r}{section.111}% 60
\BOOKMARK [2][-]{subsection.120}{\376\377\0004\000.\0002\000.\0005\000\040\000R\000o\000b\000o\000t\000\040\000M\000o\000n\000i\000t\000o\000r}{section.111}% 61
\BOOKMARK [2][-]{subsection.121}{\376\377\0004\000.\0002\000.\0006\000\040\000P\000r\000o\000g\000r\000e\000s\000s\000\040\000M\000o\000n\000i\000t\000o\000r}{section.111}% 62
\BOOKMARK [2][-]{subsection.123}{\376\377\0004\000.\0002\000.\0007\000\040\000G\000e\000n\000e\000t\000i\000c\000\040\000A\000l\000g\000o\000r\000i\000t\000h\000m}{section.111}% 63
\BOOKMARK [1][-]{section.137}{\376\377\0004\000.\0003\000\040\000P\000l\000a\000t\000f\000o\000r\000m}{chapter.109}% 64
\BOOKMARK [1][-]{section.138}{\376\377\0004\000.\0004\000\040\000E\000x\000p\000e\000r\000i\000m\000e\000n\000t\000a\000l\000\040\000D\000e\000s\000i\000g\000n\000s}{chapter.109}% 65
\BOOKMARK [2][-]{subsection.139}{\376\377\0004\000.\0004\000.\0001\000\040\000E\000x\000p\000e\000r\000i\000m\000e\000n\000t\000\040\000O\000n\000e}{section.138}% 66
\BOOKMARK [2][-]{subsection.141}{\376\377\0004\000.\0004\000.\0002\000\040\000E\000x\000p\000e\000r\000i\000m\000e\000n\000t\000\040\000T\000w\000o}{section.138}% 67
\BOOKMARK [2][-]{subsection.142}{\376\377\0004\000.\0004\000.\0003\000\040\000E\000x\000p\000e\000r\000i\000m\000e\000n\000t\000\040\000T\000h\000r\000e\000e}{section.138}% 68
\BOOKMARK [2][-]{subsection.143}{\376\377\0004\000.\0004\000.\0004\000\040\000E\000x\000p\000e\000r\000i\000m\000e\000n\000t\000\040\000F\000o\000u\000r}{section.138}% 69
\BOOKMARK [2][-]{subsection.144}{\376\377\0004\000.\0004\000.\0005\000\040\000E\000x\000p\000e\000r\000i\000m\000e\000n\000t\000\040\000F\000i\000v\000e}{section.138}% 70
\BOOKMARK [1][-]{section.145}{\376\377\0004\000.\0005\000\040\000E\000x\000p\000e\000r\000i\000m\000e\000n\000t\000a\000l\000\040\000R\000e\000s\000u\000l\000t\000s}{chapter.109}% 71
\BOOKMARK [2][-]{subsection.146}{\376\377\0004\000.\0005\000.\0001\000\040\000E\000x\000p\000e\000r\000i\000m\000e\000n\000t\000\040\000O\000n\000e}{section.145}% 72
\BOOKMARK [2][-]{subsection.151}{\376\377\0004\000.\0005\000.\0002\000\040\000E\000x\000p\000e\000r\000i\000m\000e\000n\000t\000\040\000T\000w\000o}{section.145}% 73
\BOOKMARK [2][-]{subsection.154}{\376\377\0004\000.\0005\000.\0003\000\040\000E\000x\000p\000e\000r\000i\000m\000e\000n\000t\000\040\000T\000h\000r\000e\000e}{section.145}% 74
\BOOKMARK [2][-]{subsection.157}{\376\377\0004\000.\0005\000.\0004\000\040\000E\000x\000p\000e\000r\000i\000m\000e\000n\000t\000\040\000F\000o\000u\000r}{section.145}% 75
\BOOKMARK [2][-]{subsection.160}{\376\377\0004\000.\0005\000.\0005\000\040\000E\000x\000p\000e\000r\000i\000m\000e\000n\000t\000\040\000F\000i\000v\000e}{section.145}% 76
\BOOKMARK [0][-]{chapter.161}{\376\377\0005\000\040\000B\000l\000e\000n\000d\000e\000r\000S\000i\000m}{}% 77
\BOOKMARK [1][-]{section.162}{\376\377\0005\000.\0001\000\040\000O\000v\000e\000r\000v\000i\000e\000w}{chapter.161}% 78
\BOOKMARK [1][-]{section.163}{\376\377\0005\000.\0002\000\040\000H\000R\000T\000e\000a\000m}{chapter.161}% 79
\BOOKMARK [1][-]{section.164}{\376\377\0005\000.\0003\000\040\000P\000r\000o\000b\000l\000e\000m\000s\000\040\000F\000a\000c\000e\000d}{chapter.161}% 80
\BOOKMARK [1][-]{section.168}{\376\377\0005\000.\0004\000\040\000I\000m\000p\000l\000e\000m\000e\000n\000t\000a\000t\000i\000o\000n}{chapter.161}% 81
\BOOKMARK [2][-]{subsection.169}{\376\377\0005\000.\0004\000.\0001\000\040\000A\000r\000e\000n\000a}{section.168}% 82
\BOOKMARK [2][-]{subsection.171}{\376\377\0005\000.\0004\000.\0002\000\040\000S\000u\000r\000v\000e\000y\000o\000r\000\040\000S\000R\000V\000-\0001\000\040\000B\000l\000a\000c\000k\000f\000i\000n\000\040\0003\000D\000\040\000M\000o\000d\000e\000l\000s}{section.168}% 83
\BOOKMARK [2][-]{subsection.173}{\376\377\0005\000.\0004\000.\0003\000\040\000R\000o\000b\000o\000t\000\040\000S\000e\000r\000v\000e\000r\000s}{section.168}% 84
\BOOKMARK [2][-]{subsection.174}{\376\377\0005\000.\0004\000.\0004\000\040\000R\000o\000b\000o\000t\000\040\000C\000l\000i\000e\000n\000t\000s}{section.168}% 85
\BOOKMARK [2][-]{subsection.175}{\376\377\0005\000.\0004\000.\0005\000\040\000R\000o\000b\000o\000t\000\040\000C\000o\000n\000t\000r\000o\000l\000l\000e\000r\000s}{section.168}% 86
\BOOKMARK [2][-]{subsection.176}{\376\377\0005\000.\0004\000.\0006\000\040\000T\000a\000s\000k\000\040\000P\000o\000i\000n\000t\000s\000\040\000M\000a\000n\000a\000g\000e\000r}{section.168}% 87
\BOOKMARK [1][-]{section.179}{\376\377\0005\000.\0005\000\040\000P\000l\000a\000t\000f\000o\000r\000m}{chapter.161}% 88
\BOOKMARK [1][-]{section.180}{\376\377\0005\000.\0006\000\040\000E\000x\000p\000e\000r\000i\000m\000e\000n\000t\000a\000l\000\040\000D\000e\000s\000i\000g\000n\000s}{chapter.161}% 89
\BOOKMARK [1][-]{section.181}{\376\377\0005\000.\0007\000\040\000E\000x\000p\000e\000r\000i\000m\000e\000n\000t\000a\000l\000\040\000R\000e\000s\000u\000l\000t\000s}{chapter.161}% 90
\BOOKMARK [0][-]{chapter.182}{\376\377\0006\000\040\000C\000o\000n\000c\000l\000u\000s\000i\000o\000n}{}% 91
\BOOKMARK [1][-]{section.183}{\376\377\0006\000.\0001\000\040\000B\000l\000e\000n\000d\000e\000r\000\040\000a\000n\000d\000\040\000B\000u\000l\000l\000e\000t}{chapter.182}% 92
\BOOKMARK [1][-]{section.184}{\376\377\0006\000.\0002\000\040\000R\000e\000a\000l\000i\000t\000y\000\040\000G\000a\000p}{chapter.182}% 93
\BOOKMARK [1][-]{section.185}{\376\377\0006\000.\0003\000\040\000S\000i\000m\000P\000L}{chapter.182}% 94
\BOOKMARK [1][-]{section.186}{\376\377\0006\000.\0004\000\040\000B\000B\000A\000u\000t\000o\000T\000u\000n\000e}{chapter.182}% 95
\BOOKMARK [1][-]{section.187}{\376\377\0006\000.\0005\000\040\000B\000l\000e\000n\000d\000e\000r\000S\000i\000m}{chapter.182}% 96
\BOOKMARK [0][-]{appendix.188}{\376\377\000A\000\040\000S\000o\000f\000t\000w\000a\000r\000e\000\040\000C\000o\000d\000e}{}% 97
\BOOKMARK [1][-]{section.189}{\376\377\000A\000.\0001\000\040\000S\000i\000m\000P\000L}{appendix.188}% 98
\BOOKMARK [1][-]{section.3115}{\376\377\000A\000.\0002\000\040\000B\000B\000A\000u\000t\000o\000T\000u\000n\000e}{appendix.188}% 99
\BOOKMARK [1][-]{section.3116}{\376\377\000A\000.\0003\000\040\000B\000l\000e\000n\000d\000e\000r\000S\000i\000m}{appendix.188}% 100
